[2024-10-08T03:07:46.852+0000] {processor.py:186} INFO - Started process (PID=249) to work on /home/airflow/.local/lib/python3.12/site-packages/airflow/example_dags/example_branch_python_dop_operator_3.py
[2024-10-08T03:07:46.853+0000] {processor.py:914} INFO - Processing file /home/airflow/.local/lib/python3.12/site-packages/airflow/example_dags/example_branch_python_dop_operator_3.py for tasks to queue
[2024-10-08T03:07:46.854+0000] {logging_mixin.py:190} INFO - [2024-10-08T03:07:46.854+0000] {dagbag.py:588} INFO - Filling up the DagBag from /home/airflow/.local/lib/python3.12/site-packages/airflow/example_dags/example_branch_python_dop_operator_3.py
[2024-10-08T03:07:46.860+0000] {processor.py:925} INFO - DAG(s) 'example_branch_dop_operator_v3' retrieved from /home/airflow/.local/lib/python3.12/site-packages/airflow/example_dags/example_branch_python_dop_operator_3.py
[2024-10-08T03:07:46.873+0000] {logging_mixin.py:190} INFO - [2024-10-08T03:07:46.873+0000] {dag.py:3239} INFO - Sync 1 DAGs
[2024-10-08T03:07:46.888+0000] {logging_mixin.py:190} INFO - [2024-10-08T03:07:46.888+0000] {dag.py:4180} INFO - Setting next_dagrun for example_branch_dop_operator_v3 to 2024-10-08 03:06:00+00:00, run_after=2024-10-08 03:07:00+00:00
[2024-10-08T03:07:46.898+0000] {processor.py:208} INFO - Processing /home/airflow/.local/lib/python3.12/site-packages/airflow/example_dags/example_branch_python_dop_operator_3.py took 0.049 seconds
[2024-10-08T03:08:17.335+0000] {processor.py:186} INFO - Started process (PID=550) to work on /home/airflow/.local/lib/python3.12/site-packages/airflow/example_dags/example_branch_python_dop_operator_3.py
[2024-10-08T03:08:17.335+0000] {processor.py:914} INFO - Processing file /home/airflow/.local/lib/python3.12/site-packages/airflow/example_dags/example_branch_python_dop_operator_3.py for tasks to queue
[2024-10-08T03:08:17.337+0000] {logging_mixin.py:190} INFO - [2024-10-08T03:08:17.336+0000] {dagbag.py:588} INFO - Filling up the DagBag from /home/airflow/.local/lib/python3.12/site-packages/airflow/example_dags/example_branch_python_dop_operator_3.py
[2024-10-08T03:08:17.342+0000] {processor.py:925} INFO - DAG(s) 'example_branch_dop_operator_v3' retrieved from /home/airflow/.local/lib/python3.12/site-packages/airflow/example_dags/example_branch_python_dop_operator_3.py
[2024-10-08T03:08:17.352+0000] {logging_mixin.py:190} INFO - [2024-10-08T03:08:17.352+0000] {dag.py:3239} INFO - Sync 1 DAGs
[2024-10-08T03:08:17.366+0000] {logging_mixin.py:190} INFO - [2024-10-08T03:08:17.365+0000] {dag.py:4180} INFO - Setting next_dagrun for example_branch_dop_operator_v3 to 2024-10-08 03:07:00+00:00, run_after=2024-10-08 03:08:00+00:00
[2024-10-08T03:08:17.376+0000] {processor.py:208} INFO - Processing /home/airflow/.local/lib/python3.12/site-packages/airflow/example_dags/example_branch_python_dop_operator_3.py took 0.044 seconds
[2024-10-08T03:08:47.719+0000] {processor.py:186} INFO - Started process (PID=851) to work on /home/airflow/.local/lib/python3.12/site-packages/airflow/example_dags/example_branch_python_dop_operator_3.py
[2024-10-08T03:08:47.720+0000] {processor.py:914} INFO - Processing file /home/airflow/.local/lib/python3.12/site-packages/airflow/example_dags/example_branch_python_dop_operator_3.py for tasks to queue
[2024-10-08T03:08:47.721+0000] {logging_mixin.py:190} INFO - [2024-10-08T03:08:47.721+0000] {dagbag.py:588} INFO - Filling up the DagBag from /home/airflow/.local/lib/python3.12/site-packages/airflow/example_dags/example_branch_python_dop_operator_3.py
[2024-10-08T03:08:47.726+0000] {processor.py:925} INFO - DAG(s) 'example_branch_dop_operator_v3' retrieved from /home/airflow/.local/lib/python3.12/site-packages/airflow/example_dags/example_branch_python_dop_operator_3.py
[2024-10-08T03:08:47.736+0000] {logging_mixin.py:190} INFO - [2024-10-08T03:08:47.735+0000] {dag.py:3239} INFO - Sync 1 DAGs
[2024-10-08T03:08:47.748+0000] {logging_mixin.py:190} INFO - [2024-10-08T03:08:47.748+0000] {dag.py:4180} INFO - Setting next_dagrun for example_branch_dop_operator_v3 to 2024-10-08 03:07:00+00:00, run_after=2024-10-08 03:08:00+00:00
[2024-10-08T03:08:47.757+0000] {processor.py:208} INFO - Processing /home/airflow/.local/lib/python3.12/site-packages/airflow/example_dags/example_branch_python_dop_operator_3.py took 0.040 seconds
[2024-10-08T03:09:18.122+0000] {processor.py:186} INFO - Started process (PID=1152) to work on /home/airflow/.local/lib/python3.12/site-packages/airflow/example_dags/example_branch_python_dop_operator_3.py
[2024-10-08T03:09:18.123+0000] {processor.py:914} INFO - Processing file /home/airflow/.local/lib/python3.12/site-packages/airflow/example_dags/example_branch_python_dop_operator_3.py for tasks to queue
[2024-10-08T03:09:18.124+0000] {logging_mixin.py:190} INFO - [2024-10-08T03:09:18.124+0000] {dagbag.py:588} INFO - Filling up the DagBag from /home/airflow/.local/lib/python3.12/site-packages/airflow/example_dags/example_branch_python_dop_operator_3.py
[2024-10-08T03:09:18.129+0000] {processor.py:925} INFO - DAG(s) 'example_branch_dop_operator_v3' retrieved from /home/airflow/.local/lib/python3.12/site-packages/airflow/example_dags/example_branch_python_dop_operator_3.py
[2024-10-08T03:09:18.138+0000] {logging_mixin.py:190} INFO - [2024-10-08T03:09:18.138+0000] {dag.py:3239} INFO - Sync 1 DAGs
[2024-10-08T03:09:18.150+0000] {logging_mixin.py:190} INFO - [2024-10-08T03:09:18.150+0000] {dag.py:4180} INFO - Setting next_dagrun for example_branch_dop_operator_v3 to 2024-10-08 03:08:00+00:00, run_after=2024-10-08 03:09:00+00:00
[2024-10-08T03:09:18.158+0000] {processor.py:208} INFO - Processing /home/airflow/.local/lib/python3.12/site-packages/airflow/example_dags/example_branch_python_dop_operator_3.py took 0.039 seconds
[2024-10-08T03:09:48.487+0000] {processor.py:186} INFO - Started process (PID=1453) to work on /home/airflow/.local/lib/python3.12/site-packages/airflow/example_dags/example_branch_python_dop_operator_3.py
[2024-10-08T03:09:48.488+0000] {processor.py:914} INFO - Processing file /home/airflow/.local/lib/python3.12/site-packages/airflow/example_dags/example_branch_python_dop_operator_3.py for tasks to queue
[2024-10-08T03:09:48.489+0000] {logging_mixin.py:190} INFO - [2024-10-08T03:09:48.489+0000] {dagbag.py:588} INFO - Filling up the DagBag from /home/airflow/.local/lib/python3.12/site-packages/airflow/example_dags/example_branch_python_dop_operator_3.py
[2024-10-08T03:09:48.494+0000] {processor.py:925} INFO - DAG(s) 'example_branch_dop_operator_v3' retrieved from /home/airflow/.local/lib/python3.12/site-packages/airflow/example_dags/example_branch_python_dop_operator_3.py
[2024-10-08T03:09:48.503+0000] {logging_mixin.py:190} INFO - [2024-10-08T03:09:48.503+0000] {dag.py:3239} INFO - Sync 1 DAGs
[2024-10-08T03:09:48.516+0000] {logging_mixin.py:190} INFO - [2024-10-08T03:09:48.516+0000] {dag.py:4180} INFO - Setting next_dagrun for example_branch_dop_operator_v3 to 2024-10-08 03:08:00+00:00, run_after=2024-10-08 03:09:00+00:00
[2024-10-08T03:09:48.525+0000] {processor.py:208} INFO - Processing /home/airflow/.local/lib/python3.12/site-packages/airflow/example_dags/example_branch_python_dop_operator_3.py took 0.041 seconds
[2024-10-08T03:10:18.766+0000] {processor.py:186} INFO - Started process (PID=1754) to work on /home/airflow/.local/lib/python3.12/site-packages/airflow/example_dags/example_branch_python_dop_operator_3.py
[2024-10-08T03:10:18.767+0000] {processor.py:914} INFO - Processing file /home/airflow/.local/lib/python3.12/site-packages/airflow/example_dags/example_branch_python_dop_operator_3.py for tasks to queue
[2024-10-08T03:10:18.768+0000] {logging_mixin.py:190} INFO - [2024-10-08T03:10:18.768+0000] {dagbag.py:588} INFO - Filling up the DagBag from /home/airflow/.local/lib/python3.12/site-packages/airflow/example_dags/example_branch_python_dop_operator_3.py
[2024-10-08T03:10:18.773+0000] {processor.py:925} INFO - DAG(s) 'example_branch_dop_operator_v3' retrieved from /home/airflow/.local/lib/python3.12/site-packages/airflow/example_dags/example_branch_python_dop_operator_3.py
[2024-10-08T03:10:18.782+0000] {logging_mixin.py:190} INFO - [2024-10-08T03:10:18.782+0000] {dag.py:3239} INFO - Sync 1 DAGs
[2024-10-08T03:10:18.795+0000] {logging_mixin.py:190} INFO - [2024-10-08T03:10:18.795+0000] {dag.py:4180} INFO - Setting next_dagrun for example_branch_dop_operator_v3 to 2024-10-08 03:09:00+00:00, run_after=2024-10-08 03:10:00+00:00
[2024-10-08T03:10:18.804+0000] {processor.py:208} INFO - Processing /home/airflow/.local/lib/python3.12/site-packages/airflow/example_dags/example_branch_python_dop_operator_3.py took 0.041 seconds
[2024-10-08T03:10:48.969+0000] {processor.py:186} INFO - Started process (PID=2111) to work on /home/airflow/.local/lib/python3.12/site-packages/airflow/example_dags/example_branch_python_dop_operator_3.py
[2024-10-08T03:10:48.969+0000] {processor.py:914} INFO - Processing file /home/airflow/.local/lib/python3.12/site-packages/airflow/example_dags/example_branch_python_dop_operator_3.py for tasks to queue
[2024-10-08T03:10:48.971+0000] {logging_mixin.py:190} INFO - [2024-10-08T03:10:48.970+0000] {dagbag.py:588} INFO - Filling up the DagBag from /home/airflow/.local/lib/python3.12/site-packages/airflow/example_dags/example_branch_python_dop_operator_3.py
[2024-10-08T03:10:48.976+0000] {processor.py:925} INFO - DAG(s) 'example_branch_dop_operator_v3' retrieved from /home/airflow/.local/lib/python3.12/site-packages/airflow/example_dags/example_branch_python_dop_operator_3.py
[2024-10-08T03:10:48.986+0000] {logging_mixin.py:190} INFO - [2024-10-08T03:10:48.986+0000] {dag.py:3239} INFO - Sync 1 DAGs
[2024-10-08T03:10:48.998+0000] {logging_mixin.py:190} INFO - [2024-10-08T03:10:48.998+0000] {dag.py:4180} INFO - Setting next_dagrun for example_branch_dop_operator_v3 to 2024-10-08 03:09:00+00:00, run_after=2024-10-08 03:10:00+00:00
[2024-10-08T03:10:49.008+0000] {processor.py:208} INFO - Processing /home/airflow/.local/lib/python3.12/site-packages/airflow/example_dags/example_branch_python_dop_operator_3.py took 0.042 seconds
[2024-10-08T03:11:19.180+0000] {processor.py:186} INFO - Started process (PID=2413) to work on /home/airflow/.local/lib/python3.12/site-packages/airflow/example_dags/example_branch_python_dop_operator_3.py
[2024-10-08T03:11:19.181+0000] {processor.py:914} INFO - Processing file /home/airflow/.local/lib/python3.12/site-packages/airflow/example_dags/example_branch_python_dop_operator_3.py for tasks to queue
[2024-10-08T03:11:19.183+0000] {logging_mixin.py:190} INFO - [2024-10-08T03:11:19.182+0000] {dagbag.py:588} INFO - Filling up the DagBag from /home/airflow/.local/lib/python3.12/site-packages/airflow/example_dags/example_branch_python_dop_operator_3.py
[2024-10-08T03:11:19.189+0000] {processor.py:925} INFO - DAG(s) 'example_branch_dop_operator_v3' retrieved from /home/airflow/.local/lib/python3.12/site-packages/airflow/example_dags/example_branch_python_dop_operator_3.py
[2024-10-08T03:11:19.200+0000] {logging_mixin.py:190} INFO - [2024-10-08T03:11:19.200+0000] {dag.py:3239} INFO - Sync 1 DAGs
[2024-10-08T03:11:19.213+0000] {logging_mixin.py:190} INFO - [2024-10-08T03:11:19.213+0000] {dag.py:4180} INFO - Setting next_dagrun for example_branch_dop_operator_v3 to 2024-10-08 03:10:00+00:00, run_after=2024-10-08 03:11:00+00:00
[2024-10-08T03:11:19.223+0000] {processor.py:208} INFO - Processing /home/airflow/.local/lib/python3.12/site-packages/airflow/example_dags/example_branch_python_dop_operator_3.py took 0.046 seconds
[2024-10-08T03:11:49.332+0000] {processor.py:186} INFO - Started process (PID=2714) to work on /home/airflow/.local/lib/python3.12/site-packages/airflow/example_dags/example_branch_python_dop_operator_3.py
[2024-10-08T03:11:49.333+0000] {processor.py:914} INFO - Processing file /home/airflow/.local/lib/python3.12/site-packages/airflow/example_dags/example_branch_python_dop_operator_3.py for tasks to queue
[2024-10-08T03:11:49.334+0000] {logging_mixin.py:190} INFO - [2024-10-08T03:11:49.334+0000] {dagbag.py:588} INFO - Filling up the DagBag from /home/airflow/.local/lib/python3.12/site-packages/airflow/example_dags/example_branch_python_dop_operator_3.py
[2024-10-08T03:11:49.339+0000] {processor.py:925} INFO - DAG(s) 'example_branch_dop_operator_v3' retrieved from /home/airflow/.local/lib/python3.12/site-packages/airflow/example_dags/example_branch_python_dop_operator_3.py
[2024-10-08T03:11:49.348+0000] {logging_mixin.py:190} INFO - [2024-10-08T03:11:49.348+0000] {dag.py:3239} INFO - Sync 1 DAGs
[2024-10-08T03:11:49.360+0000] {logging_mixin.py:190} INFO - [2024-10-08T03:11:49.360+0000] {dag.py:4180} INFO - Setting next_dagrun for example_branch_dop_operator_v3 to 2024-10-08 03:10:00+00:00, run_after=2024-10-08 03:11:00+00:00
[2024-10-08T03:11:49.369+0000] {processor.py:208} INFO - Processing /home/airflow/.local/lib/python3.12/site-packages/airflow/example_dags/example_branch_python_dop_operator_3.py took 0.039 seconds
[2024-10-08T03:12:19.810+0000] {processor.py:186} INFO - Started process (PID=3015) to work on /home/airflow/.local/lib/python3.12/site-packages/airflow/example_dags/example_branch_python_dop_operator_3.py
[2024-10-08T03:12:19.810+0000] {processor.py:914} INFO - Processing file /home/airflow/.local/lib/python3.12/site-packages/airflow/example_dags/example_branch_python_dop_operator_3.py for tasks to queue
[2024-10-08T03:12:19.812+0000] {logging_mixin.py:190} INFO - [2024-10-08T03:12:19.812+0000] {dagbag.py:588} INFO - Filling up the DagBag from /home/airflow/.local/lib/python3.12/site-packages/airflow/example_dags/example_branch_python_dop_operator_3.py
[2024-10-08T03:12:19.817+0000] {processor.py:925} INFO - DAG(s) 'example_branch_dop_operator_v3' retrieved from /home/airflow/.local/lib/python3.12/site-packages/airflow/example_dags/example_branch_python_dop_operator_3.py
[2024-10-08T03:12:19.828+0000] {logging_mixin.py:190} INFO - [2024-10-08T03:12:19.827+0000] {dag.py:3239} INFO - Sync 1 DAGs
[2024-10-08T03:12:19.841+0000] {logging_mixin.py:190} INFO - [2024-10-08T03:12:19.841+0000] {dag.py:4180} INFO - Setting next_dagrun for example_branch_dop_operator_v3 to 2024-10-08 03:11:00+00:00, run_after=2024-10-08 03:12:00+00:00
[2024-10-08T03:12:19.850+0000] {processor.py:208} INFO - Processing /home/airflow/.local/lib/python3.12/site-packages/airflow/example_dags/example_branch_python_dop_operator_3.py took 0.043 seconds
[2024-10-08T03:12:49.959+0000] {processor.py:186} INFO - Started process (PID=3316) to work on /home/airflow/.local/lib/python3.12/site-packages/airflow/example_dags/example_branch_python_dop_operator_3.py
[2024-10-08T03:12:49.959+0000] {processor.py:914} INFO - Processing file /home/airflow/.local/lib/python3.12/site-packages/airflow/example_dags/example_branch_python_dop_operator_3.py for tasks to queue
[2024-10-08T03:12:49.960+0000] {logging_mixin.py:190} INFO - [2024-10-08T03:12:49.960+0000] {dagbag.py:588} INFO - Filling up the DagBag from /home/airflow/.local/lib/python3.12/site-packages/airflow/example_dags/example_branch_python_dop_operator_3.py
[2024-10-08T03:12:49.966+0000] {processor.py:925} INFO - DAG(s) 'example_branch_dop_operator_v3' retrieved from /home/airflow/.local/lib/python3.12/site-packages/airflow/example_dags/example_branch_python_dop_operator_3.py
[2024-10-08T03:12:49.975+0000] {logging_mixin.py:190} INFO - [2024-10-08T03:12:49.975+0000] {dag.py:3239} INFO - Sync 1 DAGs
[2024-10-08T03:12:49.988+0000] {logging_mixin.py:190} INFO - [2024-10-08T03:12:49.988+0000] {dag.py:4180} INFO - Setting next_dagrun for example_branch_dop_operator_v3 to 2024-10-08 03:11:00+00:00, run_after=2024-10-08 03:12:00+00:00
[2024-10-08T03:12:49.997+0000] {processor.py:208} INFO - Processing /home/airflow/.local/lib/python3.12/site-packages/airflow/example_dags/example_branch_python_dop_operator_3.py took 0.041 seconds
[2024-10-08T03:13:20.133+0000] {processor.py:186} INFO - Started process (PID=3617) to work on /home/airflow/.local/lib/python3.12/site-packages/airflow/example_dags/example_branch_python_dop_operator_3.py
[2024-10-08T03:13:20.133+0000] {processor.py:914} INFO - Processing file /home/airflow/.local/lib/python3.12/site-packages/airflow/example_dags/example_branch_python_dop_operator_3.py for tasks to queue
[2024-10-08T03:13:20.135+0000] {logging_mixin.py:190} INFO - [2024-10-08T03:13:20.135+0000] {dagbag.py:588} INFO - Filling up the DagBag from /home/airflow/.local/lib/python3.12/site-packages/airflow/example_dags/example_branch_python_dop_operator_3.py
[2024-10-08T03:13:20.141+0000] {processor.py:925} INFO - DAG(s) 'example_branch_dop_operator_v3' retrieved from /home/airflow/.local/lib/python3.12/site-packages/airflow/example_dags/example_branch_python_dop_operator_3.py
[2024-10-08T03:13:20.150+0000] {logging_mixin.py:190} INFO - [2024-10-08T03:13:20.150+0000] {dag.py:3239} INFO - Sync 1 DAGs
[2024-10-08T03:13:20.163+0000] {logging_mixin.py:190} INFO - [2024-10-08T03:13:20.163+0000] {dag.py:4180} INFO - Setting next_dagrun for example_branch_dop_operator_v3 to 2024-10-08 03:12:00+00:00, run_after=2024-10-08 03:13:00+00:00
[2024-10-08T03:13:20.172+0000] {processor.py:208} INFO - Processing /home/airflow/.local/lib/python3.12/site-packages/airflow/example_dags/example_branch_python_dop_operator_3.py took 0.042 seconds
[2024-10-08T03:13:50.397+0000] {processor.py:186} INFO - Started process (PID=3924) to work on /home/airflow/.local/lib/python3.12/site-packages/airflow/example_dags/example_branch_python_dop_operator_3.py
[2024-10-08T03:13:50.397+0000] {processor.py:914} INFO - Processing file /home/airflow/.local/lib/python3.12/site-packages/airflow/example_dags/example_branch_python_dop_operator_3.py for tasks to queue
[2024-10-08T03:13:50.399+0000] {logging_mixin.py:190} INFO - [2024-10-08T03:13:50.399+0000] {dagbag.py:588} INFO - Filling up the DagBag from /home/airflow/.local/lib/python3.12/site-packages/airflow/example_dags/example_branch_python_dop_operator_3.py
[2024-10-08T03:13:50.404+0000] {processor.py:925} INFO - DAG(s) 'example_branch_dop_operator_v3' retrieved from /home/airflow/.local/lib/python3.12/site-packages/airflow/example_dags/example_branch_python_dop_operator_3.py
[2024-10-08T03:13:50.414+0000] {logging_mixin.py:190} INFO - [2024-10-08T03:13:50.414+0000] {dag.py:3239} INFO - Sync 1 DAGs
[2024-10-08T03:13:50.426+0000] {logging_mixin.py:190} INFO - [2024-10-08T03:13:50.426+0000] {dag.py:4180} INFO - Setting next_dagrun for example_branch_dop_operator_v3 to 2024-10-08 03:12:00+00:00, run_after=2024-10-08 03:13:00+00:00
[2024-10-08T03:13:50.435+0000] {processor.py:208} INFO - Processing /home/airflow/.local/lib/python3.12/site-packages/airflow/example_dags/example_branch_python_dop_operator_3.py took 0.041 seconds
[2024-10-08T03:14:20.703+0000] {processor.py:186} INFO - Started process (PID=4225) to work on /home/airflow/.local/lib/python3.12/site-packages/airflow/example_dags/example_branch_python_dop_operator_3.py
[2024-10-08T03:14:20.704+0000] {processor.py:914} INFO - Processing file /home/airflow/.local/lib/python3.12/site-packages/airflow/example_dags/example_branch_python_dop_operator_3.py for tasks to queue
[2024-10-08T03:14:20.705+0000] {logging_mixin.py:190} INFO - [2024-10-08T03:14:20.705+0000] {dagbag.py:588} INFO - Filling up the DagBag from /home/airflow/.local/lib/python3.12/site-packages/airflow/example_dags/example_branch_python_dop_operator_3.py
[2024-10-08T03:14:20.710+0000] {processor.py:925} INFO - DAG(s) 'example_branch_dop_operator_v3' retrieved from /home/airflow/.local/lib/python3.12/site-packages/airflow/example_dags/example_branch_python_dop_operator_3.py
[2024-10-08T03:14:20.720+0000] {logging_mixin.py:190} INFO - [2024-10-08T03:14:20.719+0000] {dag.py:3239} INFO - Sync 1 DAGs
[2024-10-08T03:14:20.732+0000] {logging_mixin.py:190} INFO - [2024-10-08T03:14:20.732+0000] {dag.py:4180} INFO - Setting next_dagrun for example_branch_dop_operator_v3 to 2024-10-08 03:13:00+00:00, run_after=2024-10-08 03:14:00+00:00
[2024-10-08T03:14:20.741+0000] {processor.py:208} INFO - Processing /home/airflow/.local/lib/python3.12/site-packages/airflow/example_dags/example_branch_python_dop_operator_3.py took 0.040 seconds
[2024-10-08T03:14:50.888+0000] {processor.py:186} INFO - Started process (PID=4528) to work on /home/airflow/.local/lib/python3.12/site-packages/airflow/example_dags/example_branch_python_dop_operator_3.py
[2024-10-08T03:14:50.888+0000] {processor.py:914} INFO - Processing file /home/airflow/.local/lib/python3.12/site-packages/airflow/example_dags/example_branch_python_dop_operator_3.py for tasks to queue
[2024-10-08T03:14:50.890+0000] {logging_mixin.py:190} INFO - [2024-10-08T03:14:50.889+0000] {dagbag.py:588} INFO - Filling up the DagBag from /home/airflow/.local/lib/python3.12/site-packages/airflow/example_dags/example_branch_python_dop_operator_3.py
[2024-10-08T03:14:50.894+0000] {processor.py:925} INFO - DAG(s) 'example_branch_dop_operator_v3' retrieved from /home/airflow/.local/lib/python3.12/site-packages/airflow/example_dags/example_branch_python_dop_operator_3.py
[2024-10-08T03:14:50.905+0000] {logging_mixin.py:190} INFO - [2024-10-08T03:14:50.905+0000] {dag.py:3239} INFO - Sync 1 DAGs
[2024-10-08T03:14:50.918+0000] {logging_mixin.py:190} INFO - [2024-10-08T03:14:50.918+0000] {dag.py:4180} INFO - Setting next_dagrun for example_branch_dop_operator_v3 to 2024-10-08 03:13:00+00:00, run_after=2024-10-08 03:14:00+00:00
[2024-10-08T03:14:50.927+0000] {processor.py:208} INFO - Processing /home/airflow/.local/lib/python3.12/site-packages/airflow/example_dags/example_branch_python_dop_operator_3.py took 0.042 seconds
[2024-10-08T03:15:21.104+0000] {processor.py:186} INFO - Started process (PID=4827) to work on /home/airflow/.local/lib/python3.12/site-packages/airflow/example_dags/example_branch_python_dop_operator_3.py
[2024-10-08T03:15:21.105+0000] {processor.py:914} INFO - Processing file /home/airflow/.local/lib/python3.12/site-packages/airflow/example_dags/example_branch_python_dop_operator_3.py for tasks to queue
[2024-10-08T03:15:21.106+0000] {logging_mixin.py:190} INFO - [2024-10-08T03:15:21.106+0000] {dagbag.py:588} INFO - Filling up the DagBag from /home/airflow/.local/lib/python3.12/site-packages/airflow/example_dags/example_branch_python_dop_operator_3.py
[2024-10-08T03:15:21.111+0000] {processor.py:925} INFO - DAG(s) 'example_branch_dop_operator_v3' retrieved from /home/airflow/.local/lib/python3.12/site-packages/airflow/example_dags/example_branch_python_dop_operator_3.py
[2024-10-08T03:15:21.122+0000] {logging_mixin.py:190} INFO - [2024-10-08T03:15:21.121+0000] {dag.py:3239} INFO - Sync 1 DAGs
[2024-10-08T03:15:21.135+0000] {logging_mixin.py:190} INFO - [2024-10-08T03:15:21.135+0000] {dag.py:4180} INFO - Setting next_dagrun for example_branch_dop_operator_v3 to 2024-10-08 03:14:00+00:00, run_after=2024-10-08 03:15:00+00:00
[2024-10-08T03:15:21.144+0000] {processor.py:208} INFO - Processing /home/airflow/.local/lib/python3.12/site-packages/airflow/example_dags/example_branch_python_dop_operator_3.py took 0.042 seconds
[2024-10-08T03:15:51.858+0000] {processor.py:186} INFO - Started process (PID=5130) to work on /home/airflow/.local/lib/python3.12/site-packages/airflow/example_dags/example_branch_python_dop_operator_3.py
[2024-10-08T03:15:51.858+0000] {processor.py:914} INFO - Processing file /home/airflow/.local/lib/python3.12/site-packages/airflow/example_dags/example_branch_python_dop_operator_3.py for tasks to queue
[2024-10-08T03:15:51.859+0000] {logging_mixin.py:190} INFO - [2024-10-08T03:15:51.859+0000] {dagbag.py:588} INFO - Filling up the DagBag from /home/airflow/.local/lib/python3.12/site-packages/airflow/example_dags/example_branch_python_dop_operator_3.py
[2024-10-08T03:15:51.864+0000] {processor.py:925} INFO - DAG(s) 'example_branch_dop_operator_v3' retrieved from /home/airflow/.local/lib/python3.12/site-packages/airflow/example_dags/example_branch_python_dop_operator_3.py
[2024-10-08T03:15:51.875+0000] {logging_mixin.py:190} INFO - [2024-10-08T03:15:51.874+0000] {dag.py:3239} INFO - Sync 1 DAGs
[2024-10-08T03:15:51.888+0000] {logging_mixin.py:190} INFO - [2024-10-08T03:15:51.887+0000] {dag.py:4180} INFO - Setting next_dagrun for example_branch_dop_operator_v3 to 2024-10-08 03:14:00+00:00, run_after=2024-10-08 03:15:00+00:00
[2024-10-08T03:15:51.897+0000] {processor.py:208} INFO - Processing /home/airflow/.local/lib/python3.12/site-packages/airflow/example_dags/example_branch_python_dop_operator_3.py took 0.042 seconds
[2024-10-08T03:16:22.161+0000] {processor.py:186} INFO - Started process (PID=5431) to work on /home/airflow/.local/lib/python3.12/site-packages/airflow/example_dags/example_branch_python_dop_operator_3.py
[2024-10-08T03:16:22.162+0000] {processor.py:914} INFO - Processing file /home/airflow/.local/lib/python3.12/site-packages/airflow/example_dags/example_branch_python_dop_operator_3.py for tasks to queue
[2024-10-08T03:16:22.163+0000] {logging_mixin.py:190} INFO - [2024-10-08T03:16:22.163+0000] {dagbag.py:588} INFO - Filling up the DagBag from /home/airflow/.local/lib/python3.12/site-packages/airflow/example_dags/example_branch_python_dop_operator_3.py
[2024-10-08T03:16:22.168+0000] {processor.py:925} INFO - DAG(s) 'example_branch_dop_operator_v3' retrieved from /home/airflow/.local/lib/python3.12/site-packages/airflow/example_dags/example_branch_python_dop_operator_3.py
[2024-10-08T03:16:22.178+0000] {logging_mixin.py:190} INFO - [2024-10-08T03:16:22.178+0000] {dag.py:3239} INFO - Sync 1 DAGs
[2024-10-08T03:16:22.190+0000] {logging_mixin.py:190} INFO - [2024-10-08T03:16:22.190+0000] {dag.py:4180} INFO - Setting next_dagrun for example_branch_dop_operator_v3 to 2024-10-08 03:15:00+00:00, run_after=2024-10-08 03:16:00+00:00
[2024-10-08T03:16:22.212+0000] {processor.py:208} INFO - Processing /home/airflow/.local/lib/python3.12/site-packages/airflow/example_dags/example_branch_python_dop_operator_3.py took 0.054 seconds
[2024-10-08T03:16:52.920+0000] {processor.py:186} INFO - Started process (PID=5730) to work on /home/airflow/.local/lib/python3.12/site-packages/airflow/example_dags/example_branch_python_dop_operator_3.py
[2024-10-08T03:16:52.920+0000] {processor.py:914} INFO - Processing file /home/airflow/.local/lib/python3.12/site-packages/airflow/example_dags/example_branch_python_dop_operator_3.py for tasks to queue
[2024-10-08T03:16:52.922+0000] {logging_mixin.py:190} INFO - [2024-10-08T03:16:52.921+0000] {dagbag.py:588} INFO - Filling up the DagBag from /home/airflow/.local/lib/python3.12/site-packages/airflow/example_dags/example_branch_python_dop_operator_3.py
[2024-10-08T03:16:52.926+0000] {processor.py:925} INFO - DAG(s) 'example_branch_dop_operator_v3' retrieved from /home/airflow/.local/lib/python3.12/site-packages/airflow/example_dags/example_branch_python_dop_operator_3.py
[2024-10-08T03:16:52.935+0000] {logging_mixin.py:190} INFO - [2024-10-08T03:16:52.935+0000] {dag.py:3239} INFO - Sync 1 DAGs
[2024-10-08T03:16:52.947+0000] {logging_mixin.py:190} INFO - [2024-10-08T03:16:52.947+0000] {dag.py:4180} INFO - Setting next_dagrun for example_branch_dop_operator_v3 to 2024-10-08 03:15:00+00:00, run_after=2024-10-08 03:16:00+00:00
[2024-10-08T03:16:52.957+0000] {processor.py:208} INFO - Processing /home/airflow/.local/lib/python3.12/site-packages/airflow/example_dags/example_branch_python_dop_operator_3.py took 0.040 seconds
[2024-10-08T03:17:23.845+0000] {processor.py:186} INFO - Started process (PID=6033) to work on /home/airflow/.local/lib/python3.12/site-packages/airflow/example_dags/example_branch_python_dop_operator_3.py
[2024-10-08T03:17:23.846+0000] {processor.py:914} INFO - Processing file /home/airflow/.local/lib/python3.12/site-packages/airflow/example_dags/example_branch_python_dop_operator_3.py for tasks to queue
[2024-10-08T03:17:23.847+0000] {logging_mixin.py:190} INFO - [2024-10-08T03:17:23.847+0000] {dagbag.py:588} INFO - Filling up the DagBag from /home/airflow/.local/lib/python3.12/site-packages/airflow/example_dags/example_branch_python_dop_operator_3.py
[2024-10-08T03:17:23.852+0000] {processor.py:925} INFO - DAG(s) 'example_branch_dop_operator_v3' retrieved from /home/airflow/.local/lib/python3.12/site-packages/airflow/example_dags/example_branch_python_dop_operator_3.py
[2024-10-08T03:17:23.863+0000] {logging_mixin.py:190} INFO - [2024-10-08T03:17:23.862+0000] {dag.py:3239} INFO - Sync 1 DAGs
[2024-10-08T03:17:23.877+0000] {logging_mixin.py:190} INFO - [2024-10-08T03:17:23.877+0000] {dag.py:4180} INFO - Setting next_dagrun for example_branch_dop_operator_v3 to 2024-10-08 03:16:00+00:00, run_after=2024-10-08 03:17:00+00:00
[2024-10-08T03:17:23.886+0000] {processor.py:208} INFO - Processing /home/airflow/.local/lib/python3.12/site-packages/airflow/example_dags/example_branch_python_dop_operator_3.py took 0.043 seconds
[2024-10-08T03:17:54.240+0000] {processor.py:186} INFO - Started process (PID=6332) to work on /home/airflow/.local/lib/python3.12/site-packages/airflow/example_dags/example_branch_python_dop_operator_3.py
[2024-10-08T03:17:54.241+0000] {processor.py:914} INFO - Processing file /home/airflow/.local/lib/python3.12/site-packages/airflow/example_dags/example_branch_python_dop_operator_3.py for tasks to queue
[2024-10-08T03:17:54.242+0000] {logging_mixin.py:190} INFO - [2024-10-08T03:17:54.242+0000] {dagbag.py:588} INFO - Filling up the DagBag from /home/airflow/.local/lib/python3.12/site-packages/airflow/example_dags/example_branch_python_dop_operator_3.py
[2024-10-08T03:17:54.247+0000] {processor.py:925} INFO - DAG(s) 'example_branch_dop_operator_v3' retrieved from /home/airflow/.local/lib/python3.12/site-packages/airflow/example_dags/example_branch_python_dop_operator_3.py
[2024-10-08T03:17:54.256+0000] {logging_mixin.py:190} INFO - [2024-10-08T03:17:54.255+0000] {dag.py:3239} INFO - Sync 1 DAGs
[2024-10-08T03:17:54.267+0000] {logging_mixin.py:190} INFO - [2024-10-08T03:17:54.267+0000] {dag.py:4180} INFO - Setting next_dagrun for example_branch_dop_operator_v3 to 2024-10-08 03:16:00+00:00, run_after=2024-10-08 03:17:00+00:00
[2024-10-08T03:17:54.276+0000] {processor.py:208} INFO - Processing /home/airflow/.local/lib/python3.12/site-packages/airflow/example_dags/example_branch_python_dop_operator_3.py took 0.038 seconds
[2024-10-08T03:18:24.677+0000] {processor.py:186} INFO - Started process (PID=6635) to work on /home/airflow/.local/lib/python3.12/site-packages/airflow/example_dags/example_branch_python_dop_operator_3.py
[2024-10-08T03:18:24.678+0000] {processor.py:914} INFO - Processing file /home/airflow/.local/lib/python3.12/site-packages/airflow/example_dags/example_branch_python_dop_operator_3.py for tasks to queue
[2024-10-08T03:18:24.679+0000] {logging_mixin.py:190} INFO - [2024-10-08T03:18:24.678+0000] {dagbag.py:588} INFO - Filling up the DagBag from /home/airflow/.local/lib/python3.12/site-packages/airflow/example_dags/example_branch_python_dop_operator_3.py
[2024-10-08T03:18:24.683+0000] {processor.py:925} INFO - DAG(s) 'example_branch_dop_operator_v3' retrieved from /home/airflow/.local/lib/python3.12/site-packages/airflow/example_dags/example_branch_python_dop_operator_3.py
[2024-10-08T03:18:24.693+0000] {logging_mixin.py:190} INFO - [2024-10-08T03:18:24.693+0000] {dag.py:3239} INFO - Sync 1 DAGs
[2024-10-08T03:18:24.706+0000] {logging_mixin.py:190} INFO - [2024-10-08T03:18:24.706+0000] {dag.py:4180} INFO - Setting next_dagrun for example_branch_dop_operator_v3 to 2024-10-08 03:17:00+00:00, run_after=2024-10-08 03:18:00+00:00
[2024-10-08T03:18:24.714+0000] {processor.py:208} INFO - Processing /home/airflow/.local/lib/python3.12/site-packages/airflow/example_dags/example_branch_python_dop_operator_3.py took 0.040 seconds
[2024-10-08T03:18:54.893+0000] {processor.py:186} INFO - Started process (PID=6934) to work on /home/airflow/.local/lib/python3.12/site-packages/airflow/example_dags/example_branch_python_dop_operator_3.py
[2024-10-08T03:18:54.893+0000] {processor.py:914} INFO - Processing file /home/airflow/.local/lib/python3.12/site-packages/airflow/example_dags/example_branch_python_dop_operator_3.py for tasks to queue
[2024-10-08T03:18:54.894+0000] {logging_mixin.py:190} INFO - [2024-10-08T03:18:54.894+0000] {dagbag.py:588} INFO - Filling up the DagBag from /home/airflow/.local/lib/python3.12/site-packages/airflow/example_dags/example_branch_python_dop_operator_3.py
[2024-10-08T03:18:54.900+0000] {processor.py:925} INFO - DAG(s) 'example_branch_dop_operator_v3' retrieved from /home/airflow/.local/lib/python3.12/site-packages/airflow/example_dags/example_branch_python_dop_operator_3.py
[2024-10-08T03:18:54.909+0000] {logging_mixin.py:190} INFO - [2024-10-08T03:18:54.909+0000] {dag.py:3239} INFO - Sync 1 DAGs
[2024-10-08T03:18:54.921+0000] {logging_mixin.py:190} INFO - [2024-10-08T03:18:54.921+0000] {dag.py:4180} INFO - Setting next_dagrun for example_branch_dop_operator_v3 to 2024-10-08 03:17:00+00:00, run_after=2024-10-08 03:18:00+00:00
[2024-10-08T03:18:54.930+0000] {processor.py:208} INFO - Processing /home/airflow/.local/lib/python3.12/site-packages/airflow/example_dags/example_branch_python_dop_operator_3.py took 0.041 seconds
[2024-10-08T03:19:25.064+0000] {processor.py:186} INFO - Started process (PID=7236) to work on /home/airflow/.local/lib/python3.12/site-packages/airflow/example_dags/example_branch_python_dop_operator_3.py
[2024-10-08T03:19:25.065+0000] {processor.py:914} INFO - Processing file /home/airflow/.local/lib/python3.12/site-packages/airflow/example_dags/example_branch_python_dop_operator_3.py for tasks to queue
[2024-10-08T03:19:25.066+0000] {logging_mixin.py:190} INFO - [2024-10-08T03:19:25.066+0000] {dagbag.py:588} INFO - Filling up the DagBag from /home/airflow/.local/lib/python3.12/site-packages/airflow/example_dags/example_branch_python_dop_operator_3.py
[2024-10-08T03:19:25.071+0000] {processor.py:925} INFO - DAG(s) 'example_branch_dop_operator_v3' retrieved from /home/airflow/.local/lib/python3.12/site-packages/airflow/example_dags/example_branch_python_dop_operator_3.py
[2024-10-08T03:19:25.081+0000] {logging_mixin.py:190} INFO - [2024-10-08T03:19:25.081+0000] {dag.py:3239} INFO - Sync 1 DAGs
[2024-10-08T03:19:25.094+0000] {logging_mixin.py:190} INFO - [2024-10-08T03:19:25.094+0000] {dag.py:4180} INFO - Setting next_dagrun for example_branch_dop_operator_v3 to 2024-10-08 03:18:00+00:00, run_after=2024-10-08 03:19:00+00:00
[2024-10-08T03:19:25.104+0000] {processor.py:208} INFO - Processing /home/airflow/.local/lib/python3.12/site-packages/airflow/example_dags/example_branch_python_dop_operator_3.py took 0.043 seconds
[2024-10-08T03:19:55.466+0000] {processor.py:186} INFO - Started process (PID=7537) to work on /home/airflow/.local/lib/python3.12/site-packages/airflow/example_dags/example_branch_python_dop_operator_3.py
[2024-10-08T03:19:55.466+0000] {processor.py:914} INFO - Processing file /home/airflow/.local/lib/python3.12/site-packages/airflow/example_dags/example_branch_python_dop_operator_3.py for tasks to queue
[2024-10-08T03:19:55.467+0000] {logging_mixin.py:190} INFO - [2024-10-08T03:19:55.467+0000] {dagbag.py:588} INFO - Filling up the DagBag from /home/airflow/.local/lib/python3.12/site-packages/airflow/example_dags/example_branch_python_dop_operator_3.py
[2024-10-08T03:19:55.472+0000] {processor.py:925} INFO - DAG(s) 'example_branch_dop_operator_v3' retrieved from /home/airflow/.local/lib/python3.12/site-packages/airflow/example_dags/example_branch_python_dop_operator_3.py
[2024-10-08T03:19:55.480+0000] {logging_mixin.py:190} INFO - [2024-10-08T03:19:55.480+0000] {dag.py:3239} INFO - Sync 1 DAGs
[2024-10-08T03:19:55.492+0000] {logging_mixin.py:190} INFO - [2024-10-08T03:19:55.492+0000] {dag.py:4180} INFO - Setting next_dagrun for example_branch_dop_operator_v3 to 2024-10-08 03:18:00+00:00, run_after=2024-10-08 03:19:00+00:00
[2024-10-08T03:19:55.500+0000] {processor.py:208} INFO - Processing /home/airflow/.local/lib/python3.12/site-packages/airflow/example_dags/example_branch_python_dop_operator_3.py took 0.037 seconds
[2024-10-08T03:20:25.734+0000] {processor.py:186} INFO - Started process (PID=7840) to work on /home/airflow/.local/lib/python3.12/site-packages/airflow/example_dags/example_branch_python_dop_operator_3.py
[2024-10-08T03:20:25.735+0000] {processor.py:914} INFO - Processing file /home/airflow/.local/lib/python3.12/site-packages/airflow/example_dags/example_branch_python_dop_operator_3.py for tasks to queue
[2024-10-08T03:20:25.736+0000] {logging_mixin.py:190} INFO - [2024-10-08T03:20:25.736+0000] {dagbag.py:588} INFO - Filling up the DagBag from /home/airflow/.local/lib/python3.12/site-packages/airflow/example_dags/example_branch_python_dop_operator_3.py
[2024-10-08T03:20:25.741+0000] {processor.py:925} INFO - DAG(s) 'example_branch_dop_operator_v3' retrieved from /home/airflow/.local/lib/python3.12/site-packages/airflow/example_dags/example_branch_python_dop_operator_3.py
[2024-10-08T03:20:25.750+0000] {logging_mixin.py:190} INFO - [2024-10-08T03:20:25.750+0000] {dag.py:3239} INFO - Sync 1 DAGs
[2024-10-08T03:20:25.762+0000] {logging_mixin.py:190} INFO - [2024-10-08T03:20:25.762+0000] {dag.py:4180} INFO - Setting next_dagrun for example_branch_dop_operator_v3 to 2024-10-08 03:19:00+00:00, run_after=2024-10-08 03:20:00+00:00
[2024-10-08T03:20:25.771+0000] {processor.py:208} INFO - Processing /home/airflow/.local/lib/python3.12/site-packages/airflow/example_dags/example_branch_python_dop_operator_3.py took 0.040 seconds
[2024-10-08T03:20:56.472+0000] {processor.py:186} INFO - Started process (PID=8141) to work on /home/airflow/.local/lib/python3.12/site-packages/airflow/example_dags/example_branch_python_dop_operator_3.py
[2024-10-08T03:20:56.472+0000] {processor.py:914} INFO - Processing file /home/airflow/.local/lib/python3.12/site-packages/airflow/example_dags/example_branch_python_dop_operator_3.py for tasks to queue
[2024-10-08T03:20:56.473+0000] {logging_mixin.py:190} INFO - [2024-10-08T03:20:56.473+0000] {dagbag.py:588} INFO - Filling up the DagBag from /home/airflow/.local/lib/python3.12/site-packages/airflow/example_dags/example_branch_python_dop_operator_3.py
[2024-10-08T03:20:56.478+0000] {processor.py:925} INFO - DAG(s) 'example_branch_dop_operator_v3' retrieved from /home/airflow/.local/lib/python3.12/site-packages/airflow/example_dags/example_branch_python_dop_operator_3.py
[2024-10-08T03:20:56.488+0000] {logging_mixin.py:190} INFO - [2024-10-08T03:20:56.488+0000] {dag.py:3239} INFO - Sync 1 DAGs
[2024-10-08T03:20:56.500+0000] {logging_mixin.py:190} INFO - [2024-10-08T03:20:56.500+0000] {dag.py:4180} INFO - Setting next_dagrun for example_branch_dop_operator_v3 to 2024-10-08 03:19:00+00:00, run_after=2024-10-08 03:20:00+00:00
[2024-10-08T03:20:56.512+0000] {processor.py:208} INFO - Processing /home/airflow/.local/lib/python3.12/site-packages/airflow/example_dags/example_branch_python_dop_operator_3.py took 0.043 seconds
