[2024-10-08T03:07:47.621+0000] {processor.py:186} INFO - Started process (PID=339) to work on /home/airflow/.local/lib/python3.12/site-packages/airflow/example_dags/example_nested_branch_dag.py
[2024-10-08T03:07:47.621+0000] {processor.py:914} INFO - Processing file /home/airflow/.local/lib/python3.12/site-packages/airflow/example_dags/example_nested_branch_dag.py for tasks to queue
[2024-10-08T03:07:47.622+0000] {logging_mixin.py:190} INFO - [2024-10-08T03:07:47.622+0000] {dagbag.py:588} INFO - Filling up the DagBag from /home/airflow/.local/lib/python3.12/site-packages/airflow/example_dags/example_nested_branch_dag.py
[2024-10-08T03:07:47.629+0000] {processor.py:925} INFO - DAG(s) 'example_nested_branch_dag' retrieved from /home/airflow/.local/lib/python3.12/site-packages/airflow/example_dags/example_nested_branch_dag.py
[2024-10-08T03:07:47.644+0000] {logging_mixin.py:190} INFO - [2024-10-08T03:07:47.644+0000] {dag.py:3239} INFO - Sync 1 DAGs
[2024-10-08T03:07:47.656+0000] {logging_mixin.py:190} INFO - [2024-10-08T03:07:47.656+0000] {dag.py:4180} INFO - Setting next_dagrun for example_nested_branch_dag to 2024-10-07 00:00:00+00:00, run_after=2024-10-08 00:00:00+00:00
[2024-10-08T03:07:47.664+0000] {processor.py:208} INFO - Processing /home/airflow/.local/lib/python3.12/site-packages/airflow/example_dags/example_nested_branch_dag.py took 0.046 seconds
[2024-10-08T03:08:17.958+0000] {processor.py:186} INFO - Started process (PID=640) to work on /home/airflow/.local/lib/python3.12/site-packages/airflow/example_dags/example_nested_branch_dag.py
[2024-10-08T03:08:17.958+0000] {processor.py:914} INFO - Processing file /home/airflow/.local/lib/python3.12/site-packages/airflow/example_dags/example_nested_branch_dag.py for tasks to queue
[2024-10-08T03:08:17.960+0000] {logging_mixin.py:190} INFO - [2024-10-08T03:08:17.959+0000] {dagbag.py:588} INFO - Filling up the DagBag from /home/airflow/.local/lib/python3.12/site-packages/airflow/example_dags/example_nested_branch_dag.py
[2024-10-08T03:08:17.965+0000] {processor.py:925} INFO - DAG(s) 'example_nested_branch_dag' retrieved from /home/airflow/.local/lib/python3.12/site-packages/airflow/example_dags/example_nested_branch_dag.py
[2024-10-08T03:08:17.977+0000] {logging_mixin.py:190} INFO - [2024-10-08T03:08:17.977+0000] {dag.py:3239} INFO - Sync 1 DAGs
[2024-10-08T03:08:17.992+0000] {logging_mixin.py:190} INFO - [2024-10-08T03:08:17.992+0000] {dag.py:4180} INFO - Setting next_dagrun for example_nested_branch_dag to 2024-10-07 00:00:00+00:00, run_after=2024-10-08 00:00:00+00:00
[2024-10-08T03:08:18.005+0000] {processor.py:208} INFO - Processing /home/airflow/.local/lib/python3.12/site-packages/airflow/example_dags/example_nested_branch_dag.py took 0.050 seconds
[2024-10-08T03:08:48.384+0000] {processor.py:186} INFO - Started process (PID=941) to work on /home/airflow/.local/lib/python3.12/site-packages/airflow/example_dags/example_nested_branch_dag.py
[2024-10-08T03:08:48.385+0000] {processor.py:914} INFO - Processing file /home/airflow/.local/lib/python3.12/site-packages/airflow/example_dags/example_nested_branch_dag.py for tasks to queue
[2024-10-08T03:08:48.386+0000] {logging_mixin.py:190} INFO - [2024-10-08T03:08:48.386+0000] {dagbag.py:588} INFO - Filling up the DagBag from /home/airflow/.local/lib/python3.12/site-packages/airflow/example_dags/example_nested_branch_dag.py
[2024-10-08T03:08:48.392+0000] {processor.py:925} INFO - DAG(s) 'example_nested_branch_dag' retrieved from /home/airflow/.local/lib/python3.12/site-packages/airflow/example_dags/example_nested_branch_dag.py
[2024-10-08T03:08:48.403+0000] {logging_mixin.py:190} INFO - [2024-10-08T03:08:48.403+0000] {dag.py:3239} INFO - Sync 1 DAGs
[2024-10-08T03:08:48.415+0000] {logging_mixin.py:190} INFO - [2024-10-08T03:08:48.415+0000] {dag.py:4180} INFO - Setting next_dagrun for example_nested_branch_dag to 2024-10-07 00:00:00+00:00, run_after=2024-10-08 00:00:00+00:00
[2024-10-08T03:08:48.424+0000] {processor.py:208} INFO - Processing /home/airflow/.local/lib/python3.12/site-packages/airflow/example_dags/example_nested_branch_dag.py took 0.043 seconds
[2024-10-08T03:09:18.782+0000] {processor.py:186} INFO - Started process (PID=1242) to work on /home/airflow/.local/lib/python3.12/site-packages/airflow/example_dags/example_nested_branch_dag.py
[2024-10-08T03:09:18.783+0000] {processor.py:914} INFO - Processing file /home/airflow/.local/lib/python3.12/site-packages/airflow/example_dags/example_nested_branch_dag.py for tasks to queue
[2024-10-08T03:09:18.784+0000] {logging_mixin.py:190} INFO - [2024-10-08T03:09:18.784+0000] {dagbag.py:588} INFO - Filling up the DagBag from /home/airflow/.local/lib/python3.12/site-packages/airflow/example_dags/example_nested_branch_dag.py
[2024-10-08T03:09:18.789+0000] {processor.py:925} INFO - DAG(s) 'example_nested_branch_dag' retrieved from /home/airflow/.local/lib/python3.12/site-packages/airflow/example_dags/example_nested_branch_dag.py
[2024-10-08T03:09:18.800+0000] {logging_mixin.py:190} INFO - [2024-10-08T03:09:18.800+0000] {dag.py:3239} INFO - Sync 1 DAGs
[2024-10-08T03:09:18.813+0000] {logging_mixin.py:190} INFO - [2024-10-08T03:09:18.813+0000] {dag.py:4180} INFO - Setting next_dagrun for example_nested_branch_dag to 2024-10-07 00:00:00+00:00, run_after=2024-10-08 00:00:00+00:00
[2024-10-08T03:09:18.822+0000] {processor.py:208} INFO - Processing /home/airflow/.local/lib/python3.12/site-packages/airflow/example_dags/example_nested_branch_dag.py took 0.043 seconds
[2024-10-08T03:09:49.167+0000] {processor.py:186} INFO - Started process (PID=1543) to work on /home/airflow/.local/lib/python3.12/site-packages/airflow/example_dags/example_nested_branch_dag.py
[2024-10-08T03:09:49.167+0000] {processor.py:914} INFO - Processing file /home/airflow/.local/lib/python3.12/site-packages/airflow/example_dags/example_nested_branch_dag.py for tasks to queue
[2024-10-08T03:09:49.169+0000] {logging_mixin.py:190} INFO - [2024-10-08T03:09:49.168+0000] {dagbag.py:588} INFO - Filling up the DagBag from /home/airflow/.local/lib/python3.12/site-packages/airflow/example_dags/example_nested_branch_dag.py
[2024-10-08T03:09:49.174+0000] {processor.py:925} INFO - DAG(s) 'example_nested_branch_dag' retrieved from /home/airflow/.local/lib/python3.12/site-packages/airflow/example_dags/example_nested_branch_dag.py
[2024-10-08T03:09:49.186+0000] {logging_mixin.py:190} INFO - [2024-10-08T03:09:49.185+0000] {dag.py:3239} INFO - Sync 1 DAGs
[2024-10-08T03:09:49.198+0000] {logging_mixin.py:190} INFO - [2024-10-08T03:09:49.197+0000] {dag.py:4180} INFO - Setting next_dagrun for example_nested_branch_dag to 2024-10-07 00:00:00+00:00, run_after=2024-10-08 00:00:00+00:00
[2024-10-08T03:09:49.206+0000] {processor.py:208} INFO - Processing /home/airflow/.local/lib/python3.12/site-packages/airflow/example_dags/example_nested_branch_dag.py took 0.042 seconds
[2024-10-08T03:10:19.446+0000] {processor.py:186} INFO - Started process (PID=1844) to work on /home/airflow/.local/lib/python3.12/site-packages/airflow/example_dags/example_nested_branch_dag.py
[2024-10-08T03:10:19.447+0000] {processor.py:914} INFO - Processing file /home/airflow/.local/lib/python3.12/site-packages/airflow/example_dags/example_nested_branch_dag.py for tasks to queue
[2024-10-08T03:10:19.448+0000] {logging_mixin.py:190} INFO - [2024-10-08T03:10:19.448+0000] {dagbag.py:588} INFO - Filling up the DagBag from /home/airflow/.local/lib/python3.12/site-packages/airflow/example_dags/example_nested_branch_dag.py
[2024-10-08T03:10:19.454+0000] {processor.py:925} INFO - DAG(s) 'example_nested_branch_dag' retrieved from /home/airflow/.local/lib/python3.12/site-packages/airflow/example_dags/example_nested_branch_dag.py
[2024-10-08T03:10:19.464+0000] {logging_mixin.py:190} INFO - [2024-10-08T03:10:19.464+0000] {dag.py:3239} INFO - Sync 1 DAGs
[2024-10-08T03:10:19.479+0000] {logging_mixin.py:190} INFO - [2024-10-08T03:10:19.479+0000] {dag.py:4180} INFO - Setting next_dagrun for example_nested_branch_dag to 2024-10-07 00:00:00+00:00, run_after=2024-10-08 00:00:00+00:00
[2024-10-08T03:10:19.490+0000] {processor.py:208} INFO - Processing /home/airflow/.local/lib/python3.12/site-packages/airflow/example_dags/example_nested_branch_dag.py took 0.047 seconds
[2024-10-08T03:10:49.656+0000] {processor.py:186} INFO - Started process (PID=2203) to work on /home/airflow/.local/lib/python3.12/site-packages/airflow/example_dags/example_nested_branch_dag.py
[2024-10-08T03:10:49.657+0000] {processor.py:914} INFO - Processing file /home/airflow/.local/lib/python3.12/site-packages/airflow/example_dags/example_nested_branch_dag.py for tasks to queue
[2024-10-08T03:10:49.658+0000] {logging_mixin.py:190} INFO - [2024-10-08T03:10:49.658+0000] {dagbag.py:588} INFO - Filling up the DagBag from /home/airflow/.local/lib/python3.12/site-packages/airflow/example_dags/example_nested_branch_dag.py
[2024-10-08T03:10:49.663+0000] {processor.py:925} INFO - DAG(s) 'example_nested_branch_dag' retrieved from /home/airflow/.local/lib/python3.12/site-packages/airflow/example_dags/example_nested_branch_dag.py
[2024-10-08T03:10:49.674+0000] {logging_mixin.py:190} INFO - [2024-10-08T03:10:49.673+0000] {dag.py:3239} INFO - Sync 1 DAGs
[2024-10-08T03:10:49.685+0000] {logging_mixin.py:190} INFO - [2024-10-08T03:10:49.685+0000] {dag.py:4180} INFO - Setting next_dagrun for example_nested_branch_dag to 2024-10-07 00:00:00+00:00, run_after=2024-10-08 00:00:00+00:00
[2024-10-08T03:10:49.694+0000] {processor.py:208} INFO - Processing /home/airflow/.local/lib/python3.12/site-packages/airflow/example_dags/example_nested_branch_dag.py took 0.041 seconds
[2024-10-08T03:11:19.787+0000] {processor.py:186} INFO - Started process (PID=2503) to work on /home/airflow/.local/lib/python3.12/site-packages/airflow/example_dags/example_nested_branch_dag.py
[2024-10-08T03:11:19.788+0000] {processor.py:914} INFO - Processing file /home/airflow/.local/lib/python3.12/site-packages/airflow/example_dags/example_nested_branch_dag.py for tasks to queue
[2024-10-08T03:11:19.789+0000] {logging_mixin.py:190} INFO - [2024-10-08T03:11:19.789+0000] {dagbag.py:588} INFO - Filling up the DagBag from /home/airflow/.local/lib/python3.12/site-packages/airflow/example_dags/example_nested_branch_dag.py
[2024-10-08T03:11:19.795+0000] {processor.py:925} INFO - DAG(s) 'example_nested_branch_dag' retrieved from /home/airflow/.local/lib/python3.12/site-packages/airflow/example_dags/example_nested_branch_dag.py
[2024-10-08T03:11:19.805+0000] {logging_mixin.py:190} INFO - [2024-10-08T03:11:19.805+0000] {dag.py:3239} INFO - Sync 1 DAGs
[2024-10-08T03:11:19.817+0000] {logging_mixin.py:190} INFO - [2024-10-08T03:11:19.817+0000] {dag.py:4180} INFO - Setting next_dagrun for example_nested_branch_dag to 2024-10-07 00:00:00+00:00, run_after=2024-10-08 00:00:00+00:00
[2024-10-08T03:11:19.826+0000] {processor.py:208} INFO - Processing /home/airflow/.local/lib/python3.12/site-packages/airflow/example_dags/example_nested_branch_dag.py took 0.042 seconds
[2024-10-08T03:11:50.162+0000] {processor.py:186} INFO - Started process (PID=2804) to work on /home/airflow/.local/lib/python3.12/site-packages/airflow/example_dags/example_nested_branch_dag.py
[2024-10-08T03:11:50.162+0000] {processor.py:914} INFO - Processing file /home/airflow/.local/lib/python3.12/site-packages/airflow/example_dags/example_nested_branch_dag.py for tasks to queue
[2024-10-08T03:11:50.164+0000] {logging_mixin.py:190} INFO - [2024-10-08T03:11:50.163+0000] {dagbag.py:588} INFO - Filling up the DagBag from /home/airflow/.local/lib/python3.12/site-packages/airflow/example_dags/example_nested_branch_dag.py
[2024-10-08T03:11:50.169+0000] {processor.py:925} INFO - DAG(s) 'example_nested_branch_dag' retrieved from /home/airflow/.local/lib/python3.12/site-packages/airflow/example_dags/example_nested_branch_dag.py
[2024-10-08T03:11:50.179+0000] {logging_mixin.py:190} INFO - [2024-10-08T03:11:50.179+0000] {dag.py:3239} INFO - Sync 1 DAGs
[2024-10-08T03:11:50.191+0000] {logging_mixin.py:190} INFO - [2024-10-08T03:11:50.191+0000] {dag.py:4180} INFO - Setting next_dagrun for example_nested_branch_dag to 2024-10-07 00:00:00+00:00, run_after=2024-10-08 00:00:00+00:00
[2024-10-08T03:11:50.200+0000] {processor.py:208} INFO - Processing /home/airflow/.local/lib/python3.12/site-packages/airflow/example_dags/example_nested_branch_dag.py took 0.041 seconds
[2024-10-08T03:12:20.428+0000] {processor.py:186} INFO - Started process (PID=3111) to work on /home/airflow/.local/lib/python3.12/site-packages/airflow/example_dags/example_nested_branch_dag.py
[2024-10-08T03:12:20.429+0000] {processor.py:914} INFO - Processing file /home/airflow/.local/lib/python3.12/site-packages/airflow/example_dags/example_nested_branch_dag.py for tasks to queue
[2024-10-08T03:12:20.430+0000] {logging_mixin.py:190} INFO - [2024-10-08T03:12:20.430+0000] {dagbag.py:588} INFO - Filling up the DagBag from /home/airflow/.local/lib/python3.12/site-packages/airflow/example_dags/example_nested_branch_dag.py
[2024-10-08T03:12:20.436+0000] {processor.py:925} INFO - DAG(s) 'example_nested_branch_dag' retrieved from /home/airflow/.local/lib/python3.12/site-packages/airflow/example_dags/example_nested_branch_dag.py
[2024-10-08T03:12:20.445+0000] {logging_mixin.py:190} INFO - [2024-10-08T03:12:20.445+0000] {dag.py:3239} INFO - Sync 1 DAGs
[2024-10-08T03:12:20.457+0000] {logging_mixin.py:190} INFO - [2024-10-08T03:12:20.457+0000] {dag.py:4180} INFO - Setting next_dagrun for example_nested_branch_dag to 2024-10-07 00:00:00+00:00, run_after=2024-10-08 00:00:00+00:00
[2024-10-08T03:12:20.465+0000] {processor.py:208} INFO - Processing /home/airflow/.local/lib/python3.12/site-packages/airflow/example_dags/example_nested_branch_dag.py took 0.039 seconds
[2024-10-08T03:12:50.534+0000] {processor.py:186} INFO - Started process (PID=3412) to work on /home/airflow/.local/lib/python3.12/site-packages/airflow/example_dags/example_nested_branch_dag.py
[2024-10-08T03:12:50.534+0000] {processor.py:914} INFO - Processing file /home/airflow/.local/lib/python3.12/site-packages/airflow/example_dags/example_nested_branch_dag.py for tasks to queue
[2024-10-08T03:12:50.536+0000] {logging_mixin.py:190} INFO - [2024-10-08T03:12:50.535+0000] {dagbag.py:588} INFO - Filling up the DagBag from /home/airflow/.local/lib/python3.12/site-packages/airflow/example_dags/example_nested_branch_dag.py
[2024-10-08T03:12:50.541+0000] {processor.py:925} INFO - DAG(s) 'example_nested_branch_dag' retrieved from /home/airflow/.local/lib/python3.12/site-packages/airflow/example_dags/example_nested_branch_dag.py
[2024-10-08T03:12:50.552+0000] {logging_mixin.py:190} INFO - [2024-10-08T03:12:50.551+0000] {dag.py:3239} INFO - Sync 1 DAGs
[2024-10-08T03:12:50.564+0000] {logging_mixin.py:190} INFO - [2024-10-08T03:12:50.564+0000] {dag.py:4180} INFO - Setting next_dagrun for example_nested_branch_dag to 2024-10-07 00:00:00+00:00, run_after=2024-10-08 00:00:00+00:00
[2024-10-08T03:12:50.574+0000] {processor.py:208} INFO - Processing /home/airflow/.local/lib/python3.12/site-packages/airflow/example_dags/example_nested_branch_dag.py took 0.043 seconds
[2024-10-08T03:13:20.820+0000] {processor.py:186} INFO - Started process (PID=3715) to work on /home/airflow/.local/lib/python3.12/site-packages/airflow/example_dags/example_nested_branch_dag.py
[2024-10-08T03:13:20.820+0000] {processor.py:914} INFO - Processing file /home/airflow/.local/lib/python3.12/site-packages/airflow/example_dags/example_nested_branch_dag.py for tasks to queue
[2024-10-08T03:13:20.821+0000] {logging_mixin.py:190} INFO - [2024-10-08T03:13:20.821+0000] {dagbag.py:588} INFO - Filling up the DagBag from /home/airflow/.local/lib/python3.12/site-packages/airflow/example_dags/example_nested_branch_dag.py
[2024-10-08T03:13:20.827+0000] {processor.py:925} INFO - DAG(s) 'example_nested_branch_dag' retrieved from /home/airflow/.local/lib/python3.12/site-packages/airflow/example_dags/example_nested_branch_dag.py
[2024-10-08T03:13:20.837+0000] {logging_mixin.py:190} INFO - [2024-10-08T03:13:20.837+0000] {dag.py:3239} INFO - Sync 1 DAGs
[2024-10-08T03:13:20.849+0000] {logging_mixin.py:190} INFO - [2024-10-08T03:13:20.849+0000] {dag.py:4180} INFO - Setting next_dagrun for example_nested_branch_dag to 2024-10-07 00:00:00+00:00, run_after=2024-10-08 00:00:00+00:00
[2024-10-08T03:13:20.857+0000] {processor.py:208} INFO - Processing /home/airflow/.local/lib/python3.12/site-packages/airflow/example_dags/example_nested_branch_dag.py took 0.040 seconds
[2024-10-08T03:13:51.055+0000] {processor.py:186} INFO - Started process (PID=4014) to work on /home/airflow/.local/lib/python3.12/site-packages/airflow/example_dags/example_nested_branch_dag.py
[2024-10-08T03:13:51.055+0000] {processor.py:914} INFO - Processing file /home/airflow/.local/lib/python3.12/site-packages/airflow/example_dags/example_nested_branch_dag.py for tasks to queue
[2024-10-08T03:13:51.056+0000] {logging_mixin.py:190} INFO - [2024-10-08T03:13:51.056+0000] {dagbag.py:588} INFO - Filling up the DagBag from /home/airflow/.local/lib/python3.12/site-packages/airflow/example_dags/example_nested_branch_dag.py
[2024-10-08T03:13:51.062+0000] {processor.py:925} INFO - DAG(s) 'example_nested_branch_dag' retrieved from /home/airflow/.local/lib/python3.12/site-packages/airflow/example_dags/example_nested_branch_dag.py
[2024-10-08T03:13:51.072+0000] {logging_mixin.py:190} INFO - [2024-10-08T03:13:51.072+0000] {dag.py:3239} INFO - Sync 1 DAGs
[2024-10-08T03:13:51.084+0000] {logging_mixin.py:190} INFO - [2024-10-08T03:13:51.084+0000] {dag.py:4180} INFO - Setting next_dagrun for example_nested_branch_dag to 2024-10-07 00:00:00+00:00, run_after=2024-10-08 00:00:00+00:00
[2024-10-08T03:13:51.093+0000] {processor.py:208} INFO - Processing /home/airflow/.local/lib/python3.12/site-packages/airflow/example_dags/example_nested_branch_dag.py took 0.041 seconds
[2024-10-08T03:14:21.285+0000] {processor.py:186} INFO - Started process (PID=4315) to work on /home/airflow/.local/lib/python3.12/site-packages/airflow/example_dags/example_nested_branch_dag.py
[2024-10-08T03:14:21.286+0000] {processor.py:914} INFO - Processing file /home/airflow/.local/lib/python3.12/site-packages/airflow/example_dags/example_nested_branch_dag.py for tasks to queue
[2024-10-08T03:14:21.287+0000] {logging_mixin.py:190} INFO - [2024-10-08T03:14:21.287+0000] {dagbag.py:588} INFO - Filling up the DagBag from /home/airflow/.local/lib/python3.12/site-packages/airflow/example_dags/example_nested_branch_dag.py
[2024-10-08T03:14:21.293+0000] {processor.py:925} INFO - DAG(s) 'example_nested_branch_dag' retrieved from /home/airflow/.local/lib/python3.12/site-packages/airflow/example_dags/example_nested_branch_dag.py
[2024-10-08T03:14:21.303+0000] {logging_mixin.py:190} INFO - [2024-10-08T03:14:21.303+0000] {dag.py:3239} INFO - Sync 1 DAGs
[2024-10-08T03:14:21.315+0000] {logging_mixin.py:190} INFO - [2024-10-08T03:14:21.315+0000] {dag.py:4180} INFO - Setting next_dagrun for example_nested_branch_dag to 2024-10-07 00:00:00+00:00, run_after=2024-10-08 00:00:00+00:00
[2024-10-08T03:14:21.324+0000] {processor.py:208} INFO - Processing /home/airflow/.local/lib/python3.12/site-packages/airflow/example_dags/example_nested_branch_dag.py took 0.042 seconds
[2024-10-08T03:14:51.620+0000] {processor.py:186} INFO - Started process (PID=4611) to work on /home/airflow/.local/lib/python3.12/site-packages/airflow/example_dags/example_nested_branch_dag.py
[2024-10-08T03:14:51.620+0000] {processor.py:914} INFO - Processing file /home/airflow/.local/lib/python3.12/site-packages/airflow/example_dags/example_nested_branch_dag.py for tasks to queue
[2024-10-08T03:14:51.621+0000] {logging_mixin.py:190} INFO - [2024-10-08T03:14:51.621+0000] {dagbag.py:588} INFO - Filling up the DagBag from /home/airflow/.local/lib/python3.12/site-packages/airflow/example_dags/example_nested_branch_dag.py
[2024-10-08T03:14:51.627+0000] {processor.py:925} INFO - DAG(s) 'example_nested_branch_dag' retrieved from /home/airflow/.local/lib/python3.12/site-packages/airflow/example_dags/example_nested_branch_dag.py
[2024-10-08T03:14:51.637+0000] {logging_mixin.py:190} INFO - [2024-10-08T03:14:51.637+0000] {dag.py:3239} INFO - Sync 1 DAGs
[2024-10-08T03:14:51.650+0000] {logging_mixin.py:190} INFO - [2024-10-08T03:14:51.649+0000] {dag.py:4180} INFO - Setting next_dagrun for example_nested_branch_dag to 2024-10-07 00:00:00+00:00, run_after=2024-10-08 00:00:00+00:00
[2024-10-08T03:14:51.659+0000] {processor.py:208} INFO - Processing /home/airflow/.local/lib/python3.12/site-packages/airflow/example_dags/example_nested_branch_dag.py took 0.042 seconds
[2024-10-08T03:15:21.743+0000] {processor.py:186} INFO - Started process (PID=4912) to work on /home/airflow/.local/lib/python3.12/site-packages/airflow/example_dags/example_nested_branch_dag.py
[2024-10-08T03:15:21.744+0000] {processor.py:914} INFO - Processing file /home/airflow/.local/lib/python3.12/site-packages/airflow/example_dags/example_nested_branch_dag.py for tasks to queue
[2024-10-08T03:15:21.745+0000] {logging_mixin.py:190} INFO - [2024-10-08T03:15:21.745+0000] {dagbag.py:588} INFO - Filling up the DagBag from /home/airflow/.local/lib/python3.12/site-packages/airflow/example_dags/example_nested_branch_dag.py
[2024-10-08T03:15:21.750+0000] {processor.py:925} INFO - DAG(s) 'example_nested_branch_dag' retrieved from /home/airflow/.local/lib/python3.12/site-packages/airflow/example_dags/example_nested_branch_dag.py
[2024-10-08T03:15:21.761+0000] {logging_mixin.py:190} INFO - [2024-10-08T03:15:21.760+0000] {dag.py:3239} INFO - Sync 1 DAGs
[2024-10-08T03:15:21.773+0000] {logging_mixin.py:190} INFO - [2024-10-08T03:15:21.773+0000] {dag.py:4180} INFO - Setting next_dagrun for example_nested_branch_dag to 2024-10-07 00:00:00+00:00, run_after=2024-10-08 00:00:00+00:00
[2024-10-08T03:15:21.781+0000] {processor.py:208} INFO - Processing /home/airflow/.local/lib/python3.12/site-packages/airflow/example_dags/example_nested_branch_dag.py took 0.041 seconds
[2024-10-08T03:15:52.407+0000] {processor.py:186} INFO - Started process (PID=5218) to work on /home/airflow/.local/lib/python3.12/site-packages/airflow/example_dags/example_nested_branch_dag.py
[2024-10-08T03:15:52.407+0000] {processor.py:914} INFO - Processing file /home/airflow/.local/lib/python3.12/site-packages/airflow/example_dags/example_nested_branch_dag.py for tasks to queue
[2024-10-08T03:15:52.408+0000] {logging_mixin.py:190} INFO - [2024-10-08T03:15:52.408+0000] {dagbag.py:588} INFO - Filling up the DagBag from /home/airflow/.local/lib/python3.12/site-packages/airflow/example_dags/example_nested_branch_dag.py
[2024-10-08T03:15:52.414+0000] {processor.py:925} INFO - DAG(s) 'example_nested_branch_dag' retrieved from /home/airflow/.local/lib/python3.12/site-packages/airflow/example_dags/example_nested_branch_dag.py
[2024-10-08T03:15:52.425+0000] {logging_mixin.py:190} INFO - [2024-10-08T03:15:52.425+0000] {dag.py:3239} INFO - Sync 1 DAGs
[2024-10-08T03:15:52.437+0000] {logging_mixin.py:190} INFO - [2024-10-08T03:15:52.437+0000] {dag.py:4180} INFO - Setting next_dagrun for example_nested_branch_dag to 2024-10-07 00:00:00+00:00, run_after=2024-10-08 00:00:00+00:00
[2024-10-08T03:15:52.445+0000] {processor.py:208} INFO - Processing /home/airflow/.local/lib/python3.12/site-packages/airflow/example_dags/example_nested_branch_dag.py took 0.041 seconds
[2024-10-08T03:16:22.961+0000] {processor.py:186} INFO - Started process (PID=5519) to work on /home/airflow/.local/lib/python3.12/site-packages/airflow/example_dags/example_nested_branch_dag.py
[2024-10-08T03:16:22.962+0000] {processor.py:914} INFO - Processing file /home/airflow/.local/lib/python3.12/site-packages/airflow/example_dags/example_nested_branch_dag.py for tasks to queue
[2024-10-08T03:16:22.963+0000] {logging_mixin.py:190} INFO - [2024-10-08T03:16:22.962+0000] {dagbag.py:588} INFO - Filling up the DagBag from /home/airflow/.local/lib/python3.12/site-packages/airflow/example_dags/example_nested_branch_dag.py
[2024-10-08T03:16:22.968+0000] {processor.py:925} INFO - DAG(s) 'example_nested_branch_dag' retrieved from /home/airflow/.local/lib/python3.12/site-packages/airflow/example_dags/example_nested_branch_dag.py
[2024-10-08T03:16:22.978+0000] {logging_mixin.py:190} INFO - [2024-10-08T03:16:22.978+0000] {dag.py:3239} INFO - Sync 1 DAGs
[2024-10-08T03:16:22.990+0000] {logging_mixin.py:190} INFO - [2024-10-08T03:16:22.990+0000] {dag.py:4180} INFO - Setting next_dagrun for example_nested_branch_dag to 2024-10-07 00:00:00+00:00, run_after=2024-10-08 00:00:00+00:00
[2024-10-08T03:16:22.999+0000] {processor.py:208} INFO - Processing /home/airflow/.local/lib/python3.12/site-packages/airflow/example_dags/example_nested_branch_dag.py took 0.040 seconds
[2024-10-08T03:16:53.490+0000] {processor.py:186} INFO - Started process (PID=5820) to work on /home/airflow/.local/lib/python3.12/site-packages/airflow/example_dags/example_nested_branch_dag.py
[2024-10-08T03:16:53.491+0000] {processor.py:914} INFO - Processing file /home/airflow/.local/lib/python3.12/site-packages/airflow/example_dags/example_nested_branch_dag.py for tasks to queue
[2024-10-08T03:16:53.492+0000] {logging_mixin.py:190} INFO - [2024-10-08T03:16:53.492+0000] {dagbag.py:588} INFO - Filling up the DagBag from /home/airflow/.local/lib/python3.12/site-packages/airflow/example_dags/example_nested_branch_dag.py
[2024-10-08T03:16:53.497+0000] {processor.py:925} INFO - DAG(s) 'example_nested_branch_dag' retrieved from /home/airflow/.local/lib/python3.12/site-packages/airflow/example_dags/example_nested_branch_dag.py
[2024-10-08T03:16:53.508+0000] {logging_mixin.py:190} INFO - [2024-10-08T03:16:53.508+0000] {dag.py:3239} INFO - Sync 1 DAGs
[2024-10-08T03:16:53.520+0000] {logging_mixin.py:190} INFO - [2024-10-08T03:16:53.520+0000] {dag.py:4180} INFO - Setting next_dagrun for example_nested_branch_dag to 2024-10-07 00:00:00+00:00, run_after=2024-10-08 00:00:00+00:00
[2024-10-08T03:16:53.528+0000] {processor.py:208} INFO - Processing /home/airflow/.local/lib/python3.12/site-packages/airflow/example_dags/example_nested_branch_dag.py took 0.041 seconds
[2024-10-08T03:17:24.477+0000] {processor.py:186} INFO - Started process (PID=6121) to work on /home/airflow/.local/lib/python3.12/site-packages/airflow/example_dags/example_nested_branch_dag.py
[2024-10-08T03:17:24.478+0000] {processor.py:914} INFO - Processing file /home/airflow/.local/lib/python3.12/site-packages/airflow/example_dags/example_nested_branch_dag.py for tasks to queue
[2024-10-08T03:17:24.479+0000] {logging_mixin.py:190} INFO - [2024-10-08T03:17:24.479+0000] {dagbag.py:588} INFO - Filling up the DagBag from /home/airflow/.local/lib/python3.12/site-packages/airflow/example_dags/example_nested_branch_dag.py
[2024-10-08T03:17:24.484+0000] {processor.py:925} INFO - DAG(s) 'example_nested_branch_dag' retrieved from /home/airflow/.local/lib/python3.12/site-packages/airflow/example_dags/example_nested_branch_dag.py
[2024-10-08T03:17:24.494+0000] {logging_mixin.py:190} INFO - [2024-10-08T03:17:24.494+0000] {dag.py:3239} INFO - Sync 1 DAGs
[2024-10-08T03:17:24.506+0000] {logging_mixin.py:190} INFO - [2024-10-08T03:17:24.506+0000] {dag.py:4180} INFO - Setting next_dagrun for example_nested_branch_dag to 2024-10-07 00:00:00+00:00, run_after=2024-10-08 00:00:00+00:00
[2024-10-08T03:17:24.515+0000] {processor.py:208} INFO - Processing /home/airflow/.local/lib/python3.12/site-packages/airflow/example_dags/example_nested_branch_dag.py took 0.041 seconds
[2024-10-08T03:17:54.815+0000] {processor.py:186} INFO - Started process (PID=6422) to work on /home/airflow/.local/lib/python3.12/site-packages/airflow/example_dags/example_nested_branch_dag.py
[2024-10-08T03:17:54.816+0000] {processor.py:914} INFO - Processing file /home/airflow/.local/lib/python3.12/site-packages/airflow/example_dags/example_nested_branch_dag.py for tasks to queue
[2024-10-08T03:17:54.817+0000] {logging_mixin.py:190} INFO - [2024-10-08T03:17:54.817+0000] {dagbag.py:588} INFO - Filling up the DagBag from /home/airflow/.local/lib/python3.12/site-packages/airflow/example_dags/example_nested_branch_dag.py
[2024-10-08T03:17:54.823+0000] {processor.py:925} INFO - DAG(s) 'example_nested_branch_dag' retrieved from /home/airflow/.local/lib/python3.12/site-packages/airflow/example_dags/example_nested_branch_dag.py
[2024-10-08T03:17:54.833+0000] {logging_mixin.py:190} INFO - [2024-10-08T03:17:54.833+0000] {dag.py:3239} INFO - Sync 1 DAGs
[2024-10-08T03:17:54.845+0000] {logging_mixin.py:190} INFO - [2024-10-08T03:17:54.845+0000] {dag.py:4180} INFO - Setting next_dagrun for example_nested_branch_dag to 2024-10-07 00:00:00+00:00, run_after=2024-10-08 00:00:00+00:00
[2024-10-08T03:17:54.855+0000] {processor.py:208} INFO - Processing /home/airflow/.local/lib/python3.12/site-packages/airflow/example_dags/example_nested_branch_dag.py took 0.042 seconds
[2024-10-08T03:18:25.291+0000] {processor.py:186} INFO - Started process (PID=6723) to work on /home/airflow/.local/lib/python3.12/site-packages/airflow/example_dags/example_nested_branch_dag.py
[2024-10-08T03:18:25.291+0000] {processor.py:914} INFO - Processing file /home/airflow/.local/lib/python3.12/site-packages/airflow/example_dags/example_nested_branch_dag.py for tasks to queue
[2024-10-08T03:18:25.292+0000] {logging_mixin.py:190} INFO - [2024-10-08T03:18:25.292+0000] {dagbag.py:588} INFO - Filling up the DagBag from /home/airflow/.local/lib/python3.12/site-packages/airflow/example_dags/example_nested_branch_dag.py
[2024-10-08T03:18:25.298+0000] {processor.py:925} INFO - DAG(s) 'example_nested_branch_dag' retrieved from /home/airflow/.local/lib/python3.12/site-packages/airflow/example_dags/example_nested_branch_dag.py
[2024-10-08T03:18:25.309+0000] {logging_mixin.py:190} INFO - [2024-10-08T03:18:25.309+0000] {dag.py:3239} INFO - Sync 1 DAGs
[2024-10-08T03:18:25.320+0000] {logging_mixin.py:190} INFO - [2024-10-08T03:18:25.320+0000] {dag.py:4180} INFO - Setting next_dagrun for example_nested_branch_dag to 2024-10-07 00:00:00+00:00, run_after=2024-10-08 00:00:00+00:00
[2024-10-08T03:18:25.329+0000] {processor.py:208} INFO - Processing /home/airflow/.local/lib/python3.12/site-packages/airflow/example_dags/example_nested_branch_dag.py took 0.041 seconds
[2024-10-08T03:18:55.516+0000] {processor.py:186} INFO - Started process (PID=7024) to work on /home/airflow/.local/lib/python3.12/site-packages/airflow/example_dags/example_nested_branch_dag.py
[2024-10-08T03:18:55.516+0000] {processor.py:914} INFO - Processing file /home/airflow/.local/lib/python3.12/site-packages/airflow/example_dags/example_nested_branch_dag.py for tasks to queue
[2024-10-08T03:18:55.517+0000] {logging_mixin.py:190} INFO - [2024-10-08T03:18:55.517+0000] {dagbag.py:588} INFO - Filling up the DagBag from /home/airflow/.local/lib/python3.12/site-packages/airflow/example_dags/example_nested_branch_dag.py
[2024-10-08T03:18:55.523+0000] {processor.py:925} INFO - DAG(s) 'example_nested_branch_dag' retrieved from /home/airflow/.local/lib/python3.12/site-packages/airflow/example_dags/example_nested_branch_dag.py
[2024-10-08T03:18:55.533+0000] {logging_mixin.py:190} INFO - [2024-10-08T03:18:55.533+0000] {dag.py:3239} INFO - Sync 1 DAGs
[2024-10-08T03:18:55.544+0000] {logging_mixin.py:190} INFO - [2024-10-08T03:18:55.544+0000] {dag.py:4180} INFO - Setting next_dagrun for example_nested_branch_dag to 2024-10-07 00:00:00+00:00, run_after=2024-10-08 00:00:00+00:00
[2024-10-08T03:18:55.553+0000] {processor.py:208} INFO - Processing /home/airflow/.local/lib/python3.12/site-packages/airflow/example_dags/example_nested_branch_dag.py took 0.040 seconds
[2024-10-08T03:19:25.679+0000] {processor.py:186} INFO - Started process (PID=7326) to work on /home/airflow/.local/lib/python3.12/site-packages/airflow/example_dags/example_nested_branch_dag.py
[2024-10-08T03:19:25.680+0000] {processor.py:914} INFO - Processing file /home/airflow/.local/lib/python3.12/site-packages/airflow/example_dags/example_nested_branch_dag.py for tasks to queue
[2024-10-08T03:19:25.681+0000] {logging_mixin.py:190} INFO - [2024-10-08T03:19:25.681+0000] {dagbag.py:588} INFO - Filling up the DagBag from /home/airflow/.local/lib/python3.12/site-packages/airflow/example_dags/example_nested_branch_dag.py
[2024-10-08T03:19:25.688+0000] {processor.py:925} INFO - DAG(s) 'example_nested_branch_dag' retrieved from /home/airflow/.local/lib/python3.12/site-packages/airflow/example_dags/example_nested_branch_dag.py
[2024-10-08T03:19:25.698+0000] {logging_mixin.py:190} INFO - [2024-10-08T03:19:25.698+0000] {dag.py:3239} INFO - Sync 1 DAGs
[2024-10-08T03:19:25.709+0000] {logging_mixin.py:190} INFO - [2024-10-08T03:19:25.709+0000] {dag.py:4180} INFO - Setting next_dagrun for example_nested_branch_dag to 2024-10-07 00:00:00+00:00, run_after=2024-10-08 00:00:00+00:00
[2024-10-08T03:19:25.718+0000] {processor.py:208} INFO - Processing /home/airflow/.local/lib/python3.12/site-packages/airflow/example_dags/example_nested_branch_dag.py took 0.042 seconds
[2024-10-08T03:19:56.023+0000] {processor.py:186} INFO - Started process (PID=7627) to work on /home/airflow/.local/lib/python3.12/site-packages/airflow/example_dags/example_nested_branch_dag.py
[2024-10-08T03:19:56.024+0000] {processor.py:914} INFO - Processing file /home/airflow/.local/lib/python3.12/site-packages/airflow/example_dags/example_nested_branch_dag.py for tasks to queue
[2024-10-08T03:19:56.025+0000] {logging_mixin.py:190} INFO - [2024-10-08T03:19:56.025+0000] {dagbag.py:588} INFO - Filling up the DagBag from /home/airflow/.local/lib/python3.12/site-packages/airflow/example_dags/example_nested_branch_dag.py
[2024-10-08T03:19:56.030+0000] {processor.py:925} INFO - DAG(s) 'example_nested_branch_dag' retrieved from /home/airflow/.local/lib/python3.12/site-packages/airflow/example_dags/example_nested_branch_dag.py
[2024-10-08T03:19:56.040+0000] {logging_mixin.py:190} INFO - [2024-10-08T03:19:56.040+0000] {dag.py:3239} INFO - Sync 1 DAGs
[2024-10-08T03:19:56.052+0000] {logging_mixin.py:190} INFO - [2024-10-08T03:19:56.052+0000] {dag.py:4180} INFO - Setting next_dagrun for example_nested_branch_dag to 2024-10-07 00:00:00+00:00, run_after=2024-10-08 00:00:00+00:00
[2024-10-08T03:19:56.060+0000] {processor.py:208} INFO - Processing /home/airflow/.local/lib/python3.12/site-packages/airflow/example_dags/example_nested_branch_dag.py took 0.040 seconds
[2024-10-08T03:20:26.478+0000] {processor.py:186} INFO - Started process (PID=7928) to work on /home/airflow/.local/lib/python3.12/site-packages/airflow/example_dags/example_nested_branch_dag.py
[2024-10-08T03:20:26.479+0000] {processor.py:914} INFO - Processing file /home/airflow/.local/lib/python3.12/site-packages/airflow/example_dags/example_nested_branch_dag.py for tasks to queue
[2024-10-08T03:20:26.480+0000] {logging_mixin.py:190} INFO - [2024-10-08T03:20:26.480+0000] {dagbag.py:588} INFO - Filling up the DagBag from /home/airflow/.local/lib/python3.12/site-packages/airflow/example_dags/example_nested_branch_dag.py
[2024-10-08T03:20:26.486+0000] {processor.py:925} INFO - DAG(s) 'example_nested_branch_dag' retrieved from /home/airflow/.local/lib/python3.12/site-packages/airflow/example_dags/example_nested_branch_dag.py
[2024-10-08T03:20:26.496+0000] {logging_mixin.py:190} INFO - [2024-10-08T03:20:26.496+0000] {dag.py:3239} INFO - Sync 1 DAGs
[2024-10-08T03:20:26.507+0000] {logging_mixin.py:190} INFO - [2024-10-08T03:20:26.507+0000] {dag.py:4180} INFO - Setting next_dagrun for example_nested_branch_dag to 2024-10-07 00:00:00+00:00, run_after=2024-10-08 00:00:00+00:00
[2024-10-08T03:20:26.515+0000] {processor.py:208} INFO - Processing /home/airflow/.local/lib/python3.12/site-packages/airflow/example_dags/example_nested_branch_dag.py took 0.040 seconds
[2024-10-08T03:20:57.065+0000] {processor.py:186} INFO - Started process (PID=8229) to work on /home/airflow/.local/lib/python3.12/site-packages/airflow/example_dags/example_nested_branch_dag.py
[2024-10-08T03:20:57.066+0000] {processor.py:914} INFO - Processing file /home/airflow/.local/lib/python3.12/site-packages/airflow/example_dags/example_nested_branch_dag.py for tasks to queue
[2024-10-08T03:20:57.067+0000] {logging_mixin.py:190} INFO - [2024-10-08T03:20:57.067+0000] {dagbag.py:588} INFO - Filling up the DagBag from /home/airflow/.local/lib/python3.12/site-packages/airflow/example_dags/example_nested_branch_dag.py
[2024-10-08T03:20:57.073+0000] {processor.py:925} INFO - DAG(s) 'example_nested_branch_dag' retrieved from /home/airflow/.local/lib/python3.12/site-packages/airflow/example_dags/example_nested_branch_dag.py
[2024-10-08T03:20:57.083+0000] {logging_mixin.py:190} INFO - [2024-10-08T03:20:57.083+0000] {dag.py:3239} INFO - Sync 1 DAGs
[2024-10-08T03:20:57.095+0000] {logging_mixin.py:190} INFO - [2024-10-08T03:20:57.095+0000] {dag.py:4180} INFO - Setting next_dagrun for example_nested_branch_dag to 2024-10-07 00:00:00+00:00, run_after=2024-10-08 00:00:00+00:00
[2024-10-08T03:20:57.104+0000] {processor.py:208} INFO - Processing /home/airflow/.local/lib/python3.12/site-packages/airflow/example_dags/example_nested_branch_dag.py took 0.041 seconds
