[2024-10-08T03:07:46.883+0000] {processor.py:186} INFO - Started process (PID=254) to work on /home/airflow/.local/lib/python3.12/site-packages/airflow/example_dags/example_datasets.py
[2024-10-08T03:07:46.884+0000] {processor.py:914} INFO - Processing file /home/airflow/.local/lib/python3.12/site-packages/airflow/example_dags/example_datasets.py for tasks to queue
[2024-10-08T03:07:46.885+0000] {logging_mixin.py:190} INFO - [2024-10-08T03:07:46.885+0000] {dagbag.py:588} INFO - Filling up the DagBag from /home/airflow/.local/lib/python3.12/site-packages/airflow/example_dags/example_datasets.py
[2024-10-08T03:07:46.957+0000] {processor.py:925} INFO - DAG(s) 'consume_1_or_2_with_dataset_expressions', 'dataset_consumes_1_and_2', 'dataset_produces_1', 'dataset_consumes_1_never_scheduled', 'dataset_consumes_unknown_never_scheduled', 'conditional_dataset_and_time_based_timetable', 'dataset_produces_2', 'dataset_consumes_1', 'consume_1_or_both_2_and_3_with_dataset_expressions', 'consume_1_and_2_with_dataset_expressions' retrieved from /home/airflow/.local/lib/python3.12/site-packages/airflow/example_dags/example_datasets.py
[2024-10-08T03:07:46.981+0000] {logging_mixin.py:190} INFO - [2024-10-08T03:07:46.981+0000] {dag.py:3239} INFO - Sync 10 DAGs
[2024-10-08T03:07:46.996+0000] {logging_mixin.py:190} INFO - [2024-10-08T03:07:46.996+0000] {dag.py:4180} INFO - Setting next_dagrun for conditional_dataset_and_time_based_timetable to 2024-10-02 01:00:00+00:00, run_after=2024-10-02 01:00:00+00:00
[2024-10-08T03:07:46.998+0000] {logging_mixin.py:190} INFO - [2024-10-08T03:07:46.998+0000] {dag.py:4180} INFO - Setting next_dagrun for consume_1_and_2_with_dataset_expressions to None, run_after=None
[2024-10-08T03:07:46.999+0000] {logging_mixin.py:190} INFO - [2024-10-08T03:07:46.999+0000] {dag.py:4180} INFO - Setting next_dagrun for consume_1_or_2_with_dataset_expressions to None, run_after=None
[2024-10-08T03:07:47.000+0000] {logging_mixin.py:190} INFO - [2024-10-08T03:07:47.000+0000] {dag.py:4180} INFO - Setting next_dagrun for consume_1_or_both_2_and_3_with_dataset_expressions to None, run_after=None
[2024-10-08T03:07:47.000+0000] {logging_mixin.py:190} INFO - [2024-10-08T03:07:47.000+0000] {dag.py:4180} INFO - Setting next_dagrun for dataset_consumes_1 to None, run_after=None
[2024-10-08T03:07:47.001+0000] {logging_mixin.py:190} INFO - [2024-10-08T03:07:47.001+0000] {dag.py:4180} INFO - Setting next_dagrun for dataset_consumes_1_and_2 to None, run_after=None
[2024-10-08T03:07:47.002+0000] {logging_mixin.py:190} INFO - [2024-10-08T03:07:47.002+0000] {dag.py:4180} INFO - Setting next_dagrun for dataset_consumes_1_never_scheduled to None, run_after=None
[2024-10-08T03:07:47.003+0000] {logging_mixin.py:190} INFO - [2024-10-08T03:07:47.003+0000] {dag.py:4180} INFO - Setting next_dagrun for dataset_consumes_unknown_never_scheduled to None, run_after=None
[2024-10-08T03:07:47.004+0000] {logging_mixin.py:190} INFO - [2024-10-08T03:07:47.004+0000] {dag.py:4180} INFO - Setting next_dagrun for dataset_produces_1 to 2024-10-07 00:00:00+00:00, run_after=2024-10-08 00:00:00+00:00
[2024-10-08T03:07:47.005+0000] {logging_mixin.py:190} INFO - [2024-10-08T03:07:47.005+0000] {dag.py:4180} INFO - Setting next_dagrun for dataset_produces_2 to None, run_after=None
[2024-10-08T03:07:47.022+0000] {processor.py:208} INFO - Processing /home/airflow/.local/lib/python3.12/site-packages/airflow/example_dags/example_datasets.py took 0.142 seconds
[2024-10-08T03:08:17.369+0000] {processor.py:186} INFO - Started process (PID=555) to work on /home/airflow/.local/lib/python3.12/site-packages/airflow/example_dags/example_datasets.py
[2024-10-08T03:08:17.369+0000] {processor.py:914} INFO - Processing file /home/airflow/.local/lib/python3.12/site-packages/airflow/example_dags/example_datasets.py for tasks to queue
[2024-10-08T03:08:17.371+0000] {logging_mixin.py:190} INFO - [2024-10-08T03:08:17.370+0000] {dagbag.py:588} INFO - Filling up the DagBag from /home/airflow/.local/lib/python3.12/site-packages/airflow/example_dags/example_datasets.py
[2024-10-08T03:08:17.435+0000] {processor.py:925} INFO - DAG(s) 'dataset_produces_2', 'consume_1_or_both_2_and_3_with_dataset_expressions', 'dataset_consumes_unknown_never_scheduled', 'consume_1_and_2_with_dataset_expressions', 'consume_1_or_2_with_dataset_expressions', 'dataset_produces_1', 'conditional_dataset_and_time_based_timetable', 'dataset_consumes_1_never_scheduled', 'dataset_consumes_1', 'dataset_consumes_1_and_2' retrieved from /home/airflow/.local/lib/python3.12/site-packages/airflow/example_dags/example_datasets.py
[2024-10-08T03:08:17.457+0000] {logging_mixin.py:190} INFO - [2024-10-08T03:08:17.457+0000] {dag.py:3239} INFO - Sync 10 DAGs
[2024-10-08T03:08:17.471+0000] {logging_mixin.py:190} INFO - [2024-10-08T03:08:17.471+0000] {dag.py:4180} INFO - Setting next_dagrun for conditional_dataset_and_time_based_timetable to 2024-10-02 01:00:00+00:00, run_after=2024-10-02 01:00:00+00:00
[2024-10-08T03:08:17.473+0000] {logging_mixin.py:190} INFO - [2024-10-08T03:08:17.473+0000] {dag.py:4180} INFO - Setting next_dagrun for consume_1_and_2_with_dataset_expressions to None, run_after=None
[2024-10-08T03:08:17.474+0000] {logging_mixin.py:190} INFO - [2024-10-08T03:08:17.474+0000] {dag.py:4180} INFO - Setting next_dagrun for consume_1_or_2_with_dataset_expressions to None, run_after=None
[2024-10-08T03:08:17.474+0000] {logging_mixin.py:190} INFO - [2024-10-08T03:08:17.474+0000] {dag.py:4180} INFO - Setting next_dagrun for consume_1_or_both_2_and_3_with_dataset_expressions to None, run_after=None
[2024-10-08T03:08:17.475+0000] {logging_mixin.py:190} INFO - [2024-10-08T03:08:17.475+0000] {dag.py:4180} INFO - Setting next_dagrun for dataset_consumes_1 to None, run_after=None
[2024-10-08T03:08:17.476+0000] {logging_mixin.py:190} INFO - [2024-10-08T03:08:17.476+0000] {dag.py:4180} INFO - Setting next_dagrun for dataset_consumes_1_and_2 to None, run_after=None
[2024-10-08T03:08:17.476+0000] {logging_mixin.py:190} INFO - [2024-10-08T03:08:17.476+0000] {dag.py:4180} INFO - Setting next_dagrun for dataset_consumes_1_never_scheduled to None, run_after=None
[2024-10-08T03:08:17.477+0000] {logging_mixin.py:190} INFO - [2024-10-08T03:08:17.477+0000] {dag.py:4180} INFO - Setting next_dagrun for dataset_consumes_unknown_never_scheduled to None, run_after=None
[2024-10-08T03:08:17.478+0000] {logging_mixin.py:190} INFO - [2024-10-08T03:08:17.478+0000] {dag.py:4180} INFO - Setting next_dagrun for dataset_produces_1 to 2024-10-07 00:00:00+00:00, run_after=2024-10-08 00:00:00+00:00
[2024-10-08T03:08:17.479+0000] {logging_mixin.py:190} INFO - [2024-10-08T03:08:17.479+0000] {dag.py:4180} INFO - Setting next_dagrun for dataset_produces_2 to None, run_after=None
[2024-10-08T03:08:17.496+0000] {processor.py:208} INFO - Processing /home/airflow/.local/lib/python3.12/site-packages/airflow/example_dags/example_datasets.py took 0.131 seconds
[2024-10-08T03:08:47.736+0000] {processor.py:186} INFO - Started process (PID=856) to work on /home/airflow/.local/lib/python3.12/site-packages/airflow/example_dags/example_datasets.py
[2024-10-08T03:08:47.737+0000] {processor.py:914} INFO - Processing file /home/airflow/.local/lib/python3.12/site-packages/airflow/example_dags/example_datasets.py for tasks to queue
[2024-10-08T03:08:47.738+0000] {logging_mixin.py:190} INFO - [2024-10-08T03:08:47.738+0000] {dagbag.py:588} INFO - Filling up the DagBag from /home/airflow/.local/lib/python3.12/site-packages/airflow/example_dags/example_datasets.py
[2024-10-08T03:08:47.797+0000] {processor.py:925} INFO - DAG(s) 'dataset_consumes_1_never_scheduled', 'conditional_dataset_and_time_based_timetable', 'consume_1_and_2_with_dataset_expressions', 'dataset_produces_1', 'dataset_produces_2', 'dataset_consumes_1_and_2', 'consume_1_or_2_with_dataset_expressions', 'dataset_consumes_unknown_never_scheduled', 'dataset_consumes_1', 'consume_1_or_both_2_and_3_with_dataset_expressions' retrieved from /home/airflow/.local/lib/python3.12/site-packages/airflow/example_dags/example_datasets.py
[2024-10-08T03:08:47.818+0000] {logging_mixin.py:190} INFO - [2024-10-08T03:08:47.818+0000] {dag.py:3239} INFO - Sync 10 DAGs
[2024-10-08T03:08:47.832+0000] {logging_mixin.py:190} INFO - [2024-10-08T03:08:47.831+0000] {dag.py:4180} INFO - Setting next_dagrun for conditional_dataset_and_time_based_timetable to 2024-10-02 01:00:00+00:00, run_after=2024-10-02 01:00:00+00:00
[2024-10-08T03:08:47.833+0000] {logging_mixin.py:190} INFO - [2024-10-08T03:08:47.833+0000] {dag.py:4180} INFO - Setting next_dagrun for consume_1_and_2_with_dataset_expressions to None, run_after=None
[2024-10-08T03:08:47.834+0000] {logging_mixin.py:190} INFO - [2024-10-08T03:08:47.834+0000] {dag.py:4180} INFO - Setting next_dagrun for consume_1_or_2_with_dataset_expressions to None, run_after=None
[2024-10-08T03:08:47.835+0000] {logging_mixin.py:190} INFO - [2024-10-08T03:08:47.835+0000] {dag.py:4180} INFO - Setting next_dagrun for consume_1_or_both_2_and_3_with_dataset_expressions to None, run_after=None
[2024-10-08T03:08:47.835+0000] {logging_mixin.py:190} INFO - [2024-10-08T03:08:47.835+0000] {dag.py:4180} INFO - Setting next_dagrun for dataset_consumes_1 to None, run_after=None
[2024-10-08T03:08:47.836+0000] {logging_mixin.py:190} INFO - [2024-10-08T03:08:47.836+0000] {dag.py:4180} INFO - Setting next_dagrun for dataset_consumes_1_and_2 to None, run_after=None
[2024-10-08T03:08:47.837+0000] {logging_mixin.py:190} INFO - [2024-10-08T03:08:47.837+0000] {dag.py:4180} INFO - Setting next_dagrun for dataset_consumes_1_never_scheduled to None, run_after=None
[2024-10-08T03:08:47.838+0000] {logging_mixin.py:190} INFO - [2024-10-08T03:08:47.838+0000] {dag.py:4180} INFO - Setting next_dagrun for dataset_consumes_unknown_never_scheduled to None, run_after=None
[2024-10-08T03:08:47.839+0000] {logging_mixin.py:190} INFO - [2024-10-08T03:08:47.839+0000] {dag.py:4180} INFO - Setting next_dagrun for dataset_produces_1 to 2024-10-07 00:00:00+00:00, run_after=2024-10-08 00:00:00+00:00
[2024-10-08T03:08:47.840+0000] {logging_mixin.py:190} INFO - [2024-10-08T03:08:47.840+0000] {dag.py:4180} INFO - Setting next_dagrun for dataset_produces_2 to None, run_after=None
[2024-10-08T03:08:47.854+0000] {processor.py:208} INFO - Processing /home/airflow/.local/lib/python3.12/site-packages/airflow/example_dags/example_datasets.py took 0.121 seconds
[2024-10-08T03:09:18.137+0000] {processor.py:186} INFO - Started process (PID=1157) to work on /home/airflow/.local/lib/python3.12/site-packages/airflow/example_dags/example_datasets.py
[2024-10-08T03:09:18.138+0000] {processor.py:914} INFO - Processing file /home/airflow/.local/lib/python3.12/site-packages/airflow/example_dags/example_datasets.py for tasks to queue
[2024-10-08T03:09:18.139+0000] {logging_mixin.py:190} INFO - [2024-10-08T03:09:18.139+0000] {dagbag.py:588} INFO - Filling up the DagBag from /home/airflow/.local/lib/python3.12/site-packages/airflow/example_dags/example_datasets.py
[2024-10-08T03:09:18.199+0000] {processor.py:925} INFO - DAG(s) 'dataset_consumes_1_never_scheduled', 'conditional_dataset_and_time_based_timetable', 'dataset_produces_2', 'consume_1_or_2_with_dataset_expressions', 'consume_1_or_both_2_and_3_with_dataset_expressions', 'dataset_consumes_unknown_never_scheduled', 'consume_1_and_2_with_dataset_expressions', 'dataset_consumes_1_and_2', 'dataset_produces_1', 'dataset_consumes_1' retrieved from /home/airflow/.local/lib/python3.12/site-packages/airflow/example_dags/example_datasets.py
[2024-10-08T03:09:18.218+0000] {logging_mixin.py:190} INFO - [2024-10-08T03:09:18.218+0000] {dag.py:3239} INFO - Sync 10 DAGs
[2024-10-08T03:09:18.232+0000] {logging_mixin.py:190} INFO - [2024-10-08T03:09:18.231+0000] {dag.py:4180} INFO - Setting next_dagrun for conditional_dataset_and_time_based_timetable to 2024-10-02 01:00:00+00:00, run_after=2024-10-02 01:00:00+00:00
[2024-10-08T03:09:18.233+0000] {logging_mixin.py:190} INFO - [2024-10-08T03:09:18.233+0000] {dag.py:4180} INFO - Setting next_dagrun for consume_1_and_2_with_dataset_expressions to None, run_after=None
[2024-10-08T03:09:18.234+0000] {logging_mixin.py:190} INFO - [2024-10-08T03:09:18.234+0000] {dag.py:4180} INFO - Setting next_dagrun for consume_1_or_2_with_dataset_expressions to None, run_after=None
[2024-10-08T03:09:18.235+0000] {logging_mixin.py:190} INFO - [2024-10-08T03:09:18.235+0000] {dag.py:4180} INFO - Setting next_dagrun for consume_1_or_both_2_and_3_with_dataset_expressions to None, run_after=None
[2024-10-08T03:09:18.236+0000] {logging_mixin.py:190} INFO - [2024-10-08T03:09:18.236+0000] {dag.py:4180} INFO - Setting next_dagrun for dataset_consumes_1 to None, run_after=None
[2024-10-08T03:09:18.236+0000] {logging_mixin.py:190} INFO - [2024-10-08T03:09:18.236+0000] {dag.py:4180} INFO - Setting next_dagrun for dataset_consumes_1_and_2 to None, run_after=None
[2024-10-08T03:09:18.237+0000] {logging_mixin.py:190} INFO - [2024-10-08T03:09:18.237+0000] {dag.py:4180} INFO - Setting next_dagrun for dataset_consumes_1_never_scheduled to None, run_after=None
[2024-10-08T03:09:18.238+0000] {logging_mixin.py:190} INFO - [2024-10-08T03:09:18.238+0000] {dag.py:4180} INFO - Setting next_dagrun for dataset_consumes_unknown_never_scheduled to None, run_after=None
[2024-10-08T03:09:18.239+0000] {logging_mixin.py:190} INFO - [2024-10-08T03:09:18.239+0000] {dag.py:4180} INFO - Setting next_dagrun for dataset_produces_1 to 2024-10-07 00:00:00+00:00, run_after=2024-10-08 00:00:00+00:00
[2024-10-08T03:09:18.240+0000] {logging_mixin.py:190} INFO - [2024-10-08T03:09:18.239+0000] {dag.py:4180} INFO - Setting next_dagrun for dataset_produces_2 to None, run_after=None
[2024-10-08T03:09:18.255+0000] {processor.py:208} INFO - Processing /home/airflow/.local/lib/python3.12/site-packages/airflow/example_dags/example_datasets.py took 0.121 seconds
[2024-10-08T03:09:48.546+0000] {processor.py:186} INFO - Started process (PID=1460) to work on /home/airflow/.local/lib/python3.12/site-packages/airflow/example_dags/example_datasets.py
[2024-10-08T03:09:48.546+0000] {processor.py:914} INFO - Processing file /home/airflow/.local/lib/python3.12/site-packages/airflow/example_dags/example_datasets.py for tasks to queue
[2024-10-08T03:09:48.547+0000] {logging_mixin.py:190} INFO - [2024-10-08T03:09:48.547+0000] {dagbag.py:588} INFO - Filling up the DagBag from /home/airflow/.local/lib/python3.12/site-packages/airflow/example_dags/example_datasets.py
[2024-10-08T03:09:48.607+0000] {processor.py:925} INFO - DAG(s) 'consume_1_and_2_with_dataset_expressions', 'consume_1_or_2_with_dataset_expressions', 'dataset_produces_1', 'consume_1_or_both_2_and_3_with_dataset_expressions', 'dataset_consumes_1_never_scheduled', 'dataset_consumes_1', 'conditional_dataset_and_time_based_timetable', 'dataset_consumes_unknown_never_scheduled', 'dataset_produces_2', 'dataset_consumes_1_and_2' retrieved from /home/airflow/.local/lib/python3.12/site-packages/airflow/example_dags/example_datasets.py
[2024-10-08T03:09:48.627+0000] {logging_mixin.py:190} INFO - [2024-10-08T03:09:48.627+0000] {dag.py:3239} INFO - Sync 10 DAGs
[2024-10-08T03:09:48.640+0000] {logging_mixin.py:190} INFO - [2024-10-08T03:09:48.640+0000] {dag.py:4180} INFO - Setting next_dagrun for conditional_dataset_and_time_based_timetable to 2024-10-02 01:00:00+00:00, run_after=2024-10-02 01:00:00+00:00
[2024-10-08T03:09:48.642+0000] {logging_mixin.py:190} INFO - [2024-10-08T03:09:48.642+0000] {dag.py:4180} INFO - Setting next_dagrun for consume_1_and_2_with_dataset_expressions to None, run_after=None
[2024-10-08T03:09:48.643+0000] {logging_mixin.py:190} INFO - [2024-10-08T03:09:48.643+0000] {dag.py:4180} INFO - Setting next_dagrun for consume_1_or_2_with_dataset_expressions to None, run_after=None
[2024-10-08T03:09:48.644+0000] {logging_mixin.py:190} INFO - [2024-10-08T03:09:48.643+0000] {dag.py:4180} INFO - Setting next_dagrun for consume_1_or_both_2_and_3_with_dataset_expressions to None, run_after=None
[2024-10-08T03:09:48.644+0000] {logging_mixin.py:190} INFO - [2024-10-08T03:09:48.644+0000] {dag.py:4180} INFO - Setting next_dagrun for dataset_consumes_1 to None, run_after=None
[2024-10-08T03:09:48.645+0000] {logging_mixin.py:190} INFO - [2024-10-08T03:09:48.645+0000] {dag.py:4180} INFO - Setting next_dagrun for dataset_consumes_1_and_2 to None, run_after=None
[2024-10-08T03:09:48.645+0000] {logging_mixin.py:190} INFO - [2024-10-08T03:09:48.645+0000] {dag.py:4180} INFO - Setting next_dagrun for dataset_consumes_1_never_scheduled to None, run_after=None
[2024-10-08T03:09:48.646+0000] {logging_mixin.py:190} INFO - [2024-10-08T03:09:48.646+0000] {dag.py:4180} INFO - Setting next_dagrun for dataset_consumes_unknown_never_scheduled to None, run_after=None
[2024-10-08T03:09:48.647+0000] {logging_mixin.py:190} INFO - [2024-10-08T03:09:48.647+0000] {dag.py:4180} INFO - Setting next_dagrun for dataset_produces_1 to 2024-10-07 00:00:00+00:00, run_after=2024-10-08 00:00:00+00:00
[2024-10-08T03:09:48.648+0000] {logging_mixin.py:190} INFO - [2024-10-08T03:09:48.648+0000] {dag.py:4180} INFO - Setting next_dagrun for dataset_produces_2 to None, run_after=None
[2024-10-08T03:09:48.663+0000] {processor.py:208} INFO - Processing /home/airflow/.local/lib/python3.12/site-packages/airflow/example_dags/example_datasets.py took 0.120 seconds
[2024-10-08T03:10:18.796+0000] {processor.py:186} INFO - Started process (PID=1759) to work on /home/airflow/.local/lib/python3.12/site-packages/airflow/example_dags/example_datasets.py
[2024-10-08T03:10:18.797+0000] {processor.py:914} INFO - Processing file /home/airflow/.local/lib/python3.12/site-packages/airflow/example_dags/example_datasets.py for tasks to queue
[2024-10-08T03:10:18.798+0000] {logging_mixin.py:190} INFO - [2024-10-08T03:10:18.798+0000] {dagbag.py:588} INFO - Filling up the DagBag from /home/airflow/.local/lib/python3.12/site-packages/airflow/example_dags/example_datasets.py
[2024-10-08T03:10:18.859+0000] {processor.py:925} INFO - DAG(s) 'dataset_consumes_unknown_never_scheduled', 'dataset_produces_1', 'consume_1_or_both_2_and_3_with_dataset_expressions', 'consume_1_or_2_with_dataset_expressions', 'dataset_produces_2', 'dataset_consumes_1', 'conditional_dataset_and_time_based_timetable', 'consume_1_and_2_with_dataset_expressions', 'dataset_consumes_1_and_2', 'dataset_consumes_1_never_scheduled' retrieved from /home/airflow/.local/lib/python3.12/site-packages/airflow/example_dags/example_datasets.py
[2024-10-08T03:10:18.880+0000] {logging_mixin.py:190} INFO - [2024-10-08T03:10:18.880+0000] {dag.py:3239} INFO - Sync 10 DAGs
[2024-10-08T03:10:18.892+0000] {logging_mixin.py:190} INFO - [2024-10-08T03:10:18.892+0000] {dag.py:4180} INFO - Setting next_dagrun for conditional_dataset_and_time_based_timetable to 2024-10-02 01:00:00+00:00, run_after=2024-10-02 01:00:00+00:00
[2024-10-08T03:10:18.894+0000] {logging_mixin.py:190} INFO - [2024-10-08T03:10:18.894+0000] {dag.py:4180} INFO - Setting next_dagrun for consume_1_and_2_with_dataset_expressions to None, run_after=None
[2024-10-08T03:10:18.895+0000] {logging_mixin.py:190} INFO - [2024-10-08T03:10:18.895+0000] {dag.py:4180} INFO - Setting next_dagrun for consume_1_or_2_with_dataset_expressions to None, run_after=None
[2024-10-08T03:10:18.895+0000] {logging_mixin.py:190} INFO - [2024-10-08T03:10:18.895+0000] {dag.py:4180} INFO - Setting next_dagrun for consume_1_or_both_2_and_3_with_dataset_expressions to None, run_after=None
[2024-10-08T03:10:18.896+0000] {logging_mixin.py:190} INFO - [2024-10-08T03:10:18.896+0000] {dag.py:4180} INFO - Setting next_dagrun for dataset_consumes_1 to None, run_after=None
[2024-10-08T03:10:18.897+0000] {logging_mixin.py:190} INFO - [2024-10-08T03:10:18.897+0000] {dag.py:4180} INFO - Setting next_dagrun for dataset_consumes_1_and_2 to None, run_after=None
[2024-10-08T03:10:18.897+0000] {logging_mixin.py:190} INFO - [2024-10-08T03:10:18.897+0000] {dag.py:4180} INFO - Setting next_dagrun for dataset_consumes_1_never_scheduled to None, run_after=None
[2024-10-08T03:10:18.898+0000] {logging_mixin.py:190} INFO - [2024-10-08T03:10:18.898+0000] {dag.py:4180} INFO - Setting next_dagrun for dataset_consumes_unknown_never_scheduled to None, run_after=None
[2024-10-08T03:10:18.899+0000] {logging_mixin.py:190} INFO - [2024-10-08T03:10:18.899+0000] {dag.py:4180} INFO - Setting next_dagrun for dataset_produces_1 to 2024-10-07 00:00:00+00:00, run_after=2024-10-08 00:00:00+00:00
[2024-10-08T03:10:18.900+0000] {logging_mixin.py:190} INFO - [2024-10-08T03:10:18.900+0000] {dag.py:4180} INFO - Setting next_dagrun for dataset_produces_2 to None, run_after=None
[2024-10-08T03:10:18.916+0000] {processor.py:208} INFO - Processing /home/airflow/.local/lib/python3.12/site-packages/airflow/example_dags/example_datasets.py took 0.123 seconds
[2024-10-08T03:10:49.029+0000] {processor.py:186} INFO - Started process (PID=2121) to work on /home/airflow/.local/lib/python3.12/site-packages/airflow/example_dags/example_datasets.py
[2024-10-08T03:10:49.030+0000] {processor.py:914} INFO - Processing file /home/airflow/.local/lib/python3.12/site-packages/airflow/example_dags/example_datasets.py for tasks to queue
[2024-10-08T03:10:49.031+0000] {logging_mixin.py:190} INFO - [2024-10-08T03:10:49.031+0000] {dagbag.py:588} INFO - Filling up the DagBag from /home/airflow/.local/lib/python3.12/site-packages/airflow/example_dags/example_datasets.py
[2024-10-08T03:10:49.092+0000] {processor.py:925} INFO - DAG(s) 'dataset_produces_1', 'dataset_consumes_1_never_scheduled', 'dataset_consumes_unknown_never_scheduled', 'consume_1_and_2_with_dataset_expressions', 'consume_1_or_both_2_and_3_with_dataset_expressions', 'consume_1_or_2_with_dataset_expressions', 'dataset_produces_2', 'conditional_dataset_and_time_based_timetable', 'dataset_consumes_1_and_2', 'dataset_consumes_1' retrieved from /home/airflow/.local/lib/python3.12/site-packages/airflow/example_dags/example_datasets.py
[2024-10-08T03:10:49.112+0000] {logging_mixin.py:190} INFO - [2024-10-08T03:10:49.112+0000] {dag.py:3239} INFO - Sync 10 DAGs
[2024-10-08T03:10:49.125+0000] {logging_mixin.py:190} INFO - [2024-10-08T03:10:49.125+0000] {dag.py:4180} INFO - Setting next_dagrun for conditional_dataset_and_time_based_timetable to 2024-10-02 01:00:00+00:00, run_after=2024-10-02 01:00:00+00:00
[2024-10-08T03:10:49.127+0000] {logging_mixin.py:190} INFO - [2024-10-08T03:10:49.127+0000] {dag.py:4180} INFO - Setting next_dagrun for consume_1_and_2_with_dataset_expressions to None, run_after=None
[2024-10-08T03:10:49.127+0000] {logging_mixin.py:190} INFO - [2024-10-08T03:10:49.127+0000] {dag.py:4180} INFO - Setting next_dagrun for consume_1_or_2_with_dataset_expressions to None, run_after=None
[2024-10-08T03:10:49.128+0000] {logging_mixin.py:190} INFO - [2024-10-08T03:10:49.128+0000] {dag.py:4180} INFO - Setting next_dagrun for consume_1_or_both_2_and_3_with_dataset_expressions to None, run_after=None
[2024-10-08T03:10:49.129+0000] {logging_mixin.py:190} INFO - [2024-10-08T03:10:49.129+0000] {dag.py:4180} INFO - Setting next_dagrun for dataset_consumes_1 to None, run_after=None
[2024-10-08T03:10:49.130+0000] {logging_mixin.py:190} INFO - [2024-10-08T03:10:49.130+0000] {dag.py:4180} INFO - Setting next_dagrun for dataset_consumes_1_and_2 to None, run_after=None
[2024-10-08T03:10:49.130+0000] {logging_mixin.py:190} INFO - [2024-10-08T03:10:49.130+0000] {dag.py:4180} INFO - Setting next_dagrun for dataset_consumes_1_never_scheduled to None, run_after=None
[2024-10-08T03:10:49.131+0000] {logging_mixin.py:190} INFO - [2024-10-08T03:10:49.131+0000] {dag.py:4180} INFO - Setting next_dagrun for dataset_consumes_unknown_never_scheduled to None, run_after=None
[2024-10-08T03:10:49.132+0000] {logging_mixin.py:190} INFO - [2024-10-08T03:10:49.132+0000] {dag.py:4180} INFO - Setting next_dagrun for dataset_produces_1 to 2024-10-07 00:00:00+00:00, run_after=2024-10-08 00:00:00+00:00
[2024-10-08T03:10:49.133+0000] {logging_mixin.py:190} INFO - [2024-10-08T03:10:49.133+0000] {dag.py:4180} INFO - Setting next_dagrun for dataset_produces_2 to None, run_after=None
[2024-10-08T03:10:49.149+0000] {processor.py:208} INFO - Processing /home/airflow/.local/lib/python3.12/site-packages/airflow/example_dags/example_datasets.py took 0.123 seconds
[2024-10-08T03:11:19.206+0000] {processor.py:186} INFO - Started process (PID=2418) to work on /home/airflow/.local/lib/python3.12/site-packages/airflow/example_dags/example_datasets.py
[2024-10-08T03:11:19.206+0000] {processor.py:914} INFO - Processing file /home/airflow/.local/lib/python3.12/site-packages/airflow/example_dags/example_datasets.py for tasks to queue
[2024-10-08T03:11:19.207+0000] {logging_mixin.py:190} INFO - [2024-10-08T03:11:19.207+0000] {dagbag.py:588} INFO - Filling up the DagBag from /home/airflow/.local/lib/python3.12/site-packages/airflow/example_dags/example_datasets.py
[2024-10-08T03:11:19.268+0000] {processor.py:925} INFO - DAG(s) 'dataset_consumes_1', 'dataset_consumes_1_never_scheduled', 'dataset_consumes_1_and_2', 'consume_1_or_2_with_dataset_expressions', 'conditional_dataset_and_time_based_timetable', 'dataset_consumes_unknown_never_scheduled', 'dataset_produces_1', 'dataset_produces_2', 'consume_1_and_2_with_dataset_expressions', 'consume_1_or_both_2_and_3_with_dataset_expressions' retrieved from /home/airflow/.local/lib/python3.12/site-packages/airflow/example_dags/example_datasets.py
[2024-10-08T03:11:19.288+0000] {logging_mixin.py:190} INFO - [2024-10-08T03:11:19.288+0000] {dag.py:3239} INFO - Sync 10 DAGs
[2024-10-08T03:11:19.301+0000] {logging_mixin.py:190} INFO - [2024-10-08T03:11:19.301+0000] {dag.py:4180} INFO - Setting next_dagrun for conditional_dataset_and_time_based_timetable to 2024-10-02 01:00:00+00:00, run_after=2024-10-02 01:00:00+00:00
[2024-10-08T03:11:19.303+0000] {logging_mixin.py:190} INFO - [2024-10-08T03:11:19.303+0000] {dag.py:4180} INFO - Setting next_dagrun for consume_1_and_2_with_dataset_expressions to None, run_after=None
[2024-10-08T03:11:19.304+0000] {logging_mixin.py:190} INFO - [2024-10-08T03:11:19.304+0000] {dag.py:4180} INFO - Setting next_dagrun for consume_1_or_2_with_dataset_expressions to None, run_after=None
[2024-10-08T03:11:19.305+0000] {logging_mixin.py:190} INFO - [2024-10-08T03:11:19.305+0000] {dag.py:4180} INFO - Setting next_dagrun for consume_1_or_both_2_and_3_with_dataset_expressions to None, run_after=None
[2024-10-08T03:11:19.305+0000] {logging_mixin.py:190} INFO - [2024-10-08T03:11:19.305+0000] {dag.py:4180} INFO - Setting next_dagrun for dataset_consumes_1 to None, run_after=None
[2024-10-08T03:11:19.306+0000] {logging_mixin.py:190} INFO - [2024-10-08T03:11:19.306+0000] {dag.py:4180} INFO - Setting next_dagrun for dataset_consumes_1_and_2 to None, run_after=None
[2024-10-08T03:11:19.307+0000] {logging_mixin.py:190} INFO - [2024-10-08T03:11:19.307+0000] {dag.py:4180} INFO - Setting next_dagrun for dataset_consumes_1_never_scheduled to None, run_after=None
[2024-10-08T03:11:19.307+0000] {logging_mixin.py:190} INFO - [2024-10-08T03:11:19.307+0000] {dag.py:4180} INFO - Setting next_dagrun for dataset_consumes_unknown_never_scheduled to None, run_after=None
[2024-10-08T03:11:19.309+0000] {logging_mixin.py:190} INFO - [2024-10-08T03:11:19.308+0000] {dag.py:4180} INFO - Setting next_dagrun for dataset_produces_1 to 2024-10-07 00:00:00+00:00, run_after=2024-10-08 00:00:00+00:00
[2024-10-08T03:11:19.309+0000] {logging_mixin.py:190} INFO - [2024-10-08T03:11:19.309+0000] {dag.py:4180} INFO - Setting next_dagrun for dataset_produces_2 to None, run_after=None
[2024-10-08T03:11:19.325+0000] {processor.py:208} INFO - Processing /home/airflow/.local/lib/python3.12/site-packages/airflow/example_dags/example_datasets.py took 0.122 seconds
[2024-10-08T03:11:49.393+0000] {processor.py:186} INFO - Started process (PID=2721) to work on /home/airflow/.local/lib/python3.12/site-packages/airflow/example_dags/example_datasets.py
[2024-10-08T03:11:49.394+0000] {processor.py:914} INFO - Processing file /home/airflow/.local/lib/python3.12/site-packages/airflow/example_dags/example_datasets.py for tasks to queue
[2024-10-08T03:11:49.395+0000] {logging_mixin.py:190} INFO - [2024-10-08T03:11:49.395+0000] {dagbag.py:588} INFO - Filling up the DagBag from /home/airflow/.local/lib/python3.12/site-packages/airflow/example_dags/example_datasets.py
[2024-10-08T03:11:49.456+0000] {processor.py:925} INFO - DAG(s) 'dataset_produces_2', 'consume_1_and_2_with_dataset_expressions', 'consume_1_or_2_with_dataset_expressions', 'dataset_consumes_unknown_never_scheduled', 'dataset_consumes_1_and_2', 'dataset_consumes_1_never_scheduled', 'dataset_produces_1', 'dataset_consumes_1', 'consume_1_or_both_2_and_3_with_dataset_expressions', 'conditional_dataset_and_time_based_timetable' retrieved from /home/airflow/.local/lib/python3.12/site-packages/airflow/example_dags/example_datasets.py
[2024-10-08T03:11:49.476+0000] {logging_mixin.py:190} INFO - [2024-10-08T03:11:49.476+0000] {dag.py:3239} INFO - Sync 10 DAGs
[2024-10-08T03:11:49.490+0000] {logging_mixin.py:190} INFO - [2024-10-08T03:11:49.490+0000] {dag.py:4180} INFO - Setting next_dagrun for conditional_dataset_and_time_based_timetable to 2024-10-02 01:00:00+00:00, run_after=2024-10-02 01:00:00+00:00
[2024-10-08T03:11:49.492+0000] {logging_mixin.py:190} INFO - [2024-10-08T03:11:49.492+0000] {dag.py:4180} INFO - Setting next_dagrun for consume_1_and_2_with_dataset_expressions to None, run_after=None
[2024-10-08T03:11:49.493+0000] {logging_mixin.py:190} INFO - [2024-10-08T03:11:49.493+0000] {dag.py:4180} INFO - Setting next_dagrun for consume_1_or_2_with_dataset_expressions to None, run_after=None
[2024-10-08T03:11:49.494+0000] {logging_mixin.py:190} INFO - [2024-10-08T03:11:49.493+0000] {dag.py:4180} INFO - Setting next_dagrun for consume_1_or_both_2_and_3_with_dataset_expressions to None, run_after=None
[2024-10-08T03:11:49.494+0000] {logging_mixin.py:190} INFO - [2024-10-08T03:11:49.494+0000] {dag.py:4180} INFO - Setting next_dagrun for dataset_consumes_1 to None, run_after=None
[2024-10-08T03:11:49.495+0000] {logging_mixin.py:190} INFO - [2024-10-08T03:11:49.495+0000] {dag.py:4180} INFO - Setting next_dagrun for dataset_consumes_1_and_2 to None, run_after=None
[2024-10-08T03:11:49.496+0000] {logging_mixin.py:190} INFO - [2024-10-08T03:11:49.495+0000] {dag.py:4180} INFO - Setting next_dagrun for dataset_consumes_1_never_scheduled to None, run_after=None
[2024-10-08T03:11:49.496+0000] {logging_mixin.py:190} INFO - [2024-10-08T03:11:49.496+0000] {dag.py:4180} INFO - Setting next_dagrun for dataset_consumes_unknown_never_scheduled to None, run_after=None
[2024-10-08T03:11:49.497+0000] {logging_mixin.py:190} INFO - [2024-10-08T03:11:49.497+0000] {dag.py:4180} INFO - Setting next_dagrun for dataset_produces_1 to 2024-10-07 00:00:00+00:00, run_after=2024-10-08 00:00:00+00:00
[2024-10-08T03:11:49.498+0000] {logging_mixin.py:190} INFO - [2024-10-08T03:11:49.498+0000] {dag.py:4180} INFO - Setting next_dagrun for dataset_produces_2 to None, run_after=None
[2024-10-08T03:11:49.513+0000] {processor.py:208} INFO - Processing /home/airflow/.local/lib/python3.12/site-packages/airflow/example_dags/example_datasets.py took 0.123 seconds
[2024-10-08T03:12:19.838+0000] {processor.py:186} INFO - Started process (PID=3020) to work on /home/airflow/.local/lib/python3.12/site-packages/airflow/example_dags/example_datasets.py
[2024-10-08T03:12:19.838+0000] {processor.py:914} INFO - Processing file /home/airflow/.local/lib/python3.12/site-packages/airflow/example_dags/example_datasets.py for tasks to queue
[2024-10-08T03:12:19.839+0000] {logging_mixin.py:190} INFO - [2024-10-08T03:12:19.839+0000] {dagbag.py:588} INFO - Filling up the DagBag from /home/airflow/.local/lib/python3.12/site-packages/airflow/example_dags/example_datasets.py
[2024-10-08T03:12:19.901+0000] {processor.py:925} INFO - DAG(s) 'consume_1_or_2_with_dataset_expressions', 'dataset_consumes_1_never_scheduled', 'consume_1_and_2_with_dataset_expressions', 'dataset_consumes_1_and_2', 'dataset_produces_2', 'dataset_consumes_1', 'dataset_consumes_unknown_never_scheduled', 'dataset_produces_1', 'conditional_dataset_and_time_based_timetable', 'consume_1_or_both_2_and_3_with_dataset_expressions' retrieved from /home/airflow/.local/lib/python3.12/site-packages/airflow/example_dags/example_datasets.py
[2024-10-08T03:12:19.924+0000] {logging_mixin.py:190} INFO - [2024-10-08T03:12:19.924+0000] {dag.py:3239} INFO - Sync 10 DAGs
[2024-10-08T03:12:19.937+0000] {logging_mixin.py:190} INFO - [2024-10-08T03:12:19.937+0000] {dag.py:4180} INFO - Setting next_dagrun for conditional_dataset_and_time_based_timetable to 2024-10-02 01:00:00+00:00, run_after=2024-10-02 01:00:00+00:00
[2024-10-08T03:12:19.939+0000] {logging_mixin.py:190} INFO - [2024-10-08T03:12:19.939+0000] {dag.py:4180} INFO - Setting next_dagrun for consume_1_and_2_with_dataset_expressions to None, run_after=None
[2024-10-08T03:12:19.940+0000] {logging_mixin.py:190} INFO - [2024-10-08T03:12:19.939+0000] {dag.py:4180} INFO - Setting next_dagrun for consume_1_or_2_with_dataset_expressions to None, run_after=None
[2024-10-08T03:12:19.940+0000] {logging_mixin.py:190} INFO - [2024-10-08T03:12:19.940+0000] {dag.py:4180} INFO - Setting next_dagrun for consume_1_or_both_2_and_3_with_dataset_expressions to None, run_after=None
[2024-10-08T03:12:19.941+0000] {logging_mixin.py:190} INFO - [2024-10-08T03:12:19.941+0000] {dag.py:4180} INFO - Setting next_dagrun for dataset_consumes_1 to None, run_after=None
[2024-10-08T03:12:19.941+0000] {logging_mixin.py:190} INFO - [2024-10-08T03:12:19.941+0000] {dag.py:4180} INFO - Setting next_dagrun for dataset_consumes_1_and_2 to None, run_after=None
[2024-10-08T03:12:19.942+0000] {logging_mixin.py:190} INFO - [2024-10-08T03:12:19.942+0000] {dag.py:4180} INFO - Setting next_dagrun for dataset_consumes_1_never_scheduled to None, run_after=None
[2024-10-08T03:12:19.943+0000] {logging_mixin.py:190} INFO - [2024-10-08T03:12:19.943+0000] {dag.py:4180} INFO - Setting next_dagrun for dataset_consumes_unknown_never_scheduled to None, run_after=None
[2024-10-08T03:12:19.944+0000] {logging_mixin.py:190} INFO - [2024-10-08T03:12:19.944+0000] {dag.py:4180} INFO - Setting next_dagrun for dataset_produces_1 to 2024-10-07 00:00:00+00:00, run_after=2024-10-08 00:00:00+00:00
[2024-10-08T03:12:19.945+0000] {logging_mixin.py:190} INFO - [2024-10-08T03:12:19.945+0000] {dag.py:4180} INFO - Setting next_dagrun for dataset_produces_2 to None, run_after=None
[2024-10-08T03:12:19.962+0000] {processor.py:208} INFO - Processing /home/airflow/.local/lib/python3.12/site-packages/airflow/example_dags/example_datasets.py took 0.128 seconds
[2024-10-08T03:12:50.018+0000] {processor.py:186} INFO - Started process (PID=3326) to work on /home/airflow/.local/lib/python3.12/site-packages/airflow/example_dags/example_datasets.py
[2024-10-08T03:12:50.018+0000] {processor.py:914} INFO - Processing file /home/airflow/.local/lib/python3.12/site-packages/airflow/example_dags/example_datasets.py for tasks to queue
[2024-10-08T03:12:50.020+0000] {logging_mixin.py:190} INFO - [2024-10-08T03:12:50.019+0000] {dagbag.py:588} INFO - Filling up the DagBag from /home/airflow/.local/lib/python3.12/site-packages/airflow/example_dags/example_datasets.py
[2024-10-08T03:12:50.082+0000] {processor.py:925} INFO - DAG(s) 'dataset_consumes_1_and_2', 'consume_1_or_2_with_dataset_expressions', 'dataset_produces_2', 'conditional_dataset_and_time_based_timetable', 'dataset_consumes_1_never_scheduled', 'consume_1_or_both_2_and_3_with_dataset_expressions', 'dataset_consumes_1', 'consume_1_and_2_with_dataset_expressions', 'dataset_consumes_unknown_never_scheduled', 'dataset_produces_1' retrieved from /home/airflow/.local/lib/python3.12/site-packages/airflow/example_dags/example_datasets.py
[2024-10-08T03:12:50.103+0000] {logging_mixin.py:190} INFO - [2024-10-08T03:12:50.103+0000] {dag.py:3239} INFO - Sync 10 DAGs
[2024-10-08T03:12:50.116+0000] {logging_mixin.py:190} INFO - [2024-10-08T03:12:50.116+0000] {dag.py:4180} INFO - Setting next_dagrun for conditional_dataset_and_time_based_timetable to 2024-10-02 01:00:00+00:00, run_after=2024-10-02 01:00:00+00:00
[2024-10-08T03:12:50.118+0000] {logging_mixin.py:190} INFO - [2024-10-08T03:12:50.118+0000] {dag.py:4180} INFO - Setting next_dagrun for consume_1_and_2_with_dataset_expressions to None, run_after=None
[2024-10-08T03:12:50.119+0000] {logging_mixin.py:190} INFO - [2024-10-08T03:12:50.119+0000] {dag.py:4180} INFO - Setting next_dagrun for consume_1_or_2_with_dataset_expressions to None, run_after=None
[2024-10-08T03:12:50.120+0000] {logging_mixin.py:190} INFO - [2024-10-08T03:12:50.120+0000] {dag.py:4180} INFO - Setting next_dagrun for consume_1_or_both_2_and_3_with_dataset_expressions to None, run_after=None
[2024-10-08T03:12:50.121+0000] {logging_mixin.py:190} INFO - [2024-10-08T03:12:50.121+0000] {dag.py:4180} INFO - Setting next_dagrun for dataset_consumes_1 to None, run_after=None
[2024-10-08T03:12:50.122+0000] {logging_mixin.py:190} INFO - [2024-10-08T03:12:50.121+0000] {dag.py:4180} INFO - Setting next_dagrun for dataset_consumes_1_and_2 to None, run_after=None
[2024-10-08T03:12:50.122+0000] {logging_mixin.py:190} INFO - [2024-10-08T03:12:50.122+0000] {dag.py:4180} INFO - Setting next_dagrun for dataset_consumes_1_never_scheduled to None, run_after=None
[2024-10-08T03:12:50.123+0000] {logging_mixin.py:190} INFO - [2024-10-08T03:12:50.123+0000] {dag.py:4180} INFO - Setting next_dagrun for dataset_consumes_unknown_never_scheduled to None, run_after=None
[2024-10-08T03:12:50.124+0000] {logging_mixin.py:190} INFO - [2024-10-08T03:12:50.124+0000] {dag.py:4180} INFO - Setting next_dagrun for dataset_produces_1 to 2024-10-07 00:00:00+00:00, run_after=2024-10-08 00:00:00+00:00
[2024-10-08T03:12:50.125+0000] {logging_mixin.py:190} INFO - [2024-10-08T03:12:50.125+0000] {dag.py:4180} INFO - Setting next_dagrun for dataset_produces_2 to None, run_after=None
[2024-10-08T03:12:50.140+0000] {processor.py:208} INFO - Processing /home/airflow/.local/lib/python3.12/site-packages/airflow/example_dags/example_datasets.py took 0.125 seconds
[2024-10-08T03:13:20.164+0000] {processor.py:186} INFO - Started process (PID=3622) to work on /home/airflow/.local/lib/python3.12/site-packages/airflow/example_dags/example_datasets.py
[2024-10-08T03:13:20.165+0000] {processor.py:914} INFO - Processing file /home/airflow/.local/lib/python3.12/site-packages/airflow/example_dags/example_datasets.py for tasks to queue
[2024-10-08T03:13:20.166+0000] {logging_mixin.py:190} INFO - [2024-10-08T03:13:20.166+0000] {dagbag.py:588} INFO - Filling up the DagBag from /home/airflow/.local/lib/python3.12/site-packages/airflow/example_dags/example_datasets.py
[2024-10-08T03:13:20.226+0000] {processor.py:925} INFO - DAG(s) 'dataset_consumes_1_never_scheduled', 'dataset_consumes_1_and_2', 'dataset_consumes_1', 'consume_1_and_2_with_dataset_expressions', 'conditional_dataset_and_time_based_timetable', 'consume_1_or_2_with_dataset_expressions', 'consume_1_or_both_2_and_3_with_dataset_expressions', 'dataset_produces_2', 'dataset_produces_1', 'dataset_consumes_unknown_never_scheduled' retrieved from /home/airflow/.local/lib/python3.12/site-packages/airflow/example_dags/example_datasets.py
[2024-10-08T03:13:20.249+0000] {logging_mixin.py:190} INFO - [2024-10-08T03:13:20.249+0000] {dag.py:3239} INFO - Sync 10 DAGs
[2024-10-08T03:13:20.261+0000] {logging_mixin.py:190} INFO - [2024-10-08T03:13:20.261+0000] {dag.py:4180} INFO - Setting next_dagrun for conditional_dataset_and_time_based_timetable to 2024-10-02 01:00:00+00:00, run_after=2024-10-02 01:00:00+00:00
[2024-10-08T03:13:20.263+0000] {logging_mixin.py:190} INFO - [2024-10-08T03:13:20.263+0000] {dag.py:4180} INFO - Setting next_dagrun for consume_1_and_2_with_dataset_expressions to None, run_after=None
[2024-10-08T03:13:20.264+0000] {logging_mixin.py:190} INFO - [2024-10-08T03:13:20.264+0000] {dag.py:4180} INFO - Setting next_dagrun for consume_1_or_2_with_dataset_expressions to None, run_after=None
[2024-10-08T03:13:20.264+0000] {logging_mixin.py:190} INFO - [2024-10-08T03:13:20.264+0000] {dag.py:4180} INFO - Setting next_dagrun for consume_1_or_both_2_and_3_with_dataset_expressions to None, run_after=None
[2024-10-08T03:13:20.265+0000] {logging_mixin.py:190} INFO - [2024-10-08T03:13:20.265+0000] {dag.py:4180} INFO - Setting next_dagrun for dataset_consumes_1 to None, run_after=None
[2024-10-08T03:13:20.266+0000] {logging_mixin.py:190} INFO - [2024-10-08T03:13:20.266+0000] {dag.py:4180} INFO - Setting next_dagrun for dataset_consumes_1_and_2 to None, run_after=None
[2024-10-08T03:13:20.267+0000] {logging_mixin.py:190} INFO - [2024-10-08T03:13:20.267+0000] {dag.py:4180} INFO - Setting next_dagrun for dataset_consumes_1_never_scheduled to None, run_after=None
[2024-10-08T03:13:20.268+0000] {logging_mixin.py:190} INFO - [2024-10-08T03:13:20.267+0000] {dag.py:4180} INFO - Setting next_dagrun for dataset_consumes_unknown_never_scheduled to None, run_after=None
[2024-10-08T03:13:20.269+0000] {logging_mixin.py:190} INFO - [2024-10-08T03:13:20.269+0000] {dag.py:4180} INFO - Setting next_dagrun for dataset_produces_1 to 2024-10-07 00:00:00+00:00, run_after=2024-10-08 00:00:00+00:00
[2024-10-08T03:13:20.270+0000] {logging_mixin.py:190} INFO - [2024-10-08T03:13:20.269+0000] {dag.py:4180} INFO - Setting next_dagrun for dataset_produces_2 to None, run_after=None
[2024-10-08T03:13:20.285+0000] {processor.py:208} INFO - Processing /home/airflow/.local/lib/python3.12/site-packages/airflow/example_dags/example_datasets.py took 0.123 seconds
[2024-10-08T03:13:50.466+0000] {processor.py:186} INFO - Started process (PID=3934) to work on /home/airflow/.local/lib/python3.12/site-packages/airflow/example_dags/example_datasets.py
[2024-10-08T03:13:50.467+0000] {processor.py:914} INFO - Processing file /home/airflow/.local/lib/python3.12/site-packages/airflow/example_dags/example_datasets.py for tasks to queue
[2024-10-08T03:13:50.468+0000] {logging_mixin.py:190} INFO - [2024-10-08T03:13:50.468+0000] {dagbag.py:588} INFO - Filling up the DagBag from /home/airflow/.local/lib/python3.12/site-packages/airflow/example_dags/example_datasets.py
[2024-10-08T03:13:50.529+0000] {processor.py:925} INFO - DAG(s) 'consume_1_or_both_2_and_3_with_dataset_expressions', 'dataset_produces_1', 'conditional_dataset_and_time_based_timetable', 'dataset_produces_2', 'dataset_consumes_unknown_never_scheduled', 'dataset_consumes_1', 'consume_1_and_2_with_dataset_expressions', 'dataset_consumes_1_never_scheduled', 'dataset_consumes_1_and_2', 'consume_1_or_2_with_dataset_expressions' retrieved from /home/airflow/.local/lib/python3.12/site-packages/airflow/example_dags/example_datasets.py
[2024-10-08T03:13:50.551+0000] {logging_mixin.py:190} INFO - [2024-10-08T03:13:50.551+0000] {dag.py:3239} INFO - Sync 10 DAGs
[2024-10-08T03:13:50.564+0000] {logging_mixin.py:190} INFO - [2024-10-08T03:13:50.564+0000] {dag.py:4180} INFO - Setting next_dagrun for conditional_dataset_and_time_based_timetable to 2024-10-02 01:00:00+00:00, run_after=2024-10-02 01:00:00+00:00
[2024-10-08T03:13:50.566+0000] {logging_mixin.py:190} INFO - [2024-10-08T03:13:50.566+0000] {dag.py:4180} INFO - Setting next_dagrun for consume_1_and_2_with_dataset_expressions to None, run_after=None
[2024-10-08T03:13:50.567+0000] {logging_mixin.py:190} INFO - [2024-10-08T03:13:50.567+0000] {dag.py:4180} INFO - Setting next_dagrun for consume_1_or_2_with_dataset_expressions to None, run_after=None
[2024-10-08T03:13:50.568+0000] {logging_mixin.py:190} INFO - [2024-10-08T03:13:50.567+0000] {dag.py:4180} INFO - Setting next_dagrun for consume_1_or_both_2_and_3_with_dataset_expressions to None, run_after=None
[2024-10-08T03:13:50.569+0000] {logging_mixin.py:190} INFO - [2024-10-08T03:13:50.568+0000] {dag.py:4180} INFO - Setting next_dagrun for dataset_consumes_1 to None, run_after=None
[2024-10-08T03:13:50.569+0000] {logging_mixin.py:190} INFO - [2024-10-08T03:13:50.569+0000] {dag.py:4180} INFO - Setting next_dagrun for dataset_consumes_1_and_2 to None, run_after=None
[2024-10-08T03:13:50.570+0000] {logging_mixin.py:190} INFO - [2024-10-08T03:13:50.570+0000] {dag.py:4180} INFO - Setting next_dagrun for dataset_consumes_1_never_scheduled to None, run_after=None
[2024-10-08T03:13:50.570+0000] {logging_mixin.py:190} INFO - [2024-10-08T03:13:50.570+0000] {dag.py:4180} INFO - Setting next_dagrun for dataset_consumes_unknown_never_scheduled to None, run_after=None
[2024-10-08T03:13:50.572+0000] {logging_mixin.py:190} INFO - [2024-10-08T03:13:50.571+0000] {dag.py:4180} INFO - Setting next_dagrun for dataset_produces_1 to 2024-10-07 00:00:00+00:00, run_after=2024-10-08 00:00:00+00:00
[2024-10-08T03:13:50.572+0000] {logging_mixin.py:190} INFO - [2024-10-08T03:13:50.572+0000] {dag.py:4180} INFO - Setting next_dagrun for dataset_produces_2 to None, run_after=None
[2024-10-08T03:13:50.588+0000] {processor.py:208} INFO - Processing /home/airflow/.local/lib/python3.12/site-packages/airflow/example_dags/example_datasets.py took 0.124 seconds
[2024-10-08T03:14:20.814+0000] {processor.py:186} INFO - Started process (PID=4242) to work on /home/airflow/.local/lib/python3.12/site-packages/airflow/example_dags/example_datasets.py
[2024-10-08T03:14:20.815+0000] {processor.py:914} INFO - Processing file /home/airflow/.local/lib/python3.12/site-packages/airflow/example_dags/example_datasets.py for tasks to queue
[2024-10-08T03:14:20.816+0000] {logging_mixin.py:190} INFO - [2024-10-08T03:14:20.816+0000] {dagbag.py:588} INFO - Filling up the DagBag from /home/airflow/.local/lib/python3.12/site-packages/airflow/example_dags/example_datasets.py
[2024-10-08T03:14:20.878+0000] {processor.py:925} INFO - DAG(s) 'dataset_consumes_1_and_2', 'dataset_consumes_1_never_scheduled', 'conditional_dataset_and_time_based_timetable', 'dataset_produces_1', 'dataset_consumes_1', 'consume_1_or_both_2_and_3_with_dataset_expressions', 'consume_1_and_2_with_dataset_expressions', 'dataset_produces_2', 'consume_1_or_2_with_dataset_expressions', 'dataset_consumes_unknown_never_scheduled' retrieved from /home/airflow/.local/lib/python3.12/site-packages/airflow/example_dags/example_datasets.py
[2024-10-08T03:14:20.899+0000] {logging_mixin.py:190} INFO - [2024-10-08T03:14:20.899+0000] {dag.py:3239} INFO - Sync 10 DAGs
[2024-10-08T03:14:20.913+0000] {logging_mixin.py:190} INFO - [2024-10-08T03:14:20.913+0000] {dag.py:4180} INFO - Setting next_dagrun for conditional_dataset_and_time_based_timetable to 2024-10-02 01:00:00+00:00, run_after=2024-10-02 01:00:00+00:00
[2024-10-08T03:14:20.915+0000] {logging_mixin.py:190} INFO - [2024-10-08T03:14:20.914+0000] {dag.py:4180} INFO - Setting next_dagrun for consume_1_and_2_with_dataset_expressions to None, run_after=None
[2024-10-08T03:14:20.915+0000] {logging_mixin.py:190} INFO - [2024-10-08T03:14:20.915+0000] {dag.py:4180} INFO - Setting next_dagrun for consume_1_or_2_with_dataset_expressions to None, run_after=None
[2024-10-08T03:14:20.916+0000] {logging_mixin.py:190} INFO - [2024-10-08T03:14:20.916+0000] {dag.py:4180} INFO - Setting next_dagrun for consume_1_or_both_2_and_3_with_dataset_expressions to None, run_after=None
[2024-10-08T03:14:20.917+0000] {logging_mixin.py:190} INFO - [2024-10-08T03:14:20.917+0000] {dag.py:4180} INFO - Setting next_dagrun for dataset_consumes_1 to None, run_after=None
[2024-10-08T03:14:20.917+0000] {logging_mixin.py:190} INFO - [2024-10-08T03:14:20.917+0000] {dag.py:4180} INFO - Setting next_dagrun for dataset_consumes_1_and_2 to None, run_after=None
[2024-10-08T03:14:20.918+0000] {logging_mixin.py:190} INFO - [2024-10-08T03:14:20.918+0000] {dag.py:4180} INFO - Setting next_dagrun for dataset_consumes_1_never_scheduled to None, run_after=None
[2024-10-08T03:14:20.919+0000] {logging_mixin.py:190} INFO - [2024-10-08T03:14:20.919+0000] {dag.py:4180} INFO - Setting next_dagrun for dataset_consumes_unknown_never_scheduled to None, run_after=None
[2024-10-08T03:14:20.920+0000] {logging_mixin.py:190} INFO - [2024-10-08T03:14:20.920+0000] {dag.py:4180} INFO - Setting next_dagrun for dataset_produces_1 to 2024-10-07 00:00:00+00:00, run_after=2024-10-08 00:00:00+00:00
[2024-10-08T03:14:20.921+0000] {logging_mixin.py:190} INFO - [2024-10-08T03:14:20.921+0000] {dag.py:4180} INFO - Setting next_dagrun for dataset_produces_2 to None, run_after=None
[2024-10-08T03:14:20.936+0000] {processor.py:208} INFO - Processing /home/airflow/.local/lib/python3.12/site-packages/airflow/example_dags/example_datasets.py took 0.125 seconds
