[2024-10-08T03:07:47.404+0000] {processor.py:186} INFO - Started process (PID=314) to work on /home/airflow/.local/lib/python3.12/site-packages/airflow/example_dags/example_branch_operator.py
[2024-10-08T03:07:47.404+0000] {processor.py:914} INFO - Processing file /home/airflow/.local/lib/python3.12/site-packages/airflow/example_dags/example_branch_operator.py for tasks to queue
[2024-10-08T03:07:47.405+0000] {logging_mixin.py:190} INFO - [2024-10-08T03:07:47.405+0000] {dagbag.py:588} INFO - Filling up the DagBag from /home/airflow/.local/lib/python3.12/site-packages/airflow/example_dags/example_branch_operator.py
[2024-10-08T03:07:47.415+0000] {processor.py:925} INFO - DAG(s) 'example_branch_operator' retrieved from /home/airflow/.local/lib/python3.12/site-packages/airflow/example_dags/example_branch_operator.py
[2024-10-08T03:07:47.476+0000] {logging_mixin.py:190} INFO - [2024-10-08T03:07:47.476+0000] {dag.py:3239} INFO - Sync 1 DAGs
[2024-10-08T03:07:47.487+0000] {logging_mixin.py:190} INFO - [2024-10-08T03:07:47.487+0000] {dag.py:4180} INFO - Setting next_dagrun for example_branch_operator to 2024-10-07 00:00:00+00:00, run_after=2024-10-08 00:00:00+00:00
[2024-10-08T03:07:47.498+0000] {processor.py:208} INFO - Processing /home/airflow/.local/lib/python3.12/site-packages/airflow/example_dags/example_branch_operator.py took 0.098 seconds
[2024-10-08T03:08:17.777+0000] {processor.py:186} INFO - Started process (PID=617) to work on /home/airflow/.local/lib/python3.12/site-packages/airflow/example_dags/example_branch_operator.py
[2024-10-08T03:08:17.778+0000] {processor.py:914} INFO - Processing file /home/airflow/.local/lib/python3.12/site-packages/airflow/example_dags/example_branch_operator.py for tasks to queue
[2024-10-08T03:08:17.779+0000] {logging_mixin.py:190} INFO - [2024-10-08T03:08:17.779+0000] {dagbag.py:588} INFO - Filling up the DagBag from /home/airflow/.local/lib/python3.12/site-packages/airflow/example_dags/example_branch_operator.py
[2024-10-08T03:08:17.787+0000] {processor.py:925} INFO - DAG(s) 'example_branch_operator' retrieved from /home/airflow/.local/lib/python3.12/site-packages/airflow/example_dags/example_branch_operator.py
[2024-10-08T03:08:17.801+0000] {logging_mixin.py:190} INFO - [2024-10-08T03:08:17.801+0000] {dag.py:3239} INFO - Sync 1 DAGs
[2024-10-08T03:08:17.812+0000] {logging_mixin.py:190} INFO - [2024-10-08T03:08:17.812+0000] {dag.py:4180} INFO - Setting next_dagrun for example_branch_operator to 2024-10-07 00:00:00+00:00, run_after=2024-10-08 00:00:00+00:00
[2024-10-08T03:08:17.821+0000] {processor.py:208} INFO - Processing /home/airflow/.local/lib/python3.12/site-packages/airflow/example_dags/example_branch_operator.py took 0.047 seconds
[2024-10-08T03:08:48.203+0000] {processor.py:186} INFO - Started process (PID=918) to work on /home/airflow/.local/lib/python3.12/site-packages/airflow/example_dags/example_branch_operator.py
[2024-10-08T03:08:48.204+0000] {processor.py:914} INFO - Processing file /home/airflow/.local/lib/python3.12/site-packages/airflow/example_dags/example_branch_operator.py for tasks to queue
[2024-10-08T03:08:48.205+0000] {logging_mixin.py:190} INFO - [2024-10-08T03:08:48.205+0000] {dagbag.py:588} INFO - Filling up the DagBag from /home/airflow/.local/lib/python3.12/site-packages/airflow/example_dags/example_branch_operator.py
[2024-10-08T03:08:48.213+0000] {processor.py:925} INFO - DAG(s) 'example_branch_operator' retrieved from /home/airflow/.local/lib/python3.12/site-packages/airflow/example_dags/example_branch_operator.py
[2024-10-08T03:08:48.228+0000] {logging_mixin.py:190} INFO - [2024-10-08T03:08:48.227+0000] {dag.py:3239} INFO - Sync 1 DAGs
[2024-10-08T03:08:48.239+0000] {logging_mixin.py:190} INFO - [2024-10-08T03:08:48.239+0000] {dag.py:4180} INFO - Setting next_dagrun for example_branch_operator to 2024-10-07 00:00:00+00:00, run_after=2024-10-08 00:00:00+00:00
[2024-10-08T03:08:48.248+0000] {processor.py:208} INFO - Processing /home/airflow/.local/lib/python3.12/site-packages/airflow/example_dags/example_branch_operator.py took 0.047 seconds
[2024-10-08T03:09:18.616+0000] {processor.py:186} INFO - Started process (PID=1217) to work on /home/airflow/.local/lib/python3.12/site-packages/airflow/example_dags/example_branch_operator.py
[2024-10-08T03:09:18.617+0000] {processor.py:914} INFO - Processing file /home/airflow/.local/lib/python3.12/site-packages/airflow/example_dags/example_branch_operator.py for tasks to queue
[2024-10-08T03:09:18.618+0000] {logging_mixin.py:190} INFO - [2024-10-08T03:09:18.618+0000] {dagbag.py:588} INFO - Filling up the DagBag from /home/airflow/.local/lib/python3.12/site-packages/airflow/example_dags/example_branch_operator.py
[2024-10-08T03:09:18.626+0000] {processor.py:925} INFO - DAG(s) 'example_branch_operator' retrieved from /home/airflow/.local/lib/python3.12/site-packages/airflow/example_dags/example_branch_operator.py
[2024-10-08T03:09:18.640+0000] {logging_mixin.py:190} INFO - [2024-10-08T03:09:18.640+0000] {dag.py:3239} INFO - Sync 1 DAGs
[2024-10-08T03:09:18.652+0000] {logging_mixin.py:190} INFO - [2024-10-08T03:09:18.652+0000] {dag.py:4180} INFO - Setting next_dagrun for example_branch_operator to 2024-10-07 00:00:00+00:00, run_after=2024-10-08 00:00:00+00:00
[2024-10-08T03:09:18.661+0000] {processor.py:208} INFO - Processing /home/airflow/.local/lib/python3.12/site-packages/airflow/example_dags/example_branch_operator.py took 0.048 seconds
[2024-10-08T03:09:49.012+0000] {processor.py:186} INFO - Started process (PID=1518) to work on /home/airflow/.local/lib/python3.12/site-packages/airflow/example_dags/example_branch_operator.py
[2024-10-08T03:09:49.012+0000] {processor.py:914} INFO - Processing file /home/airflow/.local/lib/python3.12/site-packages/airflow/example_dags/example_branch_operator.py for tasks to queue
[2024-10-08T03:09:49.014+0000] {logging_mixin.py:190} INFO - [2024-10-08T03:09:49.013+0000] {dagbag.py:588} INFO - Filling up the DagBag from /home/airflow/.local/lib/python3.12/site-packages/airflow/example_dags/example_branch_operator.py
[2024-10-08T03:09:49.022+0000] {processor.py:925} INFO - DAG(s) 'example_branch_operator' retrieved from /home/airflow/.local/lib/python3.12/site-packages/airflow/example_dags/example_branch_operator.py
[2024-10-08T03:09:49.036+0000] {logging_mixin.py:190} INFO - [2024-10-08T03:09:49.036+0000] {dag.py:3239} INFO - Sync 1 DAGs
[2024-10-08T03:09:49.047+0000] {logging_mixin.py:190} INFO - [2024-10-08T03:09:49.047+0000] {dag.py:4180} INFO - Setting next_dagrun for example_branch_operator to 2024-10-07 00:00:00+00:00, run_after=2024-10-08 00:00:00+00:00
[2024-10-08T03:09:49.056+0000] {processor.py:208} INFO - Processing /home/airflow/.local/lib/python3.12/site-packages/airflow/example_dags/example_branch_operator.py took 0.047 seconds
[2024-10-08T03:10:19.262+0000] {processor.py:186} INFO - Started process (PID=1821) to work on /home/airflow/.local/lib/python3.12/site-packages/airflow/example_dags/example_branch_operator.py
[2024-10-08T03:10:19.262+0000] {processor.py:914} INFO - Processing file /home/airflow/.local/lib/python3.12/site-packages/airflow/example_dags/example_branch_operator.py for tasks to queue
[2024-10-08T03:10:19.264+0000] {logging_mixin.py:190} INFO - [2024-10-08T03:10:19.263+0000] {dagbag.py:588} INFO - Filling up the DagBag from /home/airflow/.local/lib/python3.12/site-packages/airflow/example_dags/example_branch_operator.py
[2024-10-08T03:10:19.272+0000] {processor.py:925} INFO - DAG(s) 'example_branch_operator' retrieved from /home/airflow/.local/lib/python3.12/site-packages/airflow/example_dags/example_branch_operator.py
[2024-10-08T03:10:19.286+0000] {logging_mixin.py:190} INFO - [2024-10-08T03:10:19.286+0000] {dag.py:3239} INFO - Sync 1 DAGs
[2024-10-08T03:10:19.298+0000] {logging_mixin.py:190} INFO - [2024-10-08T03:10:19.297+0000] {dag.py:4180} INFO - Setting next_dagrun for example_branch_operator to 2024-10-07 00:00:00+00:00, run_after=2024-10-08 00:00:00+00:00
[2024-10-08T03:10:19.306+0000] {processor.py:208} INFO - Processing /home/airflow/.local/lib/python3.12/site-packages/airflow/example_dags/example_branch_operator.py took 0.047 seconds
[2024-10-08T03:10:49.391+0000] {processor.py:186} INFO - Started process (PID=2176) to work on /home/airflow/.local/lib/python3.12/site-packages/airflow/example_dags/example_branch_operator.py
[2024-10-08T03:10:49.392+0000] {processor.py:914} INFO - Processing file /home/airflow/.local/lib/python3.12/site-packages/airflow/example_dags/example_branch_operator.py for tasks to queue
[2024-10-08T03:10:49.393+0000] {logging_mixin.py:190} INFO - [2024-10-08T03:10:49.393+0000] {dagbag.py:588} INFO - Filling up the DagBag from /home/airflow/.local/lib/python3.12/site-packages/airflow/example_dags/example_branch_operator.py
[2024-10-08T03:10:49.402+0000] {processor.py:925} INFO - DAG(s) 'example_branch_operator' retrieved from /home/airflow/.local/lib/python3.12/site-packages/airflow/example_dags/example_branch_operator.py
[2024-10-08T03:10:49.415+0000] {logging_mixin.py:190} INFO - [2024-10-08T03:10:49.415+0000] {dag.py:3239} INFO - Sync 1 DAGs
[2024-10-08T03:10:49.428+0000] {logging_mixin.py:190} INFO - [2024-10-08T03:10:49.428+0000] {dag.py:4180} INFO - Setting next_dagrun for example_branch_operator to 2024-10-07 00:00:00+00:00, run_after=2024-10-08 00:00:00+00:00
[2024-10-08T03:10:49.436+0000] {processor.py:208} INFO - Processing /home/airflow/.local/lib/python3.12/site-packages/airflow/example_dags/example_branch_operator.py took 0.048 seconds
[2024-10-08T03:11:19.629+0000] {processor.py:186} INFO - Started process (PID=2478) to work on /home/airflow/.local/lib/python3.12/site-packages/airflow/example_dags/example_branch_operator.py
[2024-10-08T03:11:19.630+0000] {processor.py:914} INFO - Processing file /home/airflow/.local/lib/python3.12/site-packages/airflow/example_dags/example_branch_operator.py for tasks to queue
[2024-10-08T03:11:19.631+0000] {logging_mixin.py:190} INFO - [2024-10-08T03:11:19.631+0000] {dagbag.py:588} INFO - Filling up the DagBag from /home/airflow/.local/lib/python3.12/site-packages/airflow/example_dags/example_branch_operator.py
[2024-10-08T03:11:19.639+0000] {processor.py:925} INFO - DAG(s) 'example_branch_operator' retrieved from /home/airflow/.local/lib/python3.12/site-packages/airflow/example_dags/example_branch_operator.py
[2024-10-08T03:11:19.654+0000] {logging_mixin.py:190} INFO - [2024-10-08T03:11:19.653+0000] {dag.py:3239} INFO - Sync 1 DAGs
[2024-10-08T03:11:19.666+0000] {logging_mixin.py:190} INFO - [2024-10-08T03:11:19.666+0000] {dag.py:4180} INFO - Setting next_dagrun for example_branch_operator to 2024-10-07 00:00:00+00:00, run_after=2024-10-08 00:00:00+00:00
[2024-10-08T03:11:19.676+0000] {processor.py:208} INFO - Processing /home/airflow/.local/lib/python3.12/site-packages/airflow/example_dags/example_branch_operator.py took 0.050 seconds
[2024-10-08T03:11:49.977+0000] {processor.py:186} INFO - Started process (PID=2781) to work on /home/airflow/.local/lib/python3.12/site-packages/airflow/example_dags/example_branch_operator.py
[2024-10-08T03:11:49.977+0000] {processor.py:914} INFO - Processing file /home/airflow/.local/lib/python3.12/site-packages/airflow/example_dags/example_branch_operator.py for tasks to queue
[2024-10-08T03:11:49.978+0000] {logging_mixin.py:190} INFO - [2024-10-08T03:11:49.978+0000] {dagbag.py:588} INFO - Filling up the DagBag from /home/airflow/.local/lib/python3.12/site-packages/airflow/example_dags/example_branch_operator.py
[2024-10-08T03:11:49.987+0000] {processor.py:925} INFO - DAG(s) 'example_branch_operator' retrieved from /home/airflow/.local/lib/python3.12/site-packages/airflow/example_dags/example_branch_operator.py
[2024-10-08T03:11:50.001+0000] {logging_mixin.py:190} INFO - [2024-10-08T03:11:50.001+0000] {dag.py:3239} INFO - Sync 1 DAGs
[2024-10-08T03:11:50.013+0000] {logging_mixin.py:190} INFO - [2024-10-08T03:11:50.013+0000] {dag.py:4180} INFO - Setting next_dagrun for example_branch_operator to 2024-10-07 00:00:00+00:00, run_after=2024-10-08 00:00:00+00:00
[2024-10-08T03:11:50.024+0000] {processor.py:208} INFO - Processing /home/airflow/.local/lib/python3.12/site-packages/airflow/example_dags/example_branch_operator.py took 0.050 seconds
[2024-10-08T03:12:20.246+0000] {processor.py:186} INFO - Started process (PID=3082) to work on /home/airflow/.local/lib/python3.12/site-packages/airflow/example_dags/example_branch_operator.py
[2024-10-08T03:12:20.247+0000] {processor.py:914} INFO - Processing file /home/airflow/.local/lib/python3.12/site-packages/airflow/example_dags/example_branch_operator.py for tasks to queue
[2024-10-08T03:12:20.248+0000] {logging_mixin.py:190} INFO - [2024-10-08T03:12:20.248+0000] {dagbag.py:588} INFO - Filling up the DagBag from /home/airflow/.local/lib/python3.12/site-packages/airflow/example_dags/example_branch_operator.py
[2024-10-08T03:12:20.256+0000] {processor.py:925} INFO - DAG(s) 'example_branch_operator' retrieved from /home/airflow/.local/lib/python3.12/site-packages/airflow/example_dags/example_branch_operator.py
[2024-10-08T03:12:20.271+0000] {logging_mixin.py:190} INFO - [2024-10-08T03:12:20.270+0000] {dag.py:3239} INFO - Sync 1 DAGs
[2024-10-08T03:12:20.283+0000] {logging_mixin.py:190} INFO - [2024-10-08T03:12:20.283+0000] {dag.py:4180} INFO - Setting next_dagrun for example_branch_operator to 2024-10-07 00:00:00+00:00, run_after=2024-10-08 00:00:00+00:00
[2024-10-08T03:12:20.292+0000] {processor.py:208} INFO - Processing /home/airflow/.local/lib/python3.12/site-packages/airflow/example_dags/example_branch_operator.py took 0.049 seconds
[2024-10-08T03:12:50.385+0000] {processor.py:186} INFO - Started process (PID=3387) to work on /home/airflow/.local/lib/python3.12/site-packages/airflow/example_dags/example_branch_operator.py
[2024-10-08T03:12:50.386+0000] {processor.py:914} INFO - Processing file /home/airflow/.local/lib/python3.12/site-packages/airflow/example_dags/example_branch_operator.py for tasks to queue
[2024-10-08T03:12:50.387+0000] {logging_mixin.py:190} INFO - [2024-10-08T03:12:50.387+0000] {dagbag.py:588} INFO - Filling up the DagBag from /home/airflow/.local/lib/python3.12/site-packages/airflow/example_dags/example_branch_operator.py
[2024-10-08T03:12:50.395+0000] {processor.py:925} INFO - DAG(s) 'example_branch_operator' retrieved from /home/airflow/.local/lib/python3.12/site-packages/airflow/example_dags/example_branch_operator.py
[2024-10-08T03:12:50.409+0000] {logging_mixin.py:190} INFO - [2024-10-08T03:12:50.409+0000] {dag.py:3239} INFO - Sync 1 DAGs
[2024-10-08T03:12:50.421+0000] {logging_mixin.py:190} INFO - [2024-10-08T03:12:50.421+0000] {dag.py:4180} INFO - Setting next_dagrun for example_branch_operator to 2024-10-07 00:00:00+00:00, run_after=2024-10-08 00:00:00+00:00
[2024-10-08T03:12:50.430+0000] {processor.py:208} INFO - Processing /home/airflow/.local/lib/python3.12/site-packages/airflow/example_dags/example_branch_operator.py took 0.047 seconds
[2024-10-08T03:13:20.570+0000] {processor.py:186} INFO - Started process (PID=3690) to work on /home/airflow/.local/lib/python3.12/site-packages/airflow/example_dags/example_branch_operator.py
[2024-10-08T03:13:20.571+0000] {processor.py:914} INFO - Processing file /home/airflow/.local/lib/python3.12/site-packages/airflow/example_dags/example_branch_operator.py for tasks to queue
[2024-10-08T03:13:20.572+0000] {logging_mixin.py:190} INFO - [2024-10-08T03:13:20.572+0000] {dagbag.py:588} INFO - Filling up the DagBag from /home/airflow/.local/lib/python3.12/site-packages/airflow/example_dags/example_branch_operator.py
[2024-10-08T03:13:20.581+0000] {processor.py:925} INFO - DAG(s) 'example_branch_operator' retrieved from /home/airflow/.local/lib/python3.12/site-packages/airflow/example_dags/example_branch_operator.py
[2024-10-08T03:13:20.596+0000] {logging_mixin.py:190} INFO - [2024-10-08T03:13:20.596+0000] {dag.py:3239} INFO - Sync 1 DAGs
[2024-10-08T03:13:20.608+0000] {logging_mixin.py:190} INFO - [2024-10-08T03:13:20.608+0000] {dag.py:4180} INFO - Setting next_dagrun for example_branch_operator to 2024-10-07 00:00:00+00:00, run_after=2024-10-08 00:00:00+00:00
[2024-10-08T03:13:20.617+0000] {processor.py:208} INFO - Processing /home/airflow/.local/lib/python3.12/site-packages/airflow/example_dags/example_branch_operator.py took 0.050 seconds
[2024-10-08T03:13:50.898+0000] {processor.py:186} INFO - Started process (PID=3989) to work on /home/airflow/.local/lib/python3.12/site-packages/airflow/example_dags/example_branch_operator.py
[2024-10-08T03:13:50.899+0000] {processor.py:914} INFO - Processing file /home/airflow/.local/lib/python3.12/site-packages/airflow/example_dags/example_branch_operator.py for tasks to queue
[2024-10-08T03:13:50.900+0000] {logging_mixin.py:190} INFO - [2024-10-08T03:13:50.900+0000] {dagbag.py:588} INFO - Filling up the DagBag from /home/airflow/.local/lib/python3.12/site-packages/airflow/example_dags/example_branch_operator.py
[2024-10-08T03:13:50.909+0000] {processor.py:925} INFO - DAG(s) 'example_branch_operator' retrieved from /home/airflow/.local/lib/python3.12/site-packages/airflow/example_dags/example_branch_operator.py
[2024-10-08T03:13:50.922+0000] {logging_mixin.py:190} INFO - [2024-10-08T03:13:50.922+0000] {dag.py:3239} INFO - Sync 1 DAGs
[2024-10-08T03:13:50.934+0000] {logging_mixin.py:190} INFO - [2024-10-08T03:13:50.934+0000] {dag.py:4180} INFO - Setting next_dagrun for example_branch_operator to 2024-10-07 00:00:00+00:00, run_after=2024-10-08 00:00:00+00:00
[2024-10-08T03:13:50.943+0000] {processor.py:208} INFO - Processing /home/airflow/.local/lib/python3.12/site-packages/airflow/example_dags/example_branch_operator.py took 0.047 seconds
[2024-10-08T03:14:21.152+0000] {processor.py:186} INFO - Started process (PID=4290) to work on /home/airflow/.local/lib/python3.12/site-packages/airflow/example_dags/example_branch_operator.py
[2024-10-08T03:14:21.153+0000] {processor.py:914} INFO - Processing file /home/airflow/.local/lib/python3.12/site-packages/airflow/example_dags/example_branch_operator.py for tasks to queue
[2024-10-08T03:14:21.154+0000] {logging_mixin.py:190} INFO - [2024-10-08T03:14:21.154+0000] {dagbag.py:588} INFO - Filling up the DagBag from /home/airflow/.local/lib/python3.12/site-packages/airflow/example_dags/example_branch_operator.py
[2024-10-08T03:14:21.162+0000] {processor.py:925} INFO - DAG(s) 'example_branch_operator' retrieved from /home/airflow/.local/lib/python3.12/site-packages/airflow/example_dags/example_branch_operator.py
[2024-10-08T03:14:21.177+0000] {logging_mixin.py:190} INFO - [2024-10-08T03:14:21.177+0000] {dag.py:3239} INFO - Sync 1 DAGs
[2024-10-08T03:14:21.189+0000] {logging_mixin.py:190} INFO - [2024-10-08T03:14:21.189+0000] {dag.py:4180} INFO - Setting next_dagrun for example_branch_operator to 2024-10-07 00:00:00+00:00, run_after=2024-10-08 00:00:00+00:00
[2024-10-08T03:14:21.198+0000] {processor.py:208} INFO - Processing /home/airflow/.local/lib/python3.12/site-packages/airflow/example_dags/example_branch_operator.py took 0.049 seconds
[2024-10-08T03:14:51.486+0000] {processor.py:186} INFO - Started process (PID=4593) to work on /home/airflow/.local/lib/python3.12/site-packages/airflow/example_dags/example_branch_operator.py
[2024-10-08T03:14:51.486+0000] {processor.py:914} INFO - Processing file /home/airflow/.local/lib/python3.12/site-packages/airflow/example_dags/example_branch_operator.py for tasks to queue
[2024-10-08T03:14:51.487+0000] {logging_mixin.py:190} INFO - [2024-10-08T03:14:51.487+0000] {dagbag.py:588} INFO - Filling up the DagBag from /home/airflow/.local/lib/python3.12/site-packages/airflow/example_dags/example_branch_operator.py
[2024-10-08T03:14:51.496+0000] {processor.py:925} INFO - DAG(s) 'example_branch_operator' retrieved from /home/airflow/.local/lib/python3.12/site-packages/airflow/example_dags/example_branch_operator.py
[2024-10-08T03:14:51.510+0000] {logging_mixin.py:190} INFO - [2024-10-08T03:14:51.510+0000] {dag.py:3239} INFO - Sync 1 DAGs
[2024-10-08T03:14:51.522+0000] {logging_mixin.py:190} INFO - [2024-10-08T03:14:51.522+0000] {dag.py:4180} INFO - Setting next_dagrun for example_branch_operator to 2024-10-07 00:00:00+00:00, run_after=2024-10-08 00:00:00+00:00
[2024-10-08T03:14:51.531+0000] {processor.py:208} INFO - Processing /home/airflow/.local/lib/python3.12/site-packages/airflow/example_dags/example_branch_operator.py took 0.048 seconds
[2024-10-08T03:15:21.609+0000] {processor.py:186} INFO - Started process (PID=4894) to work on /home/airflow/.local/lib/python3.12/site-packages/airflow/example_dags/example_branch_operator.py
[2024-10-08T03:15:21.609+0000] {processor.py:914} INFO - Processing file /home/airflow/.local/lib/python3.12/site-packages/airflow/example_dags/example_branch_operator.py for tasks to queue
[2024-10-08T03:15:21.610+0000] {logging_mixin.py:190} INFO - [2024-10-08T03:15:21.610+0000] {dagbag.py:588} INFO - Filling up the DagBag from /home/airflow/.local/lib/python3.12/site-packages/airflow/example_dags/example_branch_operator.py
[2024-10-08T03:15:21.620+0000] {processor.py:925} INFO - DAG(s) 'example_branch_operator' retrieved from /home/airflow/.local/lib/python3.12/site-packages/airflow/example_dags/example_branch_operator.py
[2024-10-08T03:15:21.634+0000] {logging_mixin.py:190} INFO - [2024-10-08T03:15:21.634+0000] {dag.py:3239} INFO - Sync 1 DAGs
[2024-10-08T03:15:21.646+0000] {logging_mixin.py:190} INFO - [2024-10-08T03:15:21.646+0000] {dag.py:4180} INFO - Setting next_dagrun for example_branch_operator to 2024-10-07 00:00:00+00:00, run_after=2024-10-08 00:00:00+00:00
[2024-10-08T03:15:21.655+0000] {processor.py:208} INFO - Processing /home/airflow/.local/lib/python3.12/site-packages/airflow/example_dags/example_branch_operator.py took 0.049 seconds
[2024-10-08T03:15:52.283+0000] {processor.py:186} INFO - Started process (PID=5193) to work on /home/airflow/.local/lib/python3.12/site-packages/airflow/example_dags/example_branch_operator.py
[2024-10-08T03:15:52.283+0000] {processor.py:914} INFO - Processing file /home/airflow/.local/lib/python3.12/site-packages/airflow/example_dags/example_branch_operator.py for tasks to queue
[2024-10-08T03:15:52.284+0000] {logging_mixin.py:190} INFO - [2024-10-08T03:15:52.284+0000] {dagbag.py:588} INFO - Filling up the DagBag from /home/airflow/.local/lib/python3.12/site-packages/airflow/example_dags/example_branch_operator.py
[2024-10-08T03:15:52.293+0000] {processor.py:925} INFO - DAG(s) 'example_branch_operator' retrieved from /home/airflow/.local/lib/python3.12/site-packages/airflow/example_dags/example_branch_operator.py
[2024-10-08T03:15:52.306+0000] {logging_mixin.py:190} INFO - [2024-10-08T03:15:52.306+0000] {dag.py:3239} INFO - Sync 1 DAGs
[2024-10-08T03:15:52.317+0000] {logging_mixin.py:190} INFO - [2024-10-08T03:15:52.317+0000] {dag.py:4180} INFO - Setting next_dagrun for example_branch_operator to 2024-10-07 00:00:00+00:00, run_after=2024-10-08 00:00:00+00:00
[2024-10-08T03:15:52.326+0000] {processor.py:208} INFO - Processing /home/airflow/.local/lib/python3.12/site-packages/airflow/example_dags/example_branch_operator.py took 0.045 seconds
[2024-10-08T03:16:22.782+0000] {processor.py:186} INFO - Started process (PID=5496) to work on /home/airflow/.local/lib/python3.12/site-packages/airflow/example_dags/example_branch_operator.py
[2024-10-08T03:16:22.783+0000] {processor.py:914} INFO - Processing file /home/airflow/.local/lib/python3.12/site-packages/airflow/example_dags/example_branch_operator.py for tasks to queue
[2024-10-08T03:16:22.784+0000] {logging_mixin.py:190} INFO - [2024-10-08T03:16:22.784+0000] {dagbag.py:588} INFO - Filling up the DagBag from /home/airflow/.local/lib/python3.12/site-packages/airflow/example_dags/example_branch_operator.py
[2024-10-08T03:16:22.792+0000] {processor.py:925} INFO - DAG(s) 'example_branch_operator' retrieved from /home/airflow/.local/lib/python3.12/site-packages/airflow/example_dags/example_branch_operator.py
[2024-10-08T03:16:22.806+0000] {logging_mixin.py:190} INFO - [2024-10-08T03:16:22.805+0000] {dag.py:3239} INFO - Sync 1 DAGs
[2024-10-08T03:16:22.816+0000] {logging_mixin.py:190} INFO - [2024-10-08T03:16:22.816+0000] {dag.py:4180} INFO - Setting next_dagrun for example_branch_operator to 2024-10-07 00:00:00+00:00, run_after=2024-10-08 00:00:00+00:00
[2024-10-08T03:16:22.825+0000] {processor.py:208} INFO - Processing /home/airflow/.local/lib/python3.12/site-packages/airflow/example_dags/example_branch_operator.py took 0.045 seconds
[2024-10-08T03:16:53.366+0000] {processor.py:186} INFO - Started process (PID=5795) to work on /home/airflow/.local/lib/python3.12/site-packages/airflow/example_dags/example_branch_operator.py
[2024-10-08T03:16:53.366+0000] {processor.py:914} INFO - Processing file /home/airflow/.local/lib/python3.12/site-packages/airflow/example_dags/example_branch_operator.py for tasks to queue
[2024-10-08T03:16:53.367+0000] {logging_mixin.py:190} INFO - [2024-10-08T03:16:53.367+0000] {dagbag.py:588} INFO - Filling up the DagBag from /home/airflow/.local/lib/python3.12/site-packages/airflow/example_dags/example_branch_operator.py
[2024-10-08T03:16:53.376+0000] {processor.py:925} INFO - DAG(s) 'example_branch_operator' retrieved from /home/airflow/.local/lib/python3.12/site-packages/airflow/example_dags/example_branch_operator.py
[2024-10-08T03:16:53.390+0000] {logging_mixin.py:190} INFO - [2024-10-08T03:16:53.390+0000] {dag.py:3239} INFO - Sync 1 DAGs
[2024-10-08T03:16:53.402+0000] {logging_mixin.py:190} INFO - [2024-10-08T03:16:53.402+0000] {dag.py:4180} INFO - Setting next_dagrun for example_branch_operator to 2024-10-07 00:00:00+00:00, run_after=2024-10-08 00:00:00+00:00
[2024-10-08T03:16:53.410+0000] {processor.py:208} INFO - Processing /home/airflow/.local/lib/python3.12/site-packages/airflow/example_dags/example_branch_operator.py took 0.047 seconds
[2024-10-08T03:17:24.295+0000] {processor.py:186} INFO - Started process (PID=6098) to work on /home/airflow/.local/lib/python3.12/site-packages/airflow/example_dags/example_branch_operator.py
[2024-10-08T03:17:24.296+0000] {processor.py:914} INFO - Processing file /home/airflow/.local/lib/python3.12/site-packages/airflow/example_dags/example_branch_operator.py for tasks to queue
[2024-10-08T03:17:24.297+0000] {logging_mixin.py:190} INFO - [2024-10-08T03:17:24.297+0000] {dagbag.py:588} INFO - Filling up the DagBag from /home/airflow/.local/lib/python3.12/site-packages/airflow/example_dags/example_branch_operator.py
[2024-10-08T03:17:24.306+0000] {processor.py:925} INFO - DAG(s) 'example_branch_operator' retrieved from /home/airflow/.local/lib/python3.12/site-packages/airflow/example_dags/example_branch_operator.py
[2024-10-08T03:17:24.319+0000] {logging_mixin.py:190} INFO - [2024-10-08T03:17:24.319+0000] {dag.py:3239} INFO - Sync 1 DAGs
[2024-10-08T03:17:24.331+0000] {logging_mixin.py:190} INFO - [2024-10-08T03:17:24.331+0000] {dag.py:4180} INFO - Setting next_dagrun for example_branch_operator to 2024-10-07 00:00:00+00:00, run_after=2024-10-08 00:00:00+00:00
[2024-10-08T03:17:24.340+0000] {processor.py:208} INFO - Processing /home/airflow/.local/lib/python3.12/site-packages/airflow/example_dags/example_branch_operator.py took 0.047 seconds
[2024-10-08T03:17:54.680+0000] {processor.py:186} INFO - Started process (PID=6397) to work on /home/airflow/.local/lib/python3.12/site-packages/airflow/example_dags/example_branch_operator.py
[2024-10-08T03:17:54.680+0000] {processor.py:914} INFO - Processing file /home/airflow/.local/lib/python3.12/site-packages/airflow/example_dags/example_branch_operator.py for tasks to queue
[2024-10-08T03:17:54.682+0000] {logging_mixin.py:190} INFO - [2024-10-08T03:17:54.681+0000] {dagbag.py:588} INFO - Filling up the DagBag from /home/airflow/.local/lib/python3.12/site-packages/airflow/example_dags/example_branch_operator.py
[2024-10-08T03:17:54.691+0000] {processor.py:925} INFO - DAG(s) 'example_branch_operator' retrieved from /home/airflow/.local/lib/python3.12/site-packages/airflow/example_dags/example_branch_operator.py
[2024-10-08T03:17:54.705+0000] {logging_mixin.py:190} INFO - [2024-10-08T03:17:54.705+0000] {dag.py:3239} INFO - Sync 1 DAGs
[2024-10-08T03:17:54.717+0000] {logging_mixin.py:190} INFO - [2024-10-08T03:17:54.717+0000] {dag.py:4180} INFO - Setting next_dagrun for example_branch_operator to 2024-10-07 00:00:00+00:00, run_after=2024-10-08 00:00:00+00:00
[2024-10-08T03:17:54.725+0000] {processor.py:208} INFO - Processing /home/airflow/.local/lib/python3.12/site-packages/airflow/example_dags/example_branch_operator.py took 0.048 seconds
[2024-10-08T03:18:25.106+0000] {processor.py:186} INFO - Started process (PID=6700) to work on /home/airflow/.local/lib/python3.12/site-packages/airflow/example_dags/example_branch_operator.py
[2024-10-08T03:18:25.107+0000] {processor.py:914} INFO - Processing file /home/airflow/.local/lib/python3.12/site-packages/airflow/example_dags/example_branch_operator.py for tasks to queue
[2024-10-08T03:18:25.108+0000] {logging_mixin.py:190} INFO - [2024-10-08T03:18:25.108+0000] {dagbag.py:588} INFO - Filling up the DagBag from /home/airflow/.local/lib/python3.12/site-packages/airflow/example_dags/example_branch_operator.py
[2024-10-08T03:18:25.116+0000] {processor.py:925} INFO - DAG(s) 'example_branch_operator' retrieved from /home/airflow/.local/lib/python3.12/site-packages/airflow/example_dags/example_branch_operator.py
[2024-10-08T03:18:25.132+0000] {logging_mixin.py:190} INFO - [2024-10-08T03:18:25.132+0000] {dag.py:3239} INFO - Sync 1 DAGs
[2024-10-08T03:18:25.145+0000] {logging_mixin.py:190} INFO - [2024-10-08T03:18:25.145+0000] {dag.py:4180} INFO - Setting next_dagrun for example_branch_operator to 2024-10-07 00:00:00+00:00, run_after=2024-10-08 00:00:00+00:00
[2024-10-08T03:18:25.155+0000] {processor.py:208} INFO - Processing /home/airflow/.local/lib/python3.12/site-packages/airflow/example_dags/example_branch_operator.py took 0.051 seconds
[2024-10-08T03:18:55.335+0000] {processor.py:186} INFO - Started process (PID=7001) to work on /home/airflow/.local/lib/python3.12/site-packages/airflow/example_dags/example_branch_operator.py
[2024-10-08T03:18:55.335+0000] {processor.py:914} INFO - Processing file /home/airflow/.local/lib/python3.12/site-packages/airflow/example_dags/example_branch_operator.py for tasks to queue
[2024-10-08T03:18:55.337+0000] {logging_mixin.py:190} INFO - [2024-10-08T03:18:55.336+0000] {dagbag.py:588} INFO - Filling up the DagBag from /home/airflow/.local/lib/python3.12/site-packages/airflow/example_dags/example_branch_operator.py
[2024-10-08T03:18:55.345+0000] {processor.py:925} INFO - DAG(s) 'example_branch_operator' retrieved from /home/airflow/.local/lib/python3.12/site-packages/airflow/example_dags/example_branch_operator.py
[2024-10-08T03:18:55.359+0000] {logging_mixin.py:190} INFO - [2024-10-08T03:18:55.358+0000] {dag.py:3239} INFO - Sync 1 DAGs
[2024-10-08T03:18:55.370+0000] {logging_mixin.py:190} INFO - [2024-10-08T03:18:55.370+0000] {dag.py:4180} INFO - Setting next_dagrun for example_branch_operator to 2024-10-07 00:00:00+00:00, run_after=2024-10-08 00:00:00+00:00
[2024-10-08T03:18:55.379+0000] {processor.py:208} INFO - Processing /home/airflow/.local/lib/python3.12/site-packages/airflow/example_dags/example_branch_operator.py took 0.047 seconds
[2024-10-08T03:19:25.545+0000] {processor.py:186} INFO - Started process (PID=7301) to work on /home/airflow/.local/lib/python3.12/site-packages/airflow/example_dags/example_branch_operator.py
[2024-10-08T03:19:25.545+0000] {processor.py:914} INFO - Processing file /home/airflow/.local/lib/python3.12/site-packages/airflow/example_dags/example_branch_operator.py for tasks to queue
[2024-10-08T03:19:25.546+0000] {logging_mixin.py:190} INFO - [2024-10-08T03:19:25.546+0000] {dagbag.py:588} INFO - Filling up the DagBag from /home/airflow/.local/lib/python3.12/site-packages/airflow/example_dags/example_branch_operator.py
[2024-10-08T03:19:25.555+0000] {processor.py:925} INFO - DAG(s) 'example_branch_operator' retrieved from /home/airflow/.local/lib/python3.12/site-packages/airflow/example_dags/example_branch_operator.py
[2024-10-08T03:19:25.569+0000] {logging_mixin.py:190} INFO - [2024-10-08T03:19:25.568+0000] {dag.py:3239} INFO - Sync 1 DAGs
[2024-10-08T03:19:25.580+0000] {logging_mixin.py:190} INFO - [2024-10-08T03:19:25.580+0000] {dag.py:4180} INFO - Setting next_dagrun for example_branch_operator to 2024-10-07 00:00:00+00:00, run_after=2024-10-08 00:00:00+00:00
[2024-10-08T03:19:25.589+0000] {processor.py:208} INFO - Processing /home/airflow/.local/lib/python3.12/site-packages/airflow/example_dags/example_branch_operator.py took 0.047 seconds
[2024-10-08T03:19:55.895+0000] {processor.py:186} INFO - Started process (PID=7602) to work on /home/airflow/.local/lib/python3.12/site-packages/airflow/example_dags/example_branch_operator.py
[2024-10-08T03:19:55.896+0000] {processor.py:914} INFO - Processing file /home/airflow/.local/lib/python3.12/site-packages/airflow/example_dags/example_branch_operator.py for tasks to queue
[2024-10-08T03:19:55.897+0000] {logging_mixin.py:190} INFO - [2024-10-08T03:19:55.897+0000] {dagbag.py:588} INFO - Filling up the DagBag from /home/airflow/.local/lib/python3.12/site-packages/airflow/example_dags/example_branch_operator.py
[2024-10-08T03:19:55.906+0000] {processor.py:925} INFO - DAG(s) 'example_branch_operator' retrieved from /home/airflow/.local/lib/python3.12/site-packages/airflow/example_dags/example_branch_operator.py
[2024-10-08T03:19:55.919+0000] {logging_mixin.py:190} INFO - [2024-10-08T03:19:55.919+0000] {dag.py:3239} INFO - Sync 1 DAGs
[2024-10-08T03:19:55.931+0000] {logging_mixin.py:190} INFO - [2024-10-08T03:19:55.930+0000] {dag.py:4180} INFO - Setting next_dagrun for example_branch_operator to 2024-10-07 00:00:00+00:00, run_after=2024-10-08 00:00:00+00:00
[2024-10-08T03:19:55.939+0000] {processor.py:208} INFO - Processing /home/airflow/.local/lib/python3.12/site-packages/airflow/example_dags/example_branch_operator.py took 0.046 seconds
[2024-10-08T03:20:26.308+0000] {processor.py:186} INFO - Started process (PID=7903) to work on /home/airflow/.local/lib/python3.12/site-packages/airflow/example_dags/example_branch_operator.py
[2024-10-08T03:20:26.308+0000] {processor.py:914} INFO - Processing file /home/airflow/.local/lib/python3.12/site-packages/airflow/example_dags/example_branch_operator.py for tasks to queue
[2024-10-08T03:20:26.310+0000] {logging_mixin.py:190} INFO - [2024-10-08T03:20:26.309+0000] {dagbag.py:588} INFO - Filling up the DagBag from /home/airflow/.local/lib/python3.12/site-packages/airflow/example_dags/example_branch_operator.py
[2024-10-08T03:20:26.318+0000] {processor.py:925} INFO - DAG(s) 'example_branch_operator' retrieved from /home/airflow/.local/lib/python3.12/site-packages/airflow/example_dags/example_branch_operator.py
[2024-10-08T03:20:26.332+0000] {logging_mixin.py:190} INFO - [2024-10-08T03:20:26.332+0000] {dag.py:3239} INFO - Sync 1 DAGs
[2024-10-08T03:20:26.344+0000] {logging_mixin.py:190} INFO - [2024-10-08T03:20:26.343+0000] {dag.py:4180} INFO - Setting next_dagrun for example_branch_operator to 2024-10-07 00:00:00+00:00, run_after=2024-10-08 00:00:00+00:00
[2024-10-08T03:20:26.353+0000] {processor.py:208} INFO - Processing /home/airflow/.local/lib/python3.12/site-packages/airflow/example_dags/example_branch_operator.py took 0.048 seconds
[2024-10-08T03:20:56.888+0000] {processor.py:186} INFO - Started process (PID=8206) to work on /home/airflow/.local/lib/python3.12/site-packages/airflow/example_dags/example_branch_operator.py
[2024-10-08T03:20:56.888+0000] {processor.py:914} INFO - Processing file /home/airflow/.local/lib/python3.12/site-packages/airflow/example_dags/example_branch_operator.py for tasks to queue
[2024-10-08T03:20:56.889+0000] {logging_mixin.py:190} INFO - [2024-10-08T03:20:56.889+0000] {dagbag.py:588} INFO - Filling up the DagBag from /home/airflow/.local/lib/python3.12/site-packages/airflow/example_dags/example_branch_operator.py
[2024-10-08T03:20:56.897+0000] {processor.py:925} INFO - DAG(s) 'example_branch_operator' retrieved from /home/airflow/.local/lib/python3.12/site-packages/airflow/example_dags/example_branch_operator.py
[2024-10-08T03:20:56.911+0000] {logging_mixin.py:190} INFO - [2024-10-08T03:20:56.911+0000] {dag.py:3239} INFO - Sync 1 DAGs
[2024-10-08T03:20:56.923+0000] {logging_mixin.py:190} INFO - [2024-10-08T03:20:56.923+0000] {dag.py:4180} INFO - Setting next_dagrun for example_branch_operator to 2024-10-07 00:00:00+00:00, run_after=2024-10-08 00:00:00+00:00
[2024-10-08T03:20:56.931+0000] {processor.py:208} INFO - Processing /home/airflow/.local/lib/python3.12/site-packages/airflow/example_dags/example_branch_operator.py took 0.046 seconds
