[2024-10-08T03:07:47.282+0000] {processor.py:186} INFO - Started process (PID=299) to work on /home/airflow/.local/lib/python3.12/site-packages/airflow/example_dags/example_inlet_event_extra.py
[2024-10-08T03:07:47.283+0000] {processor.py:914} INFO - Processing file /home/airflow/.local/lib/python3.12/site-packages/airflow/example_dags/example_inlet_event_extra.py for tasks to queue
[2024-10-08T03:07:47.284+0000] {logging_mixin.py:190} INFO - [2024-10-08T03:07:47.284+0000] {dagbag.py:588} INFO - Filling up the DagBag from /home/airflow/.local/lib/python3.12/site-packages/airflow/example_dags/example_inlet_event_extra.py
[2024-10-08T03:07:47.344+0000] {processor.py:925} INFO - DAG(s) 'read_dataset_event', 'read_dataset_event_from_classic' retrieved from /home/airflow/.local/lib/python3.12/site-packages/airflow/example_dags/example_inlet_event_extra.py
[2024-10-08T03:07:47.357+0000] {logging_mixin.py:190} INFO - [2024-10-08T03:07:47.357+0000] {dag.py:3239} INFO - Sync 2 DAGs
[2024-10-08T03:07:47.370+0000] {logging_mixin.py:190} INFO - [2024-10-08T03:07:47.370+0000] {dag.py:4180} INFO - Setting next_dagrun for read_dataset_event to 2024-10-07 00:00:00+00:00, run_after=2024-10-08 00:00:00+00:00
[2024-10-08T03:07:47.373+0000] {logging_mixin.py:190} INFO - [2024-10-08T03:07:47.373+0000] {dag.py:4180} INFO - Setting next_dagrun for read_dataset_event_from_classic to 2024-10-07 00:00:00+00:00, run_after=2024-10-08 00:00:00+00:00
[2024-10-08T03:07:47.383+0000] {processor.py:208} INFO - Processing /home/airflow/.local/lib/python3.12/site-packages/airflow/example_dags/example_inlet_event_extra.py took 0.103 seconds
[2024-10-08T03:08:17.667+0000] {processor.py:186} INFO - Started process (PID=602) to work on /home/airflow/.local/lib/python3.12/site-packages/airflow/example_dags/example_inlet_event_extra.py
[2024-10-08T03:08:17.667+0000] {processor.py:914} INFO - Processing file /home/airflow/.local/lib/python3.12/site-packages/airflow/example_dags/example_inlet_event_extra.py for tasks to queue
[2024-10-08T03:08:17.668+0000] {logging_mixin.py:190} INFO - [2024-10-08T03:08:17.668+0000] {dagbag.py:588} INFO - Filling up the DagBag from /home/airflow/.local/lib/python3.12/site-packages/airflow/example_dags/example_inlet_event_extra.py
[2024-10-08T03:08:17.725+0000] {processor.py:925} INFO - DAG(s) 'read_dataset_event', 'read_dataset_event_from_classic' retrieved from /home/airflow/.local/lib/python3.12/site-packages/airflow/example_dags/example_inlet_event_extra.py
[2024-10-08T03:08:17.736+0000] {logging_mixin.py:190} INFO - [2024-10-08T03:08:17.736+0000] {dag.py:3239} INFO - Sync 2 DAGs
[2024-10-08T03:08:17.749+0000] {logging_mixin.py:190} INFO - [2024-10-08T03:08:17.749+0000] {dag.py:4180} INFO - Setting next_dagrun for read_dataset_event to 2024-10-07 00:00:00+00:00, run_after=2024-10-08 00:00:00+00:00
[2024-10-08T03:08:17.752+0000] {logging_mixin.py:190} INFO - [2024-10-08T03:08:17.752+0000] {dag.py:4180} INFO - Setting next_dagrun for read_dataset_event_from_classic to 2024-10-07 00:00:00+00:00, run_after=2024-10-08 00:00:00+00:00
[2024-10-08T03:08:17.762+0000] {processor.py:208} INFO - Processing /home/airflow/.local/lib/python3.12/site-packages/airflow/example_dags/example_inlet_event_extra.py took 0.098 seconds
[2024-10-08T03:08:48.090+0000] {processor.py:186} INFO - Started process (PID=903) to work on /home/airflow/.local/lib/python3.12/site-packages/airflow/example_dags/example_inlet_event_extra.py
[2024-10-08T03:08:48.091+0000] {processor.py:914} INFO - Processing file /home/airflow/.local/lib/python3.12/site-packages/airflow/example_dags/example_inlet_event_extra.py for tasks to queue
[2024-10-08T03:08:48.092+0000] {logging_mixin.py:190} INFO - [2024-10-08T03:08:48.092+0000] {dagbag.py:588} INFO - Filling up the DagBag from /home/airflow/.local/lib/python3.12/site-packages/airflow/example_dags/example_inlet_event_extra.py
[2024-10-08T03:08:48.150+0000] {processor.py:925} INFO - DAG(s) 'read_dataset_event', 'read_dataset_event_from_classic' retrieved from /home/airflow/.local/lib/python3.12/site-packages/airflow/example_dags/example_inlet_event_extra.py
[2024-10-08T03:08:48.160+0000] {logging_mixin.py:190} INFO - [2024-10-08T03:08:48.160+0000] {dag.py:3239} INFO - Sync 2 DAGs
[2024-10-08T03:08:48.173+0000] {logging_mixin.py:190} INFO - [2024-10-08T03:08:48.173+0000] {dag.py:4180} INFO - Setting next_dagrun for read_dataset_event to 2024-10-07 00:00:00+00:00, run_after=2024-10-08 00:00:00+00:00
[2024-10-08T03:08:48.175+0000] {logging_mixin.py:190} INFO - [2024-10-08T03:08:48.175+0000] {dag.py:4180} INFO - Setting next_dagrun for read_dataset_event_from_classic to 2024-10-07 00:00:00+00:00, run_after=2024-10-08 00:00:00+00:00
[2024-10-08T03:08:48.183+0000] {processor.py:208} INFO - Processing /home/airflow/.local/lib/python3.12/site-packages/airflow/example_dags/example_inlet_event_extra.py took 0.095 seconds
[2024-10-08T03:09:18.499+0000] {processor.py:186} INFO - Started process (PID=1202) to work on /home/airflow/.local/lib/python3.12/site-packages/airflow/example_dags/example_inlet_event_extra.py
[2024-10-08T03:09:18.500+0000] {processor.py:914} INFO - Processing file /home/airflow/.local/lib/python3.12/site-packages/airflow/example_dags/example_inlet_event_extra.py for tasks to queue
[2024-10-08T03:09:18.501+0000] {logging_mixin.py:190} INFO - [2024-10-08T03:09:18.501+0000] {dagbag.py:588} INFO - Filling up the DagBag from /home/airflow/.local/lib/python3.12/site-packages/airflow/example_dags/example_inlet_event_extra.py
[2024-10-08T03:09:18.557+0000] {processor.py:925} INFO - DAG(s) 'read_dataset_event_from_classic', 'read_dataset_event' retrieved from /home/airflow/.local/lib/python3.12/site-packages/airflow/example_dags/example_inlet_event_extra.py
[2024-10-08T03:09:18.570+0000] {logging_mixin.py:190} INFO - [2024-10-08T03:09:18.570+0000] {dag.py:3239} INFO - Sync 2 DAGs
[2024-10-08T03:09:18.584+0000] {logging_mixin.py:190} INFO - [2024-10-08T03:09:18.584+0000] {dag.py:4180} INFO - Setting next_dagrun for read_dataset_event to 2024-10-07 00:00:00+00:00, run_after=2024-10-08 00:00:00+00:00
[2024-10-08T03:09:18.587+0000] {logging_mixin.py:190} INFO - [2024-10-08T03:09:18.587+0000] {dag.py:4180} INFO - Setting next_dagrun for read_dataset_event_from_classic to 2024-10-07 00:00:00+00:00, run_after=2024-10-08 00:00:00+00:00
[2024-10-08T03:09:18.596+0000] {processor.py:208} INFO - Processing /home/airflow/.local/lib/python3.12/site-packages/airflow/example_dags/example_inlet_event_extra.py took 0.100 seconds
[2024-10-08T03:09:48.902+0000] {processor.py:186} INFO - Started process (PID=1503) to work on /home/airflow/.local/lib/python3.12/site-packages/airflow/example_dags/example_inlet_event_extra.py
[2024-10-08T03:09:48.902+0000] {processor.py:914} INFO - Processing file /home/airflow/.local/lib/python3.12/site-packages/airflow/example_dags/example_inlet_event_extra.py for tasks to queue
[2024-10-08T03:09:48.904+0000] {logging_mixin.py:190} INFO - [2024-10-08T03:09:48.903+0000] {dagbag.py:588} INFO - Filling up the DagBag from /home/airflow/.local/lib/python3.12/site-packages/airflow/example_dags/example_inlet_event_extra.py
[2024-10-08T03:09:48.960+0000] {processor.py:925} INFO - DAG(s) 'read_dataset_event', 'read_dataset_event_from_classic' retrieved from /home/airflow/.local/lib/python3.12/site-packages/airflow/example_dags/example_inlet_event_extra.py
[2024-10-08T03:09:48.970+0000] {logging_mixin.py:190} INFO - [2024-10-08T03:09:48.970+0000] {dag.py:3239} INFO - Sync 2 DAGs
[2024-10-08T03:09:48.981+0000] {logging_mixin.py:190} INFO - [2024-10-08T03:09:48.981+0000] {dag.py:4180} INFO - Setting next_dagrun for read_dataset_event to 2024-10-07 00:00:00+00:00, run_after=2024-10-08 00:00:00+00:00
[2024-10-08T03:09:48.984+0000] {logging_mixin.py:190} INFO - [2024-10-08T03:09:48.984+0000] {dag.py:4180} INFO - Setting next_dagrun for read_dataset_event_from_classic to 2024-10-07 00:00:00+00:00, run_after=2024-10-08 00:00:00+00:00
[2024-10-08T03:09:48.992+0000] {processor.py:208} INFO - Processing /home/airflow/.local/lib/python3.12/site-packages/airflow/example_dags/example_inlet_event_extra.py took 0.093 seconds
[2024-10-08T03:10:19.092+0000] {processor.py:186} INFO - Started process (PID=1806) to work on /home/airflow/.local/lib/python3.12/site-packages/airflow/example_dags/example_inlet_event_extra.py
[2024-10-08T03:10:19.092+0000] {processor.py:914} INFO - Processing file /home/airflow/.local/lib/python3.12/site-packages/airflow/example_dags/example_inlet_event_extra.py for tasks to queue
[2024-10-08T03:10:19.094+0000] {logging_mixin.py:190} INFO - [2024-10-08T03:10:19.093+0000] {dagbag.py:588} INFO - Filling up the DagBag from /home/airflow/.local/lib/python3.12/site-packages/airflow/example_dags/example_inlet_event_extra.py
[2024-10-08T03:10:19.151+0000] {processor.py:925} INFO - DAG(s) 'read_dataset_event_from_classic', 'read_dataset_event' retrieved from /home/airflow/.local/lib/python3.12/site-packages/airflow/example_dags/example_inlet_event_extra.py
[2024-10-08T03:10:19.162+0000] {logging_mixin.py:190} INFO - [2024-10-08T03:10:19.161+0000] {dag.py:3239} INFO - Sync 2 DAGs
[2024-10-08T03:10:19.173+0000] {logging_mixin.py:190} INFO - [2024-10-08T03:10:19.173+0000] {dag.py:4180} INFO - Setting next_dagrun for read_dataset_event to 2024-10-07 00:00:00+00:00, run_after=2024-10-08 00:00:00+00:00
[2024-10-08T03:10:19.176+0000] {logging_mixin.py:190} INFO - [2024-10-08T03:10:19.176+0000] {dag.py:4180} INFO - Setting next_dagrun for read_dataset_event_from_classic to 2024-10-07 00:00:00+00:00, run_after=2024-10-08 00:00:00+00:00
[2024-10-08T03:10:19.183+0000] {processor.py:208} INFO - Processing /home/airflow/.local/lib/python3.12/site-packages/airflow/example_dags/example_inlet_event_extra.py took 0.094 seconds
[2024-10-08T03:10:49.279+0000] {processor.py:186} INFO - Started process (PID=2161) to work on /home/airflow/.local/lib/python3.12/site-packages/airflow/example_dags/example_inlet_event_extra.py
[2024-10-08T03:10:49.279+0000] {processor.py:914} INFO - Processing file /home/airflow/.local/lib/python3.12/site-packages/airflow/example_dags/example_inlet_event_extra.py for tasks to queue
[2024-10-08T03:10:49.280+0000] {logging_mixin.py:190} INFO - [2024-10-08T03:10:49.280+0000] {dagbag.py:588} INFO - Filling up the DagBag from /home/airflow/.local/lib/python3.12/site-packages/airflow/example_dags/example_inlet_event_extra.py
[2024-10-08T03:10:49.338+0000] {processor.py:925} INFO - DAG(s) 'read_dataset_event', 'read_dataset_event_from_classic' retrieved from /home/airflow/.local/lib/python3.12/site-packages/airflow/example_dags/example_inlet_event_extra.py
[2024-10-08T03:10:49.348+0000] {logging_mixin.py:190} INFO - [2024-10-08T03:10:49.348+0000] {dag.py:3239} INFO - Sync 2 DAGs
[2024-10-08T03:10:49.360+0000] {logging_mixin.py:190} INFO - [2024-10-08T03:10:49.360+0000] {dag.py:4180} INFO - Setting next_dagrun for read_dataset_event to 2024-10-07 00:00:00+00:00, run_after=2024-10-08 00:00:00+00:00
[2024-10-08T03:10:49.363+0000] {logging_mixin.py:190} INFO - [2024-10-08T03:10:49.363+0000] {dag.py:4180} INFO - Setting next_dagrun for read_dataset_event_from_classic to 2024-10-07 00:00:00+00:00, run_after=2024-10-08 00:00:00+00:00
[2024-10-08T03:10:49.370+0000] {processor.py:208} INFO - Processing /home/airflow/.local/lib/python3.12/site-packages/airflow/example_dags/example_inlet_event_extra.py took 0.094 seconds
[2024-10-08T03:11:19.513+0000] {processor.py:186} INFO - Started process (PID=2463) to work on /home/airflow/.local/lib/python3.12/site-packages/airflow/example_dags/example_inlet_event_extra.py
[2024-10-08T03:11:19.513+0000] {processor.py:914} INFO - Processing file /home/airflow/.local/lib/python3.12/site-packages/airflow/example_dags/example_inlet_event_extra.py for tasks to queue
[2024-10-08T03:11:19.514+0000] {logging_mixin.py:190} INFO - [2024-10-08T03:11:19.514+0000] {dagbag.py:588} INFO - Filling up the DagBag from /home/airflow/.local/lib/python3.12/site-packages/airflow/example_dags/example_inlet_event_extra.py
[2024-10-08T03:11:19.572+0000] {processor.py:925} INFO - DAG(s) 'read_dataset_event', 'read_dataset_event_from_classic' retrieved from /home/airflow/.local/lib/python3.12/site-packages/airflow/example_dags/example_inlet_event_extra.py
[2024-10-08T03:11:19.584+0000] {logging_mixin.py:190} INFO - [2024-10-08T03:11:19.584+0000] {dag.py:3239} INFO - Sync 2 DAGs
[2024-10-08T03:11:19.597+0000] {logging_mixin.py:190} INFO - [2024-10-08T03:11:19.597+0000] {dag.py:4180} INFO - Setting next_dagrun for read_dataset_event to 2024-10-07 00:00:00+00:00, run_after=2024-10-08 00:00:00+00:00
[2024-10-08T03:11:19.599+0000] {logging_mixin.py:190} INFO - [2024-10-08T03:11:19.599+0000] {dag.py:4180} INFO - Setting next_dagrun for read_dataset_event_from_classic to 2024-10-07 00:00:00+00:00, run_after=2024-10-08 00:00:00+00:00
[2024-10-08T03:11:19.608+0000] {processor.py:208} INFO - Processing /home/airflow/.local/lib/python3.12/site-packages/airflow/example_dags/example_inlet_event_extra.py took 0.098 seconds
[2024-10-08T03:11:49.808+0000] {processor.py:186} INFO - Started process (PID=2766) to work on /home/airflow/.local/lib/python3.12/site-packages/airflow/example_dags/example_inlet_event_extra.py
[2024-10-08T03:11:49.808+0000] {processor.py:914} INFO - Processing file /home/airflow/.local/lib/python3.12/site-packages/airflow/example_dags/example_inlet_event_extra.py for tasks to queue
[2024-10-08T03:11:49.809+0000] {logging_mixin.py:190} INFO - [2024-10-08T03:11:49.809+0000] {dagbag.py:588} INFO - Filling up the DagBag from /home/airflow/.local/lib/python3.12/site-packages/airflow/example_dags/example_inlet_event_extra.py
[2024-10-08T03:11:49.866+0000] {processor.py:925} INFO - DAG(s) 'read_dataset_event', 'read_dataset_event_from_classic' retrieved from /home/airflow/.local/lib/python3.12/site-packages/airflow/example_dags/example_inlet_event_extra.py
[2024-10-08T03:11:49.877+0000] {logging_mixin.py:190} INFO - [2024-10-08T03:11:49.877+0000] {dag.py:3239} INFO - Sync 2 DAGs
[2024-10-08T03:11:49.889+0000] {logging_mixin.py:190} INFO - [2024-10-08T03:11:49.889+0000] {dag.py:4180} INFO - Setting next_dagrun for read_dataset_event to 2024-10-07 00:00:00+00:00, run_after=2024-10-08 00:00:00+00:00
[2024-10-08T03:11:49.891+0000] {logging_mixin.py:190} INFO - [2024-10-08T03:11:49.891+0000] {dag.py:4180} INFO - Setting next_dagrun for read_dataset_event_from_classic to 2024-10-07 00:00:00+00:00, run_after=2024-10-08 00:00:00+00:00
[2024-10-08T03:11:49.899+0000] {processor.py:208} INFO - Processing /home/airflow/.local/lib/python3.12/site-packages/airflow/example_dags/example_inlet_event_extra.py took 0.094 seconds
[2024-10-08T03:12:20.135+0000] {processor.py:186} INFO - Started process (PID=3067) to work on /home/airflow/.local/lib/python3.12/site-packages/airflow/example_dags/example_inlet_event_extra.py
[2024-10-08T03:12:20.135+0000] {processor.py:914} INFO - Processing file /home/airflow/.local/lib/python3.12/site-packages/airflow/example_dags/example_inlet_event_extra.py for tasks to queue
[2024-10-08T03:12:20.136+0000] {logging_mixin.py:190} INFO - [2024-10-08T03:12:20.136+0000] {dagbag.py:588} INFO - Filling up the DagBag from /home/airflow/.local/lib/python3.12/site-packages/airflow/example_dags/example_inlet_event_extra.py
[2024-10-08T03:12:20.193+0000] {processor.py:925} INFO - DAG(s) 'read_dataset_event_from_classic', 'read_dataset_event' retrieved from /home/airflow/.local/lib/python3.12/site-packages/airflow/example_dags/example_inlet_event_extra.py
[2024-10-08T03:12:20.204+0000] {logging_mixin.py:190} INFO - [2024-10-08T03:12:20.204+0000] {dag.py:3239} INFO - Sync 2 DAGs
[2024-10-08T03:12:20.216+0000] {logging_mixin.py:190} INFO - [2024-10-08T03:12:20.216+0000] {dag.py:4180} INFO - Setting next_dagrun for read_dataset_event to 2024-10-07 00:00:00+00:00, run_after=2024-10-08 00:00:00+00:00
[2024-10-08T03:12:20.219+0000] {logging_mixin.py:190} INFO - [2024-10-08T03:12:20.218+0000] {dag.py:4180} INFO - Setting next_dagrun for read_dataset_event_from_classic to 2024-10-07 00:00:00+00:00, run_after=2024-10-08 00:00:00+00:00
[2024-10-08T03:12:20.226+0000] {processor.py:208} INFO - Processing /home/airflow/.local/lib/python3.12/site-packages/airflow/example_dags/example_inlet_event_extra.py took 0.094 seconds
[2024-10-08T03:12:50.296+0000] {processor.py:186} INFO - Started process (PID=3371) to work on /home/airflow/.local/lib/python3.12/site-packages/airflow/example_dags/example_inlet_event_extra.py
[2024-10-08T03:12:50.296+0000] {processor.py:914} INFO - Processing file /home/airflow/.local/lib/python3.12/site-packages/airflow/example_dags/example_inlet_event_extra.py for tasks to queue
[2024-10-08T03:12:50.297+0000] {logging_mixin.py:190} INFO - [2024-10-08T03:12:50.297+0000] {dagbag.py:588} INFO - Filling up the DagBag from /home/airflow/.local/lib/python3.12/site-packages/airflow/example_dags/example_inlet_event_extra.py
[2024-10-08T03:12:50.362+0000] {processor.py:925} INFO - DAG(s) 'read_dataset_event', 'read_dataset_event_from_classic' retrieved from /home/airflow/.local/lib/python3.12/site-packages/airflow/example_dags/example_inlet_event_extra.py
[2024-10-08T03:12:50.372+0000] {logging_mixin.py:190} INFO - [2024-10-08T03:12:50.372+0000] {dag.py:3239} INFO - Sync 2 DAGs
[2024-10-08T03:12:50.384+0000] {logging_mixin.py:190} INFO - [2024-10-08T03:12:50.383+0000] {dag.py:4180} INFO - Setting next_dagrun for read_dataset_event to 2024-10-07 00:00:00+00:00, run_after=2024-10-08 00:00:00+00:00
[2024-10-08T03:12:50.386+0000] {logging_mixin.py:190} INFO - [2024-10-08T03:12:50.386+0000] {dag.py:4180} INFO - Setting next_dagrun for read_dataset_event_from_classic to 2024-10-07 00:00:00+00:00, run_after=2024-10-08 00:00:00+00:00
[2024-10-08T03:12:50.394+0000] {processor.py:208} INFO - Processing /home/airflow/.local/lib/python3.12/site-packages/airflow/example_dags/example_inlet_event_extra.py took 0.101 seconds
[2024-10-08T03:13:20.464+0000] {processor.py:186} INFO - Started process (PID=3675) to work on /home/airflow/.local/lib/python3.12/site-packages/airflow/example_dags/example_inlet_event_extra.py
[2024-10-08T03:13:20.464+0000] {processor.py:914} INFO - Processing file /home/airflow/.local/lib/python3.12/site-packages/airflow/example_dags/example_inlet_event_extra.py for tasks to queue
[2024-10-08T03:13:20.466+0000] {logging_mixin.py:190} INFO - [2024-10-08T03:13:20.465+0000] {dagbag.py:588} INFO - Filling up the DagBag from /home/airflow/.local/lib/python3.12/site-packages/airflow/example_dags/example_inlet_event_extra.py
[2024-10-08T03:13:20.523+0000] {processor.py:925} INFO - DAG(s) 'read_dataset_event_from_classic', 'read_dataset_event' retrieved from /home/airflow/.local/lib/python3.12/site-packages/airflow/example_dags/example_inlet_event_extra.py
[2024-10-08T03:13:20.535+0000] {logging_mixin.py:190} INFO - [2024-10-08T03:13:20.535+0000] {dag.py:3239} INFO - Sync 2 DAGs
[2024-10-08T03:13:20.547+0000] {logging_mixin.py:190} INFO - [2024-10-08T03:13:20.547+0000] {dag.py:4180} INFO - Setting next_dagrun for read_dataset_event to 2024-10-07 00:00:00+00:00, run_after=2024-10-08 00:00:00+00:00
[2024-10-08T03:13:20.549+0000] {logging_mixin.py:190} INFO - [2024-10-08T03:13:20.549+0000] {dag.py:4180} INFO - Setting next_dagrun for read_dataset_event_from_classic to 2024-10-07 00:00:00+00:00, run_after=2024-10-08 00:00:00+00:00
[2024-10-08T03:13:20.557+0000] {processor.py:208} INFO - Processing /home/airflow/.local/lib/python3.12/site-packages/airflow/example_dags/example_inlet_event_extra.py took 0.096 seconds
[2024-10-08T03:13:50.790+0000] {processor.py:186} INFO - Started process (PID=3974) to work on /home/airflow/.local/lib/python3.12/site-packages/airflow/example_dags/example_inlet_event_extra.py
[2024-10-08T03:13:50.790+0000] {processor.py:914} INFO - Processing file /home/airflow/.local/lib/python3.12/site-packages/airflow/example_dags/example_inlet_event_extra.py for tasks to queue
[2024-10-08T03:13:50.791+0000] {logging_mixin.py:190} INFO - [2024-10-08T03:13:50.791+0000] {dagbag.py:588} INFO - Filling up the DagBag from /home/airflow/.local/lib/python3.12/site-packages/airflow/example_dags/example_inlet_event_extra.py
[2024-10-08T03:13:50.849+0000] {processor.py:925} INFO - DAG(s) 'read_dataset_event', 'read_dataset_event_from_classic' retrieved from /home/airflow/.local/lib/python3.12/site-packages/airflow/example_dags/example_inlet_event_extra.py
[2024-10-08T03:13:50.859+0000] {logging_mixin.py:190} INFO - [2024-10-08T03:13:50.859+0000] {dag.py:3239} INFO - Sync 2 DAGs
[2024-10-08T03:13:50.870+0000] {logging_mixin.py:190} INFO - [2024-10-08T03:13:50.870+0000] {dag.py:4180} INFO - Setting next_dagrun for read_dataset_event to 2024-10-07 00:00:00+00:00, run_after=2024-10-08 00:00:00+00:00
[2024-10-08T03:13:50.873+0000] {logging_mixin.py:190} INFO - [2024-10-08T03:13:50.873+0000] {dag.py:4180} INFO - Setting next_dagrun for read_dataset_event_from_classic to 2024-10-07 00:00:00+00:00, run_after=2024-10-08 00:00:00+00:00
[2024-10-08T03:13:50.880+0000] {processor.py:208} INFO - Processing /home/airflow/.local/lib/python3.12/site-packages/airflow/example_dags/example_inlet_event_extra.py took 0.094 seconds
[2024-10-08T03:14:21.032+0000] {processor.py:186} INFO - Started process (PID=4275) to work on /home/airflow/.local/lib/python3.12/site-packages/airflow/example_dags/example_inlet_event_extra.py
[2024-10-08T03:14:21.032+0000] {processor.py:914} INFO - Processing file /home/airflow/.local/lib/python3.12/site-packages/airflow/example_dags/example_inlet_event_extra.py for tasks to queue
[2024-10-08T03:14:21.034+0000] {logging_mixin.py:190} INFO - [2024-10-08T03:14:21.033+0000] {dagbag.py:588} INFO - Filling up the DagBag from /home/airflow/.local/lib/python3.12/site-packages/airflow/example_dags/example_inlet_event_extra.py
[2024-10-08T03:14:21.093+0000] {processor.py:925} INFO - DAG(s) 'read_dataset_event', 'read_dataset_event_from_classic' retrieved from /home/airflow/.local/lib/python3.12/site-packages/airflow/example_dags/example_inlet_event_extra.py
[2024-10-08T03:14:21.105+0000] {logging_mixin.py:190} INFO - [2024-10-08T03:14:21.105+0000] {dag.py:3239} INFO - Sync 2 DAGs
[2024-10-08T03:14:21.119+0000] {logging_mixin.py:190} INFO - [2024-10-08T03:14:21.119+0000] {dag.py:4180} INFO - Setting next_dagrun for read_dataset_event to 2024-10-07 00:00:00+00:00, run_after=2024-10-08 00:00:00+00:00
[2024-10-08T03:14:21.122+0000] {logging_mixin.py:190} INFO - [2024-10-08T03:14:21.122+0000] {dag.py:4180} INFO - Setting next_dagrun for read_dataset_event_from_classic to 2024-10-07 00:00:00+00:00, run_after=2024-10-08 00:00:00+00:00
[2024-10-08T03:14:21.131+0000] {processor.py:208} INFO - Processing /home/airflow/.local/lib/python3.12/site-packages/airflow/example_dags/example_inlet_event_extra.py took 0.102 seconds
