[2024-10-08T03:07:48.355+0000] {processor.py:186} INFO - Started process (PID=426) to work on /home/airflow/.local/lib/python3.12/site-packages/airflow/example_dags/example_branch_labels.py
[2024-10-08T03:07:48.355+0000] {processor.py:914} INFO - Processing file /home/airflow/.local/lib/python3.12/site-packages/airflow/example_dags/example_branch_labels.py for tasks to queue
[2024-10-08T03:07:48.356+0000] {logging_mixin.py:190} INFO - [2024-10-08T03:07:48.356+0000] {dagbag.py:588} INFO - Filling up the DagBag from /home/airflow/.local/lib/python3.12/site-packages/airflow/example_dags/example_branch_labels.py
[2024-10-08T03:07:48.361+0000] {processor.py:925} INFO - DAG(s) 'example_branch_labels' retrieved from /home/airflow/.local/lib/python3.12/site-packages/airflow/example_dags/example_branch_labels.py
[2024-10-08T03:07:48.372+0000] {logging_mixin.py:190} INFO - [2024-10-08T03:07:48.372+0000] {dag.py:3239} INFO - Sync 1 DAGs
[2024-10-08T03:07:48.384+0000] {logging_mixin.py:190} INFO - [2024-10-08T03:07:48.384+0000] {dag.py:4180} INFO - Setting next_dagrun for example_branch_labels to 2024-10-07 00:00:00+00:00, run_after=2024-10-08 00:00:00+00:00
[2024-10-08T03:07:48.393+0000] {processor.py:208} INFO - Processing /home/airflow/.local/lib/python3.12/site-packages/airflow/example_dags/example_branch_labels.py took 0.041 seconds
[2024-10-08T03:08:18.575+0000] {processor.py:186} INFO - Started process (PID=725) to work on /home/airflow/.local/lib/python3.12/site-packages/airflow/example_dags/example_branch_labels.py
[2024-10-08T03:08:18.576+0000] {processor.py:914} INFO - Processing file /home/airflow/.local/lib/python3.12/site-packages/airflow/example_dags/example_branch_labels.py for tasks to queue
[2024-10-08T03:08:18.577+0000] {logging_mixin.py:190} INFO - [2024-10-08T03:08:18.576+0000] {dagbag.py:588} INFO - Filling up the DagBag from /home/airflow/.local/lib/python3.12/site-packages/airflow/example_dags/example_branch_labels.py
[2024-10-08T03:08:18.581+0000] {processor.py:925} INFO - DAG(s) 'example_branch_labels' retrieved from /home/airflow/.local/lib/python3.12/site-packages/airflow/example_dags/example_branch_labels.py
[2024-10-08T03:08:18.591+0000] {logging_mixin.py:190} INFO - [2024-10-08T03:08:18.591+0000] {dag.py:3239} INFO - Sync 1 DAGs
[2024-10-08T03:08:18.602+0000] {logging_mixin.py:190} INFO - [2024-10-08T03:08:18.602+0000] {dag.py:4180} INFO - Setting next_dagrun for example_branch_labels to 2024-10-07 00:00:00+00:00, run_after=2024-10-08 00:00:00+00:00
[2024-10-08T03:08:18.611+0000] {processor.py:208} INFO - Processing /home/airflow/.local/lib/python3.12/site-packages/airflow/example_dags/example_branch_labels.py took 0.038 seconds
[2024-10-08T03:08:48.996+0000] {processor.py:186} INFO - Started process (PID=1026) to work on /home/airflow/.local/lib/python3.12/site-packages/airflow/example_dags/example_branch_labels.py
[2024-10-08T03:08:48.996+0000] {processor.py:914} INFO - Processing file /home/airflow/.local/lib/python3.12/site-packages/airflow/example_dags/example_branch_labels.py for tasks to queue
[2024-10-08T03:08:48.998+0000] {logging_mixin.py:190} INFO - [2024-10-08T03:08:48.997+0000] {dagbag.py:588} INFO - Filling up the DagBag from /home/airflow/.local/lib/python3.12/site-packages/airflow/example_dags/example_branch_labels.py
[2024-10-08T03:08:49.002+0000] {processor.py:925} INFO - DAG(s) 'example_branch_labels' retrieved from /home/airflow/.local/lib/python3.12/site-packages/airflow/example_dags/example_branch_labels.py
[2024-10-08T03:08:49.013+0000] {logging_mixin.py:190} INFO - [2024-10-08T03:08:49.013+0000] {dag.py:3239} INFO - Sync 1 DAGs
[2024-10-08T03:08:49.026+0000] {logging_mixin.py:190} INFO - [2024-10-08T03:08:49.026+0000] {dag.py:4180} INFO - Setting next_dagrun for example_branch_labels to 2024-10-07 00:00:00+00:00, run_after=2024-10-08 00:00:00+00:00
[2024-10-08T03:08:49.035+0000] {processor.py:208} INFO - Processing /home/airflow/.local/lib/python3.12/site-packages/airflow/example_dags/example_branch_labels.py took 0.042 seconds
[2024-10-08T03:09:19.389+0000] {processor.py:186} INFO - Started process (PID=1327) to work on /home/airflow/.local/lib/python3.12/site-packages/airflow/example_dags/example_branch_labels.py
[2024-10-08T03:09:19.390+0000] {processor.py:914} INFO - Processing file /home/airflow/.local/lib/python3.12/site-packages/airflow/example_dags/example_branch_labels.py for tasks to queue
[2024-10-08T03:09:19.391+0000] {logging_mixin.py:190} INFO - [2024-10-08T03:09:19.390+0000] {dagbag.py:588} INFO - Filling up the DagBag from /home/airflow/.local/lib/python3.12/site-packages/airflow/example_dags/example_branch_labels.py
[2024-10-08T03:09:19.395+0000] {processor.py:925} INFO - DAG(s) 'example_branch_labels' retrieved from /home/airflow/.local/lib/python3.12/site-packages/airflow/example_dags/example_branch_labels.py
[2024-10-08T03:09:19.406+0000] {logging_mixin.py:190} INFO - [2024-10-08T03:09:19.406+0000] {dag.py:3239} INFO - Sync 1 DAGs
[2024-10-08T03:09:19.419+0000] {logging_mixin.py:190} INFO - [2024-10-08T03:09:19.418+0000] {dag.py:4180} INFO - Setting next_dagrun for example_branch_labels to 2024-10-07 00:00:00+00:00, run_after=2024-10-08 00:00:00+00:00
[2024-10-08T03:09:19.427+0000] {processor.py:208} INFO - Processing /home/airflow/.local/lib/python3.12/site-packages/airflow/example_dags/example_branch_labels.py took 0.041 seconds
[2024-10-08T03:09:49.794+0000] {processor.py:186} INFO - Started process (PID=1628) to work on /home/airflow/.local/lib/python3.12/site-packages/airflow/example_dags/example_branch_labels.py
[2024-10-08T03:09:49.795+0000] {processor.py:914} INFO - Processing file /home/airflow/.local/lib/python3.12/site-packages/airflow/example_dags/example_branch_labels.py for tasks to queue
[2024-10-08T03:09:49.796+0000] {logging_mixin.py:190} INFO - [2024-10-08T03:09:49.795+0000] {dagbag.py:588} INFO - Filling up the DagBag from /home/airflow/.local/lib/python3.12/site-packages/airflow/example_dags/example_branch_labels.py
[2024-10-08T03:09:49.800+0000] {processor.py:925} INFO - DAG(s) 'example_branch_labels' retrieved from /home/airflow/.local/lib/python3.12/site-packages/airflow/example_dags/example_branch_labels.py
[2024-10-08T03:09:49.810+0000] {logging_mixin.py:190} INFO - [2024-10-08T03:09:49.810+0000] {dag.py:3239} INFO - Sync 1 DAGs
[2024-10-08T03:09:49.822+0000] {logging_mixin.py:190} INFO - [2024-10-08T03:09:49.822+0000] {dag.py:4180} INFO - Setting next_dagrun for example_branch_labels to 2024-10-07 00:00:00+00:00, run_after=2024-10-08 00:00:00+00:00
[2024-10-08T03:09:49.831+0000] {processor.py:208} INFO - Processing /home/airflow/.local/lib/python3.12/site-packages/airflow/example_dags/example_branch_labels.py took 0.040 seconds
[2024-10-08T03:10:20.027+0000] {processor.py:186} INFO - Started process (PID=1935) to work on /home/airflow/.local/lib/python3.12/site-packages/airflow/example_dags/example_branch_labels.py
[2024-10-08T03:10:20.028+0000] {processor.py:914} INFO - Processing file /home/airflow/.local/lib/python3.12/site-packages/airflow/example_dags/example_branch_labels.py for tasks to queue
[2024-10-08T03:10:20.029+0000] {logging_mixin.py:190} INFO - [2024-10-08T03:10:20.029+0000] {dagbag.py:588} INFO - Filling up the DagBag from /home/airflow/.local/lib/python3.12/site-packages/airflow/example_dags/example_branch_labels.py
[2024-10-08T03:10:20.034+0000] {processor.py:925} INFO - DAG(s) 'example_branch_labels' retrieved from /home/airflow/.local/lib/python3.12/site-packages/airflow/example_dags/example_branch_labels.py
[2024-10-08T03:10:20.045+0000] {logging_mixin.py:190} INFO - [2024-10-08T03:10:20.045+0000] {dag.py:3239} INFO - Sync 1 DAGs
[2024-10-08T03:10:20.058+0000] {logging_mixin.py:190} INFO - [2024-10-08T03:10:20.058+0000] {dag.py:4180} INFO - Setting next_dagrun for example_branch_labels to 2024-10-07 00:00:00+00:00, run_after=2024-10-08 00:00:00+00:00
[2024-10-08T03:10:20.067+0000] {processor.py:208} INFO - Processing /home/airflow/.local/lib/python3.12/site-packages/airflow/example_dags/example_branch_labels.py took 0.043 seconds
[2024-10-08T03:10:50.286+0000] {processor.py:186} INFO - Started process (PID=2293) to work on /home/airflow/.local/lib/python3.12/site-packages/airflow/example_dags/example_branch_labels.py
[2024-10-08T03:10:50.287+0000] {processor.py:914} INFO - Processing file /home/airflow/.local/lib/python3.12/site-packages/airflow/example_dags/example_branch_labels.py for tasks to queue
[2024-10-08T03:10:50.288+0000] {logging_mixin.py:190} INFO - [2024-10-08T03:10:50.288+0000] {dagbag.py:588} INFO - Filling up the DagBag from /home/airflow/.local/lib/python3.12/site-packages/airflow/example_dags/example_branch_labels.py
[2024-10-08T03:10:50.293+0000] {processor.py:925} INFO - DAG(s) 'example_branch_labels' retrieved from /home/airflow/.local/lib/python3.12/site-packages/airflow/example_dags/example_branch_labels.py
[2024-10-08T03:10:50.302+0000] {logging_mixin.py:190} INFO - [2024-10-08T03:10:50.302+0000] {dag.py:3239} INFO - Sync 1 DAGs
[2024-10-08T03:10:50.314+0000] {logging_mixin.py:190} INFO - [2024-10-08T03:10:50.314+0000] {dag.py:4180} INFO - Setting next_dagrun for example_branch_labels to 2024-10-07 00:00:00+00:00, run_after=2024-10-08 00:00:00+00:00
[2024-10-08T03:10:50.322+0000] {processor.py:208} INFO - Processing /home/airflow/.local/lib/python3.12/site-packages/airflow/example_dags/example_branch_labels.py took 0.039 seconds
[2024-10-08T03:11:20.428+0000] {processor.py:186} INFO - Started process (PID=2596) to work on /home/airflow/.local/lib/python3.12/site-packages/airflow/example_dags/example_branch_labels.py
[2024-10-08T03:11:20.428+0000] {processor.py:914} INFO - Processing file /home/airflow/.local/lib/python3.12/site-packages/airflow/example_dags/example_branch_labels.py for tasks to queue
[2024-10-08T03:11:20.429+0000] {logging_mixin.py:190} INFO - [2024-10-08T03:11:20.429+0000] {dagbag.py:588} INFO - Filling up the DagBag from /home/airflow/.local/lib/python3.12/site-packages/airflow/example_dags/example_branch_labels.py
[2024-10-08T03:11:20.434+0000] {processor.py:925} INFO - DAG(s) 'example_branch_labels' retrieved from /home/airflow/.local/lib/python3.12/site-packages/airflow/example_dags/example_branch_labels.py
[2024-10-08T03:11:20.443+0000] {logging_mixin.py:190} INFO - [2024-10-08T03:11:20.443+0000] {dag.py:3239} INFO - Sync 1 DAGs
[2024-10-08T03:11:20.456+0000] {logging_mixin.py:190} INFO - [2024-10-08T03:11:20.456+0000] {dag.py:4180} INFO - Setting next_dagrun for example_branch_labels to 2024-10-07 00:00:00+00:00, run_after=2024-10-08 00:00:00+00:00
[2024-10-08T03:11:20.464+0000] {processor.py:208} INFO - Processing /home/airflow/.local/lib/python3.12/site-packages/airflow/example_dags/example_branch_labels.py took 0.039 seconds
[2024-10-08T03:11:50.784+0000] {processor.py:186} INFO - Started process (PID=2897) to work on /home/airflow/.local/lib/python3.12/site-packages/airflow/example_dags/example_branch_labels.py
[2024-10-08T03:11:50.785+0000] {processor.py:914} INFO - Processing file /home/airflow/.local/lib/python3.12/site-packages/airflow/example_dags/example_branch_labels.py for tasks to queue
[2024-10-08T03:11:50.786+0000] {logging_mixin.py:190} INFO - [2024-10-08T03:11:50.786+0000] {dagbag.py:588} INFO - Filling up the DagBag from /home/airflow/.local/lib/python3.12/site-packages/airflow/example_dags/example_branch_labels.py
[2024-10-08T03:11:50.791+0000] {processor.py:925} INFO - DAG(s) 'example_branch_labels' retrieved from /home/airflow/.local/lib/python3.12/site-packages/airflow/example_dags/example_branch_labels.py
[2024-10-08T03:11:50.800+0000] {logging_mixin.py:190} INFO - [2024-10-08T03:11:50.800+0000] {dag.py:3239} INFO - Sync 1 DAGs
[2024-10-08T03:11:50.811+0000] {logging_mixin.py:190} INFO - [2024-10-08T03:11:50.811+0000] {dag.py:4180} INFO - Setting next_dagrun for example_branch_labels to 2024-10-07 00:00:00+00:00, run_after=2024-10-08 00:00:00+00:00
[2024-10-08T03:11:50.820+0000] {processor.py:208} INFO - Processing /home/airflow/.local/lib/python3.12/site-packages/airflow/example_dags/example_branch_labels.py took 0.039 seconds
[2024-10-08T03:12:21.003+0000] {processor.py:186} INFO - Started process (PID=3196) to work on /home/airflow/.local/lib/python3.12/site-packages/airflow/example_dags/example_branch_labels.py
[2024-10-08T03:12:21.003+0000] {processor.py:914} INFO - Processing file /home/airflow/.local/lib/python3.12/site-packages/airflow/example_dags/example_branch_labels.py for tasks to queue
[2024-10-08T03:12:21.005+0000] {logging_mixin.py:190} INFO - [2024-10-08T03:12:21.004+0000] {dagbag.py:588} INFO - Filling up the DagBag from /home/airflow/.local/lib/python3.12/site-packages/airflow/example_dags/example_branch_labels.py
[2024-10-08T03:12:21.009+0000] {processor.py:925} INFO - DAG(s) 'example_branch_labels' retrieved from /home/airflow/.local/lib/python3.12/site-packages/airflow/example_dags/example_branch_labels.py
[2024-10-08T03:12:21.019+0000] {logging_mixin.py:190} INFO - [2024-10-08T03:12:21.019+0000] {dag.py:3239} INFO - Sync 1 DAGs
[2024-10-08T03:12:21.031+0000] {logging_mixin.py:190} INFO - [2024-10-08T03:12:21.031+0000] {dag.py:4180} INFO - Setting next_dagrun for example_branch_labels to 2024-10-07 00:00:00+00:00, run_after=2024-10-08 00:00:00+00:00
[2024-10-08T03:12:21.039+0000] {processor.py:208} INFO - Processing /home/airflow/.local/lib/python3.12/site-packages/airflow/example_dags/example_branch_labels.py took 0.039 seconds
[2024-10-08T03:12:51.131+0000] {processor.py:186} INFO - Started process (PID=3499) to work on /home/airflow/.local/lib/python3.12/site-packages/airflow/example_dags/example_branch_labels.py
[2024-10-08T03:12:51.131+0000] {processor.py:914} INFO - Processing file /home/airflow/.local/lib/python3.12/site-packages/airflow/example_dags/example_branch_labels.py for tasks to queue
[2024-10-08T03:12:51.132+0000] {logging_mixin.py:190} INFO - [2024-10-08T03:12:51.132+0000] {dagbag.py:588} INFO - Filling up the DagBag from /home/airflow/.local/lib/python3.12/site-packages/airflow/example_dags/example_branch_labels.py
[2024-10-08T03:12:51.137+0000] {processor.py:925} INFO - DAG(s) 'example_branch_labels' retrieved from /home/airflow/.local/lib/python3.12/site-packages/airflow/example_dags/example_branch_labels.py
[2024-10-08T03:12:51.147+0000] {logging_mixin.py:190} INFO - [2024-10-08T03:12:51.147+0000] {dag.py:3239} INFO - Sync 1 DAGs
[2024-10-08T03:12:51.159+0000] {logging_mixin.py:190} INFO - [2024-10-08T03:12:51.159+0000] {dag.py:4180} INFO - Setting next_dagrun for example_branch_labels to 2024-10-07 00:00:00+00:00, run_after=2024-10-08 00:00:00+00:00
[2024-10-08T03:12:51.168+0000] {processor.py:208} INFO - Processing /home/airflow/.local/lib/python3.12/site-packages/airflow/example_dags/example_branch_labels.py took 0.040 seconds
[2024-10-08T03:13:21.369+0000] {processor.py:186} INFO - Started process (PID=3798) to work on /home/airflow/.local/lib/python3.12/site-packages/airflow/example_dags/example_branch_labels.py
[2024-10-08T03:13:21.369+0000] {processor.py:914} INFO - Processing file /home/airflow/.local/lib/python3.12/site-packages/airflow/example_dags/example_branch_labels.py for tasks to queue
[2024-10-08T03:13:21.370+0000] {logging_mixin.py:190} INFO - [2024-10-08T03:13:21.370+0000] {dagbag.py:588} INFO - Filling up the DagBag from /home/airflow/.local/lib/python3.12/site-packages/airflow/example_dags/example_branch_labels.py
[2024-10-08T03:13:21.375+0000] {processor.py:925} INFO - DAG(s) 'example_branch_labels' retrieved from /home/airflow/.local/lib/python3.12/site-packages/airflow/example_dags/example_branch_labels.py
[2024-10-08T03:13:21.385+0000] {logging_mixin.py:190} INFO - [2024-10-08T03:13:21.385+0000] {dag.py:3239} INFO - Sync 1 DAGs
[2024-10-08T03:13:21.396+0000] {logging_mixin.py:190} INFO - [2024-10-08T03:13:21.396+0000] {dag.py:4180} INFO - Setting next_dagrun for example_branch_labels to 2024-10-07 00:00:00+00:00, run_after=2024-10-08 00:00:00+00:00
[2024-10-08T03:13:21.405+0000] {processor.py:208} INFO - Processing /home/airflow/.local/lib/python3.12/site-packages/airflow/example_dags/example_branch_labels.py took 0.039 seconds
[2024-10-08T03:13:51.736+0000] {processor.py:186} INFO - Started process (PID=4101) to work on /home/airflow/.local/lib/python3.12/site-packages/airflow/example_dags/example_branch_labels.py
[2024-10-08T03:13:51.736+0000] {processor.py:914} INFO - Processing file /home/airflow/.local/lib/python3.12/site-packages/airflow/example_dags/example_branch_labels.py for tasks to queue
[2024-10-08T03:13:51.737+0000] {logging_mixin.py:190} INFO - [2024-10-08T03:13:51.737+0000] {dagbag.py:588} INFO - Filling up the DagBag from /home/airflow/.local/lib/python3.12/site-packages/airflow/example_dags/example_branch_labels.py
[2024-10-08T03:13:51.742+0000] {processor.py:925} INFO - DAG(s) 'example_branch_labels' retrieved from /home/airflow/.local/lib/python3.12/site-packages/airflow/example_dags/example_branch_labels.py
[2024-10-08T03:13:51.752+0000] {logging_mixin.py:190} INFO - [2024-10-08T03:13:51.751+0000] {dag.py:3239} INFO - Sync 1 DAGs
[2024-10-08T03:13:51.763+0000] {logging_mixin.py:190} INFO - [2024-10-08T03:13:51.763+0000] {dag.py:4180} INFO - Setting next_dagrun for example_branch_labels to 2024-10-07 00:00:00+00:00, run_after=2024-10-08 00:00:00+00:00
[2024-10-08T03:13:51.773+0000] {processor.py:208} INFO - Processing /home/airflow/.local/lib/python3.12/site-packages/airflow/example_dags/example_branch_labels.py took 0.041 seconds
[2024-10-08T03:14:21.885+0000] {processor.py:186} INFO - Started process (PID=4400) to work on /home/airflow/.local/lib/python3.12/site-packages/airflow/example_dags/example_branch_labels.py
[2024-10-08T03:14:21.885+0000] {processor.py:914} INFO - Processing file /home/airflow/.local/lib/python3.12/site-packages/airflow/example_dags/example_branch_labels.py for tasks to queue
[2024-10-08T03:14:21.886+0000] {logging_mixin.py:190} INFO - [2024-10-08T03:14:21.886+0000] {dagbag.py:588} INFO - Filling up the DagBag from /home/airflow/.local/lib/python3.12/site-packages/airflow/example_dags/example_branch_labels.py
[2024-10-08T03:14:21.891+0000] {processor.py:925} INFO - DAG(s) 'example_branch_labels' retrieved from /home/airflow/.local/lib/python3.12/site-packages/airflow/example_dags/example_branch_labels.py
[2024-10-08T03:14:21.901+0000] {logging_mixin.py:190} INFO - [2024-10-08T03:14:21.901+0000] {dag.py:3239} INFO - Sync 1 DAGs
[2024-10-08T03:14:21.912+0000] {logging_mixin.py:190} INFO - [2024-10-08T03:14:21.912+0000] {dag.py:4180} INFO - Setting next_dagrun for example_branch_labels to 2024-10-07 00:00:00+00:00, run_after=2024-10-08 00:00:00+00:00
[2024-10-08T03:14:21.921+0000] {processor.py:208} INFO - Processing /home/airflow/.local/lib/python3.12/site-packages/airflow/example_dags/example_branch_labels.py took 0.039 seconds
