[2024-10-08T03:07:48.096+0000] {processor.py:186} INFO - Started process (PID=396) to work on /home/airflow/.local/lib/python3.12/site-packages/airflow/example_dags/example_dataset_alias.py
[2024-10-08T03:07:48.097+0000] {processor.py:914} INFO - Processing file /home/airflow/.local/lib/python3.12/site-packages/airflow/example_dags/example_dataset_alias.py for tasks to queue
[2024-10-08T03:07:48.098+0000] {logging_mixin.py:190} INFO - [2024-10-08T03:07:48.098+0000] {dagbag.py:588} INFO - Filling up the DagBag from /home/airflow/.local/lib/python3.12/site-packages/airflow/example_dags/example_dataset_alias.py
[2024-10-08T03:07:48.162+0000] {processor.py:925} INFO - DAG(s) 'dataset_alias_example_alias_producer', 'dataset_s3_bucket_consumer', 'dataset_s3_bucket_producer', 'dataset_alias_example_alias_consumer' retrieved from /home/airflow/.local/lib/python3.12/site-packages/airflow/example_dags/example_dataset_alias.py
[2024-10-08T03:07:48.175+0000] {logging_mixin.py:190} INFO - [2024-10-08T03:07:48.175+0000] {dag.py:3239} INFO - Sync 4 DAGs
[2024-10-08T03:07:48.186+0000] {logging_mixin.py:190} INFO - [2024-10-08T03:07:48.186+0000] {dag.py:4180} INFO - Setting next_dagrun for dataset_alias_example_alias_consumer to None, run_after=None
[2024-10-08T03:07:48.188+0000] {logging_mixin.py:190} INFO - [2024-10-08T03:07:48.187+0000] {dag.py:4180} INFO - Setting next_dagrun for dataset_alias_example_alias_producer to None, run_after=None
[2024-10-08T03:07:48.188+0000] {logging_mixin.py:190} INFO - [2024-10-08T03:07:48.188+0000] {dag.py:4180} INFO - Setting next_dagrun for dataset_s3_bucket_consumer to None, run_after=None
[2024-10-08T03:07:48.189+0000] {logging_mixin.py:190} INFO - [2024-10-08T03:07:48.189+0000] {dag.py:4180} INFO - Setting next_dagrun for dataset_s3_bucket_producer to None, run_after=None
[2024-10-08T03:07:48.199+0000] {processor.py:208} INFO - Processing /home/airflow/.local/lib/python3.12/site-packages/airflow/example_dags/example_dataset_alias.py took 0.106 seconds
[2024-10-08T03:08:18.396+0000] {processor.py:186} INFO - Started process (PID=695) to work on /home/airflow/.local/lib/python3.12/site-packages/airflow/example_dags/example_dataset_alias.py
[2024-10-08T03:08:18.398+0000] {processor.py:914} INFO - Processing file /home/airflow/.local/lib/python3.12/site-packages/airflow/example_dags/example_dataset_alias.py for tasks to queue
[2024-10-08T03:08:18.399+0000] {logging_mixin.py:190} INFO - [2024-10-08T03:08:18.399+0000] {dagbag.py:588} INFO - Filling up the DagBag from /home/airflow/.local/lib/python3.12/site-packages/airflow/example_dags/example_dataset_alias.py
[2024-10-08T03:08:18.464+0000] {processor.py:925} INFO - DAG(s) 'dataset_alias_example_alias_consumer', 'dataset_s3_bucket_producer', 'dataset_s3_bucket_consumer', 'dataset_alias_example_alias_producer' retrieved from /home/airflow/.local/lib/python3.12/site-packages/airflow/example_dags/example_dataset_alias.py
[2024-10-08T03:08:18.476+0000] {logging_mixin.py:190} INFO - [2024-10-08T03:08:18.475+0000] {dag.py:3239} INFO - Sync 4 DAGs
[2024-10-08T03:08:18.486+0000] {logging_mixin.py:190} INFO - [2024-10-08T03:08:18.486+0000] {dag.py:4180} INFO - Setting next_dagrun for dataset_alias_example_alias_consumer to None, run_after=None
[2024-10-08T03:08:18.488+0000] {logging_mixin.py:190} INFO - [2024-10-08T03:08:18.488+0000] {dag.py:4180} INFO - Setting next_dagrun for dataset_alias_example_alias_producer to None, run_after=None
[2024-10-08T03:08:18.489+0000] {logging_mixin.py:190} INFO - [2024-10-08T03:08:18.489+0000] {dag.py:4180} INFO - Setting next_dagrun for dataset_s3_bucket_consumer to None, run_after=None
[2024-10-08T03:08:18.489+0000] {logging_mixin.py:190} INFO - [2024-10-08T03:08:18.489+0000] {dag.py:4180} INFO - Setting next_dagrun for dataset_s3_bucket_producer to None, run_after=None
[2024-10-08T03:08:18.499+0000] {processor.py:208} INFO - Processing /home/airflow/.local/lib/python3.12/site-packages/airflow/example_dags/example_dataset_alias.py took 0.106 seconds
[2024-10-08T03:08:48.789+0000] {processor.py:186} INFO - Started process (PID=996) to work on /home/airflow/.local/lib/python3.12/site-packages/airflow/example_dags/example_dataset_alias.py
[2024-10-08T03:08:48.789+0000] {processor.py:914} INFO - Processing file /home/airflow/.local/lib/python3.12/site-packages/airflow/example_dags/example_dataset_alias.py for tasks to queue
[2024-10-08T03:08:48.791+0000] {logging_mixin.py:190} INFO - [2024-10-08T03:08:48.790+0000] {dagbag.py:588} INFO - Filling up the DagBag from /home/airflow/.local/lib/python3.12/site-packages/airflow/example_dags/example_dataset_alias.py
[2024-10-08T03:08:48.856+0000] {processor.py:925} INFO - DAG(s) 'dataset_alias_example_alias_consumer', 'dataset_s3_bucket_producer', 'dataset_s3_bucket_consumer', 'dataset_alias_example_alias_producer' retrieved from /home/airflow/.local/lib/python3.12/site-packages/airflow/example_dags/example_dataset_alias.py
[2024-10-08T03:08:48.867+0000] {logging_mixin.py:190} INFO - [2024-10-08T03:08:48.867+0000] {dag.py:3239} INFO - Sync 4 DAGs
[2024-10-08T03:08:48.878+0000] {logging_mixin.py:190} INFO - [2024-10-08T03:08:48.878+0000] {dag.py:4180} INFO - Setting next_dagrun for dataset_alias_example_alias_consumer to None, run_after=None
[2024-10-08T03:08:48.880+0000] {logging_mixin.py:190} INFO - [2024-10-08T03:08:48.880+0000] {dag.py:4180} INFO - Setting next_dagrun for dataset_alias_example_alias_producer to None, run_after=None
[2024-10-08T03:08:48.881+0000] {logging_mixin.py:190} INFO - [2024-10-08T03:08:48.881+0000] {dag.py:4180} INFO - Setting next_dagrun for dataset_s3_bucket_consumer to None, run_after=None
[2024-10-08T03:08:48.882+0000] {logging_mixin.py:190} INFO - [2024-10-08T03:08:48.881+0000] {dag.py:4180} INFO - Setting next_dagrun for dataset_s3_bucket_producer to None, run_after=None
[2024-10-08T03:08:48.893+0000] {processor.py:208} INFO - Processing /home/airflow/.local/lib/python3.12/site-packages/airflow/example_dags/example_dataset_alias.py took 0.107 seconds
[2024-10-08T03:09:19.192+0000] {processor.py:186} INFO - Started process (PID=1297) to work on /home/airflow/.local/lib/python3.12/site-packages/airflow/example_dags/example_dataset_alias.py
[2024-10-08T03:09:19.192+0000] {processor.py:914} INFO - Processing file /home/airflow/.local/lib/python3.12/site-packages/airflow/example_dags/example_dataset_alias.py for tasks to queue
[2024-10-08T03:09:19.193+0000] {logging_mixin.py:190} INFO - [2024-10-08T03:09:19.193+0000] {dagbag.py:588} INFO - Filling up the DagBag from /home/airflow/.local/lib/python3.12/site-packages/airflow/example_dags/example_dataset_alias.py
[2024-10-08T03:09:19.258+0000] {processor.py:925} INFO - DAG(s) 'dataset_s3_bucket_consumer', 'dataset_alias_example_alias_consumer', 'dataset_s3_bucket_producer', 'dataset_alias_example_alias_producer' retrieved from /home/airflow/.local/lib/python3.12/site-packages/airflow/example_dags/example_dataset_alias.py
[2024-10-08T03:09:19.269+0000] {logging_mixin.py:190} INFO - [2024-10-08T03:09:19.269+0000] {dag.py:3239} INFO - Sync 4 DAGs
[2024-10-08T03:09:19.281+0000] {logging_mixin.py:190} INFO - [2024-10-08T03:09:19.281+0000] {dag.py:4180} INFO - Setting next_dagrun for dataset_alias_example_alias_consumer to None, run_after=None
[2024-10-08T03:09:19.282+0000] {logging_mixin.py:190} INFO - [2024-10-08T03:09:19.282+0000] {dag.py:4180} INFO - Setting next_dagrun for dataset_alias_example_alias_producer to None, run_after=None
[2024-10-08T03:09:19.283+0000] {logging_mixin.py:190} INFO - [2024-10-08T03:09:19.283+0000] {dag.py:4180} INFO - Setting next_dagrun for dataset_s3_bucket_consumer to None, run_after=None
[2024-10-08T03:09:19.284+0000] {logging_mixin.py:190} INFO - [2024-10-08T03:09:19.284+0000] {dag.py:4180} INFO - Setting next_dagrun for dataset_s3_bucket_producer to None, run_after=None
[2024-10-08T03:09:19.294+0000] {processor.py:208} INFO - Processing /home/airflow/.local/lib/python3.12/site-packages/airflow/example_dags/example_dataset_alias.py took 0.105 seconds
[2024-10-08T03:09:49.562+0000] {processor.py:186} INFO - Started process (PID=1600) to work on /home/airflow/.local/lib/python3.12/site-packages/airflow/example_dags/example_dataset_alias.py
[2024-10-08T03:09:49.563+0000] {processor.py:914} INFO - Processing file /home/airflow/.local/lib/python3.12/site-packages/airflow/example_dags/example_dataset_alias.py for tasks to queue
[2024-10-08T03:09:49.564+0000] {logging_mixin.py:190} INFO - [2024-10-08T03:09:49.564+0000] {dagbag.py:588} INFO - Filling up the DagBag from /home/airflow/.local/lib/python3.12/site-packages/airflow/example_dags/example_dataset_alias.py
[2024-10-08T03:09:49.628+0000] {processor.py:925} INFO - DAG(s) 'dataset_s3_bucket_producer', 'dataset_s3_bucket_consumer', 'dataset_alias_example_alias_producer', 'dataset_alias_example_alias_consumer' retrieved from /home/airflow/.local/lib/python3.12/site-packages/airflow/example_dags/example_dataset_alias.py
[2024-10-08T03:09:49.639+0000] {logging_mixin.py:190} INFO - [2024-10-08T03:09:49.638+0000] {dag.py:3239} INFO - Sync 4 DAGs
[2024-10-08T03:09:49.651+0000] {logging_mixin.py:190} INFO - [2024-10-08T03:09:49.651+0000] {dag.py:4180} INFO - Setting next_dagrun for dataset_alias_example_alias_consumer to None, run_after=None
[2024-10-08T03:09:49.653+0000] {logging_mixin.py:190} INFO - [2024-10-08T03:09:49.653+0000] {dag.py:4180} INFO - Setting next_dagrun for dataset_alias_example_alias_producer to None, run_after=None
[2024-10-08T03:09:49.654+0000] {logging_mixin.py:190} INFO - [2024-10-08T03:09:49.654+0000] {dag.py:4180} INFO - Setting next_dagrun for dataset_s3_bucket_consumer to None, run_after=None
[2024-10-08T03:09:49.654+0000] {logging_mixin.py:190} INFO - [2024-10-08T03:09:49.654+0000] {dag.py:4180} INFO - Setting next_dagrun for dataset_s3_bucket_producer to None, run_after=None
[2024-10-08T03:09:49.665+0000] {processor.py:208} INFO - Processing /home/airflow/.local/lib/python3.12/site-packages/airflow/example_dags/example_dataset_alias.py took 0.106 seconds
[2024-10-08T03:10:19.817+0000] {processor.py:186} INFO - Started process (PID=1905) to work on /home/airflow/.local/lib/python3.12/site-packages/airflow/example_dags/example_dataset_alias.py
[2024-10-08T03:10:19.817+0000] {processor.py:914} INFO - Processing file /home/airflow/.local/lib/python3.12/site-packages/airflow/example_dags/example_dataset_alias.py for tasks to queue
[2024-10-08T03:10:19.819+0000] {logging_mixin.py:190} INFO - [2024-10-08T03:10:19.818+0000] {dagbag.py:588} INFO - Filling up the DagBag from /home/airflow/.local/lib/python3.12/site-packages/airflow/example_dags/example_dataset_alias.py
[2024-10-08T03:10:19.887+0000] {processor.py:925} INFO - DAG(s) 'dataset_s3_bucket_producer', 'dataset_alias_example_alias_consumer', 'dataset_s3_bucket_consumer', 'dataset_alias_example_alias_producer' retrieved from /home/airflow/.local/lib/python3.12/site-packages/airflow/example_dags/example_dataset_alias.py
[2024-10-08T03:10:19.898+0000] {logging_mixin.py:190} INFO - [2024-10-08T03:10:19.898+0000] {dag.py:3239} INFO - Sync 4 DAGs
[2024-10-08T03:10:19.911+0000] {logging_mixin.py:190} INFO - [2024-10-08T03:10:19.911+0000] {dag.py:4180} INFO - Setting next_dagrun for dataset_alias_example_alias_consumer to None, run_after=None
[2024-10-08T03:10:19.913+0000] {logging_mixin.py:190} INFO - [2024-10-08T03:10:19.913+0000] {dag.py:4180} INFO - Setting next_dagrun for dataset_alias_example_alias_producer to None, run_after=None
[2024-10-08T03:10:19.914+0000] {logging_mixin.py:190} INFO - [2024-10-08T03:10:19.913+0000] {dag.py:4180} INFO - Setting next_dagrun for dataset_s3_bucket_consumer to None, run_after=None
[2024-10-08T03:10:19.914+0000] {logging_mixin.py:190} INFO - [2024-10-08T03:10:19.914+0000] {dag.py:4180} INFO - Setting next_dagrun for dataset_s3_bucket_producer to None, run_after=None
[2024-10-08T03:10:19.926+0000] {processor.py:208} INFO - Processing /home/airflow/.local/lib/python3.12/site-packages/airflow/example_dags/example_dataset_alias.py took 0.112 seconds
[2024-10-08T03:10:50.099+0000] {processor.py:186} INFO - Started process (PID=2261) to work on /home/airflow/.local/lib/python3.12/site-packages/airflow/example_dags/example_dataset_alias.py
[2024-10-08T03:10:50.099+0000] {processor.py:914} INFO - Processing file /home/airflow/.local/lib/python3.12/site-packages/airflow/example_dags/example_dataset_alias.py for tasks to queue
[2024-10-08T03:10:50.100+0000] {logging_mixin.py:190} INFO - [2024-10-08T03:10:50.100+0000] {dagbag.py:588} INFO - Filling up the DagBag from /home/airflow/.local/lib/python3.12/site-packages/airflow/example_dags/example_dataset_alias.py
[2024-10-08T03:10:50.169+0000] {processor.py:925} INFO - DAG(s) 'dataset_s3_bucket_producer', 'dataset_alias_example_alias_producer', 'dataset_alias_example_alias_consumer', 'dataset_s3_bucket_consumer' retrieved from /home/airflow/.local/lib/python3.12/site-packages/airflow/example_dags/example_dataset_alias.py
[2024-10-08T03:10:50.180+0000] {logging_mixin.py:190} INFO - [2024-10-08T03:10:50.180+0000] {dag.py:3239} INFO - Sync 4 DAGs
[2024-10-08T03:10:50.194+0000] {logging_mixin.py:190} INFO - [2024-10-08T03:10:50.194+0000] {dag.py:4180} INFO - Setting next_dagrun for dataset_alias_example_alias_consumer to None, run_after=None
[2024-10-08T03:10:50.195+0000] {logging_mixin.py:190} INFO - [2024-10-08T03:10:50.195+0000] {dag.py:4180} INFO - Setting next_dagrun for dataset_alias_example_alias_producer to None, run_after=None
[2024-10-08T03:10:50.196+0000] {logging_mixin.py:190} INFO - [2024-10-08T03:10:50.196+0000] {dag.py:4180} INFO - Setting next_dagrun for dataset_s3_bucket_consumer to None, run_after=None
[2024-10-08T03:10:50.197+0000] {logging_mixin.py:190} INFO - [2024-10-08T03:10:50.197+0000] {dag.py:4180} INFO - Setting next_dagrun for dataset_s3_bucket_producer to None, run_after=None
[2024-10-08T03:10:50.208+0000] {processor.py:208} INFO - Processing /home/airflow/.local/lib/python3.12/site-packages/airflow/example_dags/example_dataset_alias.py took 0.112 seconds
[2024-10-08T03:11:20.244+0000] {processor.py:186} INFO - Started process (PID=2568) to work on /home/airflow/.local/lib/python3.12/site-packages/airflow/example_dags/example_dataset_alias.py
[2024-10-08T03:11:20.244+0000] {processor.py:914} INFO - Processing file /home/airflow/.local/lib/python3.12/site-packages/airflow/example_dags/example_dataset_alias.py for tasks to queue
[2024-10-08T03:11:20.246+0000] {logging_mixin.py:190} INFO - [2024-10-08T03:11:20.245+0000] {dagbag.py:588} INFO - Filling up the DagBag from /home/airflow/.local/lib/python3.12/site-packages/airflow/example_dags/example_dataset_alias.py
[2024-10-08T03:11:20.318+0000] {processor.py:925} INFO - DAG(s) 'dataset_s3_bucket_consumer', 'dataset_alias_example_alias_consumer', 'dataset_s3_bucket_producer', 'dataset_alias_example_alias_producer' retrieved from /home/airflow/.local/lib/python3.12/site-packages/airflow/example_dags/example_dataset_alias.py
[2024-10-08T03:11:20.329+0000] {logging_mixin.py:190} INFO - [2024-10-08T03:11:20.329+0000] {dag.py:3239} INFO - Sync 4 DAGs
[2024-10-08T03:11:20.340+0000] {logging_mixin.py:190} INFO - [2024-10-08T03:11:20.340+0000] {dag.py:4180} INFO - Setting next_dagrun for dataset_alias_example_alias_consumer to None, run_after=None
[2024-10-08T03:11:20.342+0000] {logging_mixin.py:190} INFO - [2024-10-08T03:11:20.342+0000] {dag.py:4180} INFO - Setting next_dagrun for dataset_alias_example_alias_producer to None, run_after=None
[2024-10-08T03:11:20.342+0000] {logging_mixin.py:190} INFO - [2024-10-08T03:11:20.342+0000] {dag.py:4180} INFO - Setting next_dagrun for dataset_s3_bucket_consumer to None, run_after=None
[2024-10-08T03:11:20.343+0000] {logging_mixin.py:190} INFO - [2024-10-08T03:11:20.343+0000] {dag.py:4180} INFO - Setting next_dagrun for dataset_s3_bucket_producer to None, run_after=None
[2024-10-08T03:11:20.353+0000] {processor.py:208} INFO - Processing /home/airflow/.local/lib/python3.12/site-packages/airflow/example_dags/example_dataset_alias.py took 0.112 seconds
[2024-10-08T03:11:50.549+0000] {processor.py:186} INFO - Started process (PID=2865) to work on /home/airflow/.local/lib/python3.12/site-packages/airflow/example_dags/example_dataset_alias.py
[2024-10-08T03:11:50.549+0000] {processor.py:914} INFO - Processing file /home/airflow/.local/lib/python3.12/site-packages/airflow/example_dags/example_dataset_alias.py for tasks to queue
[2024-10-08T03:11:50.551+0000] {logging_mixin.py:190} INFO - [2024-10-08T03:11:50.551+0000] {dagbag.py:588} INFO - Filling up the DagBag from /home/airflow/.local/lib/python3.12/site-packages/airflow/example_dags/example_dataset_alias.py
[2024-10-08T03:11:50.618+0000] {processor.py:925} INFO - DAG(s) 'dataset_s3_bucket_consumer', 'dataset_s3_bucket_producer', 'dataset_alias_example_alias_producer', 'dataset_alias_example_alias_consumer' retrieved from /home/airflow/.local/lib/python3.12/site-packages/airflow/example_dags/example_dataset_alias.py
[2024-10-08T03:11:50.628+0000] {logging_mixin.py:190} INFO - [2024-10-08T03:11:50.628+0000] {dag.py:3239} INFO - Sync 4 DAGs
[2024-10-08T03:11:50.639+0000] {logging_mixin.py:190} INFO - [2024-10-08T03:11:50.639+0000] {dag.py:4180} INFO - Setting next_dagrun for dataset_alias_example_alias_consumer to None, run_after=None
[2024-10-08T03:11:50.640+0000] {logging_mixin.py:190} INFO - [2024-10-08T03:11:50.640+0000] {dag.py:4180} INFO - Setting next_dagrun for dataset_alias_example_alias_producer to None, run_after=None
[2024-10-08T03:11:50.641+0000] {logging_mixin.py:190} INFO - [2024-10-08T03:11:50.641+0000] {dag.py:4180} INFO - Setting next_dagrun for dataset_s3_bucket_consumer to None, run_after=None
[2024-10-08T03:11:50.642+0000] {logging_mixin.py:190} INFO - [2024-10-08T03:11:50.642+0000] {dag.py:4180} INFO - Setting next_dagrun for dataset_s3_bucket_producer to None, run_after=None
[2024-10-08T03:11:50.653+0000] {processor.py:208} INFO - Processing /home/airflow/.local/lib/python3.12/site-packages/airflow/example_dags/example_dataset_alias.py took 0.107 seconds
[2024-10-08T03:12:20.813+0000] {processor.py:186} INFO - Started process (PID=3166) to work on /home/airflow/.local/lib/python3.12/site-packages/airflow/example_dags/example_dataset_alias.py
[2024-10-08T03:12:20.813+0000] {processor.py:914} INFO - Processing file /home/airflow/.local/lib/python3.12/site-packages/airflow/example_dags/example_dataset_alias.py for tasks to queue
[2024-10-08T03:12:20.814+0000] {logging_mixin.py:190} INFO - [2024-10-08T03:12:20.814+0000] {dagbag.py:588} INFO - Filling up the DagBag from /home/airflow/.local/lib/python3.12/site-packages/airflow/example_dags/example_dataset_alias.py
[2024-10-08T03:12:20.880+0000] {processor.py:925} INFO - DAG(s) 'dataset_s3_bucket_producer', 'dataset_alias_example_alias_consumer', 'dataset_s3_bucket_consumer', 'dataset_alias_example_alias_producer' retrieved from /home/airflow/.local/lib/python3.12/site-packages/airflow/example_dags/example_dataset_alias.py
[2024-10-08T03:12:20.891+0000] {logging_mixin.py:190} INFO - [2024-10-08T03:12:20.891+0000] {dag.py:3239} INFO - Sync 4 DAGs
[2024-10-08T03:12:20.902+0000] {logging_mixin.py:190} INFO - [2024-10-08T03:12:20.901+0000] {dag.py:4180} INFO - Setting next_dagrun for dataset_alias_example_alias_consumer to None, run_after=None
[2024-10-08T03:12:20.903+0000] {logging_mixin.py:190} INFO - [2024-10-08T03:12:20.903+0000] {dag.py:4180} INFO - Setting next_dagrun for dataset_alias_example_alias_producer to None, run_after=None
[2024-10-08T03:12:20.904+0000] {logging_mixin.py:190} INFO - [2024-10-08T03:12:20.904+0000] {dag.py:4180} INFO - Setting next_dagrun for dataset_s3_bucket_consumer to None, run_after=None
[2024-10-08T03:12:20.904+0000] {logging_mixin.py:190} INFO - [2024-10-08T03:12:20.904+0000] {dag.py:4180} INFO - Setting next_dagrun for dataset_s3_bucket_producer to None, run_after=None
[2024-10-08T03:12:20.914+0000] {processor.py:208} INFO - Processing /home/airflow/.local/lib/python3.12/site-packages/airflow/example_dags/example_dataset_alias.py took 0.104 seconds
[2024-10-08T03:12:50.960+0000] {processor.py:186} INFO - Started process (PID=3474) to work on /home/airflow/.local/lib/python3.12/site-packages/airflow/example_dags/example_dataset_alias.py
[2024-10-08T03:12:50.960+0000] {processor.py:914} INFO - Processing file /home/airflow/.local/lib/python3.12/site-packages/airflow/example_dags/example_dataset_alias.py for tasks to queue
[2024-10-08T03:12:50.962+0000] {logging_mixin.py:190} INFO - [2024-10-08T03:12:50.961+0000] {dagbag.py:588} INFO - Filling up the DagBag from /home/airflow/.local/lib/python3.12/site-packages/airflow/example_dags/example_dataset_alias.py
[2024-10-08T03:12:51.027+0000] {processor.py:925} INFO - DAG(s) 'dataset_alias_example_alias_producer', 'dataset_alias_example_alias_consumer', 'dataset_s3_bucket_consumer', 'dataset_s3_bucket_producer' retrieved from /home/airflow/.local/lib/python3.12/site-packages/airflow/example_dags/example_dataset_alias.py
[2024-10-08T03:12:51.037+0000] {logging_mixin.py:190} INFO - [2024-10-08T03:12:51.037+0000] {dag.py:3239} INFO - Sync 4 DAGs
[2024-10-08T03:12:51.047+0000] {logging_mixin.py:190} INFO - [2024-10-08T03:12:51.047+0000] {dag.py:4180} INFO - Setting next_dagrun for dataset_alias_example_alias_consumer to None, run_after=None
[2024-10-08T03:12:51.049+0000] {logging_mixin.py:190} INFO - [2024-10-08T03:12:51.049+0000] {dag.py:4180} INFO - Setting next_dagrun for dataset_alias_example_alias_producer to None, run_after=None
[2024-10-08T03:12:51.049+0000] {logging_mixin.py:190} INFO - [2024-10-08T03:12:51.049+0000] {dag.py:4180} INFO - Setting next_dagrun for dataset_s3_bucket_consumer to None, run_after=None
[2024-10-08T03:12:51.050+0000] {logging_mixin.py:190} INFO - [2024-10-08T03:12:51.050+0000] {dag.py:4180} INFO - Setting next_dagrun for dataset_s3_bucket_producer to None, run_after=None
[2024-10-08T03:12:51.061+0000] {processor.py:208} INFO - Processing /home/airflow/.local/lib/python3.12/site-packages/airflow/example_dags/example_dataset_alias.py took 0.104 seconds
[2024-10-08T03:13:21.175+0000] {processor.py:186} INFO - Started process (PID=3768) to work on /home/airflow/.local/lib/python3.12/site-packages/airflow/example_dags/example_dataset_alias.py
[2024-10-08T03:13:21.176+0000] {processor.py:914} INFO - Processing file /home/airflow/.local/lib/python3.12/site-packages/airflow/example_dags/example_dataset_alias.py for tasks to queue
[2024-10-08T03:13:21.177+0000] {logging_mixin.py:190} INFO - [2024-10-08T03:13:21.177+0000] {dagbag.py:588} INFO - Filling up the DagBag from /home/airflow/.local/lib/python3.12/site-packages/airflow/example_dags/example_dataset_alias.py
[2024-10-08T03:13:21.241+0000] {processor.py:925} INFO - DAG(s) 'dataset_s3_bucket_producer', 'dataset_alias_example_alias_consumer', 'dataset_alias_example_alias_producer', 'dataset_s3_bucket_consumer' retrieved from /home/airflow/.local/lib/python3.12/site-packages/airflow/example_dags/example_dataset_alias.py
[2024-10-08T03:13:21.252+0000] {logging_mixin.py:190} INFO - [2024-10-08T03:13:21.252+0000] {dag.py:3239} INFO - Sync 4 DAGs
[2024-10-08T03:13:21.263+0000] {logging_mixin.py:190} INFO - [2024-10-08T03:13:21.263+0000] {dag.py:4180} INFO - Setting next_dagrun for dataset_alias_example_alias_consumer to None, run_after=None
[2024-10-08T03:13:21.265+0000] {logging_mixin.py:190} INFO - [2024-10-08T03:13:21.265+0000] {dag.py:4180} INFO - Setting next_dagrun for dataset_alias_example_alias_producer to None, run_after=None
[2024-10-08T03:13:21.266+0000] {logging_mixin.py:190} INFO - [2024-10-08T03:13:21.266+0000] {dag.py:4180} INFO - Setting next_dagrun for dataset_s3_bucket_consumer to None, run_after=None
[2024-10-08T03:13:21.266+0000] {logging_mixin.py:190} INFO - [2024-10-08T03:13:21.266+0000] {dag.py:4180} INFO - Setting next_dagrun for dataset_s3_bucket_producer to None, run_after=None
[2024-10-08T03:13:21.277+0000] {processor.py:208} INFO - Processing /home/airflow/.local/lib/python3.12/site-packages/airflow/example_dags/example_dataset_alias.py took 0.104 seconds
[2024-10-08T03:13:51.507+0000] {processor.py:186} INFO - Started process (PID=4071) to work on /home/airflow/.local/lib/python3.12/site-packages/airflow/example_dags/example_dataset_alias.py
[2024-10-08T03:13:51.508+0000] {processor.py:914} INFO - Processing file /home/airflow/.local/lib/python3.12/site-packages/airflow/example_dags/example_dataset_alias.py for tasks to queue
[2024-10-08T03:13:51.509+0000] {logging_mixin.py:190} INFO - [2024-10-08T03:13:51.509+0000] {dagbag.py:588} INFO - Filling up the DagBag from /home/airflow/.local/lib/python3.12/site-packages/airflow/example_dags/example_dataset_alias.py
[2024-10-08T03:13:51.574+0000] {processor.py:925} INFO - DAG(s) 'dataset_alias_example_alias_consumer', 'dataset_s3_bucket_consumer', 'dataset_alias_example_alias_producer', 'dataset_s3_bucket_producer' retrieved from /home/airflow/.local/lib/python3.12/site-packages/airflow/example_dags/example_dataset_alias.py
[2024-10-08T03:13:51.584+0000] {logging_mixin.py:190} INFO - [2024-10-08T03:13:51.584+0000] {dag.py:3239} INFO - Sync 4 DAGs
[2024-10-08T03:13:51.594+0000] {logging_mixin.py:190} INFO - [2024-10-08T03:13:51.594+0000] {dag.py:4180} INFO - Setting next_dagrun for dataset_alias_example_alias_consumer to None, run_after=None
[2024-10-08T03:13:51.596+0000] {logging_mixin.py:190} INFO - [2024-10-08T03:13:51.596+0000] {dag.py:4180} INFO - Setting next_dagrun for dataset_alias_example_alias_producer to None, run_after=None
[2024-10-08T03:13:51.597+0000] {logging_mixin.py:190} INFO - [2024-10-08T03:13:51.597+0000] {dag.py:4180} INFO - Setting next_dagrun for dataset_s3_bucket_consumer to None, run_after=None
[2024-10-08T03:13:51.598+0000] {logging_mixin.py:190} INFO - [2024-10-08T03:13:51.597+0000] {dag.py:4180} INFO - Setting next_dagrun for dataset_s3_bucket_producer to None, run_after=None
[2024-10-08T03:13:51.608+0000] {processor.py:208} INFO - Processing /home/airflow/.local/lib/python3.12/site-packages/airflow/example_dags/example_dataset_alias.py took 0.104 seconds
[2024-10-08T03:14:21.706+0000] {processor.py:186} INFO - Started process (PID=4375) to work on /home/airflow/.local/lib/python3.12/site-packages/airflow/example_dags/example_dataset_alias.py
[2024-10-08T03:14:21.707+0000] {processor.py:914} INFO - Processing file /home/airflow/.local/lib/python3.12/site-packages/airflow/example_dags/example_dataset_alias.py for tasks to queue
[2024-10-08T03:14:21.708+0000] {logging_mixin.py:190} INFO - [2024-10-08T03:14:21.708+0000] {dagbag.py:588} INFO - Filling up the DagBag from /home/airflow/.local/lib/python3.12/site-packages/airflow/example_dags/example_dataset_alias.py
[2024-10-08T03:14:21.773+0000] {processor.py:925} INFO - DAG(s) 'dataset_s3_bucket_producer', 'dataset_alias_example_alias_consumer', 'dataset_alias_example_alias_producer', 'dataset_s3_bucket_consumer' retrieved from /home/airflow/.local/lib/python3.12/site-packages/airflow/example_dags/example_dataset_alias.py
[2024-10-08T03:14:21.784+0000] {logging_mixin.py:190} INFO - [2024-10-08T03:14:21.783+0000] {dag.py:3239} INFO - Sync 4 DAGs
[2024-10-08T03:14:21.795+0000] {logging_mixin.py:190} INFO - [2024-10-08T03:14:21.795+0000] {dag.py:4180} INFO - Setting next_dagrun for dataset_alias_example_alias_consumer to None, run_after=None
[2024-10-08T03:14:21.797+0000] {logging_mixin.py:190} INFO - [2024-10-08T03:14:21.797+0000] {dag.py:4180} INFO - Setting next_dagrun for dataset_alias_example_alias_producer to None, run_after=None
[2024-10-08T03:14:21.798+0000] {logging_mixin.py:190} INFO - [2024-10-08T03:14:21.798+0000] {dag.py:4180} INFO - Setting next_dagrun for dataset_s3_bucket_consumer to None, run_after=None
[2024-10-08T03:14:21.799+0000] {logging_mixin.py:190} INFO - [2024-10-08T03:14:21.798+0000] {dag.py:4180} INFO - Setting next_dagrun for dataset_s3_bucket_producer to None, run_after=None
[2024-10-08T03:14:21.810+0000] {processor.py:208} INFO - Processing /home/airflow/.local/lib/python3.12/site-packages/airflow/example_dags/example_dataset_alias.py took 0.106 seconds
