[2024-10-08T03:07:47.505+0000] {processor.py:186} INFO - Started process (PID=324) to work on /home/airflow/.local/lib/python3.12/site-packages/airflow/example_dags/example_skip_dag.py
[2024-10-08T03:07:47.506+0000] {processor.py:914} INFO - Processing file /home/airflow/.local/lib/python3.12/site-packages/airflow/example_dags/example_skip_dag.py for tasks to queue
[2024-10-08T03:07:47.507+0000] {logging_mixin.py:190} INFO - [2024-10-08T03:07:47.507+0000] {dagbag.py:588} INFO - Filling up the DagBag from /home/airflow/.local/lib/python3.12/site-packages/airflow/example_dags/example_skip_dag.py
[2024-10-08T03:07:47.511+0000] {processor.py:925} INFO - DAG(s) 'example_skip_dag' retrieved from /home/airflow/.local/lib/python3.12/site-packages/airflow/example_dags/example_skip_dag.py
[2024-10-08T03:07:47.525+0000] {logging_mixin.py:190} INFO - [2024-10-08T03:07:47.525+0000] {dag.py:3239} INFO - Sync 1 DAGs
[2024-10-08T03:07:47.537+0000] {logging_mixin.py:190} INFO - [2024-10-08T03:07:47.537+0000] {dag.py:4180} INFO - Setting next_dagrun for example_skip_dag to 2024-10-07 00:00:00+00:00, run_after=2024-10-08 00:00:00+00:00
[2024-10-08T03:07:47.546+0000] {processor.py:208} INFO - Processing /home/airflow/.local/lib/python3.12/site-packages/airflow/example_dags/example_skip_dag.py took 0.043 seconds
[2024-10-08T03:08:17.842+0000] {processor.py:186} INFO - Started process (PID=627) to work on /home/airflow/.local/lib/python3.12/site-packages/airflow/example_dags/example_skip_dag.py
[2024-10-08T03:08:17.843+0000] {processor.py:914} INFO - Processing file /home/airflow/.local/lib/python3.12/site-packages/airflow/example_dags/example_skip_dag.py for tasks to queue
[2024-10-08T03:08:17.844+0000] {logging_mixin.py:190} INFO - [2024-10-08T03:08:17.844+0000] {dagbag.py:588} INFO - Filling up the DagBag from /home/airflow/.local/lib/python3.12/site-packages/airflow/example_dags/example_skip_dag.py
[2024-10-08T03:08:17.848+0000] {processor.py:925} INFO - DAG(s) 'example_skip_dag' retrieved from /home/airflow/.local/lib/python3.12/site-packages/airflow/example_dags/example_skip_dag.py
[2024-10-08T03:08:17.858+0000] {logging_mixin.py:190} INFO - [2024-10-08T03:08:17.858+0000] {dag.py:3239} INFO - Sync 1 DAGs
[2024-10-08T03:08:17.869+0000] {logging_mixin.py:190} INFO - [2024-10-08T03:08:17.869+0000] {dag.py:4180} INFO - Setting next_dagrun for example_skip_dag to 2024-10-07 00:00:00+00:00, run_after=2024-10-08 00:00:00+00:00
[2024-10-08T03:08:17.877+0000] {processor.py:208} INFO - Processing /home/airflow/.local/lib/python3.12/site-packages/airflow/example_dags/example_skip_dag.py took 0.038 seconds
[2024-10-08T03:08:48.270+0000] {processor.py:186} INFO - Started process (PID=926) to work on /home/airflow/.local/lib/python3.12/site-packages/airflow/example_dags/example_skip_dag.py
[2024-10-08T03:08:48.271+0000] {processor.py:914} INFO - Processing file /home/airflow/.local/lib/python3.12/site-packages/airflow/example_dags/example_skip_dag.py for tasks to queue
[2024-10-08T03:08:48.272+0000] {logging_mixin.py:190} INFO - [2024-10-08T03:08:48.272+0000] {dagbag.py:588} INFO - Filling up the DagBag from /home/airflow/.local/lib/python3.12/site-packages/airflow/example_dags/example_skip_dag.py
[2024-10-08T03:08:48.275+0000] {processor.py:925} INFO - DAG(s) 'example_skip_dag' retrieved from /home/airflow/.local/lib/python3.12/site-packages/airflow/example_dags/example_skip_dag.py
[2024-10-08T03:08:48.287+0000] {logging_mixin.py:190} INFO - [2024-10-08T03:08:48.287+0000] {dag.py:3239} INFO - Sync 1 DAGs
[2024-10-08T03:08:48.298+0000] {logging_mixin.py:190} INFO - [2024-10-08T03:08:48.298+0000] {dag.py:4180} INFO - Setting next_dagrun for example_skip_dag to 2024-10-07 00:00:00+00:00, run_after=2024-10-08 00:00:00+00:00
[2024-10-08T03:08:48.306+0000] {processor.py:208} INFO - Processing /home/airflow/.local/lib/python3.12/site-packages/airflow/example_dags/example_skip_dag.py took 0.038 seconds
[2024-10-08T03:09:18.680+0000] {processor.py:186} INFO - Started process (PID=1227) to work on /home/airflow/.local/lib/python3.12/site-packages/airflow/example_dags/example_skip_dag.py
[2024-10-08T03:09:18.681+0000] {processor.py:914} INFO - Processing file /home/airflow/.local/lib/python3.12/site-packages/airflow/example_dags/example_skip_dag.py for tasks to queue
[2024-10-08T03:09:18.682+0000] {logging_mixin.py:190} INFO - [2024-10-08T03:09:18.682+0000] {dagbag.py:588} INFO - Filling up the DagBag from /home/airflow/.local/lib/python3.12/site-packages/airflow/example_dags/example_skip_dag.py
[2024-10-08T03:09:18.685+0000] {processor.py:925} INFO - DAG(s) 'example_skip_dag' retrieved from /home/airflow/.local/lib/python3.12/site-packages/airflow/example_dags/example_skip_dag.py
[2024-10-08T03:09:18.696+0000] {logging_mixin.py:190} INFO - [2024-10-08T03:09:18.696+0000] {dag.py:3239} INFO - Sync 1 DAGs
[2024-10-08T03:09:18.707+0000] {logging_mixin.py:190} INFO - [2024-10-08T03:09:18.707+0000] {dag.py:4180} INFO - Setting next_dagrun for example_skip_dag to 2024-10-07 00:00:00+00:00, run_after=2024-10-08 00:00:00+00:00
[2024-10-08T03:09:18.716+0000] {processor.py:208} INFO - Processing /home/airflow/.local/lib/python3.12/site-packages/airflow/example_dags/example_skip_dag.py took 0.039 seconds
[2024-10-08T03:09:49.080+0000] {processor.py:186} INFO - Started process (PID=1528) to work on /home/airflow/.local/lib/python3.12/site-packages/airflow/example_dags/example_skip_dag.py
[2024-10-08T03:09:49.081+0000] {processor.py:914} INFO - Processing file /home/airflow/.local/lib/python3.12/site-packages/airflow/example_dags/example_skip_dag.py for tasks to queue
[2024-10-08T03:09:49.082+0000] {logging_mixin.py:190} INFO - [2024-10-08T03:09:49.082+0000] {dagbag.py:588} INFO - Filling up the DagBag from /home/airflow/.local/lib/python3.12/site-packages/airflow/example_dags/example_skip_dag.py
[2024-10-08T03:09:49.086+0000] {processor.py:925} INFO - DAG(s) 'example_skip_dag' retrieved from /home/airflow/.local/lib/python3.12/site-packages/airflow/example_dags/example_skip_dag.py
[2024-10-08T03:09:49.096+0000] {logging_mixin.py:190} INFO - [2024-10-08T03:09:49.096+0000] {dag.py:3239} INFO - Sync 1 DAGs
[2024-10-08T03:09:49.107+0000] {logging_mixin.py:190} INFO - [2024-10-08T03:09:49.107+0000] {dag.py:4180} INFO - Setting next_dagrun for example_skip_dag to 2024-10-07 00:00:00+00:00, run_after=2024-10-08 00:00:00+00:00
[2024-10-08T03:09:49.115+0000] {processor.py:208} INFO - Processing /home/airflow/.local/lib/python3.12/site-packages/airflow/example_dags/example_skip_dag.py took 0.038 seconds
[2024-10-08T03:10:19.330+0000] {processor.py:186} INFO - Started process (PID=1829) to work on /home/airflow/.local/lib/python3.12/site-packages/airflow/example_dags/example_skip_dag.py
[2024-10-08T03:10:19.330+0000] {processor.py:914} INFO - Processing file /home/airflow/.local/lib/python3.12/site-packages/airflow/example_dags/example_skip_dag.py for tasks to queue
[2024-10-08T03:10:19.331+0000] {logging_mixin.py:190} INFO - [2024-10-08T03:10:19.331+0000] {dagbag.py:588} INFO - Filling up the DagBag from /home/airflow/.local/lib/python3.12/site-packages/airflow/example_dags/example_skip_dag.py
[2024-10-08T03:10:19.335+0000] {processor.py:925} INFO - DAG(s) 'example_skip_dag' retrieved from /home/airflow/.local/lib/python3.12/site-packages/airflow/example_dags/example_skip_dag.py
[2024-10-08T03:10:19.346+0000] {logging_mixin.py:190} INFO - [2024-10-08T03:10:19.345+0000] {dag.py:3239} INFO - Sync 1 DAGs
[2024-10-08T03:10:19.357+0000] {logging_mixin.py:190} INFO - [2024-10-08T03:10:19.357+0000] {dag.py:4180} INFO - Setting next_dagrun for example_skip_dag to 2024-10-07 00:00:00+00:00, run_after=2024-10-08 00:00:00+00:00
[2024-10-08T03:10:19.366+0000] {processor.py:208} INFO - Processing /home/airflow/.local/lib/python3.12/site-packages/airflow/example_dags/example_skip_dag.py took 0.039 seconds
[2024-10-08T03:10:49.412+0000] {processor.py:186} INFO - Started process (PID=2181) to work on /home/airflow/.local/lib/python3.12/site-packages/airflow/example_dags/example_skip_dag.py
[2024-10-08T03:10:49.413+0000] {processor.py:914} INFO - Processing file /home/airflow/.local/lib/python3.12/site-packages/airflow/example_dags/example_skip_dag.py for tasks to queue
[2024-10-08T03:10:49.414+0000] {logging_mixin.py:190} INFO - [2024-10-08T03:10:49.414+0000] {dagbag.py:588} INFO - Filling up the DagBag from /home/airflow/.local/lib/python3.12/site-packages/airflow/example_dags/example_skip_dag.py
[2024-10-08T03:10:49.418+0000] {processor.py:925} INFO - DAG(s) 'example_skip_dag' retrieved from /home/airflow/.local/lib/python3.12/site-packages/airflow/example_dags/example_skip_dag.py
[2024-10-08T03:10:49.429+0000] {logging_mixin.py:190} INFO - [2024-10-08T03:10:49.429+0000] {dag.py:3239} INFO - Sync 1 DAGs
[2024-10-08T03:10:49.440+0000] {logging_mixin.py:190} INFO - [2024-10-08T03:10:49.440+0000] {dag.py:4180} INFO - Setting next_dagrun for example_skip_dag to 2024-10-07 00:00:00+00:00, run_after=2024-10-08 00:00:00+00:00
[2024-10-08T03:10:49.449+0000] {processor.py:208} INFO - Processing /home/airflow/.local/lib/python3.12/site-packages/airflow/example_dags/example_skip_dag.py took 0.039 seconds
[2024-10-08T03:11:19.695+0000] {processor.py:186} INFO - Started process (PID=2488) to work on /home/airflow/.local/lib/python3.12/site-packages/airflow/example_dags/example_skip_dag.py
[2024-10-08T03:11:19.696+0000] {processor.py:914} INFO - Processing file /home/airflow/.local/lib/python3.12/site-packages/airflow/example_dags/example_skip_dag.py for tasks to queue
[2024-10-08T03:11:19.697+0000] {logging_mixin.py:190} INFO - [2024-10-08T03:11:19.697+0000] {dagbag.py:588} INFO - Filling up the DagBag from /home/airflow/.local/lib/python3.12/site-packages/airflow/example_dags/example_skip_dag.py
[2024-10-08T03:11:19.700+0000] {processor.py:925} INFO - DAG(s) 'example_skip_dag' retrieved from /home/airflow/.local/lib/python3.12/site-packages/airflow/example_dags/example_skip_dag.py
[2024-10-08T03:11:19.711+0000] {logging_mixin.py:190} INFO - [2024-10-08T03:11:19.710+0000] {dag.py:3239} INFO - Sync 1 DAGs
[2024-10-08T03:11:19.723+0000] {logging_mixin.py:190} INFO - [2024-10-08T03:11:19.722+0000] {dag.py:4180} INFO - Setting next_dagrun for example_skip_dag to 2024-10-07 00:00:00+00:00, run_after=2024-10-08 00:00:00+00:00
[2024-10-08T03:11:19.731+0000] {processor.py:208} INFO - Processing /home/airflow/.local/lib/python3.12/site-packages/airflow/example_dags/example_skip_dag.py took 0.039 seconds
[2024-10-08T03:11:50.047+0000] {processor.py:186} INFO - Started process (PID=2789) to work on /home/airflow/.local/lib/python3.12/site-packages/airflow/example_dags/example_skip_dag.py
[2024-10-08T03:11:50.048+0000] {processor.py:914} INFO - Processing file /home/airflow/.local/lib/python3.12/site-packages/airflow/example_dags/example_skip_dag.py for tasks to queue
[2024-10-08T03:11:50.049+0000] {logging_mixin.py:190} INFO - [2024-10-08T03:11:50.049+0000] {dagbag.py:588} INFO - Filling up the DagBag from /home/airflow/.local/lib/python3.12/site-packages/airflow/example_dags/example_skip_dag.py
[2024-10-08T03:11:50.053+0000] {processor.py:925} INFO - DAG(s) 'example_skip_dag' retrieved from /home/airflow/.local/lib/python3.12/site-packages/airflow/example_dags/example_skip_dag.py
[2024-10-08T03:11:50.064+0000] {logging_mixin.py:190} INFO - [2024-10-08T03:11:50.064+0000] {dag.py:3239} INFO - Sync 1 DAGs
[2024-10-08T03:11:50.075+0000] {logging_mixin.py:190} INFO - [2024-10-08T03:11:50.075+0000] {dag.py:4180} INFO - Setting next_dagrun for example_skip_dag to 2024-10-07 00:00:00+00:00, run_after=2024-10-08 00:00:00+00:00
[2024-10-08T03:11:50.084+0000] {processor.py:208} INFO - Processing /home/airflow/.local/lib/python3.12/site-packages/airflow/example_dags/example_skip_dag.py took 0.040 seconds
[2024-10-08T03:12:20.317+0000] {processor.py:186} INFO - Started process (PID=3090) to work on /home/airflow/.local/lib/python3.12/site-packages/airflow/example_dags/example_skip_dag.py
[2024-10-08T03:12:20.318+0000] {processor.py:914} INFO - Processing file /home/airflow/.local/lib/python3.12/site-packages/airflow/example_dags/example_skip_dag.py for tasks to queue
[2024-10-08T03:12:20.319+0000] {logging_mixin.py:190} INFO - [2024-10-08T03:12:20.319+0000] {dagbag.py:588} INFO - Filling up the DagBag from /home/airflow/.local/lib/python3.12/site-packages/airflow/example_dags/example_skip_dag.py
[2024-10-08T03:12:20.324+0000] {processor.py:925} INFO - DAG(s) 'example_skip_dag' retrieved from /home/airflow/.local/lib/python3.12/site-packages/airflow/example_dags/example_skip_dag.py
[2024-10-08T03:12:20.335+0000] {logging_mixin.py:190} INFO - [2024-10-08T03:12:20.335+0000] {dag.py:3239} INFO - Sync 1 DAGs
[2024-10-08T03:12:20.347+0000] {logging_mixin.py:190} INFO - [2024-10-08T03:12:20.347+0000] {dag.py:4180} INFO - Setting next_dagrun for example_skip_dag to 2024-10-07 00:00:00+00:00, run_after=2024-10-08 00:00:00+00:00
[2024-10-08T03:12:20.355+0000] {processor.py:208} INFO - Processing /home/airflow/.local/lib/python3.12/site-packages/airflow/example_dags/example_skip_dag.py took 0.041 seconds
[2024-10-08T03:12:50.450+0000] {processor.py:186} INFO - Started process (PID=3397) to work on /home/airflow/.local/lib/python3.12/site-packages/airflow/example_dags/example_skip_dag.py
[2024-10-08T03:12:50.450+0000] {processor.py:914} INFO - Processing file /home/airflow/.local/lib/python3.12/site-packages/airflow/example_dags/example_skip_dag.py for tasks to queue
[2024-10-08T03:12:50.451+0000] {logging_mixin.py:190} INFO - [2024-10-08T03:12:50.451+0000] {dagbag.py:588} INFO - Filling up the DagBag from /home/airflow/.local/lib/python3.12/site-packages/airflow/example_dags/example_skip_dag.py
[2024-10-08T03:12:50.455+0000] {processor.py:925} INFO - DAG(s) 'example_skip_dag' retrieved from /home/airflow/.local/lib/python3.12/site-packages/airflow/example_dags/example_skip_dag.py
[2024-10-08T03:12:50.466+0000] {logging_mixin.py:190} INFO - [2024-10-08T03:12:50.466+0000] {dag.py:3239} INFO - Sync 1 DAGs
[2024-10-08T03:12:50.477+0000] {logging_mixin.py:190} INFO - [2024-10-08T03:12:50.477+0000] {dag.py:4180} INFO - Setting next_dagrun for example_skip_dag to 2024-10-07 00:00:00+00:00, run_after=2024-10-08 00:00:00+00:00
[2024-10-08T03:12:50.487+0000] {processor.py:208} INFO - Processing /home/airflow/.local/lib/python3.12/site-packages/airflow/example_dags/example_skip_dag.py took 0.041 seconds
[2024-10-08T03:13:20.638+0000] {processor.py:186} INFO - Started process (PID=3700) to work on /home/airflow/.local/lib/python3.12/site-packages/airflow/example_dags/example_skip_dag.py
[2024-10-08T03:13:20.638+0000] {processor.py:914} INFO - Processing file /home/airflow/.local/lib/python3.12/site-packages/airflow/example_dags/example_skip_dag.py for tasks to queue
[2024-10-08T03:13:20.639+0000] {logging_mixin.py:190} INFO - [2024-10-08T03:13:20.639+0000] {dagbag.py:588} INFO - Filling up the DagBag from /home/airflow/.local/lib/python3.12/site-packages/airflow/example_dags/example_skip_dag.py
[2024-10-08T03:13:20.643+0000] {processor.py:925} INFO - DAG(s) 'example_skip_dag' retrieved from /home/airflow/.local/lib/python3.12/site-packages/airflow/example_dags/example_skip_dag.py
[2024-10-08T03:13:20.653+0000] {logging_mixin.py:190} INFO - [2024-10-08T03:13:20.653+0000] {dag.py:3239} INFO - Sync 1 DAGs
[2024-10-08T03:13:20.664+0000] {logging_mixin.py:190} INFO - [2024-10-08T03:13:20.664+0000] {dag.py:4180} INFO - Setting next_dagrun for example_skip_dag to 2024-10-07 00:00:00+00:00, run_after=2024-10-08 00:00:00+00:00
[2024-10-08T03:13:20.673+0000] {processor.py:208} INFO - Processing /home/airflow/.local/lib/python3.12/site-packages/airflow/example_dags/example_skip_dag.py took 0.038 seconds
[2024-10-08T03:13:50.961+0000] {processor.py:186} INFO - Started process (PID=3999) to work on /home/airflow/.local/lib/python3.12/site-packages/airflow/example_dags/example_skip_dag.py
[2024-10-08T03:13:50.961+0000] {processor.py:914} INFO - Processing file /home/airflow/.local/lib/python3.12/site-packages/airflow/example_dags/example_skip_dag.py for tasks to queue
[2024-10-08T03:13:50.962+0000] {logging_mixin.py:190} INFO - [2024-10-08T03:13:50.962+0000] {dagbag.py:588} INFO - Filling up the DagBag from /home/airflow/.local/lib/python3.12/site-packages/airflow/example_dags/example_skip_dag.py
[2024-10-08T03:13:50.966+0000] {processor.py:925} INFO - DAG(s) 'example_skip_dag' retrieved from /home/airflow/.local/lib/python3.12/site-packages/airflow/example_dags/example_skip_dag.py
[2024-10-08T03:13:50.976+0000] {logging_mixin.py:190} INFO - [2024-10-08T03:13:50.976+0000] {dag.py:3239} INFO - Sync 1 DAGs
[2024-10-08T03:13:50.987+0000] {logging_mixin.py:190} INFO - [2024-10-08T03:13:50.987+0000] {dag.py:4180} INFO - Setting next_dagrun for example_skip_dag to 2024-10-07 00:00:00+00:00, run_after=2024-10-08 00:00:00+00:00
[2024-10-08T03:13:50.996+0000] {processor.py:208} INFO - Processing /home/airflow/.local/lib/python3.12/site-packages/airflow/example_dags/example_skip_dag.py took 0.038 seconds
[2024-10-08T03:14:21.219+0000] {processor.py:186} INFO - Started process (PID=4300) to work on /home/airflow/.local/lib/python3.12/site-packages/airflow/example_dags/example_skip_dag.py
[2024-10-08T03:14:21.220+0000] {processor.py:914} INFO - Processing file /home/airflow/.local/lib/python3.12/site-packages/airflow/example_dags/example_skip_dag.py for tasks to queue
[2024-10-08T03:14:21.221+0000] {logging_mixin.py:190} INFO - [2024-10-08T03:14:21.221+0000] {dagbag.py:588} INFO - Filling up the DagBag from /home/airflow/.local/lib/python3.12/site-packages/airflow/example_dags/example_skip_dag.py
[2024-10-08T03:14:21.225+0000] {processor.py:925} INFO - DAG(s) 'example_skip_dag' retrieved from /home/airflow/.local/lib/python3.12/site-packages/airflow/example_dags/example_skip_dag.py
[2024-10-08T03:14:21.235+0000] {logging_mixin.py:190} INFO - [2024-10-08T03:14:21.235+0000] {dag.py:3239} INFO - Sync 1 DAGs
[2024-10-08T03:14:21.246+0000] {logging_mixin.py:190} INFO - [2024-10-08T03:14:21.246+0000] {dag.py:4180} INFO - Setting next_dagrun for example_skip_dag to 2024-10-07 00:00:00+00:00, run_after=2024-10-08 00:00:00+00:00
[2024-10-08T03:14:21.254+0000] {processor.py:208} INFO - Processing /home/airflow/.local/lib/python3.12/site-packages/airflow/example_dags/example_skip_dag.py took 0.038 seconds
[2024-10-08T03:14:51.554+0000] {processor.py:186} INFO - Started process (PID=4601) to work on /home/airflow/.local/lib/python3.12/site-packages/airflow/example_dags/example_skip_dag.py
[2024-10-08T03:14:51.554+0000] {processor.py:914} INFO - Processing file /home/airflow/.local/lib/python3.12/site-packages/airflow/example_dags/example_skip_dag.py for tasks to queue
[2024-10-08T03:14:51.555+0000] {logging_mixin.py:190} INFO - [2024-10-08T03:14:51.555+0000] {dagbag.py:588} INFO - Filling up the DagBag from /home/airflow/.local/lib/python3.12/site-packages/airflow/example_dags/example_skip_dag.py
[2024-10-08T03:14:51.559+0000] {processor.py:925} INFO - DAG(s) 'example_skip_dag' retrieved from /home/airflow/.local/lib/python3.12/site-packages/airflow/example_dags/example_skip_dag.py
[2024-10-08T03:14:51.570+0000] {logging_mixin.py:190} INFO - [2024-10-08T03:14:51.570+0000] {dag.py:3239} INFO - Sync 1 DAGs
[2024-10-08T03:14:51.581+0000] {logging_mixin.py:190} INFO - [2024-10-08T03:14:51.581+0000] {dag.py:4180} INFO - Setting next_dagrun for example_skip_dag to 2024-10-07 00:00:00+00:00, run_after=2024-10-08 00:00:00+00:00
[2024-10-08T03:14:51.590+0000] {processor.py:208} INFO - Processing /home/airflow/.local/lib/python3.12/site-packages/airflow/example_dags/example_skip_dag.py took 0.039 seconds
[2024-10-08T03:15:21.679+0000] {processor.py:186} INFO - Started process (PID=4902) to work on /home/airflow/.local/lib/python3.12/site-packages/airflow/example_dags/example_skip_dag.py
[2024-10-08T03:15:21.680+0000] {processor.py:914} INFO - Processing file /home/airflow/.local/lib/python3.12/site-packages/airflow/example_dags/example_skip_dag.py for tasks to queue
[2024-10-08T03:15:21.681+0000] {logging_mixin.py:190} INFO - [2024-10-08T03:15:21.681+0000] {dagbag.py:588} INFO - Filling up the DagBag from /home/airflow/.local/lib/python3.12/site-packages/airflow/example_dags/example_skip_dag.py
[2024-10-08T03:15:21.684+0000] {processor.py:925} INFO - DAG(s) 'example_skip_dag' retrieved from /home/airflow/.local/lib/python3.12/site-packages/airflow/example_dags/example_skip_dag.py
[2024-10-08T03:15:21.695+0000] {logging_mixin.py:190} INFO - [2024-10-08T03:15:21.695+0000] {dag.py:3239} INFO - Sync 1 DAGs
[2024-10-08T03:15:21.707+0000] {logging_mixin.py:190} INFO - [2024-10-08T03:15:21.707+0000] {dag.py:4180} INFO - Setting next_dagrun for example_skip_dag to 2024-10-07 00:00:00+00:00, run_after=2024-10-08 00:00:00+00:00
[2024-10-08T03:15:21.716+0000] {processor.py:208} INFO - Processing /home/airflow/.local/lib/python3.12/site-packages/airflow/example_dags/example_skip_dag.py took 0.040 seconds
[2024-10-08T03:15:52.345+0000] {processor.py:186} INFO - Started process (PID=5204) to work on /home/airflow/.local/lib/python3.12/site-packages/airflow/example_dags/example_skip_dag.py
[2024-10-08T03:15:52.345+0000] {processor.py:914} INFO - Processing file /home/airflow/.local/lib/python3.12/site-packages/airflow/example_dags/example_skip_dag.py for tasks to queue
[2024-10-08T03:15:52.346+0000] {logging_mixin.py:190} INFO - [2024-10-08T03:15:52.346+0000] {dagbag.py:588} INFO - Filling up the DagBag from /home/airflow/.local/lib/python3.12/site-packages/airflow/example_dags/example_skip_dag.py
[2024-10-08T03:15:52.350+0000] {processor.py:925} INFO - DAG(s) 'example_skip_dag' retrieved from /home/airflow/.local/lib/python3.12/site-packages/airflow/example_dags/example_skip_dag.py
[2024-10-08T03:15:52.360+0000] {logging_mixin.py:190} INFO - [2024-10-08T03:15:52.360+0000] {dag.py:3239} INFO - Sync 1 DAGs
[2024-10-08T03:15:52.371+0000] {logging_mixin.py:190} INFO - [2024-10-08T03:15:52.371+0000] {dag.py:4180} INFO - Setting next_dagrun for example_skip_dag to 2024-10-07 00:00:00+00:00, run_after=2024-10-08 00:00:00+00:00
[2024-10-08T03:15:52.380+0000] {processor.py:208} INFO - Processing /home/airflow/.local/lib/python3.12/site-packages/airflow/example_dags/example_skip_dag.py took 0.038 seconds
[2024-10-08T03:16:22.846+0000] {processor.py:186} INFO - Started process (PID=5506) to work on /home/airflow/.local/lib/python3.12/site-packages/airflow/example_dags/example_skip_dag.py
[2024-10-08T03:16:22.846+0000] {processor.py:914} INFO - Processing file /home/airflow/.local/lib/python3.12/site-packages/airflow/example_dags/example_skip_dag.py for tasks to queue
[2024-10-08T03:16:22.848+0000] {logging_mixin.py:190} INFO - [2024-10-08T03:16:22.848+0000] {dagbag.py:588} INFO - Filling up the DagBag from /home/airflow/.local/lib/python3.12/site-packages/airflow/example_dags/example_skip_dag.py
[2024-10-08T03:16:22.852+0000] {processor.py:925} INFO - DAG(s) 'example_skip_dag' retrieved from /home/airflow/.local/lib/python3.12/site-packages/airflow/example_dags/example_skip_dag.py
[2024-10-08T03:16:22.863+0000] {logging_mixin.py:190} INFO - [2024-10-08T03:16:22.863+0000] {dag.py:3239} INFO - Sync 1 DAGs
[2024-10-08T03:16:22.876+0000] {logging_mixin.py:190} INFO - [2024-10-08T03:16:22.876+0000] {dag.py:4180} INFO - Setting next_dagrun for example_skip_dag to 2024-10-07 00:00:00+00:00, run_after=2024-10-08 00:00:00+00:00
[2024-10-08T03:16:22.885+0000] {processor.py:208} INFO - Processing /home/airflow/.local/lib/python3.12/site-packages/airflow/example_dags/example_skip_dag.py took 0.042 seconds
[2024-10-08T03:16:53.429+0000] {processor.py:186} INFO - Started process (PID=5805) to work on /home/airflow/.local/lib/python3.12/site-packages/airflow/example_dags/example_skip_dag.py
[2024-10-08T03:16:53.429+0000] {processor.py:914} INFO - Processing file /home/airflow/.local/lib/python3.12/site-packages/airflow/example_dags/example_skip_dag.py for tasks to queue
[2024-10-08T03:16:53.430+0000] {logging_mixin.py:190} INFO - [2024-10-08T03:16:53.430+0000] {dagbag.py:588} INFO - Filling up the DagBag from /home/airflow/.local/lib/python3.12/site-packages/airflow/example_dags/example_skip_dag.py
[2024-10-08T03:16:53.434+0000] {processor.py:925} INFO - DAG(s) 'example_skip_dag' retrieved from /home/airflow/.local/lib/python3.12/site-packages/airflow/example_dags/example_skip_dag.py
[2024-10-08T03:16:53.444+0000] {logging_mixin.py:190} INFO - [2024-10-08T03:16:53.444+0000] {dag.py:3239} INFO - Sync 1 DAGs
[2024-10-08T03:16:53.456+0000] {logging_mixin.py:190} INFO - [2024-10-08T03:16:53.456+0000] {dag.py:4180} INFO - Setting next_dagrun for example_skip_dag to 2024-10-07 00:00:00+00:00, run_after=2024-10-08 00:00:00+00:00
[2024-10-08T03:16:53.464+0000] {processor.py:208} INFO - Processing /home/airflow/.local/lib/python3.12/site-packages/airflow/example_dags/example_skip_dag.py took 0.038 seconds
[2024-10-08T03:17:24.362+0000] {processor.py:186} INFO - Started process (PID=6108) to work on /home/airflow/.local/lib/python3.12/site-packages/airflow/example_dags/example_skip_dag.py
[2024-10-08T03:17:24.363+0000] {processor.py:914} INFO - Processing file /home/airflow/.local/lib/python3.12/site-packages/airflow/example_dags/example_skip_dag.py for tasks to queue
[2024-10-08T03:17:24.364+0000] {logging_mixin.py:190} INFO - [2024-10-08T03:17:24.364+0000] {dagbag.py:588} INFO - Filling up the DagBag from /home/airflow/.local/lib/python3.12/site-packages/airflow/example_dags/example_skip_dag.py
[2024-10-08T03:17:24.368+0000] {processor.py:925} INFO - DAG(s) 'example_skip_dag' retrieved from /home/airflow/.local/lib/python3.12/site-packages/airflow/example_dags/example_skip_dag.py
[2024-10-08T03:17:24.378+0000] {logging_mixin.py:190} INFO - [2024-10-08T03:17:24.378+0000] {dag.py:3239} INFO - Sync 1 DAGs
[2024-10-08T03:17:24.389+0000] {logging_mixin.py:190} INFO - [2024-10-08T03:17:24.389+0000] {dag.py:4180} INFO - Setting next_dagrun for example_skip_dag to 2024-10-07 00:00:00+00:00, run_after=2024-10-08 00:00:00+00:00
[2024-10-08T03:17:24.398+0000] {processor.py:208} INFO - Processing /home/airflow/.local/lib/python3.12/site-packages/airflow/example_dags/example_skip_dag.py took 0.039 seconds
[2024-10-08T03:17:54.742+0000] {processor.py:186} INFO - Started process (PID=6407) to work on /home/airflow/.local/lib/python3.12/site-packages/airflow/example_dags/example_skip_dag.py
[2024-10-08T03:17:54.743+0000] {processor.py:914} INFO - Processing file /home/airflow/.local/lib/python3.12/site-packages/airflow/example_dags/example_skip_dag.py for tasks to queue
[2024-10-08T03:17:54.744+0000] {logging_mixin.py:190} INFO - [2024-10-08T03:17:54.744+0000] {dagbag.py:588} INFO - Filling up the DagBag from /home/airflow/.local/lib/python3.12/site-packages/airflow/example_dags/example_skip_dag.py
[2024-10-08T03:17:54.748+0000] {processor.py:925} INFO - DAG(s) 'example_skip_dag' retrieved from /home/airflow/.local/lib/python3.12/site-packages/airflow/example_dags/example_skip_dag.py
[2024-10-08T03:17:54.758+0000] {logging_mixin.py:190} INFO - [2024-10-08T03:17:54.758+0000] {dag.py:3239} INFO - Sync 1 DAGs
[2024-10-08T03:17:54.769+0000] {logging_mixin.py:190} INFO - [2024-10-08T03:17:54.769+0000] {dag.py:4180} INFO - Setting next_dagrun for example_skip_dag to 2024-10-07 00:00:00+00:00, run_after=2024-10-08 00:00:00+00:00
[2024-10-08T03:17:54.778+0000] {processor.py:208} INFO - Processing /home/airflow/.local/lib/python3.12/site-packages/airflow/example_dags/example_skip_dag.py took 0.039 seconds
[2024-10-08T03:18:25.175+0000] {processor.py:186} INFO - Started process (PID=6708) to work on /home/airflow/.local/lib/python3.12/site-packages/airflow/example_dags/example_skip_dag.py
[2024-10-08T03:18:25.176+0000] {processor.py:914} INFO - Processing file /home/airflow/.local/lib/python3.12/site-packages/airflow/example_dags/example_skip_dag.py for tasks to queue
[2024-10-08T03:18:25.177+0000] {logging_mixin.py:190} INFO - [2024-10-08T03:18:25.177+0000] {dagbag.py:588} INFO - Filling up the DagBag from /home/airflow/.local/lib/python3.12/site-packages/airflow/example_dags/example_skip_dag.py
[2024-10-08T03:18:25.181+0000] {processor.py:925} INFO - DAG(s) 'example_skip_dag' retrieved from /home/airflow/.local/lib/python3.12/site-packages/airflow/example_dags/example_skip_dag.py
[2024-10-08T03:18:25.192+0000] {logging_mixin.py:190} INFO - [2024-10-08T03:18:25.192+0000] {dag.py:3239} INFO - Sync 1 DAGs
[2024-10-08T03:18:25.203+0000] {logging_mixin.py:190} INFO - [2024-10-08T03:18:25.203+0000] {dag.py:4180} INFO - Setting next_dagrun for example_skip_dag to 2024-10-07 00:00:00+00:00, run_after=2024-10-08 00:00:00+00:00
[2024-10-08T03:18:25.212+0000] {processor.py:208} INFO - Processing /home/airflow/.local/lib/python3.12/site-packages/airflow/example_dags/example_skip_dag.py took 0.040 seconds
[2024-10-08T03:18:55.402+0000] {processor.py:186} INFO - Started process (PID=7011) to work on /home/airflow/.local/lib/python3.12/site-packages/airflow/example_dags/example_skip_dag.py
[2024-10-08T03:18:55.402+0000] {processor.py:914} INFO - Processing file /home/airflow/.local/lib/python3.12/site-packages/airflow/example_dags/example_skip_dag.py for tasks to queue
[2024-10-08T03:18:55.403+0000] {logging_mixin.py:190} INFO - [2024-10-08T03:18:55.403+0000] {dagbag.py:588} INFO - Filling up the DagBag from /home/airflow/.local/lib/python3.12/site-packages/airflow/example_dags/example_skip_dag.py
[2024-10-08T03:18:55.407+0000] {processor.py:925} INFO - DAG(s) 'example_skip_dag' retrieved from /home/airflow/.local/lib/python3.12/site-packages/airflow/example_dags/example_skip_dag.py
[2024-10-08T03:18:55.417+0000] {logging_mixin.py:190} INFO - [2024-10-08T03:18:55.417+0000] {dag.py:3239} INFO - Sync 1 DAGs
[2024-10-08T03:18:55.428+0000] {logging_mixin.py:190} INFO - [2024-10-08T03:18:55.428+0000] {dag.py:4180} INFO - Setting next_dagrun for example_skip_dag to 2024-10-07 00:00:00+00:00, run_after=2024-10-08 00:00:00+00:00
[2024-10-08T03:18:55.437+0000] {processor.py:208} INFO - Processing /home/airflow/.local/lib/python3.12/site-packages/airflow/example_dags/example_skip_dag.py took 0.038 seconds
[2024-10-08T03:19:25.610+0000] {processor.py:186} INFO - Started process (PID=7311) to work on /home/airflow/.local/lib/python3.12/site-packages/airflow/example_dags/example_skip_dag.py
[2024-10-08T03:19:25.610+0000] {processor.py:914} INFO - Processing file /home/airflow/.local/lib/python3.12/site-packages/airflow/example_dags/example_skip_dag.py for tasks to queue
[2024-10-08T03:19:25.612+0000] {logging_mixin.py:190} INFO - [2024-10-08T03:19:25.611+0000] {dagbag.py:588} INFO - Filling up the DagBag from /home/airflow/.local/lib/python3.12/site-packages/airflow/example_dags/example_skip_dag.py
[2024-10-08T03:19:25.616+0000] {processor.py:925} INFO - DAG(s) 'example_skip_dag' retrieved from /home/airflow/.local/lib/python3.12/site-packages/airflow/example_dags/example_skip_dag.py
[2024-10-08T03:19:25.626+0000] {logging_mixin.py:190} INFO - [2024-10-08T03:19:25.626+0000] {dag.py:3239} INFO - Sync 1 DAGs
[2024-10-08T03:19:25.637+0000] {logging_mixin.py:190} INFO - [2024-10-08T03:19:25.637+0000] {dag.py:4180} INFO - Setting next_dagrun for example_skip_dag to 2024-10-07 00:00:00+00:00, run_after=2024-10-08 00:00:00+00:00
[2024-10-08T03:19:25.645+0000] {processor.py:208} INFO - Processing /home/airflow/.local/lib/python3.12/site-packages/airflow/example_dags/example_skip_dag.py took 0.038 seconds
[2024-10-08T03:19:55.958+0000] {processor.py:186} INFO - Started process (PID=7612) to work on /home/airflow/.local/lib/python3.12/site-packages/airflow/example_dags/example_skip_dag.py
[2024-10-08T03:19:55.959+0000] {processor.py:914} INFO - Processing file /home/airflow/.local/lib/python3.12/site-packages/airflow/example_dags/example_skip_dag.py for tasks to queue
[2024-10-08T03:19:55.960+0000] {logging_mixin.py:190} INFO - [2024-10-08T03:19:55.960+0000] {dagbag.py:588} INFO - Filling up the DagBag from /home/airflow/.local/lib/python3.12/site-packages/airflow/example_dags/example_skip_dag.py
[2024-10-08T03:19:55.963+0000] {processor.py:925} INFO - DAG(s) 'example_skip_dag' retrieved from /home/airflow/.local/lib/python3.12/site-packages/airflow/example_dags/example_skip_dag.py
[2024-10-08T03:19:55.973+0000] {logging_mixin.py:190} INFO - [2024-10-08T03:19:55.973+0000] {dag.py:3239} INFO - Sync 1 DAGs
[2024-10-08T03:19:55.984+0000] {logging_mixin.py:190} INFO - [2024-10-08T03:19:55.984+0000] {dag.py:4180} INFO - Setting next_dagrun for example_skip_dag to 2024-10-07 00:00:00+00:00, run_after=2024-10-08 00:00:00+00:00
[2024-10-08T03:19:55.992+0000] {processor.py:208} INFO - Processing /home/airflow/.local/lib/python3.12/site-packages/airflow/example_dags/example_skip_dag.py took 0.037 seconds
[2024-10-08T03:20:26.372+0000] {processor.py:186} INFO - Started process (PID=7913) to work on /home/airflow/.local/lib/python3.12/site-packages/airflow/example_dags/example_skip_dag.py
[2024-10-08T03:20:26.372+0000] {processor.py:914} INFO - Processing file /home/airflow/.local/lib/python3.12/site-packages/airflow/example_dags/example_skip_dag.py for tasks to queue
[2024-10-08T03:20:26.374+0000] {logging_mixin.py:190} INFO - [2024-10-08T03:20:26.373+0000] {dagbag.py:588} INFO - Filling up the DagBag from /home/airflow/.local/lib/python3.12/site-packages/airflow/example_dags/example_skip_dag.py
[2024-10-08T03:20:26.378+0000] {processor.py:925} INFO - DAG(s) 'example_skip_dag' retrieved from /home/airflow/.local/lib/python3.12/site-packages/airflow/example_dags/example_skip_dag.py
[2024-10-08T03:20:26.388+0000] {logging_mixin.py:190} INFO - [2024-10-08T03:20:26.388+0000] {dag.py:3239} INFO - Sync 1 DAGs
[2024-10-08T03:20:26.399+0000] {logging_mixin.py:190} INFO - [2024-10-08T03:20:26.399+0000] {dag.py:4180} INFO - Setting next_dagrun for example_skip_dag to 2024-10-07 00:00:00+00:00, run_after=2024-10-08 00:00:00+00:00
[2024-10-08T03:20:26.407+0000] {processor.py:208} INFO - Processing /home/airflow/.local/lib/python3.12/site-packages/airflow/example_dags/example_skip_dag.py took 0.038 seconds
[2024-10-08T03:20:56.952+0000] {processor.py:186} INFO - Started process (PID=8214) to work on /home/airflow/.local/lib/python3.12/site-packages/airflow/example_dags/example_skip_dag.py
[2024-10-08T03:20:56.953+0000] {processor.py:914} INFO - Processing file /home/airflow/.local/lib/python3.12/site-packages/airflow/example_dags/example_skip_dag.py for tasks to queue
[2024-10-08T03:20:56.954+0000] {logging_mixin.py:190} INFO - [2024-10-08T03:20:56.954+0000] {dagbag.py:588} INFO - Filling up the DagBag from /home/airflow/.local/lib/python3.12/site-packages/airflow/example_dags/example_skip_dag.py
[2024-10-08T03:20:56.958+0000] {processor.py:925} INFO - DAG(s) 'example_skip_dag' retrieved from /home/airflow/.local/lib/python3.12/site-packages/airflow/example_dags/example_skip_dag.py
[2024-10-08T03:20:56.968+0000] {logging_mixin.py:190} INFO - [2024-10-08T03:20:56.968+0000] {dag.py:3239} INFO - Sync 1 DAGs
[2024-10-08T03:20:56.980+0000] {logging_mixin.py:190} INFO - [2024-10-08T03:20:56.979+0000] {dag.py:4180} INFO - Setting next_dagrun for example_skip_dag to 2024-10-07 00:00:00+00:00, run_after=2024-10-08 00:00:00+00:00
[2024-10-08T03:20:56.989+0000] {processor.py:208} INFO - Processing /home/airflow/.local/lib/python3.12/site-packages/airflow/example_dags/example_skip_dag.py took 0.039 seconds
