[2024-10-08T03:07:46.725+0000] {processor.py:186} INFO - Started process (PID=234) to work on /home/airflow/.local/lib/python3.12/site-packages/airflow/example_dags/example_local_kubernetes_executor.py
[2024-10-08T03:07:46.725+0000] {processor.py:914} INFO - Processing file /home/airflow/.local/lib/python3.12/site-packages/airflow/example_dags/example_local_kubernetes_executor.py for tasks to queue
[2024-10-08T03:07:46.726+0000] {logging_mixin.py:190} INFO - [2024-10-08T03:07:46.726+0000] {dagbag.py:588} INFO - Filling up the DagBag from /home/airflow/.local/lib/python3.12/site-packages/airflow/example_dags/example_local_kubernetes_executor.py
[2024-10-08T03:07:46.731+0000] {processor.py:925} INFO - DAG(s) 'example_local_kubernetes_executor' retrieved from /home/airflow/.local/lib/python3.12/site-packages/airflow/example_dags/example_local_kubernetes_executor.py
[2024-10-08T03:07:46.751+0000] {logging_mixin.py:190} INFO - [2024-10-08T03:07:46.751+0000] {dag.py:3239} INFO - Sync 1 DAGs
[2024-10-08T03:07:46.760+0000] {logging_mixin.py:190} INFO - [2024-10-08T03:07:46.760+0000] {dag.py:4180} INFO - Setting next_dagrun for example_local_kubernetes_executor to None, run_after=None
[2024-10-08T03:07:46.769+0000] {processor.py:208} INFO - Processing /home/airflow/.local/lib/python3.12/site-packages/airflow/example_dags/example_local_kubernetes_executor.py took 0.047 seconds
[2024-10-08T03:08:17.205+0000] {processor.py:186} INFO - Started process (PID=535) to work on /home/airflow/.local/lib/python3.12/site-packages/airflow/example_dags/example_local_kubernetes_executor.py
[2024-10-08T03:08:17.205+0000] {processor.py:914} INFO - Processing file /home/airflow/.local/lib/python3.12/site-packages/airflow/example_dags/example_local_kubernetes_executor.py for tasks to queue
[2024-10-08T03:08:17.206+0000] {logging_mixin.py:190} INFO - [2024-10-08T03:08:17.206+0000] {dagbag.py:588} INFO - Filling up the DagBag from /home/airflow/.local/lib/python3.12/site-packages/airflow/example_dags/example_local_kubernetes_executor.py
[2024-10-08T03:08:17.211+0000] {processor.py:925} INFO - DAG(s) 'example_local_kubernetes_executor' retrieved from /home/airflow/.local/lib/python3.12/site-packages/airflow/example_dags/example_local_kubernetes_executor.py
[2024-10-08T03:08:17.232+0000] {logging_mixin.py:190} INFO - [2024-10-08T03:08:17.232+0000] {dag.py:3239} INFO - Sync 1 DAGs
[2024-10-08T03:08:17.240+0000] {logging_mixin.py:190} INFO - [2024-10-08T03:08:17.240+0000] {dag.py:4180} INFO - Setting next_dagrun for example_local_kubernetes_executor to None, run_after=None
[2024-10-08T03:08:17.254+0000] {processor.py:208} INFO - Processing /home/airflow/.local/lib/python3.12/site-packages/airflow/example_dags/example_local_kubernetes_executor.py took 0.052 seconds
[2024-10-08T03:08:47.544+0000] {processor.py:186} INFO - Started process (PID=831) to work on /home/airflow/.local/lib/python3.12/site-packages/airflow/example_dags/example_local_kubernetes_executor.py
[2024-10-08T03:08:47.545+0000] {processor.py:914} INFO - Processing file /home/airflow/.local/lib/python3.12/site-packages/airflow/example_dags/example_local_kubernetes_executor.py for tasks to queue
[2024-10-08T03:08:47.546+0000] {logging_mixin.py:190} INFO - [2024-10-08T03:08:47.546+0000] {dagbag.py:588} INFO - Filling up the DagBag from /home/airflow/.local/lib/python3.12/site-packages/airflow/example_dags/example_local_kubernetes_executor.py
[2024-10-08T03:08:47.551+0000] {processor.py:925} INFO - DAG(s) 'example_local_kubernetes_executor' retrieved from /home/airflow/.local/lib/python3.12/site-packages/airflow/example_dags/example_local_kubernetes_executor.py
[2024-10-08T03:08:47.567+0000] {logging_mixin.py:190} INFO - [2024-10-08T03:08:47.567+0000] {dag.py:3239} INFO - Sync 1 DAGs
[2024-10-08T03:08:47.574+0000] {logging_mixin.py:190} INFO - [2024-10-08T03:08:47.574+0000] {dag.py:4180} INFO - Setting next_dagrun for example_local_kubernetes_executor to None, run_after=None
[2024-10-08T03:08:47.582+0000] {processor.py:208} INFO - Processing /home/airflow/.local/lib/python3.12/site-packages/airflow/example_dags/example_local_kubernetes_executor.py took 0.041 seconds
[2024-10-08T03:09:17.929+0000] {processor.py:186} INFO - Started process (PID=1132) to work on /home/airflow/.local/lib/python3.12/site-packages/airflow/example_dags/example_local_kubernetes_executor.py
[2024-10-08T03:09:17.929+0000] {processor.py:914} INFO - Processing file /home/airflow/.local/lib/python3.12/site-packages/airflow/example_dags/example_local_kubernetes_executor.py for tasks to queue
[2024-10-08T03:09:17.930+0000] {logging_mixin.py:190} INFO - [2024-10-08T03:09:17.930+0000] {dagbag.py:588} INFO - Filling up the DagBag from /home/airflow/.local/lib/python3.12/site-packages/airflow/example_dags/example_local_kubernetes_executor.py
[2024-10-08T03:09:17.935+0000] {processor.py:925} INFO - DAG(s) 'example_local_kubernetes_executor' retrieved from /home/airflow/.local/lib/python3.12/site-packages/airflow/example_dags/example_local_kubernetes_executor.py
[2024-10-08T03:09:17.951+0000] {logging_mixin.py:190} INFO - [2024-10-08T03:09:17.951+0000] {dag.py:3239} INFO - Sync 1 DAGs
[2024-10-08T03:09:17.958+0000] {logging_mixin.py:190} INFO - [2024-10-08T03:09:17.958+0000] {dag.py:4180} INFO - Setting next_dagrun for example_local_kubernetes_executor to None, run_after=None
[2024-10-08T03:09:17.966+0000] {processor.py:208} INFO - Processing /home/airflow/.local/lib/python3.12/site-packages/airflow/example_dags/example_local_kubernetes_executor.py took 0.040 seconds
[2024-10-08T03:09:48.419+0000] {processor.py:186} INFO - Started process (PID=1438) to work on /home/airflow/.local/lib/python3.12/site-packages/airflow/example_dags/example_local_kubernetes_executor.py
[2024-10-08T03:09:48.420+0000] {processor.py:914} INFO - Processing file /home/airflow/.local/lib/python3.12/site-packages/airflow/example_dags/example_local_kubernetes_executor.py for tasks to queue
[2024-10-08T03:09:48.421+0000] {logging_mixin.py:190} INFO - [2024-10-08T03:09:48.421+0000] {dagbag.py:588} INFO - Filling up the DagBag from /home/airflow/.local/lib/python3.12/site-packages/airflow/example_dags/example_local_kubernetes_executor.py
[2024-10-08T03:09:48.426+0000] {processor.py:925} INFO - DAG(s) 'example_local_kubernetes_executor' retrieved from /home/airflow/.local/lib/python3.12/site-packages/airflow/example_dags/example_local_kubernetes_executor.py
[2024-10-08T03:09:48.442+0000] {logging_mixin.py:190} INFO - [2024-10-08T03:09:48.442+0000] {dag.py:3239} INFO - Sync 1 DAGs
[2024-10-08T03:09:48.449+0000] {logging_mixin.py:190} INFO - [2024-10-08T03:09:48.449+0000] {dag.py:4180} INFO - Setting next_dagrun for example_local_kubernetes_executor to None, run_after=None
[2024-10-08T03:09:48.459+0000] {processor.py:208} INFO - Processing /home/airflow/.local/lib/python3.12/site-packages/airflow/example_dags/example_local_kubernetes_executor.py took 0.043 seconds
[2024-10-08T03:10:18.658+0000] {processor.py:186} INFO - Started process (PID=1739) to work on /home/airflow/.local/lib/python3.12/site-packages/airflow/example_dags/example_local_kubernetes_executor.py
[2024-10-08T03:10:18.658+0000] {processor.py:914} INFO - Processing file /home/airflow/.local/lib/python3.12/site-packages/airflow/example_dags/example_local_kubernetes_executor.py for tasks to queue
[2024-10-08T03:10:18.659+0000] {logging_mixin.py:190} INFO - [2024-10-08T03:10:18.659+0000] {dagbag.py:588} INFO - Filling up the DagBag from /home/airflow/.local/lib/python3.12/site-packages/airflow/example_dags/example_local_kubernetes_executor.py
[2024-10-08T03:10:18.664+0000] {processor.py:925} INFO - DAG(s) 'example_local_kubernetes_executor' retrieved from /home/airflow/.local/lib/python3.12/site-packages/airflow/example_dags/example_local_kubernetes_executor.py
[2024-10-08T03:10:18.679+0000] {logging_mixin.py:190} INFO - [2024-10-08T03:10:18.679+0000] {dag.py:3239} INFO - Sync 1 DAGs
[2024-10-08T03:10:18.687+0000] {logging_mixin.py:190} INFO - [2024-10-08T03:10:18.687+0000] {dag.py:4180} INFO - Setting next_dagrun for example_local_kubernetes_executor to None, run_after=None
[2024-10-08T03:10:18.696+0000] {processor.py:208} INFO - Processing /home/airflow/.local/lib/python3.12/site-packages/airflow/example_dags/example_local_kubernetes_executor.py took 0.041 seconds
[2024-10-08T03:10:48.850+0000] {processor.py:186} INFO - Started process (PID=2096) to work on /home/airflow/.local/lib/python3.12/site-packages/airflow/example_dags/example_local_kubernetes_executor.py
[2024-10-08T03:10:48.851+0000] {processor.py:914} INFO - Processing file /home/airflow/.local/lib/python3.12/site-packages/airflow/example_dags/example_local_kubernetes_executor.py for tasks to queue
[2024-10-08T03:10:48.852+0000] {logging_mixin.py:190} INFO - [2024-10-08T03:10:48.852+0000] {dagbag.py:588} INFO - Filling up the DagBag from /home/airflow/.local/lib/python3.12/site-packages/airflow/example_dags/example_local_kubernetes_executor.py
[2024-10-08T03:10:48.857+0000] {processor.py:925} INFO - DAG(s) 'example_local_kubernetes_executor' retrieved from /home/airflow/.local/lib/python3.12/site-packages/airflow/example_dags/example_local_kubernetes_executor.py
[2024-10-08T03:10:48.873+0000] {logging_mixin.py:190} INFO - [2024-10-08T03:10:48.873+0000] {dag.py:3239} INFO - Sync 1 DAGs
[2024-10-08T03:10:48.880+0000] {logging_mixin.py:190} INFO - [2024-10-08T03:10:48.880+0000] {dag.py:4180} INFO - Setting next_dagrun for example_local_kubernetes_executor to None, run_after=None
[2024-10-08T03:10:48.890+0000] {processor.py:208} INFO - Processing /home/airflow/.local/lib/python3.12/site-packages/airflow/example_dags/example_local_kubernetes_executor.py took 0.042 seconds
[2024-10-08T03:11:19.068+0000] {processor.py:186} INFO - Started process (PID=2398) to work on /home/airflow/.local/lib/python3.12/site-packages/airflow/example_dags/example_local_kubernetes_executor.py
[2024-10-08T03:11:19.069+0000] {processor.py:914} INFO - Processing file /home/airflow/.local/lib/python3.12/site-packages/airflow/example_dags/example_local_kubernetes_executor.py for tasks to queue
[2024-10-08T03:11:19.070+0000] {logging_mixin.py:190} INFO - [2024-10-08T03:11:19.070+0000] {dagbag.py:588} INFO - Filling up the DagBag from /home/airflow/.local/lib/python3.12/site-packages/airflow/example_dags/example_local_kubernetes_executor.py
[2024-10-08T03:11:19.074+0000] {processor.py:925} INFO - DAG(s) 'example_local_kubernetes_executor' retrieved from /home/airflow/.local/lib/python3.12/site-packages/airflow/example_dags/example_local_kubernetes_executor.py
[2024-10-08T03:11:19.089+0000] {logging_mixin.py:190} INFO - [2024-10-08T03:11:19.089+0000] {dag.py:3239} INFO - Sync 1 DAGs
[2024-10-08T03:11:19.096+0000] {logging_mixin.py:190} INFO - [2024-10-08T03:11:19.096+0000] {dag.py:4180} INFO - Setting next_dagrun for example_local_kubernetes_executor to None, run_after=None
[2024-10-08T03:11:19.105+0000] {processor.py:208} INFO - Processing /home/airflow/.local/lib/python3.12/site-packages/airflow/example_dags/example_local_kubernetes_executor.py took 0.040 seconds
[2024-10-08T03:11:49.266+0000] {processor.py:186} INFO - Started process (PID=2699) to work on /home/airflow/.local/lib/python3.12/site-packages/airflow/example_dags/example_local_kubernetes_executor.py
[2024-10-08T03:11:49.266+0000] {processor.py:914} INFO - Processing file /home/airflow/.local/lib/python3.12/site-packages/airflow/example_dags/example_local_kubernetes_executor.py for tasks to queue
[2024-10-08T03:11:49.267+0000] {logging_mixin.py:190} INFO - [2024-10-08T03:11:49.267+0000] {dagbag.py:588} INFO - Filling up the DagBag from /home/airflow/.local/lib/python3.12/site-packages/airflow/example_dags/example_local_kubernetes_executor.py
[2024-10-08T03:11:49.272+0000] {processor.py:925} INFO - DAG(s) 'example_local_kubernetes_executor' retrieved from /home/airflow/.local/lib/python3.12/site-packages/airflow/example_dags/example_local_kubernetes_executor.py
[2024-10-08T03:11:49.288+0000] {logging_mixin.py:190} INFO - [2024-10-08T03:11:49.288+0000] {dag.py:3239} INFO - Sync 1 DAGs
[2024-10-08T03:11:49.295+0000] {logging_mixin.py:190} INFO - [2024-10-08T03:11:49.295+0000] {dag.py:4180} INFO - Setting next_dagrun for example_local_kubernetes_executor to None, run_after=None
[2024-10-08T03:11:49.303+0000] {processor.py:208} INFO - Processing /home/airflow/.local/lib/python3.12/site-packages/airflow/example_dags/example_local_kubernetes_executor.py took 0.041 seconds
[2024-10-08T03:12:19.694+0000] {processor.py:186} INFO - Started process (PID=3000) to work on /home/airflow/.local/lib/python3.12/site-packages/airflow/example_dags/example_local_kubernetes_executor.py
[2024-10-08T03:12:19.695+0000] {processor.py:914} INFO - Processing file /home/airflow/.local/lib/python3.12/site-packages/airflow/example_dags/example_local_kubernetes_executor.py for tasks to queue
[2024-10-08T03:12:19.696+0000] {logging_mixin.py:190} INFO - [2024-10-08T03:12:19.696+0000] {dagbag.py:588} INFO - Filling up the DagBag from /home/airflow/.local/lib/python3.12/site-packages/airflow/example_dags/example_local_kubernetes_executor.py
[2024-10-08T03:12:19.701+0000] {processor.py:925} INFO - DAG(s) 'example_local_kubernetes_executor' retrieved from /home/airflow/.local/lib/python3.12/site-packages/airflow/example_dags/example_local_kubernetes_executor.py
[2024-10-08T03:12:19.718+0000] {logging_mixin.py:190} INFO - [2024-10-08T03:12:19.717+0000] {dag.py:3239} INFO - Sync 1 DAGs
[2024-10-08T03:12:19.725+0000] {logging_mixin.py:190} INFO - [2024-10-08T03:12:19.725+0000] {dag.py:4180} INFO - Setting next_dagrun for example_local_kubernetes_executor to None, run_after=None
[2024-10-08T03:12:19.734+0000] {processor.py:208} INFO - Processing /home/airflow/.local/lib/python3.12/site-packages/airflow/example_dags/example_local_kubernetes_executor.py took 0.043 seconds
[2024-10-08T03:12:49.844+0000] {processor.py:186} INFO - Started process (PID=3301) to work on /home/airflow/.local/lib/python3.12/site-packages/airflow/example_dags/example_local_kubernetes_executor.py
[2024-10-08T03:12:49.845+0000] {processor.py:914} INFO - Processing file /home/airflow/.local/lib/python3.12/site-packages/airflow/example_dags/example_local_kubernetes_executor.py for tasks to queue
[2024-10-08T03:12:49.846+0000] {logging_mixin.py:190} INFO - [2024-10-08T03:12:49.846+0000] {dagbag.py:588} INFO - Filling up the DagBag from /home/airflow/.local/lib/python3.12/site-packages/airflow/example_dags/example_local_kubernetes_executor.py
[2024-10-08T03:12:49.852+0000] {processor.py:925} INFO - DAG(s) 'example_local_kubernetes_executor' retrieved from /home/airflow/.local/lib/python3.12/site-packages/airflow/example_dags/example_local_kubernetes_executor.py
[2024-10-08T03:12:49.869+0000] {logging_mixin.py:190} INFO - [2024-10-08T03:12:49.869+0000] {dag.py:3239} INFO - Sync 1 DAGs
[2024-10-08T03:12:49.876+0000] {logging_mixin.py:190} INFO - [2024-10-08T03:12:49.876+0000] {dag.py:4180} INFO - Setting next_dagrun for example_local_kubernetes_executor to None, run_after=None
[2024-10-08T03:12:49.885+0000] {processor.py:208} INFO - Processing /home/airflow/.local/lib/python3.12/site-packages/airflow/example_dags/example_local_kubernetes_executor.py took 0.043 seconds
[2024-10-08T03:13:20.021+0000] {processor.py:186} INFO - Started process (PID=3602) to work on /home/airflow/.local/lib/python3.12/site-packages/airflow/example_dags/example_local_kubernetes_executor.py
[2024-10-08T03:13:20.022+0000] {processor.py:914} INFO - Processing file /home/airflow/.local/lib/python3.12/site-packages/airflow/example_dags/example_local_kubernetes_executor.py for tasks to queue
[2024-10-08T03:13:20.023+0000] {logging_mixin.py:190} INFO - [2024-10-08T03:13:20.023+0000] {dagbag.py:588} INFO - Filling up the DagBag from /home/airflow/.local/lib/python3.12/site-packages/airflow/example_dags/example_local_kubernetes_executor.py
[2024-10-08T03:13:20.027+0000] {processor.py:925} INFO - DAG(s) 'example_local_kubernetes_executor' retrieved from /home/airflow/.local/lib/python3.12/site-packages/airflow/example_dags/example_local_kubernetes_executor.py
[2024-10-08T03:13:20.044+0000] {logging_mixin.py:190} INFO - [2024-10-08T03:13:20.044+0000] {dag.py:3239} INFO - Sync 1 DAGs
[2024-10-08T03:13:20.051+0000] {logging_mixin.py:190} INFO - [2024-10-08T03:13:20.051+0000] {dag.py:4180} INFO - Setting next_dagrun for example_local_kubernetes_executor to None, run_after=None
[2024-10-08T03:13:20.059+0000] {processor.py:208} INFO - Processing /home/airflow/.local/lib/python3.12/site-packages/airflow/example_dags/example_local_kubernetes_executor.py took 0.041 seconds
[2024-10-08T03:13:50.329+0000] {processor.py:186} INFO - Started process (PID=3903) to work on /home/airflow/.local/lib/python3.12/site-packages/airflow/example_dags/example_local_kubernetes_executor.py
[2024-10-08T03:13:50.330+0000] {processor.py:914} INFO - Processing file /home/airflow/.local/lib/python3.12/site-packages/airflow/example_dags/example_local_kubernetes_executor.py for tasks to queue
[2024-10-08T03:13:50.331+0000] {logging_mixin.py:190} INFO - [2024-10-08T03:13:50.331+0000] {dagbag.py:588} INFO - Filling up the DagBag from /home/airflow/.local/lib/python3.12/site-packages/airflow/example_dags/example_local_kubernetes_executor.py
[2024-10-08T03:13:50.335+0000] {processor.py:925} INFO - DAG(s) 'example_local_kubernetes_executor' retrieved from /home/airflow/.local/lib/python3.12/site-packages/airflow/example_dags/example_local_kubernetes_executor.py
[2024-10-08T03:13:50.351+0000] {logging_mixin.py:190} INFO - [2024-10-08T03:13:50.351+0000] {dag.py:3239} INFO - Sync 1 DAGs
[2024-10-08T03:13:50.360+0000] {logging_mixin.py:190} INFO - [2024-10-08T03:13:50.360+0000] {dag.py:4180} INFO - Setting next_dagrun for example_local_kubernetes_executor to None, run_after=None
[2024-10-08T03:13:50.370+0000] {processor.py:208} INFO - Processing /home/airflow/.local/lib/python3.12/site-packages/airflow/example_dags/example_local_kubernetes_executor.py took 0.044 seconds
[2024-10-08T03:14:20.641+0000] {processor.py:186} INFO - Started process (PID=4210) to work on /home/airflow/.local/lib/python3.12/site-packages/airflow/example_dags/example_local_kubernetes_executor.py
[2024-10-08T03:14:20.641+0000] {processor.py:914} INFO - Processing file /home/airflow/.local/lib/python3.12/site-packages/airflow/example_dags/example_local_kubernetes_executor.py for tasks to queue
[2024-10-08T03:14:20.642+0000] {logging_mixin.py:190} INFO - [2024-10-08T03:14:20.642+0000] {dagbag.py:588} INFO - Filling up the DagBag from /home/airflow/.local/lib/python3.12/site-packages/airflow/example_dags/example_local_kubernetes_executor.py
[2024-10-08T03:14:20.647+0000] {processor.py:925} INFO - DAG(s) 'example_local_kubernetes_executor' retrieved from /home/airflow/.local/lib/python3.12/site-packages/airflow/example_dags/example_local_kubernetes_executor.py
[2024-10-08T03:14:20.662+0000] {logging_mixin.py:190} INFO - [2024-10-08T03:14:20.662+0000] {dag.py:3239} INFO - Sync 1 DAGs
[2024-10-08T03:14:20.669+0000] {logging_mixin.py:190} INFO - [2024-10-08T03:14:20.669+0000] {dag.py:4180} INFO - Setting next_dagrun for example_local_kubernetes_executor to None, run_after=None
[2024-10-08T03:14:20.678+0000] {processor.py:208} INFO - Processing /home/airflow/.local/lib/python3.12/site-packages/airflow/example_dags/example_local_kubernetes_executor.py took 0.040 seconds
