[2024-10-08T03:07:48.096+0000] {processor.py:186} INFO - Started process (PID=399) to work on /home/airflow/.local/lib/python3.12/site-packages/airflow/example_dags/example_complex.py
[2024-10-08T03:07:48.097+0000] {processor.py:914} INFO - Processing file /home/airflow/.local/lib/python3.12/site-packages/airflow/example_dags/example_complex.py for tasks to queue
[2024-10-08T03:07:48.098+0000] {logging_mixin.py:190} INFO - [2024-10-08T03:07:48.098+0000] {dagbag.py:588} INFO - Filling up the DagBag from /home/airflow/.local/lib/python3.12/site-packages/airflow/example_dags/example_complex.py
[2024-10-08T03:07:48.103+0000] {processor.py:925} INFO - DAG(s) 'example_complex' retrieved from /home/airflow/.local/lib/python3.12/site-packages/airflow/example_dags/example_complex.py
[2024-10-08T03:07:48.121+0000] {logging_mixin.py:190} INFO - [2024-10-08T03:07:48.121+0000] {dag.py:3239} INFO - Sync 1 DAGs
[2024-10-08T03:07:48.128+0000] {logging_mixin.py:190} INFO - [2024-10-08T03:07:48.128+0000] {dag.py:4180} INFO - Setting next_dagrun for example_complex to None, run_after=None
[2024-10-08T03:07:48.138+0000] {processor.py:208} INFO - Processing /home/airflow/.local/lib/python3.12/site-packages/airflow/example_dags/example_complex.py took 0.044 seconds
[2024-10-08T03:08:18.416+0000] {processor.py:186} INFO - Started process (PID=700) to work on /home/airflow/.local/lib/python3.12/site-packages/airflow/example_dags/example_complex.py
[2024-10-08T03:08:18.417+0000] {processor.py:914} INFO - Processing file /home/airflow/.local/lib/python3.12/site-packages/airflow/example_dags/example_complex.py for tasks to queue
[2024-10-08T03:08:18.418+0000] {logging_mixin.py:190} INFO - [2024-10-08T03:08:18.418+0000] {dagbag.py:588} INFO - Filling up the DagBag from /home/airflow/.local/lib/python3.12/site-packages/airflow/example_dags/example_complex.py
[2024-10-08T03:08:18.424+0000] {processor.py:925} INFO - DAG(s) 'example_complex' retrieved from /home/airflow/.local/lib/python3.12/site-packages/airflow/example_dags/example_complex.py
[2024-10-08T03:08:18.439+0000] {logging_mixin.py:190} INFO - [2024-10-08T03:08:18.439+0000] {dag.py:3239} INFO - Sync 1 DAGs
[2024-10-08T03:08:18.446+0000] {logging_mixin.py:190} INFO - [2024-10-08T03:08:18.446+0000] {dag.py:4180} INFO - Setting next_dagrun for example_complex to None, run_after=None
[2024-10-08T03:08:18.455+0000] {processor.py:208} INFO - Processing /home/airflow/.local/lib/python3.12/site-packages/airflow/example_dags/example_complex.py took 0.042 seconds
[2024-10-08T03:08:48.824+0000] {processor.py:186} INFO - Started process (PID=1001) to work on /home/airflow/.local/lib/python3.12/site-packages/airflow/example_dags/example_complex.py
[2024-10-08T03:08:48.824+0000] {processor.py:914} INFO - Processing file /home/airflow/.local/lib/python3.12/site-packages/airflow/example_dags/example_complex.py for tasks to queue
[2024-10-08T03:08:48.826+0000] {logging_mixin.py:190} INFO - [2024-10-08T03:08:48.825+0000] {dagbag.py:588} INFO - Filling up the DagBag from /home/airflow/.local/lib/python3.12/site-packages/airflow/example_dags/example_complex.py
[2024-10-08T03:08:48.832+0000] {processor.py:925} INFO - DAG(s) 'example_complex' retrieved from /home/airflow/.local/lib/python3.12/site-packages/airflow/example_dags/example_complex.py
[2024-10-08T03:08:48.849+0000] {logging_mixin.py:190} INFO - [2024-10-08T03:08:48.848+0000] {dag.py:3239} INFO - Sync 1 DAGs
[2024-10-08T03:08:48.856+0000] {logging_mixin.py:190} INFO - [2024-10-08T03:08:48.856+0000] {dag.py:4180} INFO - Setting next_dagrun for example_complex to None, run_after=None
[2024-10-08T03:08:48.865+0000] {processor.py:208} INFO - Processing /home/airflow/.local/lib/python3.12/site-packages/airflow/example_dags/example_complex.py took 0.044 seconds
[2024-10-08T03:09:19.223+0000] {processor.py:186} INFO - Started process (PID=1302) to work on /home/airflow/.local/lib/python3.12/site-packages/airflow/example_dags/example_complex.py
[2024-10-08T03:09:19.224+0000] {processor.py:914} INFO - Processing file /home/airflow/.local/lib/python3.12/site-packages/airflow/example_dags/example_complex.py for tasks to queue
[2024-10-08T03:09:19.225+0000] {logging_mixin.py:190} INFO - [2024-10-08T03:09:19.225+0000] {dagbag.py:588} INFO - Filling up the DagBag from /home/airflow/.local/lib/python3.12/site-packages/airflow/example_dags/example_complex.py
[2024-10-08T03:09:19.231+0000] {processor.py:925} INFO - DAG(s) 'example_complex' retrieved from /home/airflow/.local/lib/python3.12/site-packages/airflow/example_dags/example_complex.py
[2024-10-08T03:09:19.247+0000] {logging_mixin.py:190} INFO - [2024-10-08T03:09:19.247+0000] {dag.py:3239} INFO - Sync 1 DAGs
[2024-10-08T03:09:19.254+0000] {logging_mixin.py:190} INFO - [2024-10-08T03:09:19.254+0000] {dag.py:4180} INFO - Setting next_dagrun for example_complex to None, run_after=None
[2024-10-08T03:09:19.263+0000] {processor.py:208} INFO - Processing /home/airflow/.local/lib/python3.12/site-packages/airflow/example_dags/example_complex.py took 0.043 seconds
[2024-10-08T03:09:49.563+0000] {processor.py:186} INFO - Started process (PID=1603) to work on /home/airflow/.local/lib/python3.12/site-packages/airflow/example_dags/example_complex.py
[2024-10-08T03:09:49.563+0000] {processor.py:914} INFO - Processing file /home/airflow/.local/lib/python3.12/site-packages/airflow/example_dags/example_complex.py for tasks to queue
[2024-10-08T03:09:49.564+0000] {logging_mixin.py:190} INFO - [2024-10-08T03:09:49.564+0000] {dagbag.py:588} INFO - Filling up the DagBag from /home/airflow/.local/lib/python3.12/site-packages/airflow/example_dags/example_complex.py
[2024-10-08T03:09:49.570+0000] {processor.py:925} INFO - DAG(s) 'example_complex' retrieved from /home/airflow/.local/lib/python3.12/site-packages/airflow/example_dags/example_complex.py
[2024-10-08T03:09:49.586+0000] {logging_mixin.py:190} INFO - [2024-10-08T03:09:49.586+0000] {dag.py:3239} INFO - Sync 1 DAGs
[2024-10-08T03:09:49.594+0000] {logging_mixin.py:190} INFO - [2024-10-08T03:09:49.593+0000] {dag.py:4180} INFO - Setting next_dagrun for example_complex to None, run_after=None
[2024-10-08T03:09:49.603+0000] {processor.py:208} INFO - Processing /home/airflow/.local/lib/python3.12/site-packages/airflow/example_dags/example_complex.py took 0.043 seconds
[2024-10-08T03:10:19.843+0000] {processor.py:186} INFO - Started process (PID=1910) to work on /home/airflow/.local/lib/python3.12/site-packages/airflow/example_dags/example_complex.py
[2024-10-08T03:10:19.843+0000] {processor.py:914} INFO - Processing file /home/airflow/.local/lib/python3.12/site-packages/airflow/example_dags/example_complex.py for tasks to queue
[2024-10-08T03:10:19.844+0000] {logging_mixin.py:190} INFO - [2024-10-08T03:10:19.844+0000] {dagbag.py:588} INFO - Filling up the DagBag from /home/airflow/.local/lib/python3.12/site-packages/airflow/example_dags/example_complex.py
[2024-10-08T03:10:19.850+0000] {processor.py:925} INFO - DAG(s) 'example_complex' retrieved from /home/airflow/.local/lib/python3.12/site-packages/airflow/example_dags/example_complex.py
[2024-10-08T03:10:19.866+0000] {logging_mixin.py:190} INFO - [2024-10-08T03:10:19.866+0000] {dag.py:3239} INFO - Sync 1 DAGs
[2024-10-08T03:10:19.874+0000] {logging_mixin.py:190} INFO - [2024-10-08T03:10:19.874+0000] {dag.py:4180} INFO - Setting next_dagrun for example_complex to None, run_after=None
[2024-10-08T03:10:19.884+0000] {processor.py:208} INFO - Processing /home/airflow/.local/lib/python3.12/site-packages/airflow/example_dags/example_complex.py took 0.044 seconds
[2024-10-08T03:10:50.066+0000] {processor.py:186} INFO - Started process (PID=2256) to work on /home/airflow/.local/lib/python3.12/site-packages/airflow/example_dags/example_complex.py
[2024-10-08T03:10:50.067+0000] {processor.py:914} INFO - Processing file /home/airflow/.local/lib/python3.12/site-packages/airflow/example_dags/example_complex.py for tasks to queue
[2024-10-08T03:10:50.068+0000] {logging_mixin.py:190} INFO - [2024-10-08T03:10:50.068+0000] {dagbag.py:588} INFO - Filling up the DagBag from /home/airflow/.local/lib/python3.12/site-packages/airflow/example_dags/example_complex.py
[2024-10-08T03:10:50.074+0000] {processor.py:925} INFO - DAG(s) 'example_complex' retrieved from /home/airflow/.local/lib/python3.12/site-packages/airflow/example_dags/example_complex.py
[2024-10-08T03:10:50.089+0000] {logging_mixin.py:190} INFO - [2024-10-08T03:10:50.089+0000] {dag.py:3239} INFO - Sync 1 DAGs
[2024-10-08T03:10:50.096+0000] {logging_mixin.py:190} INFO - [2024-10-08T03:10:50.096+0000] {dag.py:4180} INFO - Setting next_dagrun for example_complex to None, run_after=None
[2024-10-08T03:10:50.105+0000] {processor.py:208} INFO - Processing /home/airflow/.local/lib/python3.12/site-packages/airflow/example_dags/example_complex.py took 0.042 seconds
[2024-10-08T03:11:20.181+0000] {processor.py:186} INFO - Started process (PID=2558) to work on /home/airflow/.local/lib/python3.12/site-packages/airflow/example_dags/example_complex.py
[2024-10-08T03:11:20.181+0000] {processor.py:914} INFO - Processing file /home/airflow/.local/lib/python3.12/site-packages/airflow/example_dags/example_complex.py for tasks to queue
[2024-10-08T03:11:20.182+0000] {logging_mixin.py:190} INFO - [2024-10-08T03:11:20.182+0000] {dagbag.py:588} INFO - Filling up the DagBag from /home/airflow/.local/lib/python3.12/site-packages/airflow/example_dags/example_complex.py
[2024-10-08T03:11:20.188+0000] {processor.py:925} INFO - DAG(s) 'example_complex' retrieved from /home/airflow/.local/lib/python3.12/site-packages/airflow/example_dags/example_complex.py
[2024-10-08T03:11:20.204+0000] {logging_mixin.py:190} INFO - [2024-10-08T03:11:20.204+0000] {dag.py:3239} INFO - Sync 1 DAGs
[2024-10-08T03:11:20.211+0000] {logging_mixin.py:190} INFO - [2024-10-08T03:11:20.211+0000] {dag.py:4180} INFO - Setting next_dagrun for example_complex to None, run_after=None
[2024-10-08T03:11:20.221+0000] {processor.py:208} INFO - Processing /home/airflow/.local/lib/python3.12/site-packages/airflow/example_dags/example_complex.py took 0.044 seconds
[2024-10-08T03:11:50.564+0000] {processor.py:186} INFO - Started process (PID=2870) to work on /home/airflow/.local/lib/python3.12/site-packages/airflow/example_dags/example_complex.py
[2024-10-08T03:11:50.565+0000] {processor.py:914} INFO - Processing file /home/airflow/.local/lib/python3.12/site-packages/airflow/example_dags/example_complex.py for tasks to queue
[2024-10-08T03:11:50.566+0000] {logging_mixin.py:190} INFO - [2024-10-08T03:11:50.566+0000] {dagbag.py:588} INFO - Filling up the DagBag from /home/airflow/.local/lib/python3.12/site-packages/airflow/example_dags/example_complex.py
[2024-10-08T03:11:50.572+0000] {processor.py:925} INFO - DAG(s) 'example_complex' retrieved from /home/airflow/.local/lib/python3.12/site-packages/airflow/example_dags/example_complex.py
[2024-10-08T03:11:50.588+0000] {logging_mixin.py:190} INFO - [2024-10-08T03:11:50.588+0000] {dag.py:3239} INFO - Sync 1 DAGs
[2024-10-08T03:11:50.595+0000] {logging_mixin.py:190} INFO - [2024-10-08T03:11:50.595+0000] {dag.py:4180} INFO - Setting next_dagrun for example_complex to None, run_after=None
[2024-10-08T03:11:50.604+0000] {processor.py:208} INFO - Processing /home/airflow/.local/lib/python3.12/site-packages/airflow/example_dags/example_complex.py took 0.043 seconds
[2024-10-08T03:12:20.831+0000] {processor.py:186} INFO - Started process (PID=3171) to work on /home/airflow/.local/lib/python3.12/site-packages/airflow/example_dags/example_complex.py
[2024-10-08T03:12:20.832+0000] {processor.py:914} INFO - Processing file /home/airflow/.local/lib/python3.12/site-packages/airflow/example_dags/example_complex.py for tasks to queue
[2024-10-08T03:12:20.833+0000] {logging_mixin.py:190} INFO - [2024-10-08T03:12:20.833+0000] {dagbag.py:588} INFO - Filling up the DagBag from /home/airflow/.local/lib/python3.12/site-packages/airflow/example_dags/example_complex.py
[2024-10-08T03:12:20.840+0000] {processor.py:925} INFO - DAG(s) 'example_complex' retrieved from /home/airflow/.local/lib/python3.12/site-packages/airflow/example_dags/example_complex.py
[2024-10-08T03:12:20.855+0000] {logging_mixin.py:190} INFO - [2024-10-08T03:12:20.855+0000] {dag.py:3239} INFO - Sync 1 DAGs
[2024-10-08T03:12:20.863+0000] {logging_mixin.py:190} INFO - [2024-10-08T03:12:20.863+0000] {dag.py:4180} INFO - Setting next_dagrun for example_complex to None, run_after=None
[2024-10-08T03:12:20.872+0000] {processor.py:208} INFO - Processing /home/airflow/.local/lib/python3.12/site-packages/airflow/example_dags/example_complex.py took 0.044 seconds
[2024-10-08T03:12:50.900+0000] {processor.py:186} INFO - Started process (PID=3467) to work on /home/airflow/.local/lib/python3.12/site-packages/airflow/example_dags/example_complex.py
[2024-10-08T03:12:50.901+0000] {processor.py:914} INFO - Processing file /home/airflow/.local/lib/python3.12/site-packages/airflow/example_dags/example_complex.py for tasks to queue
[2024-10-08T03:12:50.902+0000] {logging_mixin.py:190} INFO - [2024-10-08T03:12:50.902+0000] {dagbag.py:588} INFO - Filling up the DagBag from /home/airflow/.local/lib/python3.12/site-packages/airflow/example_dags/example_complex.py
[2024-10-08T03:12:50.908+0000] {processor.py:925} INFO - DAG(s) 'example_complex' retrieved from /home/airflow/.local/lib/python3.12/site-packages/airflow/example_dags/example_complex.py
[2024-10-08T03:12:50.922+0000] {logging_mixin.py:190} INFO - [2024-10-08T03:12:50.922+0000] {dag.py:3239} INFO - Sync 1 DAGs
[2024-10-08T03:12:50.930+0000] {logging_mixin.py:190} INFO - [2024-10-08T03:12:50.929+0000] {dag.py:4180} INFO - Setting next_dagrun for example_complex to None, run_after=None
[2024-10-08T03:12:50.938+0000] {processor.py:208} INFO - Processing /home/airflow/.local/lib/python3.12/site-packages/airflow/example_dags/example_complex.py took 0.040 seconds
[2024-10-08T03:13:21.193+0000] {processor.py:186} INFO - Started process (PID=3773) to work on /home/airflow/.local/lib/python3.12/site-packages/airflow/example_dags/example_complex.py
[2024-10-08T03:13:21.194+0000] {processor.py:914} INFO - Processing file /home/airflow/.local/lib/python3.12/site-packages/airflow/example_dags/example_complex.py for tasks to queue
[2024-10-08T03:13:21.195+0000] {logging_mixin.py:190} INFO - [2024-10-08T03:13:21.195+0000] {dagbag.py:588} INFO - Filling up the DagBag from /home/airflow/.local/lib/python3.12/site-packages/airflow/example_dags/example_complex.py
[2024-10-08T03:13:21.201+0000] {processor.py:925} INFO - DAG(s) 'example_complex' retrieved from /home/airflow/.local/lib/python3.12/site-packages/airflow/example_dags/example_complex.py
[2024-10-08T03:13:21.217+0000] {logging_mixin.py:190} INFO - [2024-10-08T03:13:21.217+0000] {dag.py:3239} INFO - Sync 1 DAGs
[2024-10-08T03:13:21.224+0000] {logging_mixin.py:190} INFO - [2024-10-08T03:13:21.224+0000] {dag.py:4180} INFO - Setting next_dagrun for example_complex to None, run_after=None
[2024-10-08T03:13:21.234+0000] {processor.py:208} INFO - Processing /home/airflow/.local/lib/python3.12/site-packages/airflow/example_dags/example_complex.py took 0.044 seconds
[2024-10-08T03:13:51.508+0000] {processor.py:186} INFO - Started process (PID=4074) to work on /home/airflow/.local/lib/python3.12/site-packages/airflow/example_dags/example_complex.py
[2024-10-08T03:13:51.508+0000] {processor.py:914} INFO - Processing file /home/airflow/.local/lib/python3.12/site-packages/airflow/example_dags/example_complex.py for tasks to queue
[2024-10-08T03:13:51.509+0000] {logging_mixin.py:190} INFO - [2024-10-08T03:13:51.509+0000] {dagbag.py:588} INFO - Filling up the DagBag from /home/airflow/.local/lib/python3.12/site-packages/airflow/example_dags/example_complex.py
[2024-10-08T03:13:51.515+0000] {processor.py:925} INFO - DAG(s) 'example_complex' retrieved from /home/airflow/.local/lib/python3.12/site-packages/airflow/example_dags/example_complex.py
[2024-10-08T03:13:51.530+0000] {logging_mixin.py:190} INFO - [2024-10-08T03:13:51.530+0000] {dag.py:3239} INFO - Sync 1 DAGs
[2024-10-08T03:13:51.537+0000] {logging_mixin.py:190} INFO - [2024-10-08T03:13:51.537+0000] {dag.py:4180} INFO - Setting next_dagrun for example_complex to None, run_after=None
[2024-10-08T03:13:51.546+0000] {processor.py:208} INFO - Processing /home/airflow/.local/lib/python3.12/site-packages/airflow/example_dags/example_complex.py took 0.041 seconds
[2024-10-08T03:14:21.691+0000] {processor.py:186} INFO - Started process (PID=4370) to work on /home/airflow/.local/lib/python3.12/site-packages/airflow/example_dags/example_complex.py
[2024-10-08T03:14:21.692+0000] {processor.py:914} INFO - Processing file /home/airflow/.local/lib/python3.12/site-packages/airflow/example_dags/example_complex.py for tasks to queue
[2024-10-08T03:14:21.693+0000] {logging_mixin.py:190} INFO - [2024-10-08T03:14:21.693+0000] {dagbag.py:588} INFO - Filling up the DagBag from /home/airflow/.local/lib/python3.12/site-packages/airflow/example_dags/example_complex.py
[2024-10-08T03:14:21.698+0000] {processor.py:925} INFO - DAG(s) 'example_complex' retrieved from /home/airflow/.local/lib/python3.12/site-packages/airflow/example_dags/example_complex.py
[2024-10-08T03:14:21.714+0000] {logging_mixin.py:190} INFO - [2024-10-08T03:14:21.714+0000] {dag.py:3239} INFO - Sync 1 DAGs
[2024-10-08T03:14:21.721+0000] {logging_mixin.py:190} INFO - [2024-10-08T03:14:21.721+0000] {dag.py:4180} INFO - Setting next_dagrun for example_complex to None, run_after=None
[2024-10-08T03:14:21.730+0000] {processor.py:208} INFO - Processing /home/airflow/.local/lib/python3.12/site-packages/airflow/example_dags/example_complex.py took 0.042 seconds
