[2024-10-08T03:07:46.479+0000] {processor.py:186} INFO - Started process (PID=209) to work on /home/airflow/.local/lib/python3.12/site-packages/airflow/example_dags/example_sla_dag.py
[2024-10-08T03:07:46.479+0000] {processor.py:914} INFO - Processing file /home/airflow/.local/lib/python3.12/site-packages/airflow/example_dags/example_sla_dag.py for tasks to queue
[2024-10-08T03:07:46.480+0000] {logging_mixin.py:190} INFO - [2024-10-08T03:07:46.480+0000] {dagbag.py:588} INFO - Filling up the DagBag from /home/airflow/.local/lib/python3.12/site-packages/airflow/example_dags/example_sla_dag.py
[2024-10-08T03:07:46.485+0000] {processor.py:925} INFO - DAG(s) 'example_sla_dag' retrieved from /home/airflow/.local/lib/python3.12/site-packages/airflow/example_dags/example_sla_dag.py
[2024-10-08T03:07:46.498+0000] {logging_mixin.py:190} INFO - [2024-10-08T03:07:46.498+0000] {dag.py:3239} INFO - Sync 1 DAGs
[2024-10-08T03:07:46.511+0000] {logging_mixin.py:190} INFO - [2024-10-08T03:07:46.511+0000] {dag.py:4180} INFO - Setting next_dagrun for example_sla_dag to 2024-10-08 03:04:00+00:00, run_after=2024-10-08 03:06:00+00:00
[2024-10-08T03:07:46.521+0000] {processor.py:208} INFO - Processing /home/airflow/.local/lib/python3.12/site-packages/airflow/example_dags/example_sla_dag.py took 0.046 seconds
[2024-10-08T03:08:17.081+0000] {processor.py:186} INFO - Started process (PID=512) to work on /home/airflow/.local/lib/python3.12/site-packages/airflow/example_dags/example_sla_dag.py
[2024-10-08T03:08:17.081+0000] {processor.py:914} INFO - Processing file /home/airflow/.local/lib/python3.12/site-packages/airflow/example_dags/example_sla_dag.py for tasks to queue
[2024-10-08T03:08:17.082+0000] {logging_mixin.py:190} INFO - [2024-10-08T03:08:17.082+0000] {dagbag.py:588} INFO - Filling up the DagBag from /home/airflow/.local/lib/python3.12/site-packages/airflow/example_dags/example_sla_dag.py
[2024-10-08T03:08:17.087+0000] {processor.py:925} INFO - DAG(s) 'example_sla_dag' retrieved from /home/airflow/.local/lib/python3.12/site-packages/airflow/example_dags/example_sla_dag.py
[2024-10-08T03:08:17.097+0000] {logging_mixin.py:190} INFO - [2024-10-08T03:08:17.097+0000] {dag.py:3239} INFO - Sync 1 DAGs
[2024-10-08T03:08:17.110+0000] {logging_mixin.py:190} INFO - [2024-10-08T03:08:17.110+0000] {dag.py:4180} INFO - Setting next_dagrun for example_sla_dag to 2024-10-08 03:06:00+00:00, run_after=2024-10-08 03:08:00+00:00
[2024-10-08T03:08:17.119+0000] {processor.py:208} INFO - Processing /home/airflow/.local/lib/python3.12/site-packages/airflow/example_dags/example_sla_dag.py took 0.041 seconds
[2024-10-08T03:08:47.428+0000] {processor.py:186} INFO - Started process (PID=813) to work on /home/airflow/.local/lib/python3.12/site-packages/airflow/example_dags/example_sla_dag.py
[2024-10-08T03:08:47.428+0000] {processor.py:914} INFO - Processing file /home/airflow/.local/lib/python3.12/site-packages/airflow/example_dags/example_sla_dag.py for tasks to queue
[2024-10-08T03:08:47.429+0000] {logging_mixin.py:190} INFO - [2024-10-08T03:08:47.429+0000] {dagbag.py:588} INFO - Filling up the DagBag from /home/airflow/.local/lib/python3.12/site-packages/airflow/example_dags/example_sla_dag.py
[2024-10-08T03:08:47.434+0000] {processor.py:925} INFO - DAG(s) 'example_sla_dag' retrieved from /home/airflow/.local/lib/python3.12/site-packages/airflow/example_dags/example_sla_dag.py
[2024-10-08T03:08:47.445+0000] {logging_mixin.py:190} INFO - [2024-10-08T03:08:47.445+0000] {dag.py:3239} INFO - Sync 1 DAGs
[2024-10-08T03:08:47.457+0000] {logging_mixin.py:190} INFO - [2024-10-08T03:08:47.457+0000] {dag.py:4180} INFO - Setting next_dagrun for example_sla_dag to 2024-10-08 03:06:00+00:00, run_after=2024-10-08 03:08:00+00:00
[2024-10-08T03:08:47.467+0000] {processor.py:208} INFO - Processing /home/airflow/.local/lib/python3.12/site-packages/airflow/example_dags/example_sla_dag.py took 0.042 seconds
[2024-10-08T03:09:17.815+0000] {processor.py:186} INFO - Started process (PID=1114) to work on /home/airflow/.local/lib/python3.12/site-packages/airflow/example_dags/example_sla_dag.py
[2024-10-08T03:09:17.816+0000] {processor.py:914} INFO - Processing file /home/airflow/.local/lib/python3.12/site-packages/airflow/example_dags/example_sla_dag.py for tasks to queue
[2024-10-08T03:09:17.817+0000] {logging_mixin.py:190} INFO - [2024-10-08T03:09:17.817+0000] {dagbag.py:588} INFO - Filling up the DagBag from /home/airflow/.local/lib/python3.12/site-packages/airflow/example_dags/example_sla_dag.py
[2024-10-08T03:09:17.821+0000] {processor.py:925} INFO - DAG(s) 'example_sla_dag' retrieved from /home/airflow/.local/lib/python3.12/site-packages/airflow/example_dags/example_sla_dag.py
[2024-10-08T03:09:17.831+0000] {logging_mixin.py:190} INFO - [2024-10-08T03:09:17.831+0000] {dag.py:3239} INFO - Sync 1 DAGs
[2024-10-08T03:09:17.844+0000] {logging_mixin.py:190} INFO - [2024-10-08T03:09:17.843+0000] {dag.py:4180} INFO - Setting next_dagrun for example_sla_dag to 2024-10-08 03:06:00+00:00, run_after=2024-10-08 03:08:00+00:00
[2024-10-08T03:09:17.852+0000] {processor.py:208} INFO - Processing /home/airflow/.local/lib/python3.12/site-packages/airflow/example_dags/example_sla_dag.py took 0.040 seconds
[2024-10-08T03:09:48.250+0000] {processor.py:186} INFO - Started process (PID=1415) to work on /home/airflow/.local/lib/python3.12/site-packages/airflow/example_dags/example_sla_dag.py
[2024-10-08T03:09:48.251+0000] {processor.py:914} INFO - Processing file /home/airflow/.local/lib/python3.12/site-packages/airflow/example_dags/example_sla_dag.py for tasks to queue
[2024-10-08T03:09:48.252+0000] {logging_mixin.py:190} INFO - [2024-10-08T03:09:48.252+0000] {dagbag.py:588} INFO - Filling up the DagBag from /home/airflow/.local/lib/python3.12/site-packages/airflow/example_dags/example_sla_dag.py
[2024-10-08T03:09:48.256+0000] {processor.py:925} INFO - DAG(s) 'example_sla_dag' retrieved from /home/airflow/.local/lib/python3.12/site-packages/airflow/example_dags/example_sla_dag.py
[2024-10-08T03:09:48.267+0000] {logging_mixin.py:190} INFO - [2024-10-08T03:09:48.267+0000] {dag.py:3239} INFO - Sync 1 DAGs
[2024-10-08T03:09:48.279+0000] {logging_mixin.py:190} INFO - [2024-10-08T03:09:48.279+0000] {dag.py:4180} INFO - Setting next_dagrun for example_sla_dag to 2024-10-08 03:06:00+00:00, run_after=2024-10-08 03:08:00+00:00
[2024-10-08T03:09:48.287+0000] {processor.py:208} INFO - Processing /home/airflow/.local/lib/python3.12/site-packages/airflow/example_dags/example_sla_dag.py took 0.039 seconds
[2024-10-08T03:10:18.482+0000] {processor.py:186} INFO - Started process (PID=1714) to work on /home/airflow/.local/lib/python3.12/site-packages/airflow/example_dags/example_sla_dag.py
[2024-10-08T03:10:18.482+0000] {processor.py:914} INFO - Processing file /home/airflow/.local/lib/python3.12/site-packages/airflow/example_dags/example_sla_dag.py for tasks to queue
[2024-10-08T03:10:18.484+0000] {logging_mixin.py:190} INFO - [2024-10-08T03:10:18.483+0000] {dagbag.py:588} INFO - Filling up the DagBag from /home/airflow/.local/lib/python3.12/site-packages/airflow/example_dags/example_sla_dag.py
[2024-10-08T03:10:18.489+0000] {processor.py:925} INFO - DAG(s) 'example_sla_dag' retrieved from /home/airflow/.local/lib/python3.12/site-packages/airflow/example_dags/example_sla_dag.py
[2024-10-08T03:10:18.498+0000] {logging_mixin.py:190} INFO - [2024-10-08T03:10:18.498+0000] {dag.py:3239} INFO - Sync 1 DAGs
[2024-10-08T03:10:18.510+0000] {logging_mixin.py:190} INFO - [2024-10-08T03:10:18.510+0000] {dag.py:4180} INFO - Setting next_dagrun for example_sla_dag to 2024-10-08 03:08:00+00:00, run_after=2024-10-08 03:10:00+00:00
[2024-10-08T03:10:18.519+0000] {processor.py:208} INFO - Processing /home/airflow/.local/lib/python3.12/site-packages/airflow/example_dags/example_sla_dag.py took 0.040 seconds
[2024-10-08T03:10:48.672+0000] {processor.py:186} INFO - Started process (PID=2071) to work on /home/airflow/.local/lib/python3.12/site-packages/airflow/example_dags/example_sla_dag.py
[2024-10-08T03:10:48.672+0000] {processor.py:914} INFO - Processing file /home/airflow/.local/lib/python3.12/site-packages/airflow/example_dags/example_sla_dag.py for tasks to queue
[2024-10-08T03:10:48.673+0000] {logging_mixin.py:190} INFO - [2024-10-08T03:10:48.673+0000] {dagbag.py:588} INFO - Filling up the DagBag from /home/airflow/.local/lib/python3.12/site-packages/airflow/example_dags/example_sla_dag.py
[2024-10-08T03:10:48.678+0000] {processor.py:925} INFO - DAG(s) 'example_sla_dag' retrieved from /home/airflow/.local/lib/python3.12/site-packages/airflow/example_dags/example_sla_dag.py
[2024-10-08T03:10:48.689+0000] {logging_mixin.py:190} INFO - [2024-10-08T03:10:48.689+0000] {dag.py:3239} INFO - Sync 1 DAGs
[2024-10-08T03:10:48.701+0000] {logging_mixin.py:190} INFO - [2024-10-08T03:10:48.701+0000] {dag.py:4180} INFO - Setting next_dagrun for example_sla_dag to 2024-10-08 03:08:00+00:00, run_after=2024-10-08 03:10:00+00:00
[2024-10-08T03:10:48.710+0000] {processor.py:208} INFO - Processing /home/airflow/.local/lib/python3.12/site-packages/airflow/example_dags/example_sla_dag.py took 0.041 seconds
[2024-10-08T03:11:18.893+0000] {processor.py:186} INFO - Started process (PID=2373) to work on /home/airflow/.local/lib/python3.12/site-packages/airflow/example_dags/example_sla_dag.py
[2024-10-08T03:11:18.894+0000] {processor.py:914} INFO - Processing file /home/airflow/.local/lib/python3.12/site-packages/airflow/example_dags/example_sla_dag.py for tasks to queue
[2024-10-08T03:11:18.895+0000] {logging_mixin.py:190} INFO - [2024-10-08T03:11:18.895+0000] {dagbag.py:588} INFO - Filling up the DagBag from /home/airflow/.local/lib/python3.12/site-packages/airflow/example_dags/example_sla_dag.py
[2024-10-08T03:11:18.900+0000] {processor.py:925} INFO - DAG(s) 'example_sla_dag' retrieved from /home/airflow/.local/lib/python3.12/site-packages/airflow/example_dags/example_sla_dag.py
[2024-10-08T03:11:18.909+0000] {logging_mixin.py:190} INFO - [2024-10-08T03:11:18.909+0000] {dag.py:3239} INFO - Sync 1 DAGs
[2024-10-08T03:11:18.921+0000] {logging_mixin.py:190} INFO - [2024-10-08T03:11:18.921+0000] {dag.py:4180} INFO - Setting next_dagrun for example_sla_dag to 2024-10-08 03:08:00+00:00, run_after=2024-10-08 03:10:00+00:00
[2024-10-08T03:11:18.930+0000] {processor.py:208} INFO - Processing /home/airflow/.local/lib/python3.12/site-packages/airflow/example_dags/example_sla_dag.py took 0.039 seconds
[2024-10-08T03:11:49.089+0000] {processor.py:186} INFO - Started process (PID=2674) to work on /home/airflow/.local/lib/python3.12/site-packages/airflow/example_dags/example_sla_dag.py
[2024-10-08T03:11:49.090+0000] {processor.py:914} INFO - Processing file /home/airflow/.local/lib/python3.12/site-packages/airflow/example_dags/example_sla_dag.py for tasks to queue
[2024-10-08T03:11:49.091+0000] {logging_mixin.py:190} INFO - [2024-10-08T03:11:49.091+0000] {dagbag.py:588} INFO - Filling up the DagBag from /home/airflow/.local/lib/python3.12/site-packages/airflow/example_dags/example_sla_dag.py
[2024-10-08T03:11:49.096+0000] {processor.py:925} INFO - DAG(s) 'example_sla_dag' retrieved from /home/airflow/.local/lib/python3.12/site-packages/airflow/example_dags/example_sla_dag.py
[2024-10-08T03:11:49.105+0000] {logging_mixin.py:190} INFO - [2024-10-08T03:11:49.105+0000] {dag.py:3239} INFO - Sync 1 DAGs
[2024-10-08T03:11:49.117+0000] {logging_mixin.py:190} INFO - [2024-10-08T03:11:49.117+0000] {dag.py:4180} INFO - Setting next_dagrun for example_sla_dag to 2024-10-08 03:08:00+00:00, run_after=2024-10-08 03:10:00+00:00
[2024-10-08T03:11:49.127+0000] {processor.py:208} INFO - Processing /home/airflow/.local/lib/python3.12/site-packages/airflow/example_dags/example_sla_dag.py took 0.040 seconds
[2024-10-08T03:12:19.510+0000] {processor.py:186} INFO - Started process (PID=2975) to work on /home/airflow/.local/lib/python3.12/site-packages/airflow/example_dags/example_sla_dag.py
[2024-10-08T03:12:19.510+0000] {processor.py:914} INFO - Processing file /home/airflow/.local/lib/python3.12/site-packages/airflow/example_dags/example_sla_dag.py for tasks to queue
[2024-10-08T03:12:19.511+0000] {logging_mixin.py:190} INFO - [2024-10-08T03:12:19.511+0000] {dagbag.py:588} INFO - Filling up the DagBag from /home/airflow/.local/lib/python3.12/site-packages/airflow/example_dags/example_sla_dag.py
[2024-10-08T03:12:19.516+0000] {processor.py:925} INFO - DAG(s) 'example_sla_dag' retrieved from /home/airflow/.local/lib/python3.12/site-packages/airflow/example_dags/example_sla_dag.py
[2024-10-08T03:12:19.526+0000] {logging_mixin.py:190} INFO - [2024-10-08T03:12:19.526+0000] {dag.py:3239} INFO - Sync 1 DAGs
[2024-10-08T03:12:19.540+0000] {logging_mixin.py:190} INFO - [2024-10-08T03:12:19.540+0000] {dag.py:4180} INFO - Setting next_dagrun for example_sla_dag to 2024-10-08 03:10:00+00:00, run_after=2024-10-08 03:12:00+00:00
[2024-10-08T03:12:19.548+0000] {processor.py:208} INFO - Processing /home/airflow/.local/lib/python3.12/site-packages/airflow/example_dags/example_sla_dag.py took 0.042 seconds
[2024-10-08T03:12:49.666+0000] {processor.py:186} INFO - Started process (PID=3276) to work on /home/airflow/.local/lib/python3.12/site-packages/airflow/example_dags/example_sla_dag.py
[2024-10-08T03:12:49.667+0000] {processor.py:914} INFO - Processing file /home/airflow/.local/lib/python3.12/site-packages/airflow/example_dags/example_sla_dag.py for tasks to queue
[2024-10-08T03:12:49.668+0000] {logging_mixin.py:190} INFO - [2024-10-08T03:12:49.668+0000] {dagbag.py:588} INFO - Filling up the DagBag from /home/airflow/.local/lib/python3.12/site-packages/airflow/example_dags/example_sla_dag.py
[2024-10-08T03:12:49.673+0000] {processor.py:925} INFO - DAG(s) 'example_sla_dag' retrieved from /home/airflow/.local/lib/python3.12/site-packages/airflow/example_dags/example_sla_dag.py
[2024-10-08T03:12:49.682+0000] {logging_mixin.py:190} INFO - [2024-10-08T03:12:49.682+0000] {dag.py:3239} INFO - Sync 1 DAGs
[2024-10-08T03:12:49.695+0000] {logging_mixin.py:190} INFO - [2024-10-08T03:12:49.695+0000] {dag.py:4180} INFO - Setting next_dagrun for example_sla_dag to 2024-10-08 03:10:00+00:00, run_after=2024-10-08 03:12:00+00:00
[2024-10-08T03:12:49.704+0000] {processor.py:208} INFO - Processing /home/airflow/.local/lib/python3.12/site-packages/airflow/example_dags/example_sla_dag.py took 0.040 seconds
[2024-10-08T03:13:19.841+0000] {processor.py:186} INFO - Started process (PID=3577) to work on /home/airflow/.local/lib/python3.12/site-packages/airflow/example_dags/example_sla_dag.py
[2024-10-08T03:13:19.842+0000] {processor.py:914} INFO - Processing file /home/airflow/.local/lib/python3.12/site-packages/airflow/example_dags/example_sla_dag.py for tasks to queue
[2024-10-08T03:13:19.843+0000] {logging_mixin.py:190} INFO - [2024-10-08T03:13:19.842+0000] {dagbag.py:588} INFO - Filling up the DagBag from /home/airflow/.local/lib/python3.12/site-packages/airflow/example_dags/example_sla_dag.py
[2024-10-08T03:13:19.847+0000] {processor.py:925} INFO - DAG(s) 'example_sla_dag' retrieved from /home/airflow/.local/lib/python3.12/site-packages/airflow/example_dags/example_sla_dag.py
[2024-10-08T03:13:19.858+0000] {logging_mixin.py:190} INFO - [2024-10-08T03:13:19.858+0000] {dag.py:3239} INFO - Sync 1 DAGs
[2024-10-08T03:13:19.870+0000] {logging_mixin.py:190} INFO - [2024-10-08T03:13:19.870+0000] {dag.py:4180} INFO - Setting next_dagrun for example_sla_dag to 2024-10-08 03:10:00+00:00, run_after=2024-10-08 03:12:00+00:00
[2024-10-08T03:13:19.880+0000] {processor.py:208} INFO - Processing /home/airflow/.local/lib/python3.12/site-packages/airflow/example_dags/example_sla_dag.py took 0.042 seconds
[2024-10-08T03:13:50.079+0000] {processor.py:186} INFO - Started process (PID=3878) to work on /home/airflow/.local/lib/python3.12/site-packages/airflow/example_dags/example_sla_dag.py
[2024-10-08T03:13:50.079+0000] {processor.py:914} INFO - Processing file /home/airflow/.local/lib/python3.12/site-packages/airflow/example_dags/example_sla_dag.py for tasks to queue
[2024-10-08T03:13:50.081+0000] {logging_mixin.py:190} INFO - [2024-10-08T03:13:50.080+0000] {dagbag.py:588} INFO - Filling up the DagBag from /home/airflow/.local/lib/python3.12/site-packages/airflow/example_dags/example_sla_dag.py
[2024-10-08T03:13:50.086+0000] {processor.py:925} INFO - DAG(s) 'example_sla_dag' retrieved from /home/airflow/.local/lib/python3.12/site-packages/airflow/example_dags/example_sla_dag.py
[2024-10-08T03:13:50.096+0000] {logging_mixin.py:190} INFO - [2024-10-08T03:13:50.096+0000] {dag.py:3239} INFO - Sync 1 DAGs
[2024-10-08T03:13:50.110+0000] {logging_mixin.py:190} INFO - [2024-10-08T03:13:50.110+0000] {dag.py:4180} INFO - Setting next_dagrun for example_sla_dag to 2024-10-08 03:10:00+00:00, run_after=2024-10-08 03:12:00+00:00
[2024-10-08T03:13:50.121+0000] {processor.py:208} INFO - Processing /home/airflow/.local/lib/python3.12/site-packages/airflow/example_dags/example_sla_dag.py took 0.045 seconds
[2024-10-08T03:14:20.466+0000] {processor.py:186} INFO - Started process (PID=4187) to work on /home/airflow/.local/lib/python3.12/site-packages/airflow/example_dags/example_sla_dag.py
[2024-10-08T03:14:20.466+0000] {processor.py:914} INFO - Processing file /home/airflow/.local/lib/python3.12/site-packages/airflow/example_dags/example_sla_dag.py for tasks to queue
[2024-10-08T03:14:20.467+0000] {logging_mixin.py:190} INFO - [2024-10-08T03:14:20.467+0000] {dagbag.py:588} INFO - Filling up the DagBag from /home/airflow/.local/lib/python3.12/site-packages/airflow/example_dags/example_sla_dag.py
[2024-10-08T03:14:20.472+0000] {processor.py:925} INFO - DAG(s) 'example_sla_dag' retrieved from /home/airflow/.local/lib/python3.12/site-packages/airflow/example_dags/example_sla_dag.py
[2024-10-08T03:14:20.482+0000] {logging_mixin.py:190} INFO - [2024-10-08T03:14:20.482+0000] {dag.py:3239} INFO - Sync 1 DAGs
[2024-10-08T03:14:20.494+0000] {logging_mixin.py:190} INFO - [2024-10-08T03:14:20.494+0000] {dag.py:4180} INFO - Setting next_dagrun for example_sla_dag to 2024-10-08 03:12:00+00:00, run_after=2024-10-08 03:14:00+00:00
[2024-10-08T03:14:20.503+0000] {processor.py:208} INFO - Processing /home/airflow/.local/lib/python3.12/site-packages/airflow/example_dags/example_sla_dag.py took 0.040 seconds
[2024-10-08T03:14:50.569+0000] {processor.py:186} INFO - Started process (PID=4488) to work on /home/airflow/.local/lib/python3.12/site-packages/airflow/example_dags/example_sla_dag.py
[2024-10-08T03:14:50.570+0000] {processor.py:914} INFO - Processing file /home/airflow/.local/lib/python3.12/site-packages/airflow/example_dags/example_sla_dag.py for tasks to queue
[2024-10-08T03:14:50.571+0000] {logging_mixin.py:190} INFO - [2024-10-08T03:14:50.571+0000] {dagbag.py:588} INFO - Filling up the DagBag from /home/airflow/.local/lib/python3.12/site-packages/airflow/example_dags/example_sla_dag.py
[2024-10-08T03:14:50.576+0000] {processor.py:925} INFO - DAG(s) 'example_sla_dag' retrieved from /home/airflow/.local/lib/python3.12/site-packages/airflow/example_dags/example_sla_dag.py
[2024-10-08T03:14:50.585+0000] {logging_mixin.py:190} INFO - [2024-10-08T03:14:50.585+0000] {dag.py:3239} INFO - Sync 1 DAGs
[2024-10-08T03:14:50.597+0000] {logging_mixin.py:190} INFO - [2024-10-08T03:14:50.597+0000] {dag.py:4180} INFO - Setting next_dagrun for example_sla_dag to 2024-10-08 03:12:00+00:00, run_after=2024-10-08 03:14:00+00:00
[2024-10-08T03:14:50.606+0000] {processor.py:208} INFO - Processing /home/airflow/.local/lib/python3.12/site-packages/airflow/example_dags/example_sla_dag.py took 0.040 seconds
[2024-10-08T03:15:20.860+0000] {processor.py:186} INFO - Started process (PID=4789) to work on /home/airflow/.local/lib/python3.12/site-packages/airflow/example_dags/example_sla_dag.py
[2024-10-08T03:15:20.861+0000] {processor.py:914} INFO - Processing file /home/airflow/.local/lib/python3.12/site-packages/airflow/example_dags/example_sla_dag.py for tasks to queue
[2024-10-08T03:15:20.862+0000] {logging_mixin.py:190} INFO - [2024-10-08T03:15:20.862+0000] {dagbag.py:588} INFO - Filling up the DagBag from /home/airflow/.local/lib/python3.12/site-packages/airflow/example_dags/example_sla_dag.py
[2024-10-08T03:15:20.867+0000] {processor.py:925} INFO - DAG(s) 'example_sla_dag' retrieved from /home/airflow/.local/lib/python3.12/site-packages/airflow/example_dags/example_sla_dag.py
[2024-10-08T03:15:20.877+0000] {logging_mixin.py:190} INFO - [2024-10-08T03:15:20.877+0000] {dag.py:3239} INFO - Sync 1 DAGs
[2024-10-08T03:15:20.889+0000] {logging_mixin.py:190} INFO - [2024-10-08T03:15:20.889+0000] {dag.py:4180} INFO - Setting next_dagrun for example_sla_dag to 2024-10-08 03:12:00+00:00, run_after=2024-10-08 03:14:00+00:00
[2024-10-08T03:15:20.897+0000] {processor.py:208} INFO - Processing /home/airflow/.local/lib/python3.12/site-packages/airflow/example_dags/example_sla_dag.py took 0.040 seconds
[2024-10-08T03:15:51.554+0000] {processor.py:186} INFO - Started process (PID=5090) to work on /home/airflow/.local/lib/python3.12/site-packages/airflow/example_dags/example_sla_dag.py
[2024-10-08T03:15:51.554+0000] {processor.py:914} INFO - Processing file /home/airflow/.local/lib/python3.12/site-packages/airflow/example_dags/example_sla_dag.py for tasks to queue
[2024-10-08T03:15:51.556+0000] {logging_mixin.py:190} INFO - [2024-10-08T03:15:51.555+0000] {dagbag.py:588} INFO - Filling up the DagBag from /home/airflow/.local/lib/python3.12/site-packages/airflow/example_dags/example_sla_dag.py
[2024-10-08T03:15:51.561+0000] {processor.py:925} INFO - DAG(s) 'example_sla_dag' retrieved from /home/airflow/.local/lib/python3.12/site-packages/airflow/example_dags/example_sla_dag.py
[2024-10-08T03:15:51.570+0000] {logging_mixin.py:190} INFO - [2024-10-08T03:15:51.570+0000] {dag.py:3239} INFO - Sync 1 DAGs
[2024-10-08T03:15:51.582+0000] {logging_mixin.py:190} INFO - [2024-10-08T03:15:51.582+0000] {dag.py:4180} INFO - Setting next_dagrun for example_sla_dag to 2024-10-08 03:12:00+00:00, run_after=2024-10-08 03:14:00+00:00
[2024-10-08T03:15:51.591+0000] {processor.py:208} INFO - Processing /home/airflow/.local/lib/python3.12/site-packages/airflow/example_dags/example_sla_dag.py took 0.040 seconds
[2024-10-08T03:16:21.774+0000] {processor.py:186} INFO - Started process (PID=5391) to work on /home/airflow/.local/lib/python3.12/site-packages/airflow/example_dags/example_sla_dag.py
[2024-10-08T03:16:21.774+0000] {processor.py:914} INFO - Processing file /home/airflow/.local/lib/python3.12/site-packages/airflow/example_dags/example_sla_dag.py for tasks to queue
[2024-10-08T03:16:21.775+0000] {logging_mixin.py:190} INFO - [2024-10-08T03:16:21.775+0000] {dagbag.py:588} INFO - Filling up the DagBag from /home/airflow/.local/lib/python3.12/site-packages/airflow/example_dags/example_sla_dag.py
[2024-10-08T03:16:21.780+0000] {processor.py:925} INFO - DAG(s) 'example_sla_dag' retrieved from /home/airflow/.local/lib/python3.12/site-packages/airflow/example_dags/example_sla_dag.py
[2024-10-08T03:16:21.790+0000] {logging_mixin.py:190} INFO - [2024-10-08T03:16:21.790+0000] {dag.py:3239} INFO - Sync 1 DAGs
[2024-10-08T03:16:21.802+0000] {logging_mixin.py:190} INFO - [2024-10-08T03:16:21.802+0000] {dag.py:4180} INFO - Setting next_dagrun for example_sla_dag to 2024-10-08 03:14:00+00:00, run_after=2024-10-08 03:16:00+00:00
[2024-10-08T03:16:21.825+0000] {processor.py:208} INFO - Processing /home/airflow/.local/lib/python3.12/site-packages/airflow/example_dags/example_sla_dag.py took 0.055 seconds
[2024-10-08T03:16:52.547+0000] {processor.py:186} INFO - Started process (PID=5690) to work on /home/airflow/.local/lib/python3.12/site-packages/airflow/example_dags/example_sla_dag.py
[2024-10-08T03:16:52.547+0000] {processor.py:914} INFO - Processing file /home/airflow/.local/lib/python3.12/site-packages/airflow/example_dags/example_sla_dag.py for tasks to queue
[2024-10-08T03:16:52.548+0000] {logging_mixin.py:190} INFO - [2024-10-08T03:16:52.548+0000] {dagbag.py:588} INFO - Filling up the DagBag from /home/airflow/.local/lib/python3.12/site-packages/airflow/example_dags/example_sla_dag.py
[2024-10-08T03:16:52.553+0000] {processor.py:925} INFO - DAG(s) 'example_sla_dag' retrieved from /home/airflow/.local/lib/python3.12/site-packages/airflow/example_dags/example_sla_dag.py
[2024-10-08T03:16:52.564+0000] {logging_mixin.py:190} INFO - [2024-10-08T03:16:52.564+0000] {dag.py:3239} INFO - Sync 1 DAGs
[2024-10-08T03:16:52.577+0000] {logging_mixin.py:190} INFO - [2024-10-08T03:16:52.577+0000] {dag.py:4180} INFO - Setting next_dagrun for example_sla_dag to 2024-10-08 03:14:00+00:00, run_after=2024-10-08 03:16:00+00:00
[2024-10-08T03:16:52.603+0000] {processor.py:208} INFO - Processing /home/airflow/.local/lib/python3.12/site-packages/airflow/example_dags/example_sla_dag.py took 0.060 seconds
[2024-10-08T03:17:23.532+0000] {processor.py:186} INFO - Started process (PID=5991) to work on /home/airflow/.local/lib/python3.12/site-packages/airflow/example_dags/example_sla_dag.py
[2024-10-08T03:17:23.532+0000] {processor.py:914} INFO - Processing file /home/airflow/.local/lib/python3.12/site-packages/airflow/example_dags/example_sla_dag.py for tasks to queue
[2024-10-08T03:17:23.534+0000] {logging_mixin.py:190} INFO - [2024-10-08T03:17:23.533+0000] {dagbag.py:588} INFO - Filling up the DagBag from /home/airflow/.local/lib/python3.12/site-packages/airflow/example_dags/example_sla_dag.py
[2024-10-08T03:17:23.539+0000] {processor.py:925} INFO - DAG(s) 'example_sla_dag' retrieved from /home/airflow/.local/lib/python3.12/site-packages/airflow/example_dags/example_sla_dag.py
[2024-10-08T03:17:23.548+0000] {logging_mixin.py:190} INFO - [2024-10-08T03:17:23.548+0000] {dag.py:3239} INFO - Sync 1 DAGs
[2024-10-08T03:17:23.562+0000] {logging_mixin.py:190} INFO - [2024-10-08T03:17:23.561+0000] {dag.py:4180} INFO - Setting next_dagrun for example_sla_dag to 2024-10-08 03:14:00+00:00, run_after=2024-10-08 03:16:00+00:00
[2024-10-08T03:17:23.570+0000] {processor.py:208} INFO - Processing /home/airflow/.local/lib/python3.12/site-packages/airflow/example_dags/example_sla_dag.py took 0.041 seconds
[2024-10-08T03:17:54.009+0000] {processor.py:186} INFO - Started process (PID=6292) to work on /home/airflow/.local/lib/python3.12/site-packages/airflow/example_dags/example_sla_dag.py
[2024-10-08T03:17:54.010+0000] {processor.py:914} INFO - Processing file /home/airflow/.local/lib/python3.12/site-packages/airflow/example_dags/example_sla_dag.py for tasks to queue
[2024-10-08T03:17:54.011+0000] {logging_mixin.py:190} INFO - [2024-10-08T03:17:54.011+0000] {dagbag.py:588} INFO - Filling up the DagBag from /home/airflow/.local/lib/python3.12/site-packages/airflow/example_dags/example_sla_dag.py
[2024-10-08T03:17:54.016+0000] {processor.py:925} INFO - DAG(s) 'example_sla_dag' retrieved from /home/airflow/.local/lib/python3.12/site-packages/airflow/example_dags/example_sla_dag.py
[2024-10-08T03:17:54.025+0000] {logging_mixin.py:190} INFO - [2024-10-08T03:17:54.025+0000] {dag.py:3239} INFO - Sync 1 DAGs
[2024-10-08T03:17:54.037+0000] {logging_mixin.py:190} INFO - [2024-10-08T03:17:54.037+0000] {dag.py:4180} INFO - Setting next_dagrun for example_sla_dag to 2024-10-08 03:14:00+00:00, run_after=2024-10-08 03:16:00+00:00
[2024-10-08T03:17:54.045+0000] {processor.py:208} INFO - Processing /home/airflow/.local/lib/python3.12/site-packages/airflow/example_dags/example_sla_dag.py took 0.039 seconds
[2024-10-08T03:18:24.305+0000] {processor.py:186} INFO - Started process (PID=6593) to work on /home/airflow/.local/lib/python3.12/site-packages/airflow/example_dags/example_sla_dag.py
[2024-10-08T03:18:24.305+0000] {processor.py:914} INFO - Processing file /home/airflow/.local/lib/python3.12/site-packages/airflow/example_dags/example_sla_dag.py for tasks to queue
[2024-10-08T03:18:24.306+0000] {logging_mixin.py:190} INFO - [2024-10-08T03:18:24.306+0000] {dagbag.py:588} INFO - Filling up the DagBag from /home/airflow/.local/lib/python3.12/site-packages/airflow/example_dags/example_sla_dag.py
[2024-10-08T03:18:24.311+0000] {processor.py:925} INFO - DAG(s) 'example_sla_dag' retrieved from /home/airflow/.local/lib/python3.12/site-packages/airflow/example_dags/example_sla_dag.py
[2024-10-08T03:18:24.321+0000] {logging_mixin.py:190} INFO - [2024-10-08T03:18:24.320+0000] {dag.py:3239} INFO - Sync 1 DAGs
[2024-10-08T03:18:24.333+0000] {logging_mixin.py:190} INFO - [2024-10-08T03:18:24.333+0000] {dag.py:4180} INFO - Setting next_dagrun for example_sla_dag to 2024-10-08 03:16:00+00:00, run_after=2024-10-08 03:18:00+00:00
[2024-10-08T03:18:24.342+0000] {processor.py:208} INFO - Processing /home/airflow/.local/lib/python3.12/site-packages/airflow/example_dags/example_sla_dag.py took 0.040 seconds
[2024-10-08T03:18:54.602+0000] {processor.py:186} INFO - Started process (PID=6894) to work on /home/airflow/.local/lib/python3.12/site-packages/airflow/example_dags/example_sla_dag.py
[2024-10-08T03:18:54.603+0000] {processor.py:914} INFO - Processing file /home/airflow/.local/lib/python3.12/site-packages/airflow/example_dags/example_sla_dag.py for tasks to queue
[2024-10-08T03:18:54.604+0000] {logging_mixin.py:190} INFO - [2024-10-08T03:18:54.604+0000] {dagbag.py:588} INFO - Filling up the DagBag from /home/airflow/.local/lib/python3.12/site-packages/airflow/example_dags/example_sla_dag.py
[2024-10-08T03:18:54.609+0000] {processor.py:925} INFO - DAG(s) 'example_sla_dag' retrieved from /home/airflow/.local/lib/python3.12/site-packages/airflow/example_dags/example_sla_dag.py
[2024-10-08T03:18:54.618+0000] {logging_mixin.py:190} INFO - [2024-10-08T03:18:54.618+0000] {dag.py:3239} INFO - Sync 1 DAGs
[2024-10-08T03:18:54.631+0000] {logging_mixin.py:190} INFO - [2024-10-08T03:18:54.630+0000] {dag.py:4180} INFO - Setting next_dagrun for example_sla_dag to 2024-10-08 03:16:00+00:00, run_after=2024-10-08 03:18:00+00:00
[2024-10-08T03:18:54.640+0000] {processor.py:208} INFO - Processing /home/airflow/.local/lib/python3.12/site-packages/airflow/example_dags/example_sla_dag.py took 0.041 seconds
[2024-10-08T03:19:24.769+0000] {processor.py:186} INFO - Started process (PID=7196) to work on /home/airflow/.local/lib/python3.12/site-packages/airflow/example_dags/example_sla_dag.py
[2024-10-08T03:19:24.769+0000] {processor.py:914} INFO - Processing file /home/airflow/.local/lib/python3.12/site-packages/airflow/example_dags/example_sla_dag.py for tasks to queue
[2024-10-08T03:19:24.771+0000] {logging_mixin.py:190} INFO - [2024-10-08T03:19:24.770+0000] {dagbag.py:588} INFO - Filling up the DagBag from /home/airflow/.local/lib/python3.12/site-packages/airflow/example_dags/example_sla_dag.py
[2024-10-08T03:19:24.776+0000] {processor.py:925} INFO - DAG(s) 'example_sla_dag' retrieved from /home/airflow/.local/lib/python3.12/site-packages/airflow/example_dags/example_sla_dag.py
[2024-10-08T03:19:24.785+0000] {logging_mixin.py:190} INFO - [2024-10-08T03:19:24.785+0000] {dag.py:3239} INFO - Sync 1 DAGs
[2024-10-08T03:19:24.797+0000] {logging_mixin.py:190} INFO - [2024-10-08T03:19:24.797+0000] {dag.py:4180} INFO - Setting next_dagrun for example_sla_dag to 2024-10-08 03:16:00+00:00, run_after=2024-10-08 03:18:00+00:00
[2024-10-08T03:19:24.806+0000] {processor.py:208} INFO - Processing /home/airflow/.local/lib/python3.12/site-packages/airflow/example_dags/example_sla_dag.py took 0.039 seconds
[2024-10-08T03:19:55.231+0000] {processor.py:186} INFO - Started process (PID=7499) to work on /home/airflow/.local/lib/python3.12/site-packages/airflow/example_dags/example_sla_dag.py
[2024-10-08T03:19:55.231+0000] {processor.py:914} INFO - Processing file /home/airflow/.local/lib/python3.12/site-packages/airflow/example_dags/example_sla_dag.py for tasks to queue
[2024-10-08T03:19:55.232+0000] {logging_mixin.py:190} INFO - [2024-10-08T03:19:55.232+0000] {dagbag.py:588} INFO - Filling up the DagBag from /home/airflow/.local/lib/python3.12/site-packages/airflow/example_dags/example_sla_dag.py
[2024-10-08T03:19:55.237+0000] {processor.py:925} INFO - DAG(s) 'example_sla_dag' retrieved from /home/airflow/.local/lib/python3.12/site-packages/airflow/example_dags/example_sla_dag.py
[2024-10-08T03:19:55.247+0000] {logging_mixin.py:190} INFO - [2024-10-08T03:19:55.247+0000] {dag.py:3239} INFO - Sync 1 DAGs
[2024-10-08T03:19:55.259+0000] {logging_mixin.py:190} INFO - [2024-10-08T03:19:55.259+0000] {dag.py:4180} INFO - Setting next_dagrun for example_sla_dag to 2024-10-08 03:16:00+00:00, run_after=2024-10-08 03:18:00+00:00
[2024-10-08T03:19:55.267+0000] {processor.py:208} INFO - Processing /home/airflow/.local/lib/python3.12/site-packages/airflow/example_dags/example_sla_dag.py took 0.039 seconds
[2024-10-08T03:20:25.413+0000] {processor.py:186} INFO - Started process (PID=7800) to work on /home/airflow/.local/lib/python3.12/site-packages/airflow/example_dags/example_sla_dag.py
[2024-10-08T03:20:25.413+0000] {processor.py:914} INFO - Processing file /home/airflow/.local/lib/python3.12/site-packages/airflow/example_dags/example_sla_dag.py for tasks to queue
[2024-10-08T03:20:25.414+0000] {logging_mixin.py:190} INFO - [2024-10-08T03:20:25.414+0000] {dagbag.py:588} INFO - Filling up the DagBag from /home/airflow/.local/lib/python3.12/site-packages/airflow/example_dags/example_sla_dag.py
[2024-10-08T03:20:25.420+0000] {processor.py:925} INFO - DAG(s) 'example_sla_dag' retrieved from /home/airflow/.local/lib/python3.12/site-packages/airflow/example_dags/example_sla_dag.py
[2024-10-08T03:20:25.429+0000] {logging_mixin.py:190} INFO - [2024-10-08T03:20:25.429+0000] {dag.py:3239} INFO - Sync 1 DAGs
[2024-10-08T03:20:25.441+0000] {logging_mixin.py:190} INFO - [2024-10-08T03:20:25.441+0000] {dag.py:4180} INFO - Setting next_dagrun for example_sla_dag to 2024-10-08 03:18:00+00:00, run_after=2024-10-08 03:20:00+00:00
[2024-10-08T03:20:25.449+0000] {processor.py:208} INFO - Processing /home/airflow/.local/lib/python3.12/site-packages/airflow/example_dags/example_sla_dag.py took 0.039 seconds
[2024-10-08T03:20:56.110+0000] {processor.py:186} INFO - Started process (PID=8099) to work on /home/airflow/.local/lib/python3.12/site-packages/airflow/example_dags/example_sla_dag.py
[2024-10-08T03:20:56.110+0000] {processor.py:914} INFO - Processing file /home/airflow/.local/lib/python3.12/site-packages/airflow/example_dags/example_sla_dag.py for tasks to queue
[2024-10-08T03:20:56.112+0000] {logging_mixin.py:190} INFO - [2024-10-08T03:20:56.111+0000] {dagbag.py:588} INFO - Filling up the DagBag from /home/airflow/.local/lib/python3.12/site-packages/airflow/example_dags/example_sla_dag.py
[2024-10-08T03:20:56.117+0000] {processor.py:925} INFO - DAG(s) 'example_sla_dag' retrieved from /home/airflow/.local/lib/python3.12/site-packages/airflow/example_dags/example_sla_dag.py
[2024-10-08T03:20:56.127+0000] {logging_mixin.py:190} INFO - [2024-10-08T03:20:56.127+0000] {dag.py:3239} INFO - Sync 1 DAGs
[2024-10-08T03:20:56.140+0000] {logging_mixin.py:190} INFO - [2024-10-08T03:20:56.140+0000] {dag.py:4180} INFO - Setting next_dagrun for example_sla_dag to 2024-10-08 03:18:00+00:00, run_after=2024-10-08 03:20:00+00:00
[2024-10-08T03:20:56.149+0000] {processor.py:208} INFO - Processing /home/airflow/.local/lib/python3.12/site-packages/airflow/example_dags/example_sla_dag.py took 0.042 seconds
