[2024-10-08T03:07:47.683+0000] {processor.py:186} INFO - Started process (PID=344) to work on /home/airflow/.local/lib/python3.12/site-packages/airflow/example_dags/example_latest_only_with_trigger.py
[2024-10-08T03:07:47.684+0000] {processor.py:914} INFO - Processing file /home/airflow/.local/lib/python3.12/site-packages/airflow/example_dags/example_latest_only_with_trigger.py for tasks to queue
[2024-10-08T03:07:47.685+0000] {logging_mixin.py:190} INFO - [2024-10-08T03:07:47.685+0000] {dagbag.py:588} INFO - Filling up the DagBag from /home/airflow/.local/lib/python3.12/site-packages/airflow/example_dags/example_latest_only_with_trigger.py
[2024-10-08T03:07:47.689+0000] {processor.py:925} INFO - DAG(s) 'latest_only_with_trigger' retrieved from /home/airflow/.local/lib/python3.12/site-packages/airflow/example_dags/example_latest_only_with_trigger.py
[2024-10-08T03:07:47.703+0000] {logging_mixin.py:190} INFO - [2024-10-08T03:07:47.703+0000] {dag.py:3239} INFO - Sync 1 DAGs
[2024-10-08T03:07:47.714+0000] {logging_mixin.py:190} INFO - [2024-10-08T03:07:47.714+0000] {dag.py:4180} INFO - Setting next_dagrun for latest_only_with_trigger to 2024-10-07 20:00:00+00:00, run_after=2024-10-08 00:00:00+00:00
[2024-10-08T03:07:47.723+0000] {processor.py:208} INFO - Processing /home/airflow/.local/lib/python3.12/site-packages/airflow/example_dags/example_latest_only_with_trigger.py took 0.042 seconds
[2024-10-08T03:08:18.026+0000] {processor.py:186} INFO - Started process (PID=645) to work on /home/airflow/.local/lib/python3.12/site-packages/airflow/example_dags/example_latest_only_with_trigger.py
[2024-10-08T03:08:18.027+0000] {processor.py:914} INFO - Processing file /home/airflow/.local/lib/python3.12/site-packages/airflow/example_dags/example_latest_only_with_trigger.py for tasks to queue
[2024-10-08T03:08:18.028+0000] {logging_mixin.py:190} INFO - [2024-10-08T03:08:18.027+0000] {dagbag.py:588} INFO - Filling up the DagBag from /home/airflow/.local/lib/python3.12/site-packages/airflow/example_dags/example_latest_only_with_trigger.py
[2024-10-08T03:08:18.031+0000] {processor.py:925} INFO - DAG(s) 'latest_only_with_trigger' retrieved from /home/airflow/.local/lib/python3.12/site-packages/airflow/example_dags/example_latest_only_with_trigger.py
[2024-10-08T03:08:18.046+0000] {logging_mixin.py:190} INFO - [2024-10-08T03:08:18.046+0000] {dag.py:3239} INFO - Sync 1 DAGs
[2024-10-08T03:08:18.060+0000] {logging_mixin.py:190} INFO - [2024-10-08T03:08:18.060+0000] {dag.py:4180} INFO - Setting next_dagrun for latest_only_with_trigger to 2024-10-07 20:00:00+00:00, run_after=2024-10-08 00:00:00+00:00
[2024-10-08T03:08:18.070+0000] {processor.py:208} INFO - Processing /home/airflow/.local/lib/python3.12/site-packages/airflow/example_dags/example_latest_only_with_trigger.py took 0.047 seconds
[2024-10-08T03:08:48.442+0000] {processor.py:186} INFO - Started process (PID=946) to work on /home/airflow/.local/lib/python3.12/site-packages/airflow/example_dags/example_latest_only_with_trigger.py
[2024-10-08T03:08:48.443+0000] {processor.py:914} INFO - Processing file /home/airflow/.local/lib/python3.12/site-packages/airflow/example_dags/example_latest_only_with_trigger.py for tasks to queue
[2024-10-08T03:08:48.444+0000] {logging_mixin.py:190} INFO - [2024-10-08T03:08:48.444+0000] {dagbag.py:588} INFO - Filling up the DagBag from /home/airflow/.local/lib/python3.12/site-packages/airflow/example_dags/example_latest_only_with_trigger.py
[2024-10-08T03:08:48.447+0000] {processor.py:925} INFO - DAG(s) 'latest_only_with_trigger' retrieved from /home/airflow/.local/lib/python3.12/site-packages/airflow/example_dags/example_latest_only_with_trigger.py
[2024-10-08T03:08:48.458+0000] {logging_mixin.py:190} INFO - [2024-10-08T03:08:48.457+0000] {dag.py:3239} INFO - Sync 1 DAGs
[2024-10-08T03:08:48.469+0000] {logging_mixin.py:190} INFO - [2024-10-08T03:08:48.469+0000] {dag.py:4180} INFO - Setting next_dagrun for latest_only_with_trigger to 2024-10-07 20:00:00+00:00, run_after=2024-10-08 00:00:00+00:00
[2024-10-08T03:08:48.478+0000] {processor.py:208} INFO - Processing /home/airflow/.local/lib/python3.12/site-packages/airflow/example_dags/example_latest_only_with_trigger.py took 0.039 seconds
[2024-10-08T03:09:18.840+0000] {processor.py:186} INFO - Started process (PID=1247) to work on /home/airflow/.local/lib/python3.12/site-packages/airflow/example_dags/example_latest_only_with_trigger.py
[2024-10-08T03:09:18.841+0000] {processor.py:914} INFO - Processing file /home/airflow/.local/lib/python3.12/site-packages/airflow/example_dags/example_latest_only_with_trigger.py for tasks to queue
[2024-10-08T03:09:18.842+0000] {logging_mixin.py:190} INFO - [2024-10-08T03:09:18.842+0000] {dagbag.py:588} INFO - Filling up the DagBag from /home/airflow/.local/lib/python3.12/site-packages/airflow/example_dags/example_latest_only_with_trigger.py
[2024-10-08T03:09:18.845+0000] {processor.py:925} INFO - DAG(s) 'latest_only_with_trigger' retrieved from /home/airflow/.local/lib/python3.12/site-packages/airflow/example_dags/example_latest_only_with_trigger.py
[2024-10-08T03:09:18.855+0000] {logging_mixin.py:190} INFO - [2024-10-08T03:09:18.855+0000] {dag.py:3239} INFO - Sync 1 DAGs
[2024-10-08T03:09:18.866+0000] {logging_mixin.py:190} INFO - [2024-10-08T03:09:18.866+0000] {dag.py:4180} INFO - Setting next_dagrun for latest_only_with_trigger to 2024-10-07 20:00:00+00:00, run_after=2024-10-08 00:00:00+00:00
[2024-10-08T03:09:18.874+0000] {processor.py:208} INFO - Processing /home/airflow/.local/lib/python3.12/site-packages/airflow/example_dags/example_latest_only_with_trigger.py took 0.036 seconds
[2024-10-08T03:09:49.225+0000] {processor.py:186} INFO - Started process (PID=1548) to work on /home/airflow/.local/lib/python3.12/site-packages/airflow/example_dags/example_latest_only_with_trigger.py
[2024-10-08T03:09:49.225+0000] {processor.py:914} INFO - Processing file /home/airflow/.local/lib/python3.12/site-packages/airflow/example_dags/example_latest_only_with_trigger.py for tasks to queue
[2024-10-08T03:09:49.227+0000] {logging_mixin.py:190} INFO - [2024-10-08T03:09:49.226+0000] {dagbag.py:588} INFO - Filling up the DagBag from /home/airflow/.local/lib/python3.12/site-packages/airflow/example_dags/example_latest_only_with_trigger.py
[2024-10-08T03:09:49.230+0000] {processor.py:925} INFO - DAG(s) 'latest_only_with_trigger' retrieved from /home/airflow/.local/lib/python3.12/site-packages/airflow/example_dags/example_latest_only_with_trigger.py
[2024-10-08T03:09:49.240+0000] {logging_mixin.py:190} INFO - [2024-10-08T03:09:49.240+0000] {dag.py:3239} INFO - Sync 1 DAGs
[2024-10-08T03:09:49.251+0000] {logging_mixin.py:190} INFO - [2024-10-08T03:09:49.251+0000] {dag.py:4180} INFO - Setting next_dagrun for latest_only_with_trigger to 2024-10-07 20:00:00+00:00, run_after=2024-10-08 00:00:00+00:00
[2024-10-08T03:09:49.260+0000] {processor.py:208} INFO - Processing /home/airflow/.local/lib/python3.12/site-packages/airflow/example_dags/example_latest_only_with_trigger.py took 0.038 seconds
[2024-10-08T03:10:19.509+0000] {processor.py:186} INFO - Started process (PID=1851) to work on /home/airflow/.local/lib/python3.12/site-packages/airflow/example_dags/example_latest_only_with_trigger.py
[2024-10-08T03:10:19.510+0000] {processor.py:914} INFO - Processing file /home/airflow/.local/lib/python3.12/site-packages/airflow/example_dags/example_latest_only_with_trigger.py for tasks to queue
[2024-10-08T03:10:19.511+0000] {logging_mixin.py:190} INFO - [2024-10-08T03:10:19.510+0000] {dagbag.py:588} INFO - Filling up the DagBag from /home/airflow/.local/lib/python3.12/site-packages/airflow/example_dags/example_latest_only_with_trigger.py
[2024-10-08T03:10:19.514+0000] {processor.py:925} INFO - DAG(s) 'latest_only_with_trigger' retrieved from /home/airflow/.local/lib/python3.12/site-packages/airflow/example_dags/example_latest_only_with_trigger.py
[2024-10-08T03:10:19.523+0000] {logging_mixin.py:190} INFO - [2024-10-08T03:10:19.523+0000] {dag.py:3239} INFO - Sync 1 DAGs
[2024-10-08T03:10:19.535+0000] {logging_mixin.py:190} INFO - [2024-10-08T03:10:19.535+0000] {dag.py:4180} INFO - Setting next_dagrun for latest_only_with_trigger to 2024-10-07 20:00:00+00:00, run_after=2024-10-08 00:00:00+00:00
[2024-10-08T03:10:19.545+0000] {processor.py:208} INFO - Processing /home/airflow/.local/lib/python3.12/site-packages/airflow/example_dags/example_latest_only_with_trigger.py took 0.038 seconds
[2024-10-08T03:10:49.716+0000] {processor.py:186} INFO - Started process (PID=2208) to work on /home/airflow/.local/lib/python3.12/site-packages/airflow/example_dags/example_latest_only_with_trigger.py
[2024-10-08T03:10:49.717+0000] {processor.py:914} INFO - Processing file /home/airflow/.local/lib/python3.12/site-packages/airflow/example_dags/example_latest_only_with_trigger.py for tasks to queue
[2024-10-08T03:10:49.718+0000] {logging_mixin.py:190} INFO - [2024-10-08T03:10:49.718+0000] {dagbag.py:588} INFO - Filling up the DagBag from /home/airflow/.local/lib/python3.12/site-packages/airflow/example_dags/example_latest_only_with_trigger.py
[2024-10-08T03:10:49.721+0000] {processor.py:925} INFO - DAG(s) 'latest_only_with_trigger' retrieved from /home/airflow/.local/lib/python3.12/site-packages/airflow/example_dags/example_latest_only_with_trigger.py
[2024-10-08T03:10:49.731+0000] {logging_mixin.py:190} INFO - [2024-10-08T03:10:49.731+0000] {dag.py:3239} INFO - Sync 1 DAGs
[2024-10-08T03:10:49.742+0000] {logging_mixin.py:190} INFO - [2024-10-08T03:10:49.742+0000] {dag.py:4180} INFO - Setting next_dagrun for latest_only_with_trigger to 2024-10-07 20:00:00+00:00, run_after=2024-10-08 00:00:00+00:00
[2024-10-08T03:10:49.751+0000] {processor.py:208} INFO - Processing /home/airflow/.local/lib/python3.12/site-packages/airflow/example_dags/example_latest_only_with_trigger.py took 0.038 seconds
[2024-10-08T03:11:19.846+0000] {processor.py:186} INFO - Started process (PID=2508) to work on /home/airflow/.local/lib/python3.12/site-packages/airflow/example_dags/example_latest_only_with_trigger.py
[2024-10-08T03:11:19.847+0000] {processor.py:914} INFO - Processing file /home/airflow/.local/lib/python3.12/site-packages/airflow/example_dags/example_latest_only_with_trigger.py for tasks to queue
[2024-10-08T03:11:19.848+0000] {logging_mixin.py:190} INFO - [2024-10-08T03:11:19.848+0000] {dagbag.py:588} INFO - Filling up the DagBag from /home/airflow/.local/lib/python3.12/site-packages/airflow/example_dags/example_latest_only_with_trigger.py
[2024-10-08T03:11:19.852+0000] {processor.py:925} INFO - DAG(s) 'latest_only_with_trigger' retrieved from /home/airflow/.local/lib/python3.12/site-packages/airflow/example_dags/example_latest_only_with_trigger.py
[2024-10-08T03:11:19.861+0000] {logging_mixin.py:190} INFO - [2024-10-08T03:11:19.861+0000] {dag.py:3239} INFO - Sync 1 DAGs
[2024-10-08T03:11:19.873+0000] {logging_mixin.py:190} INFO - [2024-10-08T03:11:19.873+0000] {dag.py:4180} INFO - Setting next_dagrun for latest_only_with_trigger to 2024-10-07 20:00:00+00:00, run_after=2024-10-08 00:00:00+00:00
[2024-10-08T03:11:19.882+0000] {processor.py:208} INFO - Processing /home/airflow/.local/lib/python3.12/site-packages/airflow/example_dags/example_latest_only_with_trigger.py took 0.039 seconds
[2024-10-08T03:11:50.218+0000] {processor.py:186} INFO - Started process (PID=2809) to work on /home/airflow/.local/lib/python3.12/site-packages/airflow/example_dags/example_latest_only_with_trigger.py
[2024-10-08T03:11:50.219+0000] {processor.py:914} INFO - Processing file /home/airflow/.local/lib/python3.12/site-packages/airflow/example_dags/example_latest_only_with_trigger.py for tasks to queue
[2024-10-08T03:11:50.220+0000] {logging_mixin.py:190} INFO - [2024-10-08T03:11:50.220+0000] {dagbag.py:588} INFO - Filling up the DagBag from /home/airflow/.local/lib/python3.12/site-packages/airflow/example_dags/example_latest_only_with_trigger.py
[2024-10-08T03:11:50.224+0000] {processor.py:925} INFO - DAG(s) 'latest_only_with_trigger' retrieved from /home/airflow/.local/lib/python3.12/site-packages/airflow/example_dags/example_latest_only_with_trigger.py
[2024-10-08T03:11:50.233+0000] {logging_mixin.py:190} INFO - [2024-10-08T03:11:50.233+0000] {dag.py:3239} INFO - Sync 1 DAGs
[2024-10-08T03:11:50.244+0000] {logging_mixin.py:190} INFO - [2024-10-08T03:11:50.244+0000] {dag.py:4180} INFO - Setting next_dagrun for latest_only_with_trigger to 2024-10-07 20:00:00+00:00, run_after=2024-10-08 00:00:00+00:00
[2024-10-08T03:11:50.254+0000] {processor.py:208} INFO - Processing /home/airflow/.local/lib/python3.12/site-packages/airflow/example_dags/example_latest_only_with_trigger.py took 0.039 seconds
[2024-10-08T03:12:20.482+0000] {processor.py:186} INFO - Started process (PID=3116) to work on /home/airflow/.local/lib/python3.12/site-packages/airflow/example_dags/example_latest_only_with_trigger.py
[2024-10-08T03:12:20.483+0000] {processor.py:914} INFO - Processing file /home/airflow/.local/lib/python3.12/site-packages/airflow/example_dags/example_latest_only_with_trigger.py for tasks to queue
[2024-10-08T03:12:20.484+0000] {logging_mixin.py:190} INFO - [2024-10-08T03:12:20.484+0000] {dagbag.py:588} INFO - Filling up the DagBag from /home/airflow/.local/lib/python3.12/site-packages/airflow/example_dags/example_latest_only_with_trigger.py
[2024-10-08T03:12:20.488+0000] {processor.py:925} INFO - DAG(s) 'latest_only_with_trigger' retrieved from /home/airflow/.local/lib/python3.12/site-packages/airflow/example_dags/example_latest_only_with_trigger.py
[2024-10-08T03:12:20.497+0000] {logging_mixin.py:190} INFO - [2024-10-08T03:12:20.497+0000] {dag.py:3239} INFO - Sync 1 DAGs
[2024-10-08T03:12:20.509+0000] {logging_mixin.py:190} INFO - [2024-10-08T03:12:20.508+0000] {dag.py:4180} INFO - Setting next_dagrun for latest_only_with_trigger to 2024-10-07 20:00:00+00:00, run_after=2024-10-08 00:00:00+00:00
[2024-10-08T03:12:20.517+0000] {processor.py:208} INFO - Processing /home/airflow/.local/lib/python3.12/site-packages/airflow/example_dags/example_latest_only_with_trigger.py took 0.038 seconds
[2024-10-08T03:12:50.595+0000] {processor.py:186} INFO - Started process (PID=3417) to work on /home/airflow/.local/lib/python3.12/site-packages/airflow/example_dags/example_latest_only_with_trigger.py
[2024-10-08T03:12:50.596+0000] {processor.py:914} INFO - Processing file /home/airflow/.local/lib/python3.12/site-packages/airflow/example_dags/example_latest_only_with_trigger.py for tasks to queue
[2024-10-08T03:12:50.597+0000] {logging_mixin.py:190} INFO - [2024-10-08T03:12:50.597+0000] {dagbag.py:588} INFO - Filling up the DagBag from /home/airflow/.local/lib/python3.12/site-packages/airflow/example_dags/example_latest_only_with_trigger.py
[2024-10-08T03:12:50.601+0000] {processor.py:925} INFO - DAG(s) 'latest_only_with_trigger' retrieved from /home/airflow/.local/lib/python3.12/site-packages/airflow/example_dags/example_latest_only_with_trigger.py
[2024-10-08T03:12:50.610+0000] {logging_mixin.py:190} INFO - [2024-10-08T03:12:50.610+0000] {dag.py:3239} INFO - Sync 1 DAGs
[2024-10-08T03:12:50.621+0000] {logging_mixin.py:190} INFO - [2024-10-08T03:12:50.621+0000] {dag.py:4180} INFO - Setting next_dagrun for latest_only_with_trigger to 2024-10-07 20:00:00+00:00, run_after=2024-10-08 00:00:00+00:00
[2024-10-08T03:12:50.630+0000] {processor.py:208} INFO - Processing /home/airflow/.local/lib/python3.12/site-packages/airflow/example_dags/example_latest_only_with_trigger.py took 0.038 seconds
[2024-10-08T03:13:20.820+0000] {processor.py:186} INFO - Started process (PID=3718) to work on /home/airflow/.local/lib/python3.12/site-packages/airflow/example_dags/example_latest_only_with_trigger.py
[2024-10-08T03:13:20.820+0000] {processor.py:914} INFO - Processing file /home/airflow/.local/lib/python3.12/site-packages/airflow/example_dags/example_latest_only_with_trigger.py for tasks to queue
[2024-10-08T03:13:20.821+0000] {logging_mixin.py:190} INFO - [2024-10-08T03:13:20.821+0000] {dagbag.py:588} INFO - Filling up the DagBag from /home/airflow/.local/lib/python3.12/site-packages/airflow/example_dags/example_latest_only_with_trigger.py
[2024-10-08T03:13:20.825+0000] {processor.py:925} INFO - DAG(s) 'latest_only_with_trigger' retrieved from /home/airflow/.local/lib/python3.12/site-packages/airflow/example_dags/example_latest_only_with_trigger.py
[2024-10-08T03:13:20.836+0000] {logging_mixin.py:190} INFO - [2024-10-08T03:13:20.836+0000] {dag.py:3239} INFO - Sync 1 DAGs
[2024-10-08T03:13:20.847+0000] {logging_mixin.py:190} INFO - [2024-10-08T03:13:20.847+0000] {dag.py:4180} INFO - Setting next_dagrun for latest_only_with_trigger to 2024-10-07 20:00:00+00:00, run_after=2024-10-08 00:00:00+00:00
[2024-10-08T03:13:20.856+0000] {processor.py:208} INFO - Processing /home/airflow/.local/lib/python3.12/site-packages/airflow/example_dags/example_latest_only_with_trigger.py took 0.039 seconds
[2024-10-08T03:13:51.111+0000] {processor.py:186} INFO - Started process (PID=4019) to work on /home/airflow/.local/lib/python3.12/site-packages/airflow/example_dags/example_latest_only_with_trigger.py
[2024-10-08T03:13:51.112+0000] {processor.py:914} INFO - Processing file /home/airflow/.local/lib/python3.12/site-packages/airflow/example_dags/example_latest_only_with_trigger.py for tasks to queue
[2024-10-08T03:13:51.114+0000] {logging_mixin.py:190} INFO - [2024-10-08T03:13:51.113+0000] {dagbag.py:588} INFO - Filling up the DagBag from /home/airflow/.local/lib/python3.12/site-packages/airflow/example_dags/example_latest_only_with_trigger.py
[2024-10-08T03:13:51.117+0000] {processor.py:925} INFO - DAG(s) 'latest_only_with_trigger' retrieved from /home/airflow/.local/lib/python3.12/site-packages/airflow/example_dags/example_latest_only_with_trigger.py
[2024-10-08T03:13:51.128+0000] {logging_mixin.py:190} INFO - [2024-10-08T03:13:51.128+0000] {dag.py:3239} INFO - Sync 1 DAGs
[2024-10-08T03:13:51.141+0000] {logging_mixin.py:190} INFO - [2024-10-08T03:13:51.141+0000] {dag.py:4180} INFO - Setting next_dagrun for latest_only_with_trigger to 2024-10-07 20:00:00+00:00, run_after=2024-10-08 00:00:00+00:00
[2024-10-08T03:13:51.149+0000] {processor.py:208} INFO - Processing /home/airflow/.local/lib/python3.12/site-packages/airflow/example_dags/example_latest_only_with_trigger.py took 0.041 seconds
[2024-10-08T03:14:21.345+0000] {processor.py:186} INFO - Started process (PID=4320) to work on /home/airflow/.local/lib/python3.12/site-packages/airflow/example_dags/example_latest_only_with_trigger.py
[2024-10-08T03:14:21.345+0000] {processor.py:914} INFO - Processing file /home/airflow/.local/lib/python3.12/site-packages/airflow/example_dags/example_latest_only_with_trigger.py for tasks to queue
[2024-10-08T03:14:21.346+0000] {logging_mixin.py:190} INFO - [2024-10-08T03:14:21.346+0000] {dagbag.py:588} INFO - Filling up the DagBag from /home/airflow/.local/lib/python3.12/site-packages/airflow/example_dags/example_latest_only_with_trigger.py
[2024-10-08T03:14:21.350+0000] {processor.py:925} INFO - DAG(s) 'latest_only_with_trigger' retrieved from /home/airflow/.local/lib/python3.12/site-packages/airflow/example_dags/example_latest_only_with_trigger.py
[2024-10-08T03:14:21.360+0000] {logging_mixin.py:190} INFO - [2024-10-08T03:14:21.360+0000] {dag.py:3239} INFO - Sync 1 DAGs
[2024-10-08T03:14:21.371+0000] {logging_mixin.py:190} INFO - [2024-10-08T03:14:21.371+0000] {dag.py:4180} INFO - Setting next_dagrun for latest_only_with_trigger to 2024-10-07 20:00:00+00:00, run_after=2024-10-08 00:00:00+00:00
[2024-10-08T03:14:21.379+0000] {processor.py:208} INFO - Processing /home/airflow/.local/lib/python3.12/site-packages/airflow/example_dags/example_latest_only_with_trigger.py took 0.038 seconds
