[2024-10-08T03:07:47.376+0000] {processor.py:186} INFO - Started process (PID=309) to work on /home/airflow/.local/lib/python3.12/site-packages/airflow/example_dags/example_task_group.py
[2024-10-08T03:07:47.377+0000] {processor.py:914} INFO - Processing file /home/airflow/.local/lib/python3.12/site-packages/airflow/example_dags/example_task_group.py for tasks to queue
[2024-10-08T03:07:47.379+0000] {logging_mixin.py:190} INFO - [2024-10-08T03:07:47.378+0000] {dagbag.py:588} INFO - Filling up the DagBag from /home/airflow/.local/lib/python3.12/site-packages/airflow/example_dags/example_task_group.py
[2024-10-08T03:07:47.383+0000] {processor.py:925} INFO - DAG(s) 'example_task_group' retrieved from /home/airflow/.local/lib/python3.12/site-packages/airflow/example_dags/example_task_group.py
[2024-10-08T03:07:47.397+0000] {logging_mixin.py:190} INFO - [2024-10-08T03:07:47.397+0000] {dag.py:3239} INFO - Sync 1 DAGs
[2024-10-08T03:07:47.405+0000] {logging_mixin.py:190} INFO - [2024-10-08T03:07:47.405+0000] {dag.py:4180} INFO - Setting next_dagrun for example_task_group to None, run_after=None
[2024-10-08T03:07:47.414+0000] {processor.py:208} INFO - Processing /home/airflow/.local/lib/python3.12/site-packages/airflow/example_dags/example_task_group.py took 0.041 seconds
[2024-10-08T03:08:17.721+0000] {processor.py:186} INFO - Started process (PID=610) to work on /home/airflow/.local/lib/python3.12/site-packages/airflow/example_dags/example_task_group.py
[2024-10-08T03:08:17.722+0000] {processor.py:914} INFO - Processing file /home/airflow/.local/lib/python3.12/site-packages/airflow/example_dags/example_task_group.py for tasks to queue
[2024-10-08T03:08:17.723+0000] {logging_mixin.py:190} INFO - [2024-10-08T03:08:17.723+0000] {dagbag.py:588} INFO - Filling up the DagBag from /home/airflow/.local/lib/python3.12/site-packages/airflow/example_dags/example_task_group.py
[2024-10-08T03:08:17.727+0000] {processor.py:925} INFO - DAG(s) 'example_task_group' retrieved from /home/airflow/.local/lib/python3.12/site-packages/airflow/example_dags/example_task_group.py
[2024-10-08T03:08:17.737+0000] {logging_mixin.py:190} INFO - [2024-10-08T03:08:17.737+0000] {dag.py:3239} INFO - Sync 1 DAGs
[2024-10-08T03:08:17.744+0000] {logging_mixin.py:190} INFO - [2024-10-08T03:08:17.744+0000] {dag.py:4180} INFO - Setting next_dagrun for example_task_group to None, run_after=None
[2024-10-08T03:08:17.754+0000] {processor.py:208} INFO - Processing /home/airflow/.local/lib/python3.12/site-packages/airflow/example_dags/example_task_group.py took 0.036 seconds
[2024-10-08T03:08:48.153+0000] {processor.py:186} INFO - Started process (PID=911) to work on /home/airflow/.local/lib/python3.12/site-packages/airflow/example_dags/example_task_group.py
[2024-10-08T03:08:48.154+0000] {processor.py:914} INFO - Processing file /home/airflow/.local/lib/python3.12/site-packages/airflow/example_dags/example_task_group.py for tasks to queue
[2024-10-08T03:08:48.155+0000] {logging_mixin.py:190} INFO - [2024-10-08T03:08:48.155+0000] {dagbag.py:588} INFO - Filling up the DagBag from /home/airflow/.local/lib/python3.12/site-packages/airflow/example_dags/example_task_group.py
[2024-10-08T03:08:48.159+0000] {processor.py:925} INFO - DAG(s) 'example_task_group' retrieved from /home/airflow/.local/lib/python3.12/site-packages/airflow/example_dags/example_task_group.py
[2024-10-08T03:08:48.169+0000] {logging_mixin.py:190} INFO - [2024-10-08T03:08:48.169+0000] {dag.py:3239} INFO - Sync 1 DAGs
[2024-10-08T03:08:48.176+0000] {logging_mixin.py:190} INFO - [2024-10-08T03:08:48.175+0000] {dag.py:4180} INFO - Setting next_dagrun for example_task_group to None, run_after=None
[2024-10-08T03:08:48.184+0000] {processor.py:208} INFO - Processing /home/airflow/.local/lib/python3.12/site-packages/airflow/example_dags/example_task_group.py took 0.034 seconds
[2024-10-08T03:09:18.608+0000] {processor.py:186} INFO - Started process (PID=1213) to work on /home/airflow/.local/lib/python3.12/site-packages/airflow/example_dags/example_task_group.py
[2024-10-08T03:09:18.609+0000] {processor.py:914} INFO - Processing file /home/airflow/.local/lib/python3.12/site-packages/airflow/example_dags/example_task_group.py for tasks to queue
[2024-10-08T03:09:18.610+0000] {logging_mixin.py:190} INFO - [2024-10-08T03:09:18.610+0000] {dagbag.py:588} INFO - Filling up the DagBag from /home/airflow/.local/lib/python3.12/site-packages/airflow/example_dags/example_task_group.py
[2024-10-08T03:09:18.614+0000] {processor.py:925} INFO - DAG(s) 'example_task_group' retrieved from /home/airflow/.local/lib/python3.12/site-packages/airflow/example_dags/example_task_group.py
[2024-10-08T03:09:18.624+0000] {logging_mixin.py:190} INFO - [2024-10-08T03:09:18.624+0000] {dag.py:3239} INFO - Sync 1 DAGs
[2024-10-08T03:09:18.631+0000] {logging_mixin.py:190} INFO - [2024-10-08T03:09:18.631+0000] {dag.py:4180} INFO - Setting next_dagrun for example_task_group to None, run_after=None
[2024-10-08T03:09:18.642+0000] {processor.py:208} INFO - Processing /home/airflow/.local/lib/python3.12/site-packages/airflow/example_dags/example_task_group.py took 0.036 seconds
[2024-10-08T03:09:48.995+0000] {processor.py:186} INFO - Started process (PID=1513) to work on /home/airflow/.local/lib/python3.12/site-packages/airflow/example_dags/example_task_group.py
[2024-10-08T03:09:48.995+0000] {processor.py:914} INFO - Processing file /home/airflow/.local/lib/python3.12/site-packages/airflow/example_dags/example_task_group.py for tasks to queue
[2024-10-08T03:09:48.997+0000] {logging_mixin.py:190} INFO - [2024-10-08T03:09:48.996+0000] {dagbag.py:588} INFO - Filling up the DagBag from /home/airflow/.local/lib/python3.12/site-packages/airflow/example_dags/example_task_group.py
[2024-10-08T03:09:49.001+0000] {processor.py:925} INFO - DAG(s) 'example_task_group' retrieved from /home/airflow/.local/lib/python3.12/site-packages/airflow/example_dags/example_task_group.py
[2024-10-08T03:09:49.011+0000] {logging_mixin.py:190} INFO - [2024-10-08T03:09:49.011+0000] {dag.py:3239} INFO - Sync 1 DAGs
[2024-10-08T03:09:49.018+0000] {logging_mixin.py:190} INFO - [2024-10-08T03:09:49.018+0000] {dag.py:4180} INFO - Setting next_dagrun for example_task_group to None, run_after=None
[2024-10-08T03:09:49.027+0000] {processor.py:208} INFO - Processing /home/airflow/.local/lib/python3.12/site-packages/airflow/example_dags/example_task_group.py took 0.035 seconds
[2024-10-08T03:10:19.206+0000] {processor.py:186} INFO - Started process (PID=1814) to work on /home/airflow/.local/lib/python3.12/site-packages/airflow/example_dags/example_task_group.py
[2024-10-08T03:10:19.206+0000] {processor.py:914} INFO - Processing file /home/airflow/.local/lib/python3.12/site-packages/airflow/example_dags/example_task_group.py for tasks to queue
[2024-10-08T03:10:19.207+0000] {logging_mixin.py:190} INFO - [2024-10-08T03:10:19.207+0000] {dagbag.py:588} INFO - Filling up the DagBag from /home/airflow/.local/lib/python3.12/site-packages/airflow/example_dags/example_task_group.py
[2024-10-08T03:10:19.211+0000] {processor.py:925} INFO - DAG(s) 'example_task_group' retrieved from /home/airflow/.local/lib/python3.12/site-packages/airflow/example_dags/example_task_group.py
[2024-10-08T03:10:19.222+0000] {logging_mixin.py:190} INFO - [2024-10-08T03:10:19.222+0000] {dag.py:3239} INFO - Sync 1 DAGs
[2024-10-08T03:10:19.229+0000] {logging_mixin.py:190} INFO - [2024-10-08T03:10:19.229+0000] {dag.py:4180} INFO - Setting next_dagrun for example_task_group to None, run_after=None
[2024-10-08T03:10:19.239+0000] {processor.py:208} INFO - Processing /home/airflow/.local/lib/python3.12/site-packages/airflow/example_dags/example_task_group.py took 0.036 seconds
[2024-10-08T03:10:49.361+0000] {processor.py:186} INFO - Started process (PID=2171) to work on /home/airflow/.local/lib/python3.12/site-packages/airflow/example_dags/example_task_group.py
[2024-10-08T03:10:49.361+0000] {processor.py:914} INFO - Processing file /home/airflow/.local/lib/python3.12/site-packages/airflow/example_dags/example_task_group.py for tasks to queue
[2024-10-08T03:10:49.362+0000] {logging_mixin.py:190} INFO - [2024-10-08T03:10:49.362+0000] {dagbag.py:588} INFO - Filling up the DagBag from /home/airflow/.local/lib/python3.12/site-packages/airflow/example_dags/example_task_group.py
[2024-10-08T03:10:49.367+0000] {processor.py:925} INFO - DAG(s) 'example_task_group' retrieved from /home/airflow/.local/lib/python3.12/site-packages/airflow/example_dags/example_task_group.py
[2024-10-08T03:10:49.377+0000] {logging_mixin.py:190} INFO - [2024-10-08T03:10:49.377+0000] {dag.py:3239} INFO - Sync 1 DAGs
[2024-10-08T03:10:49.384+0000] {logging_mixin.py:190} INFO - [2024-10-08T03:10:49.384+0000] {dag.py:4180} INFO - Setting next_dagrun for example_task_group to None, run_after=None
[2024-10-08T03:10:49.393+0000] {processor.py:208} INFO - Processing /home/airflow/.local/lib/python3.12/site-packages/airflow/example_dags/example_task_group.py took 0.035 seconds
[2024-10-08T03:11:19.614+0000] {processor.py:186} INFO - Started process (PID=2473) to work on /home/airflow/.local/lib/python3.12/site-packages/airflow/example_dags/example_task_group.py
[2024-10-08T03:11:19.615+0000] {processor.py:914} INFO - Processing file /home/airflow/.local/lib/python3.12/site-packages/airflow/example_dags/example_task_group.py for tasks to queue
[2024-10-08T03:11:19.616+0000] {logging_mixin.py:190} INFO - [2024-10-08T03:11:19.616+0000] {dagbag.py:588} INFO - Filling up the DagBag from /home/airflow/.local/lib/python3.12/site-packages/airflow/example_dags/example_task_group.py
[2024-10-08T03:11:19.620+0000] {processor.py:925} INFO - DAG(s) 'example_task_group' retrieved from /home/airflow/.local/lib/python3.12/site-packages/airflow/example_dags/example_task_group.py
[2024-10-08T03:11:19.631+0000] {logging_mixin.py:190} INFO - [2024-10-08T03:11:19.631+0000] {dag.py:3239} INFO - Sync 1 DAGs
[2024-10-08T03:11:19.639+0000] {logging_mixin.py:190} INFO - [2024-10-08T03:11:19.638+0000] {dag.py:4180} INFO - Setting next_dagrun for example_task_group to None, run_after=None
[2024-10-08T03:11:19.648+0000] {processor.py:208} INFO - Processing /home/airflow/.local/lib/python3.12/site-packages/airflow/example_dags/example_task_group.py took 0.036 seconds
[2024-10-08T03:11:49.924+0000] {processor.py:186} INFO - Started process (PID=2774) to work on /home/airflow/.local/lib/python3.12/site-packages/airflow/example_dags/example_task_group.py
[2024-10-08T03:11:49.924+0000] {processor.py:914} INFO - Processing file /home/airflow/.local/lib/python3.12/site-packages/airflow/example_dags/example_task_group.py for tasks to queue
[2024-10-08T03:11:49.925+0000] {logging_mixin.py:190} INFO - [2024-10-08T03:11:49.925+0000] {dagbag.py:588} INFO - Filling up the DagBag from /home/airflow/.local/lib/python3.12/site-packages/airflow/example_dags/example_task_group.py
[2024-10-08T03:11:49.929+0000] {processor.py:925} INFO - DAG(s) 'example_task_group' retrieved from /home/airflow/.local/lib/python3.12/site-packages/airflow/example_dags/example_task_group.py
[2024-10-08T03:11:49.940+0000] {logging_mixin.py:190} INFO - [2024-10-08T03:11:49.940+0000] {dag.py:3239} INFO - Sync 1 DAGs
[2024-10-08T03:11:49.947+0000] {logging_mixin.py:190} INFO - [2024-10-08T03:11:49.947+0000] {dag.py:4180} INFO - Setting next_dagrun for example_task_group to None, run_after=None
[2024-10-08T03:11:49.956+0000] {processor.py:208} INFO - Processing /home/airflow/.local/lib/python3.12/site-packages/airflow/example_dags/example_task_group.py took 0.035 seconds
[2024-10-08T03:12:20.193+0000] {processor.py:186} INFO - Started process (PID=3075) to work on /home/airflow/.local/lib/python3.12/site-packages/airflow/example_dags/example_task_group.py
[2024-10-08T03:12:20.194+0000] {processor.py:914} INFO - Processing file /home/airflow/.local/lib/python3.12/site-packages/airflow/example_dags/example_task_group.py for tasks to queue
[2024-10-08T03:12:20.195+0000] {logging_mixin.py:190} INFO - [2024-10-08T03:12:20.195+0000] {dagbag.py:588} INFO - Filling up the DagBag from /home/airflow/.local/lib/python3.12/site-packages/airflow/example_dags/example_task_group.py
[2024-10-08T03:12:20.199+0000] {processor.py:925} INFO - DAG(s) 'example_task_group' retrieved from /home/airflow/.local/lib/python3.12/site-packages/airflow/example_dags/example_task_group.py
[2024-10-08T03:12:20.209+0000] {logging_mixin.py:190} INFO - [2024-10-08T03:12:20.209+0000] {dag.py:3239} INFO - Sync 1 DAGs
[2024-10-08T03:12:20.216+0000] {logging_mixin.py:190} INFO - [2024-10-08T03:12:20.216+0000] {dag.py:4180} INFO - Setting next_dagrun for example_task_group to None, run_after=None
[2024-10-08T03:12:20.225+0000] {processor.py:208} INFO - Processing /home/airflow/.local/lib/python3.12/site-packages/airflow/example_dags/example_task_group.py took 0.035 seconds
[2024-10-08T03:12:50.328+0000] {processor.py:186} INFO - Started process (PID=3376) to work on /home/airflow/.local/lib/python3.12/site-packages/airflow/example_dags/example_task_group.py
[2024-10-08T03:12:50.329+0000] {processor.py:914} INFO - Processing file /home/airflow/.local/lib/python3.12/site-packages/airflow/example_dags/example_task_group.py for tasks to queue
[2024-10-08T03:12:50.331+0000] {logging_mixin.py:190} INFO - [2024-10-08T03:12:50.330+0000] {dagbag.py:588} INFO - Filling up the DagBag from /home/airflow/.local/lib/python3.12/site-packages/airflow/example_dags/example_task_group.py
[2024-10-08T03:12:50.335+0000] {processor.py:925} INFO - DAG(s) 'example_task_group' retrieved from /home/airflow/.local/lib/python3.12/site-packages/airflow/example_dags/example_task_group.py
[2024-10-08T03:12:50.349+0000] {logging_mixin.py:190} INFO - [2024-10-08T03:12:50.349+0000] {dag.py:3239} INFO - Sync 1 DAGs
[2024-10-08T03:12:50.356+0000] {logging_mixin.py:190} INFO - [2024-10-08T03:12:50.356+0000] {dag.py:4180} INFO - Setting next_dagrun for example_task_group to None, run_after=None
[2024-10-08T03:12:50.366+0000] {processor.py:208} INFO - Processing /home/airflow/.local/lib/python3.12/site-packages/airflow/example_dags/example_task_group.py took 0.041 seconds
[2024-10-08T03:13:20.518+0000] {processor.py:186} INFO - Started process (PID=3683) to work on /home/airflow/.local/lib/python3.12/site-packages/airflow/example_dags/example_task_group.py
[2024-10-08T03:13:20.518+0000] {processor.py:914} INFO - Processing file /home/airflow/.local/lib/python3.12/site-packages/airflow/example_dags/example_task_group.py for tasks to queue
[2024-10-08T03:13:20.520+0000] {logging_mixin.py:190} INFO - [2024-10-08T03:13:20.519+0000] {dagbag.py:588} INFO - Filling up the DagBag from /home/airflow/.local/lib/python3.12/site-packages/airflow/example_dags/example_task_group.py
[2024-10-08T03:13:20.524+0000] {processor.py:925} INFO - DAG(s) 'example_task_group' retrieved from /home/airflow/.local/lib/python3.12/site-packages/airflow/example_dags/example_task_group.py
[2024-10-08T03:13:20.534+0000] {logging_mixin.py:190} INFO - [2024-10-08T03:13:20.534+0000] {dag.py:3239} INFO - Sync 1 DAGs
[2024-10-08T03:13:20.541+0000] {logging_mixin.py:190} INFO - [2024-10-08T03:13:20.541+0000] {dag.py:4180} INFO - Setting next_dagrun for example_task_group to None, run_after=None
[2024-10-08T03:13:20.549+0000] {processor.py:208} INFO - Processing /home/airflow/.local/lib/python3.12/site-packages/airflow/example_dags/example_task_group.py took 0.034 seconds
[2024-10-08T03:13:50.890+0000] {processor.py:186} INFO - Started process (PID=3986) to work on /home/airflow/.local/lib/python3.12/site-packages/airflow/example_dags/example_task_group.py
[2024-10-08T03:13:50.890+0000] {processor.py:914} INFO - Processing file /home/airflow/.local/lib/python3.12/site-packages/airflow/example_dags/example_task_group.py for tasks to queue
[2024-10-08T03:13:50.891+0000] {logging_mixin.py:190} INFO - [2024-10-08T03:13:50.891+0000] {dagbag.py:588} INFO - Filling up the DagBag from /home/airflow/.local/lib/python3.12/site-packages/airflow/example_dags/example_task_group.py
[2024-10-08T03:13:50.895+0000] {processor.py:925} INFO - DAG(s) 'example_task_group' retrieved from /home/airflow/.local/lib/python3.12/site-packages/airflow/example_dags/example_task_group.py
[2024-10-08T03:13:50.905+0000] {logging_mixin.py:190} INFO - [2024-10-08T03:13:50.905+0000] {dag.py:3239} INFO - Sync 1 DAGs
[2024-10-08T03:13:50.912+0000] {logging_mixin.py:190} INFO - [2024-10-08T03:13:50.912+0000] {dag.py:4180} INFO - Setting next_dagrun for example_task_group to None, run_after=None
[2024-10-08T03:13:50.921+0000] {processor.py:208} INFO - Processing /home/airflow/.local/lib/python3.12/site-packages/airflow/example_dags/example_task_group.py took 0.034 seconds
[2024-10-08T03:14:21.115+0000] {processor.py:186} INFO - Started process (PID=4285) to work on /home/airflow/.local/lib/python3.12/site-packages/airflow/example_dags/example_task_group.py
[2024-10-08T03:14:21.115+0000] {processor.py:914} INFO - Processing file /home/airflow/.local/lib/python3.12/site-packages/airflow/example_dags/example_task_group.py for tasks to queue
[2024-10-08T03:14:21.117+0000] {logging_mixin.py:190} INFO - [2024-10-08T03:14:21.117+0000] {dagbag.py:588} INFO - Filling up the DagBag from /home/airflow/.local/lib/python3.12/site-packages/airflow/example_dags/example_task_group.py
[2024-10-08T03:14:21.121+0000] {processor.py:925} INFO - DAG(s) 'example_task_group' retrieved from /home/airflow/.local/lib/python3.12/site-packages/airflow/example_dags/example_task_group.py
[2024-10-08T03:14:21.132+0000] {logging_mixin.py:190} INFO - [2024-10-08T03:14:21.132+0000] {dag.py:3239} INFO - Sync 1 DAGs
[2024-10-08T03:14:21.140+0000] {logging_mixin.py:190} INFO - [2024-10-08T03:14:21.140+0000] {dag.py:4180} INFO - Setting next_dagrun for example_task_group to None, run_after=None
[2024-10-08T03:14:21.150+0000] {processor.py:208} INFO - Processing /home/airflow/.local/lib/python3.12/site-packages/airflow/example_dags/example_task_group.py took 0.038 seconds
[2024-10-08T03:14:51.433+0000] {processor.py:186} INFO - Started process (PID=4586) to work on /home/airflow/.local/lib/python3.12/site-packages/airflow/example_dags/example_task_group.py
[2024-10-08T03:14:51.433+0000] {processor.py:914} INFO - Processing file /home/airflow/.local/lib/python3.12/site-packages/airflow/example_dags/example_task_group.py for tasks to queue
[2024-10-08T03:14:51.435+0000] {logging_mixin.py:190} INFO - [2024-10-08T03:14:51.434+0000] {dagbag.py:588} INFO - Filling up the DagBag from /home/airflow/.local/lib/python3.12/site-packages/airflow/example_dags/example_task_group.py
[2024-10-08T03:14:51.439+0000] {processor.py:925} INFO - DAG(s) 'example_task_group' retrieved from /home/airflow/.local/lib/python3.12/site-packages/airflow/example_dags/example_task_group.py
[2024-10-08T03:14:51.448+0000] {logging_mixin.py:190} INFO - [2024-10-08T03:14:51.448+0000] {dag.py:3239} INFO - Sync 1 DAGs
[2024-10-08T03:14:51.455+0000] {logging_mixin.py:190} INFO - [2024-10-08T03:14:51.455+0000] {dag.py:4180} INFO - Setting next_dagrun for example_task_group to None, run_after=None
[2024-10-08T03:14:51.465+0000] {processor.py:208} INFO - Processing /home/airflow/.local/lib/python3.12/site-packages/airflow/example_dags/example_task_group.py took 0.035 seconds
[2024-10-08T03:15:21.552+0000] {processor.py:186} INFO - Started process (PID=4887) to work on /home/airflow/.local/lib/python3.12/site-packages/airflow/example_dags/example_task_group.py
[2024-10-08T03:15:21.553+0000] {processor.py:914} INFO - Processing file /home/airflow/.local/lib/python3.12/site-packages/airflow/example_dags/example_task_group.py for tasks to queue
[2024-10-08T03:15:21.554+0000] {logging_mixin.py:190} INFO - [2024-10-08T03:15:21.554+0000] {dagbag.py:588} INFO - Filling up the DagBag from /home/airflow/.local/lib/python3.12/site-packages/airflow/example_dags/example_task_group.py
[2024-10-08T03:15:21.558+0000] {processor.py:925} INFO - DAG(s) 'example_task_group' retrieved from /home/airflow/.local/lib/python3.12/site-packages/airflow/example_dags/example_task_group.py
[2024-10-08T03:15:21.569+0000] {logging_mixin.py:190} INFO - [2024-10-08T03:15:21.569+0000] {dag.py:3239} INFO - Sync 1 DAGs
[2024-10-08T03:15:21.576+0000] {logging_mixin.py:190} INFO - [2024-10-08T03:15:21.576+0000] {dag.py:4180} INFO - Setting next_dagrun for example_task_group to None, run_after=None
[2024-10-08T03:15:21.585+0000] {processor.py:208} INFO - Processing /home/airflow/.local/lib/python3.12/site-packages/airflow/example_dags/example_task_group.py took 0.036 seconds
[2024-10-08T03:15:52.242+0000] {processor.py:186} INFO - Started process (PID=5188) to work on /home/airflow/.local/lib/python3.12/site-packages/airflow/example_dags/example_task_group.py
[2024-10-08T03:15:52.242+0000] {processor.py:914} INFO - Processing file /home/airflow/.local/lib/python3.12/site-packages/airflow/example_dags/example_task_group.py for tasks to queue
[2024-10-08T03:15:52.244+0000] {logging_mixin.py:190} INFO - [2024-10-08T03:15:52.243+0000] {dagbag.py:588} INFO - Filling up the DagBag from /home/airflow/.local/lib/python3.12/site-packages/airflow/example_dags/example_task_group.py
[2024-10-08T03:15:52.248+0000] {processor.py:925} INFO - DAG(s) 'example_task_group' retrieved from /home/airflow/.local/lib/python3.12/site-packages/airflow/example_dags/example_task_group.py
[2024-10-08T03:15:52.260+0000] {logging_mixin.py:190} INFO - [2024-10-08T03:15:52.259+0000] {dag.py:3239} INFO - Sync 1 DAGs
[2024-10-08T03:15:52.267+0000] {logging_mixin.py:190} INFO - [2024-10-08T03:15:52.266+0000] {dag.py:4180} INFO - Setting next_dagrun for example_task_group to None, run_after=None
[2024-10-08T03:15:52.275+0000] {processor.py:208} INFO - Processing /home/airflow/.local/lib/python3.12/site-packages/airflow/example_dags/example_task_group.py took 0.036 seconds
[2024-10-08T03:16:22.729+0000] {processor.py:186} INFO - Started process (PID=5489) to work on /home/airflow/.local/lib/python3.12/site-packages/airflow/example_dags/example_task_group.py
[2024-10-08T03:16:22.730+0000] {processor.py:914} INFO - Processing file /home/airflow/.local/lib/python3.12/site-packages/airflow/example_dags/example_task_group.py for tasks to queue
[2024-10-08T03:16:22.731+0000] {logging_mixin.py:190} INFO - [2024-10-08T03:16:22.731+0000] {dagbag.py:588} INFO - Filling up the DagBag from /home/airflow/.local/lib/python3.12/site-packages/airflow/example_dags/example_task_group.py
[2024-10-08T03:16:22.735+0000] {processor.py:925} INFO - DAG(s) 'example_task_group' retrieved from /home/airflow/.local/lib/python3.12/site-packages/airflow/example_dags/example_task_group.py
[2024-10-08T03:16:22.745+0000] {logging_mixin.py:190} INFO - [2024-10-08T03:16:22.745+0000] {dag.py:3239} INFO - Sync 1 DAGs
[2024-10-08T03:16:22.752+0000] {logging_mixin.py:190} INFO - [2024-10-08T03:16:22.752+0000] {dag.py:4180} INFO - Setting next_dagrun for example_task_group to None, run_after=None
[2024-10-08T03:16:22.760+0000] {processor.py:208} INFO - Processing /home/airflow/.local/lib/python3.12/site-packages/airflow/example_dags/example_task_group.py took 0.034 seconds
[2024-10-08T03:16:53.325+0000] {processor.py:186} INFO - Started process (PID=5790) to work on /home/airflow/.local/lib/python3.12/site-packages/airflow/example_dags/example_task_group.py
[2024-10-08T03:16:53.326+0000] {processor.py:914} INFO - Processing file /home/airflow/.local/lib/python3.12/site-packages/airflow/example_dags/example_task_group.py for tasks to queue
[2024-10-08T03:16:53.327+0000] {logging_mixin.py:190} INFO - [2024-10-08T03:16:53.326+0000] {dagbag.py:588} INFO - Filling up the DagBag from /home/airflow/.local/lib/python3.12/site-packages/airflow/example_dags/example_task_group.py
[2024-10-08T03:16:53.331+0000] {processor.py:925} INFO - DAG(s) 'example_task_group' retrieved from /home/airflow/.local/lib/python3.12/site-packages/airflow/example_dags/example_task_group.py
[2024-10-08T03:16:53.341+0000] {logging_mixin.py:190} INFO - [2024-10-08T03:16:53.341+0000] {dag.py:3239} INFO - Sync 1 DAGs
[2024-10-08T03:16:53.348+0000] {logging_mixin.py:190} INFO - [2024-10-08T03:16:53.347+0000] {dag.py:4180} INFO - Setting next_dagrun for example_task_group to None, run_after=None
[2024-10-08T03:16:53.357+0000] {processor.py:208} INFO - Processing /home/airflow/.local/lib/python3.12/site-packages/airflow/example_dags/example_task_group.py took 0.035 seconds
[2024-10-08T03:17:24.247+0000] {processor.py:186} INFO - Started process (PID=6091) to work on /home/airflow/.local/lib/python3.12/site-packages/airflow/example_dags/example_task_group.py
[2024-10-08T03:17:24.247+0000] {processor.py:914} INFO - Processing file /home/airflow/.local/lib/python3.12/site-packages/airflow/example_dags/example_task_group.py for tasks to queue
[2024-10-08T03:17:24.249+0000] {logging_mixin.py:190} INFO - [2024-10-08T03:17:24.249+0000] {dagbag.py:588} INFO - Filling up the DagBag from /home/airflow/.local/lib/python3.12/site-packages/airflow/example_dags/example_task_group.py
[2024-10-08T03:17:24.253+0000] {processor.py:925} INFO - DAG(s) 'example_task_group' retrieved from /home/airflow/.local/lib/python3.12/site-packages/airflow/example_dags/example_task_group.py
[2024-10-08T03:17:24.263+0000] {logging_mixin.py:190} INFO - [2024-10-08T03:17:24.263+0000] {dag.py:3239} INFO - Sync 1 DAGs
[2024-10-08T03:17:24.270+0000] {logging_mixin.py:190} INFO - [2024-10-08T03:17:24.270+0000] {dag.py:4180} INFO - Setting next_dagrun for example_task_group to None, run_after=None
[2024-10-08T03:17:24.279+0000] {processor.py:208} INFO - Processing /home/airflow/.local/lib/python3.12/site-packages/airflow/example_dags/example_task_group.py took 0.035 seconds
[2024-10-08T03:17:54.648+0000] {processor.py:186} INFO - Started process (PID=6392) to work on /home/airflow/.local/lib/python3.12/site-packages/airflow/example_dags/example_task_group.py
[2024-10-08T03:17:54.648+0000] {processor.py:914} INFO - Processing file /home/airflow/.local/lib/python3.12/site-packages/airflow/example_dags/example_task_group.py for tasks to queue
[2024-10-08T03:17:54.650+0000] {logging_mixin.py:190} INFO - [2024-10-08T03:17:54.649+0000] {dagbag.py:588} INFO - Filling up the DagBag from /home/airflow/.local/lib/python3.12/site-packages/airflow/example_dags/example_task_group.py
[2024-10-08T03:17:54.654+0000] {processor.py:925} INFO - DAG(s) 'example_task_group' retrieved from /home/airflow/.local/lib/python3.12/site-packages/airflow/example_dags/example_task_group.py
[2024-10-08T03:17:54.664+0000] {logging_mixin.py:190} INFO - [2024-10-08T03:17:54.664+0000] {dag.py:3239} INFO - Sync 1 DAGs
[2024-10-08T03:17:54.671+0000] {logging_mixin.py:190} INFO - [2024-10-08T03:17:54.671+0000] {dag.py:4180} INFO - Setting next_dagrun for example_task_group to None, run_after=None
[2024-10-08T03:17:54.681+0000] {processor.py:208} INFO - Processing /home/airflow/.local/lib/python3.12/site-packages/airflow/example_dags/example_task_group.py took 0.036 seconds
[2024-10-08T03:18:25.059+0000] {processor.py:186} INFO - Started process (PID=6693) to work on /home/airflow/.local/lib/python3.12/site-packages/airflow/example_dags/example_task_group.py
[2024-10-08T03:18:25.060+0000] {processor.py:914} INFO - Processing file /home/airflow/.local/lib/python3.12/site-packages/airflow/example_dags/example_task_group.py for tasks to queue
[2024-10-08T03:18:25.061+0000] {logging_mixin.py:190} INFO - [2024-10-08T03:18:25.061+0000] {dagbag.py:588} INFO - Filling up the DagBag from /home/airflow/.local/lib/python3.12/site-packages/airflow/example_dags/example_task_group.py
[2024-10-08T03:18:25.065+0000] {processor.py:925} INFO - DAG(s) 'example_task_group' retrieved from /home/airflow/.local/lib/python3.12/site-packages/airflow/example_dags/example_task_group.py
[2024-10-08T03:18:25.076+0000] {logging_mixin.py:190} INFO - [2024-10-08T03:18:25.075+0000] {dag.py:3239} INFO - Sync 1 DAGs
[2024-10-08T03:18:25.082+0000] {logging_mixin.py:190} INFO - [2024-10-08T03:18:25.082+0000] {dag.py:4180} INFO - Setting next_dagrun for example_task_group to None, run_after=None
[2024-10-08T03:18:25.090+0000] {processor.py:208} INFO - Processing /home/airflow/.local/lib/python3.12/site-packages/airflow/example_dags/example_task_group.py took 0.034 seconds
[2024-10-08T03:18:55.279+0000] {processor.py:186} INFO - Started process (PID=6994) to work on /home/airflow/.local/lib/python3.12/site-packages/airflow/example_dags/example_task_group.py
[2024-10-08T03:18:55.280+0000] {processor.py:914} INFO - Processing file /home/airflow/.local/lib/python3.12/site-packages/airflow/example_dags/example_task_group.py for tasks to queue
[2024-10-08T03:18:55.281+0000] {logging_mixin.py:190} INFO - [2024-10-08T03:18:55.281+0000] {dagbag.py:588} INFO - Filling up the DagBag from /home/airflow/.local/lib/python3.12/site-packages/airflow/example_dags/example_task_group.py
[2024-10-08T03:18:55.285+0000] {processor.py:925} INFO - DAG(s) 'example_task_group' retrieved from /home/airflow/.local/lib/python3.12/site-packages/airflow/example_dags/example_task_group.py
[2024-10-08T03:18:55.295+0000] {logging_mixin.py:190} INFO - [2024-10-08T03:18:55.295+0000] {dag.py:3239} INFO - Sync 1 DAGs
[2024-10-08T03:18:55.302+0000] {logging_mixin.py:190} INFO - [2024-10-08T03:18:55.302+0000] {dag.py:4180} INFO - Setting next_dagrun for example_task_group to None, run_after=None
[2024-10-08T03:18:55.311+0000] {processor.py:208} INFO - Processing /home/airflow/.local/lib/python3.12/site-packages/airflow/example_dags/example_task_group.py took 0.035 seconds
[2024-10-08T03:19:25.493+0000] {processor.py:186} INFO - Started process (PID=7296) to work on /home/airflow/.local/lib/python3.12/site-packages/airflow/example_dags/example_task_group.py
[2024-10-08T03:19:25.494+0000] {processor.py:914} INFO - Processing file /home/airflow/.local/lib/python3.12/site-packages/airflow/example_dags/example_task_group.py for tasks to queue
[2024-10-08T03:19:25.495+0000] {logging_mixin.py:190} INFO - [2024-10-08T03:19:25.495+0000] {dagbag.py:588} INFO - Filling up the DagBag from /home/airflow/.local/lib/python3.12/site-packages/airflow/example_dags/example_task_group.py
[2024-10-08T03:19:25.499+0000] {processor.py:925} INFO - DAG(s) 'example_task_group' retrieved from /home/airflow/.local/lib/python3.12/site-packages/airflow/example_dags/example_task_group.py
[2024-10-08T03:19:25.510+0000] {logging_mixin.py:190} INFO - [2024-10-08T03:19:25.510+0000] {dag.py:3239} INFO - Sync 1 DAGs
[2024-10-08T03:19:25.517+0000] {logging_mixin.py:190} INFO - [2024-10-08T03:19:25.516+0000] {dag.py:4180} INFO - Setting next_dagrun for example_task_group to None, run_after=None
[2024-10-08T03:19:25.525+0000] {processor.py:208} INFO - Processing /home/airflow/.local/lib/python3.12/site-packages/airflow/example_dags/example_task_group.py took 0.035 seconds
[2024-10-08T03:19:55.859+0000] {processor.py:186} INFO - Started process (PID=7597) to work on /home/airflow/.local/lib/python3.12/site-packages/airflow/example_dags/example_task_group.py
[2024-10-08T03:19:55.860+0000] {processor.py:914} INFO - Processing file /home/airflow/.local/lib/python3.12/site-packages/airflow/example_dags/example_task_group.py for tasks to queue
[2024-10-08T03:19:55.861+0000] {logging_mixin.py:190} INFO - [2024-10-08T03:19:55.861+0000] {dagbag.py:588} INFO - Filling up the DagBag from /home/airflow/.local/lib/python3.12/site-packages/airflow/example_dags/example_task_group.py
[2024-10-08T03:19:55.865+0000] {processor.py:925} INFO - DAG(s) 'example_task_group' retrieved from /home/airflow/.local/lib/python3.12/site-packages/airflow/example_dags/example_task_group.py
[2024-10-08T03:19:55.875+0000] {logging_mixin.py:190} INFO - [2024-10-08T03:19:55.875+0000] {dag.py:3239} INFO - Sync 1 DAGs
[2024-10-08T03:19:55.882+0000] {logging_mixin.py:190} INFO - [2024-10-08T03:19:55.882+0000] {dag.py:4180} INFO - Setting next_dagrun for example_task_group to None, run_after=None
[2024-10-08T03:19:55.891+0000] {processor.py:208} INFO - Processing /home/airflow/.local/lib/python3.12/site-packages/airflow/example_dags/example_task_group.py took 0.034 seconds
[2024-10-08T03:20:26.304+0000] {processor.py:186} INFO - Started process (PID=7900) to work on /home/airflow/.local/lib/python3.12/site-packages/airflow/example_dags/example_task_group.py
[2024-10-08T03:20:26.305+0000] {processor.py:914} INFO - Processing file /home/airflow/.local/lib/python3.12/site-packages/airflow/example_dags/example_task_group.py for tasks to queue
[2024-10-08T03:20:26.306+0000] {logging_mixin.py:190} INFO - [2024-10-08T03:20:26.306+0000] {dagbag.py:588} INFO - Filling up the DagBag from /home/airflow/.local/lib/python3.12/site-packages/airflow/example_dags/example_task_group.py
[2024-10-08T03:20:26.310+0000] {processor.py:925} INFO - DAG(s) 'example_task_group' retrieved from /home/airflow/.local/lib/python3.12/site-packages/airflow/example_dags/example_task_group.py
[2024-10-08T03:20:26.320+0000] {logging_mixin.py:190} INFO - [2024-10-08T03:20:26.320+0000] {dag.py:3239} INFO - Sync 1 DAGs
[2024-10-08T03:20:26.327+0000] {logging_mixin.py:190} INFO - [2024-10-08T03:20:26.327+0000] {dag.py:4180} INFO - Setting next_dagrun for example_task_group to None, run_after=None
[2024-10-08T03:20:26.336+0000] {processor.py:208} INFO - Processing /home/airflow/.local/lib/python3.12/site-packages/airflow/example_dags/example_task_group.py took 0.035 seconds
[2024-10-08T03:20:56.841+0000] {processor.py:186} INFO - Started process (PID=8199) to work on /home/airflow/.local/lib/python3.12/site-packages/airflow/example_dags/example_task_group.py
[2024-10-08T03:20:56.842+0000] {processor.py:914} INFO - Processing file /home/airflow/.local/lib/python3.12/site-packages/airflow/example_dags/example_task_group.py for tasks to queue
[2024-10-08T03:20:56.843+0000] {logging_mixin.py:190} INFO - [2024-10-08T03:20:56.843+0000] {dagbag.py:588} INFO - Filling up the DagBag from /home/airflow/.local/lib/python3.12/site-packages/airflow/example_dags/example_task_group.py
[2024-10-08T03:20:56.847+0000] {processor.py:925} INFO - DAG(s) 'example_task_group' retrieved from /home/airflow/.local/lib/python3.12/site-packages/airflow/example_dags/example_task_group.py
[2024-10-08T03:20:56.856+0000] {logging_mixin.py:190} INFO - [2024-10-08T03:20:56.856+0000] {dag.py:3239} INFO - Sync 1 DAGs
[2024-10-08T03:20:56.863+0000] {logging_mixin.py:190} INFO - [2024-10-08T03:20:56.863+0000] {dag.py:4180} INFO - Setting next_dagrun for example_task_group to None, run_after=None
[2024-10-08T03:20:56.872+0000] {processor.py:208} INFO - Processing /home/airflow/.local/lib/python3.12/site-packages/airflow/example_dags/example_task_group.py took 0.033 seconds
