[2024-10-08T03:07:47.972+0000] {processor.py:186} INFO - Started process (PID=384) to work on /home/airflow/.local/lib/python3.12/site-packages/airflow/example_dags/tutorial.py
[2024-10-08T03:07:47.973+0000] {processor.py:914} INFO - Processing file /home/airflow/.local/lib/python3.12/site-packages/airflow/example_dags/tutorial.py for tasks to queue
[2024-10-08T03:07:47.974+0000] {logging_mixin.py:190} INFO - [2024-10-08T03:07:47.974+0000] {dagbag.py:588} INFO - Filling up the DagBag from /home/airflow/.local/lib/python3.12/site-packages/airflow/example_dags/tutorial.py
[2024-10-08T03:07:47.978+0000] {processor.py:925} INFO - DAG(s) 'tutorial' retrieved from /home/airflow/.local/lib/python3.12/site-packages/airflow/example_dags/tutorial.py
[2024-10-08T03:07:47.989+0000] {logging_mixin.py:190} INFO - [2024-10-08T03:07:47.989+0000] {dag.py:3239} INFO - Sync 1 DAGs
[2024-10-08T03:07:48.001+0000] {logging_mixin.py:190} INFO - [2024-10-08T03:07:48.001+0000] {dag.py:4180} INFO - Setting next_dagrun for tutorial to 2024-10-07 00:00:00+00:00, run_after=2024-10-08 00:00:00+00:00
[2024-10-08T03:07:48.010+0000] {processor.py:208} INFO - Processing /home/airflow/.local/lib/python3.12/site-packages/airflow/example_dags/tutorial.py took 0.041 seconds
[2024-10-08T03:08:18.336+0000] {processor.py:186} INFO - Started process (PID=685) to work on /home/airflow/.local/lib/python3.12/site-packages/airflow/example_dags/tutorial.py
[2024-10-08T03:08:18.337+0000] {processor.py:914} INFO - Processing file /home/airflow/.local/lib/python3.12/site-packages/airflow/example_dags/tutorial.py for tasks to queue
[2024-10-08T03:08:18.338+0000] {logging_mixin.py:190} INFO - [2024-10-08T03:08:18.338+0000] {dagbag.py:588} INFO - Filling up the DagBag from /home/airflow/.local/lib/python3.12/site-packages/airflow/example_dags/tutorial.py
[2024-10-08T03:08:18.342+0000] {processor.py:925} INFO - DAG(s) 'tutorial' retrieved from /home/airflow/.local/lib/python3.12/site-packages/airflow/example_dags/tutorial.py
[2024-10-08T03:08:18.352+0000] {logging_mixin.py:190} INFO - [2024-10-08T03:08:18.352+0000] {dag.py:3239} INFO - Sync 1 DAGs
[2024-10-08T03:08:18.364+0000] {logging_mixin.py:190} INFO - [2024-10-08T03:08:18.364+0000] {dag.py:4180} INFO - Setting next_dagrun for tutorial to 2024-10-07 00:00:00+00:00, run_after=2024-10-08 00:00:00+00:00
[2024-10-08T03:08:18.375+0000] {processor.py:208} INFO - Processing /home/airflow/.local/lib/python3.12/site-packages/airflow/example_dags/tutorial.py took 0.041 seconds
[2024-10-08T03:08:48.733+0000] {processor.py:186} INFO - Started process (PID=986) to work on /home/airflow/.local/lib/python3.12/site-packages/airflow/example_dags/tutorial.py
[2024-10-08T03:08:48.734+0000] {processor.py:914} INFO - Processing file /home/airflow/.local/lib/python3.12/site-packages/airflow/example_dags/tutorial.py for tasks to queue
[2024-10-08T03:08:48.735+0000] {logging_mixin.py:190} INFO - [2024-10-08T03:08:48.734+0000] {dagbag.py:588} INFO - Filling up the DagBag from /home/airflow/.local/lib/python3.12/site-packages/airflow/example_dags/tutorial.py
[2024-10-08T03:08:48.738+0000] {processor.py:925} INFO - DAG(s) 'tutorial' retrieved from /home/airflow/.local/lib/python3.12/site-packages/airflow/example_dags/tutorial.py
[2024-10-08T03:08:48.749+0000] {logging_mixin.py:190} INFO - [2024-10-08T03:08:48.748+0000] {dag.py:3239} INFO - Sync 1 DAGs
[2024-10-08T03:08:48.760+0000] {logging_mixin.py:190} INFO - [2024-10-08T03:08:48.760+0000] {dag.py:4180} INFO - Setting next_dagrun for tutorial to 2024-10-07 00:00:00+00:00, run_after=2024-10-08 00:00:00+00:00
[2024-10-08T03:08:48.769+0000] {processor.py:208} INFO - Processing /home/airflow/.local/lib/python3.12/site-packages/airflow/example_dags/tutorial.py took 0.039 seconds
[2024-10-08T03:09:19.136+0000] {processor.py:186} INFO - Started process (PID=1287) to work on /home/airflow/.local/lib/python3.12/site-packages/airflow/example_dags/tutorial.py
[2024-10-08T03:09:19.137+0000] {processor.py:914} INFO - Processing file /home/airflow/.local/lib/python3.12/site-packages/airflow/example_dags/tutorial.py for tasks to queue
[2024-10-08T03:09:19.138+0000] {logging_mixin.py:190} INFO - [2024-10-08T03:09:19.138+0000] {dagbag.py:588} INFO - Filling up the DagBag from /home/airflow/.local/lib/python3.12/site-packages/airflow/example_dags/tutorial.py
[2024-10-08T03:09:19.142+0000] {processor.py:925} INFO - DAG(s) 'tutorial' retrieved from /home/airflow/.local/lib/python3.12/site-packages/airflow/example_dags/tutorial.py
[2024-10-08T03:09:19.151+0000] {logging_mixin.py:190} INFO - [2024-10-08T03:09:19.151+0000] {dag.py:3239} INFO - Sync 1 DAGs
[2024-10-08T03:09:19.163+0000] {logging_mixin.py:190} INFO - [2024-10-08T03:09:19.162+0000] {dag.py:4180} INFO - Setting next_dagrun for tutorial to 2024-10-07 00:00:00+00:00, run_after=2024-10-08 00:00:00+00:00
[2024-10-08T03:09:19.172+0000] {processor.py:208} INFO - Processing /home/airflow/.local/lib/python3.12/site-packages/airflow/example_dags/tutorial.py took 0.038 seconds
[2024-10-08T03:09:49.452+0000] {processor.py:186} INFO - Started process (PID=1588) to work on /home/airflow/.local/lib/python3.12/site-packages/airflow/example_dags/tutorial.py
[2024-10-08T03:09:49.453+0000] {processor.py:914} INFO - Processing file /home/airflow/.local/lib/python3.12/site-packages/airflow/example_dags/tutorial.py for tasks to queue
[2024-10-08T03:09:49.454+0000] {logging_mixin.py:190} INFO - [2024-10-08T03:09:49.454+0000] {dagbag.py:588} INFO - Filling up the DagBag from /home/airflow/.local/lib/python3.12/site-packages/airflow/example_dags/tutorial.py
[2024-10-08T03:09:49.458+0000] {processor.py:925} INFO - DAG(s) 'tutorial' retrieved from /home/airflow/.local/lib/python3.12/site-packages/airflow/example_dags/tutorial.py
[2024-10-08T03:09:49.467+0000] {logging_mixin.py:190} INFO - [2024-10-08T03:09:49.467+0000] {dag.py:3239} INFO - Sync 1 DAGs
[2024-10-08T03:09:49.478+0000] {logging_mixin.py:190} INFO - [2024-10-08T03:09:49.478+0000] {dag.py:4180} INFO - Setting next_dagrun for tutorial to 2024-10-07 00:00:00+00:00, run_after=2024-10-08 00:00:00+00:00
[2024-10-08T03:09:49.486+0000] {processor.py:208} INFO - Processing /home/airflow/.local/lib/python3.12/site-packages/airflow/example_dags/tutorial.py took 0.037 seconds
[2024-10-08T03:10:19.759+0000] {processor.py:186} INFO - Started process (PID=1895) to work on /home/airflow/.local/lib/python3.12/site-packages/airflow/example_dags/tutorial.py
[2024-10-08T03:10:19.759+0000] {processor.py:914} INFO - Processing file /home/airflow/.local/lib/python3.12/site-packages/airflow/example_dags/tutorial.py for tasks to queue
[2024-10-08T03:10:19.761+0000] {logging_mixin.py:190} INFO - [2024-10-08T03:10:19.760+0000] {dagbag.py:588} INFO - Filling up the DagBag from /home/airflow/.local/lib/python3.12/site-packages/airflow/example_dags/tutorial.py
[2024-10-08T03:10:19.764+0000] {processor.py:925} INFO - DAG(s) 'tutorial' retrieved from /home/airflow/.local/lib/python3.12/site-packages/airflow/example_dags/tutorial.py
[2024-10-08T03:10:19.775+0000] {logging_mixin.py:190} INFO - [2024-10-08T03:10:19.775+0000] {dag.py:3239} INFO - Sync 1 DAGs
[2024-10-08T03:10:19.787+0000] {logging_mixin.py:190} INFO - [2024-10-08T03:10:19.787+0000] {dag.py:4180} INFO - Setting next_dagrun for tutorial to 2024-10-07 00:00:00+00:00, run_after=2024-10-08 00:00:00+00:00
[2024-10-08T03:10:19.796+0000] {processor.py:208} INFO - Processing /home/airflow/.local/lib/python3.12/site-packages/airflow/example_dags/tutorial.py took 0.040 seconds
[2024-10-08T03:10:50.011+0000] {processor.py:186} INFO - Started process (PID=2246) to work on /home/airflow/.local/lib/python3.12/site-packages/airflow/example_dags/tutorial.py
[2024-10-08T03:10:50.011+0000] {processor.py:914} INFO - Processing file /home/airflow/.local/lib/python3.12/site-packages/airflow/example_dags/tutorial.py for tasks to queue
[2024-10-08T03:10:50.012+0000] {logging_mixin.py:190} INFO - [2024-10-08T03:10:50.012+0000] {dagbag.py:588} INFO - Filling up the DagBag from /home/airflow/.local/lib/python3.12/site-packages/airflow/example_dags/tutorial.py
[2024-10-08T03:10:50.016+0000] {processor.py:925} INFO - DAG(s) 'tutorial' retrieved from /home/airflow/.local/lib/python3.12/site-packages/airflow/example_dags/tutorial.py
[2024-10-08T03:10:50.026+0000] {logging_mixin.py:190} INFO - [2024-10-08T03:10:50.026+0000] {dag.py:3239} INFO - Sync 1 DAGs
[2024-10-08T03:10:50.037+0000] {logging_mixin.py:190} INFO - [2024-10-08T03:10:50.037+0000] {dag.py:4180} INFO - Setting next_dagrun for tutorial to 2024-10-07 00:00:00+00:00, run_after=2024-10-08 00:00:00+00:00
[2024-10-08T03:10:50.046+0000] {processor.py:208} INFO - Processing /home/airflow/.local/lib/python3.12/site-packages/airflow/example_dags/tutorial.py took 0.038 seconds
[2024-10-08T03:11:20.081+0000] {processor.py:186} INFO - Started process (PID=2548) to work on /home/airflow/.local/lib/python3.12/site-packages/airflow/example_dags/tutorial.py
[2024-10-08T03:11:20.082+0000] {processor.py:914} INFO - Processing file /home/airflow/.local/lib/python3.12/site-packages/airflow/example_dags/tutorial.py for tasks to queue
[2024-10-08T03:11:20.083+0000] {logging_mixin.py:190} INFO - [2024-10-08T03:11:20.083+0000] {dagbag.py:588} INFO - Filling up the DagBag from /home/airflow/.local/lib/python3.12/site-packages/airflow/example_dags/tutorial.py
[2024-10-08T03:11:20.087+0000] {processor.py:925} INFO - DAG(s) 'tutorial' retrieved from /home/airflow/.local/lib/python3.12/site-packages/airflow/example_dags/tutorial.py
[2024-10-08T03:11:20.097+0000] {logging_mixin.py:190} INFO - [2024-10-08T03:11:20.097+0000] {dag.py:3239} INFO - Sync 1 DAGs
[2024-10-08T03:11:20.108+0000] {logging_mixin.py:190} INFO - [2024-10-08T03:11:20.108+0000] {dag.py:4180} INFO - Setting next_dagrun for tutorial to 2024-10-07 00:00:00+00:00, run_after=2024-10-08 00:00:00+00:00
[2024-10-08T03:11:20.117+0000] {processor.py:208} INFO - Processing /home/airflow/.local/lib/python3.12/site-packages/airflow/example_dags/tutorial.py took 0.038 seconds
[2024-10-08T03:11:50.455+0000] {processor.py:186} INFO - Started process (PID=2855) to work on /home/airflow/.local/lib/python3.12/site-packages/airflow/example_dags/tutorial.py
[2024-10-08T03:11:50.456+0000] {processor.py:914} INFO - Processing file /home/airflow/.local/lib/python3.12/site-packages/airflow/example_dags/tutorial.py for tasks to queue
[2024-10-08T03:11:50.457+0000] {logging_mixin.py:190} INFO - [2024-10-08T03:11:50.457+0000] {dagbag.py:588} INFO - Filling up the DagBag from /home/airflow/.local/lib/python3.12/site-packages/airflow/example_dags/tutorial.py
[2024-10-08T03:11:50.460+0000] {processor.py:925} INFO - DAG(s) 'tutorial' retrieved from /home/airflow/.local/lib/python3.12/site-packages/airflow/example_dags/tutorial.py
[2024-10-08T03:11:50.469+0000] {logging_mixin.py:190} INFO - [2024-10-08T03:11:50.469+0000] {dag.py:3239} INFO - Sync 1 DAGs
[2024-10-08T03:11:50.481+0000] {logging_mixin.py:190} INFO - [2024-10-08T03:11:50.481+0000] {dag.py:4180} INFO - Setting next_dagrun for tutorial to 2024-10-07 00:00:00+00:00, run_after=2024-10-08 00:00:00+00:00
[2024-10-08T03:11:50.489+0000] {processor.py:208} INFO - Processing /home/airflow/.local/lib/python3.12/site-packages/airflow/example_dags/tutorial.py took 0.037 seconds
[2024-10-08T03:12:20.752+0000] {processor.py:186} INFO - Started process (PID=3156) to work on /home/airflow/.local/lib/python3.12/site-packages/airflow/example_dags/tutorial.py
[2024-10-08T03:12:20.753+0000] {processor.py:914} INFO - Processing file /home/airflow/.local/lib/python3.12/site-packages/airflow/example_dags/tutorial.py for tasks to queue
[2024-10-08T03:12:20.754+0000] {logging_mixin.py:190} INFO - [2024-10-08T03:12:20.754+0000] {dagbag.py:588} INFO - Filling up the DagBag from /home/airflow/.local/lib/python3.12/site-packages/airflow/example_dags/tutorial.py
[2024-10-08T03:12:20.758+0000] {processor.py:925} INFO - DAG(s) 'tutorial' retrieved from /home/airflow/.local/lib/python3.12/site-packages/airflow/example_dags/tutorial.py
[2024-10-08T03:12:20.768+0000] {logging_mixin.py:190} INFO - [2024-10-08T03:12:20.768+0000] {dag.py:3239} INFO - Sync 1 DAGs
[2024-10-08T03:12:20.780+0000] {logging_mixin.py:190} INFO - [2024-10-08T03:12:20.780+0000] {dag.py:4180} INFO - Setting next_dagrun for tutorial to 2024-10-07 00:00:00+00:00, run_after=2024-10-08 00:00:00+00:00
[2024-10-08T03:12:20.791+0000] {processor.py:208} INFO - Processing /home/airflow/.local/lib/python3.12/site-packages/airflow/example_dags/tutorial.py took 0.042 seconds
[2024-10-08T03:12:50.843+0000] {processor.py:186} INFO - Started process (PID=3457) to work on /home/airflow/.local/lib/python3.12/site-packages/airflow/example_dags/tutorial.py
[2024-10-08T03:12:50.843+0000] {processor.py:914} INFO - Processing file /home/airflow/.local/lib/python3.12/site-packages/airflow/example_dags/tutorial.py for tasks to queue
[2024-10-08T03:12:50.844+0000] {logging_mixin.py:190} INFO - [2024-10-08T03:12:50.844+0000] {dagbag.py:588} INFO - Filling up the DagBag from /home/airflow/.local/lib/python3.12/site-packages/airflow/example_dags/tutorial.py
[2024-10-08T03:12:50.848+0000] {processor.py:925} INFO - DAG(s) 'tutorial' retrieved from /home/airflow/.local/lib/python3.12/site-packages/airflow/example_dags/tutorial.py
[2024-10-08T03:12:50.858+0000] {logging_mixin.py:190} INFO - [2024-10-08T03:12:50.857+0000] {dag.py:3239} INFO - Sync 1 DAGs
[2024-10-08T03:12:50.869+0000] {logging_mixin.py:190} INFO - [2024-10-08T03:12:50.869+0000] {dag.py:4180} INFO - Setting next_dagrun for tutorial to 2024-10-07 00:00:00+00:00, run_after=2024-10-08 00:00:00+00:00
[2024-10-08T03:12:50.878+0000] {processor.py:208} INFO - Processing /home/airflow/.local/lib/python3.12/site-packages/airflow/example_dags/tutorial.py took 0.038 seconds
[2024-10-08T03:13:21.117+0000] {processor.py:186} INFO - Started process (PID=3758) to work on /home/airflow/.local/lib/python3.12/site-packages/airflow/example_dags/tutorial.py
[2024-10-08T03:13:21.118+0000] {processor.py:914} INFO - Processing file /home/airflow/.local/lib/python3.12/site-packages/airflow/example_dags/tutorial.py for tasks to queue
[2024-10-08T03:13:21.119+0000] {logging_mixin.py:190} INFO - [2024-10-08T03:13:21.119+0000] {dagbag.py:588} INFO - Filling up the DagBag from /home/airflow/.local/lib/python3.12/site-packages/airflow/example_dags/tutorial.py
[2024-10-08T03:13:21.123+0000] {processor.py:925} INFO - DAG(s) 'tutorial' retrieved from /home/airflow/.local/lib/python3.12/site-packages/airflow/example_dags/tutorial.py
[2024-10-08T03:13:21.132+0000] {logging_mixin.py:190} INFO - [2024-10-08T03:13:21.132+0000] {dag.py:3239} INFO - Sync 1 DAGs
[2024-10-08T03:13:21.144+0000] {logging_mixin.py:190} INFO - [2024-10-08T03:13:21.144+0000] {dag.py:4180} INFO - Setting next_dagrun for tutorial to 2024-10-07 00:00:00+00:00, run_after=2024-10-08 00:00:00+00:00
[2024-10-08T03:13:21.153+0000] {processor.py:208} INFO - Processing /home/airflow/.local/lib/python3.12/site-packages/airflow/example_dags/tutorial.py took 0.038 seconds
[2024-10-08T03:13:51.391+0000] {processor.py:186} INFO - Started process (PID=4059) to work on /home/airflow/.local/lib/python3.12/site-packages/airflow/example_dags/tutorial.py
[2024-10-08T03:13:51.392+0000] {processor.py:914} INFO - Processing file /home/airflow/.local/lib/python3.12/site-packages/airflow/example_dags/tutorial.py for tasks to queue
[2024-10-08T03:13:51.393+0000] {logging_mixin.py:190} INFO - [2024-10-08T03:13:51.393+0000] {dagbag.py:588} INFO - Filling up the DagBag from /home/airflow/.local/lib/python3.12/site-packages/airflow/example_dags/tutorial.py
[2024-10-08T03:13:51.397+0000] {processor.py:925} INFO - DAG(s) 'tutorial' retrieved from /home/airflow/.local/lib/python3.12/site-packages/airflow/example_dags/tutorial.py
[2024-10-08T03:13:51.407+0000] {logging_mixin.py:190} INFO - [2024-10-08T03:13:51.407+0000] {dag.py:3239} INFO - Sync 1 DAGs
[2024-10-08T03:13:51.419+0000] {logging_mixin.py:190} INFO - [2024-10-08T03:13:51.419+0000] {dag.py:4180} INFO - Setting next_dagrun for tutorial to 2024-10-07 00:00:00+00:00, run_after=2024-10-08 00:00:00+00:00
[2024-10-08T03:13:51.429+0000] {processor.py:208} INFO - Processing /home/airflow/.local/lib/python3.12/site-packages/airflow/example_dags/tutorial.py took 0.041 seconds
[2024-10-08T03:14:21.636+0000] {processor.py:186} INFO - Started process (PID=4360) to work on /home/airflow/.local/lib/python3.12/site-packages/airflow/example_dags/tutorial.py
[2024-10-08T03:14:21.637+0000] {processor.py:914} INFO - Processing file /home/airflow/.local/lib/python3.12/site-packages/airflow/example_dags/tutorial.py for tasks to queue
[2024-10-08T03:14:21.638+0000] {logging_mixin.py:190} INFO - [2024-10-08T03:14:21.638+0000] {dagbag.py:588} INFO - Filling up the DagBag from /home/airflow/.local/lib/python3.12/site-packages/airflow/example_dags/tutorial.py
[2024-10-08T03:14:21.641+0000] {processor.py:925} INFO - DAG(s) 'tutorial' retrieved from /home/airflow/.local/lib/python3.12/site-packages/airflow/example_dags/tutorial.py
[2024-10-08T03:14:21.650+0000] {logging_mixin.py:190} INFO - [2024-10-08T03:14:21.650+0000] {dag.py:3239} INFO - Sync 1 DAGs
[2024-10-08T03:14:21.661+0000] {logging_mixin.py:190} INFO - [2024-10-08T03:14:21.661+0000] {dag.py:4180} INFO - Setting next_dagrun for tutorial to 2024-10-07 00:00:00+00:00, run_after=2024-10-08 00:00:00+00:00
[2024-10-08T03:14:21.671+0000] {processor.py:208} INFO - Processing /home/airflow/.local/lib/python3.12/site-packages/airflow/example_dags/tutorial.py took 0.038 seconds
