[2024-10-08T03:10:22.654+0000] {local_task_job_runner.py:123} INFO - ::group::Pre task execution logs
[2024-10-08T03:10:22.662+0000] {taskinstance.py:2612} INFO - Dependencies all met for dep_context=non-requeueable deps ti=<TaskInstance: update_nba_injury_data_v01.update_db_table scheduled__2024-10-08T02:00:00+00:00 [queued]>
[2024-10-08T03:10:22.666+0000] {taskinstance.py:2612} INFO - Dependencies all met for dep_context=requeueable deps ti=<TaskInstance: update_nba_injury_data_v01.update_db_table scheduled__2024-10-08T02:00:00+00:00 [queued]>
[2024-10-08T03:10:22.666+0000] {taskinstance.py:2865} INFO - Starting attempt 1 of 4
[2024-10-08T03:10:22.672+0000] {taskinstance.py:2888} INFO - Executing <Task(_PythonDecoratedOperator): update_db_table> on 2024-10-08 02:00:00+00:00
[2024-10-08T03:10:22.677+0000] {standard_task_runner.py:104} INFO - Running: ['***', 'tasks', 'run', 'update_nba_injury_data_v01', 'update_db_table', 'scheduled__2024-10-08T02:00:00+00:00', '--job-id', '165', '--raw', '--subdir', 'DAGS_FOLDER/injury_data_dag.py', '--cfg-path', '/tmp/tmp4z03ch9o']
[2024-10-08T03:10:22.678+0000] {standard_task_runner.py:105} INFO - Job 165: Subtask update_db_table
[2024-10-08T03:10:22.678+0000] {logging_mixin.py:190} WARNING - /home/***/.local/lib/python3.12/site-packages/***/task/task_runner/standard_task_runner.py:70 DeprecationWarning: This process (pid=2025) is multi-threaded, use of fork() may lead to deadlocks in the child.
[2024-10-08T03:10:22.679+0000] {standard_task_runner.py:72} INFO - Started process 2027 to run task
[2024-10-08T03:10:22.700+0000] {task_command.py:467} INFO - Running <TaskInstance: update_nba_injury_data_v01.update_db_table scheduled__2024-10-08T02:00:00+00:00 [running]> on host b38e3fb9e719
[2024-10-08T03:10:22.770+0000] {taskinstance.py:3131} INFO - Exporting env vars: AIRFLOW_CTX_DAG_OWNER='Daymon' AIRFLOW_CTX_DAG_ID='update_nba_injury_data_v01' AIRFLOW_CTX_TASK_ID='update_db_table' AIRFLOW_CTX_EXECUTION_DATE='2024-10-08T02:00:00+00:00' AIRFLOW_CTX_TRY_NUMBER='1' AIRFLOW_CTX_DAG_RUN_ID='scheduled__2024-10-08T02:00:00+00:00'
[2024-10-08T03:10:22.771+0000] {logging_mixin.py:190} INFO - Task instance is in running state
[2024-10-08T03:10:22.771+0000] {logging_mixin.py:190} INFO -  Previous state of the Task instance: queued
[2024-10-08T03:10:22.771+0000] {logging_mixin.py:190} INFO - Current task name:update_db_table state:running start_date:2024-10-08 03:10:22.662664+00:00
[2024-10-08T03:10:22.772+0000] {logging_mixin.py:190} INFO - Dag name:update_nba_injury_data_v01 and current dag run status:running
[2024-10-08T03:10:22.772+0000] {taskinstance.py:731} INFO - ::endgroup::
[2024-10-08T03:10:23.627+0000] {python.py:240} INFO - Done. Returned value was: Injury data updated successfully. 88 records updated.
[2024-10-08T03:10:23.638+0000] {taskinstance.py:340} INFO - ::group::Post task execution logs
[2024-10-08T03:10:23.638+0000] {taskinstance.py:352} INFO - Marking task as SUCCESS. dag_id=update_nba_injury_data_v01, task_id=update_db_table, run_id=scheduled__2024-10-08T02:00:00+00:00, execution_date=20241008T020000, start_date=20241008T031022, end_date=20241008T031023
[2024-10-08T03:10:23.643+0000] {logging_mixin.py:190} INFO - Task instance in success state
[2024-10-08T03:10:23.643+0000] {logging_mixin.py:190} INFO -  Previous state of the Task instance: running
[2024-10-08T03:10:23.644+0000] {logging_mixin.py:190} INFO - Dag name:update_nba_injury_data_v01 queued_at:2024-10-08 03:10:19.429929+00:00
[2024-10-08T03:10:23.644+0000] {logging_mixin.py:190} INFO - Task hostname:b38e3fb9e719 operator:_PythonDecoratedOperator
[2024-10-08T03:10:23.655+0000] {local_task_job_runner.py:266} INFO - Task exited with return code 0
[2024-10-08T03:10:23.662+0000] {taskinstance.py:3900} INFO - 0 downstream tasks scheduled from follow-on schedule check
[2024-10-08T03:10:23.664+0000] {local_task_job_runner.py:245} INFO - ::endgroup::
