[2024-10-08T03:10:19.702+0000] {local_task_job_runner.py:123} INFO - ::group::Pre task execution logs
[2024-10-08T03:10:19.710+0000] {taskinstance.py:2612} INFO - Dependencies all met for dep_context=non-requeueable deps ti=<TaskInstance: update_nba_injury_data_v01.get_new_injuries scheduled__2024-10-08T02:00:00+00:00 [queued]>
[2024-10-08T03:10:19.714+0000] {taskinstance.py:2612} INFO - Dependencies all met for dep_context=requeueable deps ti=<TaskInstance: update_nba_injury_data_v01.get_new_injuries scheduled__2024-10-08T02:00:00+00:00 [queued]>
[2024-10-08T03:10:19.714+0000] {taskinstance.py:2865} INFO - Starting attempt 1 of 4
[2024-10-08T03:10:19.720+0000] {taskinstance.py:2888} INFO - Executing <Task(_PythonDecoratedOperator): get_new_injuries> on 2024-10-08 02:00:00+00:00
[2024-10-08T03:10:19.727+0000] {standard_task_runner.py:104} INFO - Running: ['***', 'tasks', 'run', 'update_nba_injury_data_v01', 'get_new_injuries', 'scheduled__2024-10-08T02:00:00+00:00', '--job-id', '161', '--raw', '--subdir', 'DAGS_FOLDER/injury_data_dag.py', '--cfg-path', '/tmp/tmpxpsuwoop']
[2024-10-08T03:10:19.728+0000] {standard_task_runner.py:105} INFO - Job 161: Subtask get_new_injuries
[2024-10-08T03:10:19.729+0000] {logging_mixin.py:190} WARNING - /home/***/.local/lib/python3.12/site-packages/***/task/task_runner/standard_task_runner.py:70 DeprecationWarning: This process (pid=1847) is multi-threaded, use of fork() may lead to deadlocks in the child.
[2024-10-08T03:10:19.729+0000] {standard_task_runner.py:72} INFO - Started process 1889 to run task
[2024-10-08T03:10:19.752+0000] {task_command.py:467} INFO - Running <TaskInstance: update_nba_injury_data_v01.get_new_injuries scheduled__2024-10-08T02:00:00+00:00 [running]> on host b38e3fb9e719
[2024-10-08T03:10:19.788+0000] {taskinstance.py:3131} INFO - Exporting env vars: AIRFLOW_CTX_DAG_OWNER='Daymon' AIRFLOW_CTX_DAG_ID='update_nba_injury_data_v01' AIRFLOW_CTX_TASK_ID='get_new_injuries' AIRFLOW_CTX_EXECUTION_DATE='2024-10-08T02:00:00+00:00' AIRFLOW_CTX_TRY_NUMBER='1' AIRFLOW_CTX_DAG_RUN_ID='scheduled__2024-10-08T02:00:00+00:00'
[2024-10-08T03:10:19.789+0000] {logging_mixin.py:190} INFO - Task instance is in running state
[2024-10-08T03:10:19.789+0000] {logging_mixin.py:190} INFO -  Previous state of the Task instance: queued
[2024-10-08T03:10:19.789+0000] {logging_mixin.py:190} INFO - Current task name:get_new_injuries state:running start_date:2024-10-08 03:10:19.711108+00:00
[2024-10-08T03:10:19.789+0000] {logging_mixin.py:190} INFO - Dag name:update_nba_injury_data_v01 and current dag run status:running
[2024-10-08T03:10:19.790+0000] {taskinstance.py:731} INFO - ::endgroup::
[2024-10-08T03:10:20.242+0000] {python.py:240} INFO - Done. Returned value was:                   name  ...                                            comment
0           Seth Lundy  ...  Sep 30: Hawks general manager Landry Fields sa...
1       Onyeka Okongwu  ...  Sep 30: Hawks general manager Landry Fields sa...
0   Kristaps Porzingis  ...  Sep 24: Brad Stevens said that Porzingis (foot...
0      Trendon Watford  ...  Oct 7: Watford will miss at least two weeks wi...
1       Day'Ron Sharpe  ...  Oct 7: Sharpe will miss at least six weeks wit...
..                 ...  ...                                                ...
3          Bruce Brown  ...  Sep 30: The Raptors announced Brown underwent ...
4       Ja'Kobe Walter  ...  Sep 27: Walter sprained his acromioclavicular ...
0          Patty Mills  ...  Oct 4: Mills (rest) will not play against the ...
0      Malcolm Brogdon  ...  Oct 7: Brogdon (hand) is expected to miss at l...
1           Saddiq Bey  ...  Jul 10: Bey has agreed to a three-year, $20 mi...

[88 rows x 5 columns]
[2024-10-08T03:10:20.268+0000] {taskinstance.py:340} INFO - ::group::Post task execution logs
[2024-10-08T03:10:20.268+0000] {taskinstance.py:352} INFO - Marking task as SUCCESS. dag_id=update_nba_injury_data_v01, task_id=get_new_injuries, run_id=scheduled__2024-10-08T02:00:00+00:00, execution_date=20241008T020000, start_date=20241008T031019, end_date=20241008T031020
[2024-10-08T03:10:20.273+0000] {logging_mixin.py:190} INFO - Task instance in success state
[2024-10-08T03:10:20.274+0000] {logging_mixin.py:190} INFO -  Previous state of the Task instance: running
[2024-10-08T03:10:20.274+0000] {logging_mixin.py:190} INFO - Dag name:update_nba_injury_data_v01 queued_at:2024-10-08 03:10:19.429929+00:00
[2024-10-08T03:10:20.274+0000] {logging_mixin.py:190} INFO - Task hostname:b38e3fb9e719 operator:_PythonDecoratedOperator
[2024-10-08T03:10:20.304+0000] {local_task_job_runner.py:266} INFO - Task exited with return code 0
[2024-10-08T03:10:20.315+0000] {taskinstance.py:3900} INFO - 0 downstream tasks scheduled from follow-on schedule check
[2024-10-08T03:10:20.316+0000] {local_task_job_runner.py:245} INFO - ::endgroup::
