[2024-10-08T03:10:19.702+0000] {local_task_job_runner.py:123} INFO - ::group::Pre task execution logs
[2024-10-08T03:10:19.710+0000] {taskinstance.py:2612} INFO - Dependencies all met for dep_context=non-requeueable deps ti=<TaskInstance: update_nba_injury_data_v01.get_data_from_DB scheduled__2024-10-08T02:00:00+00:00 [queued]>
[2024-10-08T03:10:19.714+0000] {taskinstance.py:2612} INFO - Dependencies all met for dep_context=requeueable deps ti=<TaskInstance: update_nba_injury_data_v01.get_data_from_DB scheduled__2024-10-08T02:00:00+00:00 [queued]>
[2024-10-08T03:10:19.714+0000] {taskinstance.py:2865} INFO - Starting attempt 1 of 4
[2024-10-08T03:10:19.720+0000] {taskinstance.py:2888} INFO - Executing <Task(_PythonDecoratedOperator): get_data_from_DB> on 2024-10-08 02:00:00+00:00
[2024-10-08T03:10:19.727+0000] {standard_task_runner.py:104} INFO - Running: ['***', 'tasks', 'run', 'update_nba_injury_data_v01', 'get_data_from_DB', 'scheduled__2024-10-08T02:00:00+00:00', '--job-id', '160', '--raw', '--subdir', 'DAGS_FOLDER/injury_data_dag.py', '--cfg-path', '/tmp/tmpgylz5k16']
[2024-10-08T03:10:19.728+0000] {standard_task_runner.py:105} INFO - Job 160: Subtask get_data_from_DB
[2024-10-08T03:10:19.729+0000] {logging_mixin.py:190} WARNING - /home/***/.local/lib/python3.12/site-packages/***/task/task_runner/standard_task_runner.py:70 DeprecationWarning: This process (pid=1848) is multi-threaded, use of fork() may lead to deadlocks in the child.
[2024-10-08T03:10:19.729+0000] {standard_task_runner.py:72} INFO - Started process 1890 to run task
[2024-10-08T03:10:19.753+0000] {task_command.py:467} INFO - Running <TaskInstance: update_nba_injury_data_v01.get_data_from_DB scheduled__2024-10-08T02:00:00+00:00 [running]> on host b38e3fb9e719
[2024-10-08T03:10:19.789+0000] {taskinstance.py:3131} INFO - Exporting env vars: AIRFLOW_CTX_DAG_OWNER='Daymon' AIRFLOW_CTX_DAG_ID='update_nba_injury_data_v01' AIRFLOW_CTX_TASK_ID='get_data_from_DB' AIRFLOW_CTX_EXECUTION_DATE='2024-10-08T02:00:00+00:00' AIRFLOW_CTX_TRY_NUMBER='1' AIRFLOW_CTX_DAG_RUN_ID='scheduled__2024-10-08T02:00:00+00:00'
[2024-10-08T03:10:19.789+0000] {logging_mixin.py:190} INFO - Task instance is in running state
[2024-10-08T03:10:19.789+0000] {logging_mixin.py:190} INFO -  Previous state of the Task instance: queued
[2024-10-08T03:10:19.790+0000] {logging_mixin.py:190} INFO - Current task name:get_data_from_DB state:running start_date:2024-10-08 03:10:19.711014+00:00
[2024-10-08T03:10:19.790+0000] {logging_mixin.py:190} INFO - Dag name:update_nba_injury_data_v01 and current dag run status:running
[2024-10-08T03:10:19.790+0000] {taskinstance.py:731} INFO - ::endgroup::
[2024-10-08T03:10:20.571+0000] {python.py:240} INFO - Done. Returned value was:                   name  ... new_or_updated
0        Klay Thompson  ...              1
1         Kyrie Irving  ...              1
2            Ja Morant  ...              1
3   Wendell Carter Jr.  ...              1
4           Seth Lundy  ...              0
..                 ...  ...            ...
85         Bruce Brown  ...              0
86      Ja'Kobe Walter  ...              0
87         Patty Mills  ...              0
88     Malcolm Brogdon  ...              0
89          Saddiq Bey  ...              0

[90 rows x 6 columns]
[2024-10-08T03:10:20.594+0000] {taskinstance.py:340} INFO - ::group::Post task execution logs
[2024-10-08T03:10:20.595+0000] {taskinstance.py:352} INFO - Marking task as SUCCESS. dag_id=update_nba_injury_data_v01, task_id=get_data_from_DB, run_id=scheduled__2024-10-08T02:00:00+00:00, execution_date=20241008T020000, start_date=20241008T031019, end_date=20241008T031020
[2024-10-08T03:10:20.599+0000] {logging_mixin.py:190} INFO - Task instance in success state
[2024-10-08T03:10:20.599+0000] {logging_mixin.py:190} INFO -  Previous state of the Task instance: running
[2024-10-08T03:10:20.599+0000] {logging_mixin.py:190} INFO - Dag name:update_nba_injury_data_v01 queued_at:2024-10-08 03:10:19.429929+00:00
[2024-10-08T03:10:20.600+0000] {logging_mixin.py:190} INFO - Task hostname:b38e3fb9e719 operator:_PythonDecoratedOperator
[2024-10-08T03:10:20.624+0000] {local_task_job_runner.py:266} INFO - Task exited with return code 0
[2024-10-08T03:10:20.637+0000] {taskinstance.py:3900} INFO - 1 downstream tasks scheduled from follow-on schedule check
[2024-10-08T03:10:20.638+0000] {local_task_job_runner.py:245} INFO - ::endgroup::
