[2024-10-08T03:07:46.402+0000] {processor.py:186} INFO - Started process (PID=199) to work on /opt/airflow/dags/dag_with_taskflow.py
[2024-10-08T03:07:46.403+0000] {processor.py:914} INFO - Processing file /opt/airflow/dags/dag_with_taskflow.py for tasks to queue
[2024-10-08T03:07:46.404+0000] {logging_mixin.py:190} INFO - [2024-10-08T03:07:46.404+0000] {dagbag.py:588} INFO - Filling up the DagBag from /opt/airflow/dags/dag_with_taskflow.py
[2024-10-08T03:07:46.414+0000] {processor.py:925} INFO - DAG(s) 'dag_with_taskflow_taskflow_decorator_v01' retrieved from /opt/airflow/dags/dag_with_taskflow.py
[2024-10-08T03:07:46.428+0000] {logging_mixin.py:190} INFO - [2024-10-08T03:07:46.428+0000] {dag.py:3239} INFO - Sync 1 DAGs
[2024-10-08T03:07:46.441+0000] {logging_mixin.py:190} INFO - [2024-10-08T03:07:46.441+0000] {dag.py:4180} INFO - Setting next_dagrun for dag_with_taskflow_taskflow_decorator_v01 to 2024-10-01 00:00:00+00:00, run_after=2024-10-01 01:00:00+00:00
[2024-10-08T03:07:46.452+0000] {processor.py:208} INFO - Processing /opt/airflow/dags/dag_with_taskflow.py took 0.052 seconds
[2024-10-08T03:08:16.955+0000] {processor.py:186} INFO - Started process (PID=500) to work on /opt/airflow/dags/dag_with_taskflow.py
[2024-10-08T03:08:16.956+0000] {processor.py:914} INFO - Processing file /opt/airflow/dags/dag_with_taskflow.py for tasks to queue
[2024-10-08T03:08:16.957+0000] {logging_mixin.py:190} INFO - [2024-10-08T03:08:16.956+0000] {dagbag.py:588} INFO - Filling up the DagBag from /opt/airflow/dags/dag_with_taskflow.py
[2024-10-08T03:08:16.967+0000] {processor.py:925} INFO - DAG(s) 'dag_with_taskflow_taskflow_decorator_v01' retrieved from /opt/airflow/dags/dag_with_taskflow.py
[2024-10-08T03:08:16.977+0000] {logging_mixin.py:190} INFO - [2024-10-08T03:08:16.977+0000] {dag.py:3239} INFO - Sync 1 DAGs
[2024-10-08T03:08:16.989+0000] {logging_mixin.py:190} INFO - [2024-10-08T03:08:16.989+0000] {dag.py:4180} INFO - Setting next_dagrun for dag_with_taskflow_taskflow_decorator_v01 to 2024-10-01 00:00:00+00:00, run_after=2024-10-01 01:00:00+00:00
[2024-10-08T03:08:16.999+0000] {processor.py:208} INFO - Processing /opt/airflow/dags/dag_with_taskflow.py took 0.046 seconds
[2024-10-08T03:08:47.301+0000] {processor.py:186} INFO - Started process (PID=801) to work on /opt/airflow/dags/dag_with_taskflow.py
[2024-10-08T03:08:47.302+0000] {processor.py:914} INFO - Processing file /opt/airflow/dags/dag_with_taskflow.py for tasks to queue
[2024-10-08T03:08:47.303+0000] {logging_mixin.py:190} INFO - [2024-10-08T03:08:47.303+0000] {dagbag.py:588} INFO - Filling up the DagBag from /opt/airflow/dags/dag_with_taskflow.py
[2024-10-08T03:08:47.313+0000] {processor.py:925} INFO - DAG(s) 'dag_with_taskflow_taskflow_decorator_v01' retrieved from /opt/airflow/dags/dag_with_taskflow.py
[2024-10-08T03:08:47.324+0000] {logging_mixin.py:190} INFO - [2024-10-08T03:08:47.323+0000] {dag.py:3239} INFO - Sync 1 DAGs
[2024-10-08T03:08:47.335+0000] {logging_mixin.py:190} INFO - [2024-10-08T03:08:47.335+0000] {dag.py:4180} INFO - Setting next_dagrun for dag_with_taskflow_taskflow_decorator_v01 to 2024-10-01 00:00:00+00:00, run_after=2024-10-01 01:00:00+00:00
[2024-10-08T03:08:47.344+0000] {processor.py:208} INFO - Processing /opt/airflow/dags/dag_with_taskflow.py took 0.046 seconds
[2024-10-08T03:09:17.678+0000] {processor.py:186} INFO - Started process (PID=1102) to work on /opt/airflow/dags/dag_with_taskflow.py
[2024-10-08T03:09:17.678+0000] {processor.py:914} INFO - Processing file /opt/airflow/dags/dag_with_taskflow.py for tasks to queue
[2024-10-08T03:09:17.680+0000] {logging_mixin.py:190} INFO - [2024-10-08T03:09:17.679+0000] {dagbag.py:588} INFO - Filling up the DagBag from /opt/airflow/dags/dag_with_taskflow.py
[2024-10-08T03:09:17.690+0000] {processor.py:925} INFO - DAG(s) 'dag_with_taskflow_taskflow_decorator_v01' retrieved from /opt/airflow/dags/dag_with_taskflow.py
[2024-10-08T03:09:17.700+0000] {logging_mixin.py:190} INFO - [2024-10-08T03:09:17.699+0000] {dag.py:3239} INFO - Sync 1 DAGs
[2024-10-08T03:09:17.711+0000] {logging_mixin.py:190} INFO - [2024-10-08T03:09:17.711+0000] {dag.py:4180} INFO - Setting next_dagrun for dag_with_taskflow_taskflow_decorator_v01 to 2024-10-01 00:00:00+00:00, run_after=2024-10-01 01:00:00+00:00
[2024-10-08T03:09:17.729+0000] {processor.py:208} INFO - Processing /opt/airflow/dags/dag_with_taskflow.py took 0.054 seconds
[2024-10-08T03:09:48.114+0000] {processor.py:186} INFO - Started process (PID=1403) to work on /opt/airflow/dags/dag_with_taskflow.py
[2024-10-08T03:09:48.115+0000] {processor.py:914} INFO - Processing file /opt/airflow/dags/dag_with_taskflow.py for tasks to queue
[2024-10-08T03:09:48.116+0000] {logging_mixin.py:190} INFO - [2024-10-08T03:09:48.116+0000] {dagbag.py:588} INFO - Filling up the DagBag from /opt/airflow/dags/dag_with_taskflow.py
[2024-10-08T03:09:48.129+0000] {processor.py:925} INFO - DAG(s) 'dag_with_taskflow_taskflow_decorator_v01' retrieved from /opt/airflow/dags/dag_with_taskflow.py
[2024-10-08T03:09:48.138+0000] {logging_mixin.py:190} INFO - [2024-10-08T03:09:48.137+0000] {dag.py:3239} INFO - Sync 1 DAGs
[2024-10-08T03:09:48.149+0000] {logging_mixin.py:190} INFO - [2024-10-08T03:09:48.149+0000] {dag.py:4180} INFO - Setting next_dagrun for dag_with_taskflow_taskflow_decorator_v01 to 2024-10-01 00:00:00+00:00, run_after=2024-10-01 01:00:00+00:00
[2024-10-08T03:09:48.170+0000] {processor.py:208} INFO - Processing /opt/airflow/dags/dag_with_taskflow.py took 0.058 seconds
[2024-10-08T03:10:18.412+0000] {processor.py:186} INFO - Started process (PID=1704) to work on /opt/airflow/dags/dag_with_taskflow.py
[2024-10-08T03:10:18.412+0000] {processor.py:914} INFO - Processing file /opt/airflow/dags/dag_with_taskflow.py for tasks to queue
[2024-10-08T03:10:18.413+0000] {logging_mixin.py:190} INFO - [2024-10-08T03:10:18.413+0000] {dagbag.py:588} INFO - Filling up the DagBag from /opt/airflow/dags/dag_with_taskflow.py
[2024-10-08T03:10:18.427+0000] {processor.py:925} INFO - DAG(s) 'dag_with_taskflow_taskflow_decorator_v01' retrieved from /opt/airflow/dags/dag_with_taskflow.py
[2024-10-08T03:10:18.436+0000] {logging_mixin.py:190} INFO - [2024-10-08T03:10:18.436+0000] {dag.py:3239} INFO - Sync 1 DAGs
[2024-10-08T03:10:18.447+0000] {logging_mixin.py:190} INFO - [2024-10-08T03:10:18.447+0000] {dag.py:4180} INFO - Setting next_dagrun for dag_with_taskflow_taskflow_decorator_v01 to 2024-10-01 00:00:00+00:00, run_after=2024-10-01 01:00:00+00:00
[2024-10-08T03:10:18.457+0000] {processor.py:208} INFO - Processing /opt/airflow/dags/dag_with_taskflow.py took 0.047 seconds
[2024-10-08T03:10:48.606+0000] {processor.py:186} INFO - Started process (PID=2061) to work on /opt/airflow/dags/dag_with_taskflow.py
[2024-10-08T03:10:48.606+0000] {processor.py:914} INFO - Processing file /opt/airflow/dags/dag_with_taskflow.py for tasks to queue
[2024-10-08T03:10:48.607+0000] {logging_mixin.py:190} INFO - [2024-10-08T03:10:48.607+0000] {dagbag.py:588} INFO - Filling up the DagBag from /opt/airflow/dags/dag_with_taskflow.py
[2024-10-08T03:10:48.618+0000] {processor.py:925} INFO - DAG(s) 'dag_with_taskflow_taskflow_decorator_v01' retrieved from /opt/airflow/dags/dag_with_taskflow.py
[2024-10-08T03:10:48.626+0000] {logging_mixin.py:190} INFO - [2024-10-08T03:10:48.626+0000] {dag.py:3239} INFO - Sync 1 DAGs
[2024-10-08T03:10:48.638+0000] {logging_mixin.py:190} INFO - [2024-10-08T03:10:48.638+0000] {dag.py:4180} INFO - Setting next_dagrun for dag_with_taskflow_taskflow_decorator_v01 to 2024-10-01 00:00:00+00:00, run_after=2024-10-01 01:00:00+00:00
[2024-10-08T03:10:48.647+0000] {processor.py:208} INFO - Processing /opt/airflow/dags/dag_with_taskflow.py took 0.044 seconds
[2024-10-08T03:11:18.829+0000] {processor.py:186} INFO - Started process (PID=2363) to work on /opt/airflow/dags/dag_with_taskflow.py
[2024-10-08T03:11:18.829+0000] {processor.py:914} INFO - Processing file /opt/airflow/dags/dag_with_taskflow.py for tasks to queue
[2024-10-08T03:11:18.830+0000] {logging_mixin.py:190} INFO - [2024-10-08T03:11:18.830+0000] {dagbag.py:588} INFO - Filling up the DagBag from /opt/airflow/dags/dag_with_taskflow.py
[2024-10-08T03:11:18.841+0000] {processor.py:925} INFO - DAG(s) 'dag_with_taskflow_taskflow_decorator_v01' retrieved from /opt/airflow/dags/dag_with_taskflow.py
[2024-10-08T03:11:18.850+0000] {logging_mixin.py:190} INFO - [2024-10-08T03:11:18.850+0000] {dag.py:3239} INFO - Sync 1 DAGs
[2024-10-08T03:11:18.861+0000] {logging_mixin.py:190} INFO - [2024-10-08T03:11:18.860+0000] {dag.py:4180} INFO - Setting next_dagrun for dag_with_taskflow_taskflow_decorator_v01 to 2024-10-01 00:00:00+00:00, run_after=2024-10-01 01:00:00+00:00
[2024-10-08T03:11:18.869+0000] {processor.py:208} INFO - Processing /opt/airflow/dags/dag_with_taskflow.py took 0.043 seconds
[2024-10-08T03:11:49.022+0000] {processor.py:186} INFO - Started process (PID=2664) to work on /opt/airflow/dags/dag_with_taskflow.py
[2024-10-08T03:11:49.022+0000] {processor.py:914} INFO - Processing file /opt/airflow/dags/dag_with_taskflow.py for tasks to queue
[2024-10-08T03:11:49.023+0000] {logging_mixin.py:190} INFO - [2024-10-08T03:11:49.023+0000] {dagbag.py:588} INFO - Filling up the DagBag from /opt/airflow/dags/dag_with_taskflow.py
[2024-10-08T03:11:49.034+0000] {processor.py:925} INFO - DAG(s) 'dag_with_taskflow_taskflow_decorator_v01' retrieved from /opt/airflow/dags/dag_with_taskflow.py
[2024-10-08T03:11:49.043+0000] {logging_mixin.py:190} INFO - [2024-10-08T03:11:49.043+0000] {dag.py:3239} INFO - Sync 1 DAGs
[2024-10-08T03:11:49.054+0000] {logging_mixin.py:190} INFO - [2024-10-08T03:11:49.054+0000] {dag.py:4180} INFO - Setting next_dagrun for dag_with_taskflow_taskflow_decorator_v01 to 2024-10-01 00:00:00+00:00, run_after=2024-10-01 01:00:00+00:00
[2024-10-08T03:11:49.064+0000] {processor.py:208} INFO - Processing /opt/airflow/dags/dag_with_taskflow.py took 0.045 seconds
[2024-10-08T03:12:19.427+0000] {processor.py:186} INFO - Started process (PID=2965) to work on /opt/airflow/dags/dag_with_taskflow.py
[2024-10-08T03:12:19.427+0000] {processor.py:914} INFO - Processing file /opt/airflow/dags/dag_with_taskflow.py for tasks to queue
[2024-10-08T03:12:19.428+0000] {logging_mixin.py:190} INFO - [2024-10-08T03:12:19.428+0000] {dagbag.py:588} INFO - Filling up the DagBag from /opt/airflow/dags/dag_with_taskflow.py
[2024-10-08T03:12:19.441+0000] {processor.py:925} INFO - DAG(s) 'dag_with_taskflow_taskflow_decorator_v01' retrieved from /opt/airflow/dags/dag_with_taskflow.py
[2024-10-08T03:12:19.453+0000] {logging_mixin.py:190} INFO - [2024-10-08T03:12:19.453+0000] {dag.py:3239} INFO - Sync 1 DAGs
[2024-10-08T03:12:19.465+0000] {logging_mixin.py:190} INFO - [2024-10-08T03:12:19.465+0000] {dag.py:4180} INFO - Setting next_dagrun for dag_with_taskflow_taskflow_decorator_v01 to 2024-10-01 00:00:00+00:00, run_after=2024-10-01 01:00:00+00:00
[2024-10-08T03:12:19.482+0000] {processor.py:208} INFO - Processing /opt/airflow/dags/dag_with_taskflow.py took 0.058 seconds
[2024-10-08T03:12:49.591+0000] {processor.py:186} INFO - Started process (PID=3266) to work on /opt/airflow/dags/dag_with_taskflow.py
[2024-10-08T03:12:49.591+0000] {processor.py:914} INFO - Processing file /opt/airflow/dags/dag_with_taskflow.py for tasks to queue
[2024-10-08T03:12:49.592+0000] {logging_mixin.py:190} INFO - [2024-10-08T03:12:49.592+0000] {dagbag.py:588} INFO - Filling up the DagBag from /opt/airflow/dags/dag_with_taskflow.py
[2024-10-08T03:12:49.602+0000] {processor.py:925} INFO - DAG(s) 'dag_with_taskflow_taskflow_decorator_v01' retrieved from /opt/airflow/dags/dag_with_taskflow.py
[2024-10-08T03:12:49.610+0000] {logging_mixin.py:190} INFO - [2024-10-08T03:12:49.610+0000] {dag.py:3239} INFO - Sync 1 DAGs
[2024-10-08T03:12:49.622+0000] {logging_mixin.py:190} INFO - [2024-10-08T03:12:49.622+0000] {dag.py:4180} INFO - Setting next_dagrun for dag_with_taskflow_taskflow_decorator_v01 to 2024-10-01 00:00:00+00:00, run_after=2024-10-01 01:00:00+00:00
[2024-10-08T03:12:49.640+0000] {processor.py:208} INFO - Processing /opt/airflow/dags/dag_with_taskflow.py took 0.052 seconds
[2024-10-08T03:13:19.775+0000] {processor.py:186} INFO - Started process (PID=3567) to work on /opt/airflow/dags/dag_with_taskflow.py
[2024-10-08T03:13:19.776+0000] {processor.py:914} INFO - Processing file /opt/airflow/dags/dag_with_taskflow.py for tasks to queue
[2024-10-08T03:13:19.777+0000] {logging_mixin.py:190} INFO - [2024-10-08T03:13:19.777+0000] {dagbag.py:588} INFO - Filling up the DagBag from /opt/airflow/dags/dag_with_taskflow.py
[2024-10-08T03:13:19.787+0000] {processor.py:925} INFO - DAG(s) 'dag_with_taskflow_taskflow_decorator_v01' retrieved from /opt/airflow/dags/dag_with_taskflow.py
[2024-10-08T03:13:19.796+0000] {logging_mixin.py:190} INFO - [2024-10-08T03:13:19.795+0000] {dag.py:3239} INFO - Sync 1 DAGs
[2024-10-08T03:13:19.807+0000] {logging_mixin.py:190} INFO - [2024-10-08T03:13:19.807+0000] {dag.py:4180} INFO - Setting next_dagrun for dag_with_taskflow_taskflow_decorator_v01 to 2024-10-01 00:00:00+00:00, run_after=2024-10-01 01:00:00+00:00
[2024-10-08T03:13:19.816+0000] {processor.py:208} INFO - Processing /opt/airflow/dags/dag_with_taskflow.py took 0.043 seconds
[2024-10-08T03:13:49.990+0000] {processor.py:186} INFO - Started process (PID=3868) to work on /opt/airflow/dags/dag_with_taskflow.py
[2024-10-08T03:13:49.990+0000] {processor.py:914} INFO - Processing file /opt/airflow/dags/dag_with_taskflow.py for tasks to queue
[2024-10-08T03:13:49.992+0000] {logging_mixin.py:190} INFO - [2024-10-08T03:13:49.991+0000] {dagbag.py:588} INFO - Filling up the DagBag from /opt/airflow/dags/dag_with_taskflow.py
[2024-10-08T03:13:50.001+0000] {processor.py:925} INFO - DAG(s) 'dag_with_taskflow_taskflow_decorator_v01' retrieved from /opt/airflow/dags/dag_with_taskflow.py
[2024-10-08T03:13:50.011+0000] {logging_mixin.py:190} INFO - [2024-10-08T03:13:50.011+0000] {dag.py:3239} INFO - Sync 1 DAGs
[2024-10-08T03:13:50.025+0000] {logging_mixin.py:190} INFO - [2024-10-08T03:13:50.025+0000] {dag.py:4180} INFO - Setting next_dagrun for dag_with_taskflow_taskflow_decorator_v01 to 2024-10-01 00:00:00+00:00, run_after=2024-10-01 01:00:00+00:00
[2024-10-08T03:13:50.048+0000] {processor.py:208} INFO - Processing /opt/airflow/dags/dag_with_taskflow.py took 0.061 seconds
[2024-10-08T03:14:20.323+0000] {processor.py:186} INFO - Started process (PID=4169) to work on /opt/airflow/dags/dag_with_taskflow.py
[2024-10-08T03:14:20.323+0000] {processor.py:914} INFO - Processing file /opt/airflow/dags/dag_with_taskflow.py for tasks to queue
[2024-10-08T03:14:20.324+0000] {logging_mixin.py:190} INFO - [2024-10-08T03:14:20.324+0000] {dagbag.py:588} INFO - Filling up the DagBag from /opt/airflow/dags/dag_with_taskflow.py
[2024-10-08T03:14:20.336+0000] {processor.py:925} INFO - DAG(s) 'dag_with_taskflow_taskflow_decorator_v01' retrieved from /opt/airflow/dags/dag_with_taskflow.py
[2024-10-08T03:14:20.345+0000] {logging_mixin.py:190} INFO - [2024-10-08T03:14:20.345+0000] {dag.py:3239} INFO - Sync 1 DAGs
[2024-10-08T03:14:20.356+0000] {logging_mixin.py:190} INFO - [2024-10-08T03:14:20.355+0000] {dag.py:4180} INFO - Setting next_dagrun for dag_with_taskflow_taskflow_decorator_v01 to 2024-10-01 00:00:00+00:00, run_after=2024-10-01 01:00:00+00:00
[2024-10-08T03:14:20.374+0000] {processor.py:208} INFO - Processing /opt/airflow/dags/dag_with_taskflow.py took 0.054 seconds
